#
# A fatal error has been detected by the Java Runtime Environment:
#
# java.lang.OutOfMemoryError: requested 11993088 bytes for offset table expansion. Out of swap space?
#
#  Internal Error (blockOffsetTable.cpp:73), pid=3252, tid=3212
#  Error: offset table expansion
#
# JRE version: 6.0_24-b07
# Java VM: Java HotSpot(TM) 64-Bit Server VM (19.1-b02 mixed mode windows-amd64 )
# If you would like to submit a bug report, please visit:
#   http://java.sun.com/webapps/bugreport/crash.jsp
#

---------------  T H R E A D  ---------------

Current thread (0x00000000023fa800):  ConcurrentGCThread [stack: 0x000000005a8d0000,0x000000005aad0000] [id=3212]

Stack: [0x000000005a8d0000,0x000000005aad0000]

---------------  P R O C E S S  ---------------

Java Threads: ( => current thread )
  0x000000005eef4800 JavaThread "AWT-EventQueue-0" [_thread_in_native, id=1736, stack(0x0000000063fa0000,0x00000000641a0000)]
  0x000000005f1df000 JavaThread "Swing-Shell" daemon [_thread_blocked, id=2960, stack(0x00000000663b0000,0x00000000665b0000)]
  0x000000005f1dd800 JavaThread "Script Editor Run :: Sat Jan 28 12:40:39 EST 2017" [_thread_blocked, id=6100, stack(0x0000000065fb0000,0x00000000661b0000)]
  0x000000005f1dd000 JavaThread "pool-2-thread-1" [_thread_blocked, id=3596, stack(0x0000000065db0000,0x0000000065fb0000)]
  0x000000005f1d9000 JavaThread "pool-1-thread-1" [_thread_blocked, id=4028, stack(0x0000000065bb0000,0x0000000065db0000)]
  0x000000005f1dc000 JavaThread "TimerQueue" daemon [_thread_blocked, id=3760, stack(0x0000000002490000,0x0000000002690000)]
  0x000000005f1db800 JavaThread "DestroyJavaVM" [_thread_blocked, id=5956, stack(0x0000000000030000,0x0000000000230000)]
  0x000000005f1d8800 JavaThread "Run$_SciJava-a15670a-Thread-0Macro$" [_thread_in_native, id=992, stack(0x0000000063da0000,0x0000000063fa0000)]
  0x000000005f1d7000 JavaThread "AWT-Windows" daemon [_thread_in_native, id=5176, stack(0x0000000061210000,0x0000000061410000)]
  0x000000005f9dd800 JavaThread "AWT-Shutdown" [_thread_blocked, id=3916, stack(0x0000000061010000,0x0000000061210000)]
  0x000000005d737800 JavaThread "Java2D Disposer" daemon [_thread_blocked, id=1488, stack(0x0000000060e10000,0x0000000061010000)]
  0x000000005ac80800 JavaThread "Low Memory Detector" daemon [_thread_blocked, id=4492, stack(0x000000005bed0000,0x000000005c0d0000)]
  0x000000005ac6b800 JavaThread "CompilerThread1" daemon [_thread_blocked, id=4264, stack(0x000000005bcd0000,0x000000005bed0000)]
  0x000000005ac59000 JavaThread "CompilerThread0" daemon [_thread_blocked, id=1580, stack(0x000000005bad0000,0x000000005bcd0000)]
  0x000000005ac57800 JavaThread "Attach Listener" daemon [_thread_blocked, id=6396, stack(0x000000005b8d0000,0x000000005bad0000)]
  0x000000005ac55000 JavaThread "Signal Dispatcher" daemon [_thread_blocked, id=416, stack(0x000000005b6d0000,0x000000005b8d0000)]
  0x000000005ac54000 JavaThread "Surrogate Locker Thread (CMS)" daemon [_thread_blocked, id=4580, stack(0x000000005b4d0000,0x000000005b6d0000)]
  0x000000005abf8800 JavaThread "Finalizer" daemon [_thread_blocked, id=1036, stack(0x000000005b2d0000,0x000000005b4d0000)]
  0x000000005abf4000 JavaThread "Reference Handler" daemon [_thread_blocked, id=6524, stack(0x000000005b0d0000,0x000000005b2d0000)]

Other Threads:
  0x000000005abee800 VMThread [stack: 0x000000005aed0000,0x000000005b0d0000] [id=4544]
  0x000000005ac86000 WatcherThread [stack: 0x000000005c0d0000,0x000000005c2d0000] [id=7112]

=>0x00000000023fa800 (exited) ConcurrentGCThread [stack: 0x000000005a8d0000,0x000000005aad0000] [id=3212]

VM state:not at safepoint (normal execution)

VM Mutex/Monitor currently owned by a thread:  ([mutex/lock_event])
[0x00000000005b8f90] Heap_lock - owner thread: 0x00000000023fa800

Heap
 par new generation   total 191744K, used 66101K [0x000000007fff0000, 0x000000008cff0000, 0x000000008cff0000)
  eden space 170496K,  38% used [0x000000007fff0000, 0x0000000083fa1808, 0x000000008a670000)
  from space 21248K,   4% used [0x000000008a670000, 0x000000008a7548f8, 0x000000008bb30000)
  to   space 21248K,   0% used [0x000000008bb30000, 0x000000008bb30000, 0x000000008cff0000)
 concurrent mark-sweep generation total 59311124K, used 57021030K [0x000000008cff0000, 0x000000101fff0000, 0x000000101fff0000)
 concurrent-mark-sweep perm gen total 131072K, used 54393K [0x000000101fff0000, 0x0000001027ff0000, 0x0000001027ff0000)

Dynamic libraries:
0x0000000000400000 - 0x0000000000462000 	X:\from_tier2\data1\rubinlab\Yoshi_archive\Yoshi_rubidata\Behavior_Chrimson_movies\olfactory_movies\Fiji.app\ImageJ-win64.exe
0x0000000077bc0000 - 0x0000000077d6a000 	C:\Windows\SYSTEM32\ntdll.dll
0x0000000077aa0000 - 0x0000000077bbf000 	C:\Windows\system32\kernel32.dll
0x000007fefdc30000 - 0x000007fefdc9a000 	C:\Windows\system32\KERNELBASE.dll
0x000007fefeb70000 - 0x000007fefec4b000 	C:\Windows\system32\ADVAPI32.dll
0x000007fefe6a0000 - 0x000007fefe73f000 	C:\Windows\system32\msvcrt.dll
0x000007fefdcb0000 - 0x000007fefdccf000 	C:\Windows\SYSTEM32\sechost.dll
0x000007fefec50000 - 0x000007fefed7d000 	C:\Windows\system32\RPCRT4.dll
0x00000000779a0000 - 0x0000000077a9a000 	C:\Windows\system32\USER32.dll
0x000007fefe740000 - 0x000007fefe7a7000 	C:\Windows\system32\GDI32.dll
0x000007fefe660000 - 0x000007fefe66e000 	C:\Windows\system32\LPK.dll
0x000007fefe590000 - 0x000007fefe65a000 	C:\Windows\system32\USP10.dll
0x000007fefe670000 - 0x000007fefe69e000 	C:\Windows\system32\IMM32.DLL
0x000007fefed80000 - 0x000007fefee89000 	C:\Windows\system32\MSCTF.dll
0x0000000073810000 - 0x0000000073849000 	C:\PROGRA~2\Sophos\SOPHOS~1\SOPHOS~2.DLL
0x0000000077d90000 - 0x0000000077d97000 	C:\Windows\system32\PSAPI.DLL
0x000000006d750000 - 0x000000006d779000 	X:\from_tier2\data1\rubinlab\Yoshi_archive\Yoshi_rubidata\Behavior_Chrimson_movies\olfactory_movies\Fiji.app\java\win64\jdk1.6.0_24\jre\bin\splashscreen.dll
0x000007fefbe70000 - 0x000007fefbec6000 	C:\Windows\system32\uxtheme.dll
0x000000006d890000 - 0x000000006df94000 	X:\from_tier2\data1\rubinlab\Yoshi_archive\Yoshi_rubidata\Behavior_Chrimson_movies\olfactory_movies\Fiji.app\java\win64\jdk1.6.0_24\jre\bin\server\jvm.dll
0x000007fefb790000 - 0x000007fefb7cb000 	C:\Windows\system32\WINMM.dll
0x000007fefdf40000 - 0x000007fefe143000 	C:\Windows\system32\ole32.dll
0x000007fefd790000 - 0x000007fefd79f000 	C:\Windows\system32\CRYPTBASE.dll
0x000000006d800000 - 0x000000006d80e000 	X:\from_tier2\data1\rubinlab\Yoshi_archive\Yoshi_rubidata\Behavior_Chrimson_movies\olfactory_movies\Fiji.app\java\win64\jdk1.6.0_24\jre\bin\verify.dll
0x000000006d450000 - 0x000000006d477000 	X:\from_tier2\data1\rubinlab\Yoshi_archive\Yoshi_rubidata\Behavior_Chrimson_movies\olfactory_movies\Fiji.app\java\win64\jdk1.6.0_24\jre\bin\java.dll
0x000007fefead0000 - 0x000007fefeb69000 	C:\Windows\system32\CLBCatQ.DLL
0x000007fefe150000 - 0x000007fefe22a000 	C:\Windows\system32\OLEAUT32.dll
0x000000006d3b0000 - 0x000000006d3ba000 	X:\from_tier2\data1\rubinlab\Yoshi_archive\Yoshi_rubidata\Behavior_Chrimson_movies\olfactory_movies\Fiji.app\java\win64\jdk1.6.0_24\jre\bin\hpi.dll
0x000000006d850000 - 0x000000006d862000 	X:\from_tier2\data1\rubinlab\Yoshi_archive\Yoshi_rubidata\Behavior_Chrimson_movies\olfactory_movies\Fiji.app\java\win64\jdk1.6.0_24\jre\bin\zip.dll
0x000000006d0a0000 - 0x000000006d263000 	X:\from_tier2\data1\rubinlab\Yoshi_archive\Yoshi_rubidata\Behavior_Chrimson_movies\olfactory_movies\Fiji.app\java\win64\jdk1.6.0_24\jre\bin\awt.dll
0x000007fefa3d0000 - 0x000007fefa441000 	C:\Windows\system32\WINSPOOL.DRV
0x000007feff140000 - 0x000007feffeca000 	C:\Windows\system32\SHELL32.dll
0x000007fefde60000 - 0x000007fefded1000 	C:\Windows\system32\SHLWAPI.dll
0x000007fefa450000 - 0x000007fefa4f0000 	C:\Windows\WinSxS\amd64_microsoft.windows.common-controls_6595b64144ccf1df_5.82.7601.18837_none_a4d981ff711297b6\COMCTL32.dll
0x000007fefbdb0000 - 0x000007fefbdc8000 	C:\Windows\system32\DWMAPI.DLL
0x000000006d340000 - 0x000000006d3a6000 	X:\from_tier2\data1\rubinlab\Yoshi_archive\Yoshi_rubidata\Behavior_Chrimson_movies\olfactory_movies\Fiji.app\java\win64\jdk1.6.0_24\jre\bin\fontmanager.dll
0x000000006d6a0000 - 0x000000006d6b7000 	X:\from_tier2\data1\rubinlab\Yoshi_archive\Yoshi_rubidata\Behavior_Chrimson_movies\olfactory_movies\Fiji.app\java\win64\jdk1.6.0_24\jre\bin\net.dll
0x000007fefe7b0000 - 0x000007fefe7fd000 	C:\Windows\system32\WS2_32.dll
0x000007feff110000 - 0x000007feff118000 	C:\Windows\system32\NSI.dll
0x000007fefd090000 - 0x000007fefd0e5000 	C:\Windows\system32\mswsock.dll
0x000007fefd080000 - 0x000007fefd087000 	C:\Windows\System32\wship6.dll
0x000007fefb480000 - 0x000007fefb495000 	C:\Windows\system32\NLAapi.dll
0x000007fef77a0000 - 0x000007fef77b5000 	C:\Windows\system32\napinsp.dll
0x000007fef7780000 - 0x000007fef7799000 	C:\Windows\system32\pnrpnsp.dll
0x000007fefcf10000 - 0x000007fefcf6b000 	C:\Windows\system32\DNSAPI.dll
0x000007fef7770000 - 0x000007fef777b000 	C:\Windows\System32\winrnr.dll
0x000007fefca90000 - 0x000007fefca97000 	C:\Windows\System32\wshtcpip.dll
0x000007fefc500000 - 0x000007fefc527000 	C:\Windows\system32\IPHLPAPI.DLL
0x000007fefc4f0000 - 0x000007fefc4fb000 	C:\Windows\system32\WINNSI.DLL
0x000007fef8ae0000 - 0x000007fef8ae8000 	C:\Windows\system32\rasadhlp.dll
0x000007fef9e60000 - 0x000007fef9eb3000 	C:\Windows\System32\fwpuclnt.dll
0x000007fefd0f0000 - 0x000007fefd108000 	C:\Windows\system32\CRYPTSP.dll
0x000007fefcdf0000 - 0x000007fefce37000 	C:\Windows\system32\rsaenh.dll
0x000007fefdb60000 - 0x000007fefdb7e000 	C:\Windows\system32\USERENV.dll
0x000007fefd900000 - 0x000007fefd90f000 	C:\Windows\system32\profapi.dll
0x000000006d6c0000 - 0x000000006d6cb000 	X:\from_tier2\data1\rubinlab\Yoshi_archive\Yoshi_rubidata\Behavior_Chrimson_movies\olfactory_movies\Fiji.app\java\win64\jdk1.6.0_24\jre\bin\nio.dll
0x000007feecb80000 - 0x000007feecc9c000 	C:\Users\asoy\AppData\Local\Temp\SlideBook6Reader791726661799758197.dll
0x0000000071130000 - 0x00000000711c8000 	C:\Windows\system32\MSVCP100.dll
0x0000000071050000 - 0x0000000071122000 	C:\Windows\system32\MSVCR100.dll
0x0000000065530000 - 0x0000000065a8d000 	C:\Windows\system32\mfc100.dll
0x000007fefa890000 - 0x000007fefa897000 	C:\Windows\system32\MSIMG32.dll
0x0000000075410000 - 0x000000007541d000 	C:\Windows\system32\MFC100ENU.DLL
0x000000006d2b0000 - 0x000000006d2d8000 	X:\from_tier2\data1\rubinlab\Yoshi_archive\Yoshi_rubidata\Behavior_Chrimson_movies\olfactory_movies\Fiji.app\java\win64\jdk1.6.0_24\jre\bin\dcpr.dll
0x000007fefd7a0000 - 0x000007fefd7b4000 	C:\Windows\system32\RpcRtRemote.dll
0x000007fefc2f0000 - 0x000007fefc4e4000 	C:\Windows\WinSxS\amd64_microsoft.windows.common-controls_6595b64144ccf1df_6.0.7601.18837_none_fa3b1e3d17594757\comctl32.dll
0x000007fefef30000 - 0x000007feff107000 	C:\Windows\system32\SETUPAPI.dll
0x000007fefd940000 - 0x000007fefd976000 	C:\Windows\system32\CFGMGR32.dll
0x000007fefd920000 - 0x000007fefd93a000 	C:\Windows\system32\DEVOBJ.dll
0x000007fefc010000 - 0x000007fefc13c000 	C:\Windows\system32\propsys.dll
0x000007fefc2c0000 - 0x000007fefc2ed000 	C:\Windows\system32\ntmarta.dll
0x000007fefdee0000 - 0x000007fefdf32000 	C:\Windows\system32\WLDAP32.dll
0x000007fefd730000 - 0x000007fefd787000 	C:\Windows\system32\apphelp.dll
0x000007fef5590000 - 0x000007fef572c000 	C:\Windows\system32\NetworkExplorer.dll
0x000007fef5bc0000 - 0x000007fef5bf4000 	C:\Windows\System32\shdocvw.dll
0x000007fefb3b0000 - 0x000007fefb3bb000 	C:\Windows\system32\slc.dll
0x000007fefb8b0000 - 0x000007fefba11000 	C:\Windows\system32\WindowsCodecs.dll
0x000000006fb40000 - 0x000000006fb60000 	C:\Program Files\Common Files\TortoiseOverlays\TortoiseOverlays.dll
0x000007fef6ca0000 - 0x000007fef6ca3000 	C:\Windows\system32\api-ms-win-core-synch-l1-2-0.DLL
0x000000006fb20000 - 0x000000006fb39000 	C:\Program Files\TortoiseSVN\bin\TortoiseStub.dll
0x000000006fa90000 - 0x000000006fb16000 	C:\Program Files\TortoiseSVN\bin\TortoiseSVN.dll
0x000007fefe230000 - 0x000007fefe502000 	C:\Windows\system32\WININET.dll
0x000007fefd9d0000 - 0x000007fefd9d4000 	C:\Windows\system32\api-ms-win-downlevel-user32-l1-1-0.dll
0x000007fefd9e0000 - 0x000007fefd9e4000 	C:\Windows\system32\api-ms-win-downlevel-shlwapi-l1-1-0.dll
0x000007fefdca0000 - 0x000007fefdca4000 	C:\Windows\system32\api-ms-win-downlevel-version-l1-1-0.dll
0x000007fefc9c0000 - 0x000007fefc9cc000 	C:\Windows\system32\version.DLL
0x000007fefdc20000 - 0x000007fefdc23000 	C:\Windows\system32\api-ms-win-downlevel-normaliz-l1-1-0.dll
0x0000000077d80000 - 0x0000000077d83000 	C:\Windows\system32\normaliz.DLL
0x000007fefe800000 - 0x000007fefeaca000 	C:\Windows\system32\iertutil.dll
0x000007fefd980000 - 0x000007fefd985000 	C:\Windows\system32\api-ms-win-downlevel-advapi32-l1-1-0.dll
0x000007fef66f0000 - 0x000007fef6c99000 	C:\Program Files\TortoiseSVN\bin\libsvn_tsvn.dll
0x000000006fa50000 - 0x000000006fa83000 	C:\Program Files\TortoiseSVN\bin\libapr_tsvn.dll
0x000007fef66d0000 - 0x000007fef66e7000 	C:\Program Files\TortoiseSVN\bin\VCRUNTIME140.dll
0x000007fef66c0000 - 0x000007fef66c4000 	C:\Program Files\TortoiseSVN\bin\api-ms-win-crt-runtime-l1-1-0.dll
0x000007fef65c0000 - 0x000007fef66b4000 	C:\Windows\system32\ucrtbase.DLL
0x000007fef65b0000 - 0x000007fef65b3000 	C:\Windows\system32\api-ms-win-core-timezone-l1-1-0.dll
0x000007fef65a0000 - 0x000007fef65a3000 	C:\Windows\system32\api-ms-win-core-file-l2-1-0.dll
0x000007fef6590000 - 0x000007fef6593000 	C:\Windows\system32\api-ms-win-core-localization-l1-2-0.dll
0x000007fef6580000 - 0x000007fef6583000 	C:\Windows\system32\api-ms-win-core-processthreads-l1-1-1.dll
0x000007fef6570000 - 0x000007fef6573000 	C:\Windows\system32\api-ms-win-core-file-l1-2-0.dll
0x000007fef6560000 - 0x000007fef6564000 	C:\Program Files\TortoiseSVN\bin\api-ms-win-crt-string-l1-1-0.dll
0x000007fef6550000 - 0x000007fef6553000 	C:\Program Files\TortoiseSVN\bin\api-ms-win-crt-heap-l1-1-0.dll
0x000007fef6540000 - 0x000007fef6544000 	C:\Program Files\TortoiseSVN\bin\api-ms-win-crt-stdio-l1-1-0.dll
0x000007fef6530000 - 0x000007fef6534000 	C:\Program Files\TortoiseSVN\bin\api-ms-win-crt-convert-l1-1-0.dll
0x000007fef6520000 - 0x000007fef6523000 	C:\Program Files\TortoiseSVN\bin\api-ms-win-crt-conio-l1-1-0.dll
0x000007fef6510000 - 0x000007fef6513000 	C:\Program Files\TortoiseSVN\bin\api-ms-win-crt-utility-l1-1-0.dll
0x000007fef6500000 - 0x000007fef6505000 	C:\Program Files\TortoiseSVN\bin\api-ms-win-crt-math-l1-1-0.dll
0x000007fef64f0000 - 0x000007fef64f3000 	C:\Program Files\TortoiseSVN\bin\api-ms-win-crt-environment-l1-1-0.dll
0x000007fef64e0000 - 0x000007fef64e3000 	C:\Program Files\TortoiseSVN\bin\api-ms-win-crt-time-l1-1-0.dll
0x000000006fa00000 - 0x000000006fa45000 	C:\Program Files\TortoiseSVN\bin\libaprutil_tsvn.dll
0x000007fef64c0000 - 0x000007fef64d2000 	C:\Program Files\TortoiseSVN\bin\intl3_tsvn.dll
0x000007fef64b0000 - 0x000007fef64b3000 	C:\Program Files\TortoiseSVN\bin\api-ms-win-crt-filesystem-l1-1-0.dll
0x000007fef6490000 - 0x000007fef64aa000 	C:\Program Files\TortoiseSVN\bin\libsasl.dll
0x000007fefd4f0000 - 0x000007fefd4fb000 	C:\Windows\system32\Secur32.dll
0x000007fefd6c0000 - 0x000007fefd6e5000 	C:\Windows\system32\SSPICLI.DLL
0x000007fefd9f0000 - 0x000007fefdb5d000 	C:\Windows\system32\CRYPT32.dll
0x000007fefd8f0000 - 0x000007fefd8ff000 	C:\Windows\system32\MSASN1.dll
0x000007fef6480000 - 0x000007fef6483000 	C:\Program Files\TortoiseSVN\bin\api-ms-win-crt-locale-l1-1-0.dll
0x000007fef63e0000 - 0x000007fef647e000 	C:\Program Files\TortoiseSVN\bin\MSVCP140.dll
0x000007fef63d0000 - 0x000007fef63d5000 	C:\Program Files\TortoiseSVN\bin\api-ms-win-crt-multibyte-l1-1-0.dll
0x000007fef63a0000 - 0x000007fef63cf000 	C:\Program Files\TortoiseSVN\bin\crshhndl.dll
0x000007fef6360000 - 0x000007fef6395000 	C:\Windows\system32\EhStorShell.dll
0x000007fef5cf0000 - 0x000007fef635f000 	C:\PROGRA~1\MICROS~2\Office14\GROOVEEX.DLL
0x000000006f950000 - 0x000000006f9f3000 	C:\Windows\WinSxS\amd64_microsoft.vc90.crt_1fc8b3b9a1e18e3b_9.0.30729.6161_none_08e61857a83bc251\MSVCR90.dll
0x000000006f870000 - 0x000000006f943000 	C:\Windows\WinSxS\amd64_microsoft.vc90.crt_1fc8b3b9a1e18e3b_9.0.30729.6161_none_08e61857a83bc251\MSVCP90.dll
0x000000006f840000 - 0x000000006f86f000 	C:\Windows\WinSxS\amd64_microsoft.vc90.atl_1fc8b3b9a1e18e3b_9.0.30729.6161_none_0a1fd3a3a768b895\ATL90.DLL
0x000007fef4840000 - 0x000007fef4c5a000 	C:\PROGRA~1\COMMON~1\MICROS~1\OFFICE14\Cultures\office.odf
0x000007fef3fd0000 - 0x000007fef4835000 	C:\PROGRA~1\MICROS~2\Office14\1033\GrooveIntlResource.dll
0x000007fefa040000 - 0x000007fefa058000 	C:\Windows\system32\MPR.dll
0x000007fefa030000 - 0x000007fefa03a000 	C:\Windows\System32\drprov.dll

VM Arguments:
jvm_args: -Xmx64000m -Dpython.cachedir.skip=true -Dplugins.dir=X:\from_tier2\data1\rubinlab\Yoshi_archive\Yoshi_rubidata\Behavior_Chrimson_movies\olfactory_movies\Fiji.app -Xincgc -XX:PermSize=128m 
java_command: <unknown>
Launcher Type: generic

Environment Variables:
JAVA_HOME=X:\from_tier2\data1\rubinlab\Yoshi_archive\Yoshi_rubidata\Behavior_Chrimson_movies\olfactory_movies\Fiji.app/java/win64/jdk1.6.0_24//jre
PATH=C:\ProgramData\Oracle\Java\javapath;C:\Program Files (x86)\Intel\iCLS Client\;C:\Program Files\Intel\iCLS Client\;C:\Windows\system32;C:\Windows;C:\Windows\System32\Wbem;C:\Windows\System32\WindowsPowerShell\v1.0\;C:\Program Files\Intel\Intel(R) Management Engine Components\DAL;C:\Program Files\Intel\Intel(R) Management Engine Components\IPT;C:\Program Files (x86)\Intel\Intel(R) Management Engine Components\DAL;C:\Program Files (x86)\Intel\Intel(R) Management Engine Components\IPT;C:\Program Files (x86)\NVIDIA Corporation\PhysX\Common;C:\Program Files\MATLAB\R2013b\bin;C:\Program Files\TortoiseSVN\bin;C:\Program Files\Point Grey Research\FlyCap2 Viewer\bin64;C:\Program Files\Point Grey Research\FlyCapture2\bin64;X:\from_tier2\data1\rubinlab\Yoshi_archive\Yoshi_rubidata\Behavior_Chrimson_movies\olfactory_movies\Fiji.app/lib/win64;X:\from_tier2\data1\rubinlab\Yoshi_archive\Yoshi_rubidata\Behavior_Chrimson_movies\olfactory_movies\Fiji.app/mm/win64;X:\from_tier2\data1\rubinlab\Yoshi_archive\Yoshi_rubidata\Behavior_Chrimson_movies\olfactory_movies\Fiji.app/java/win64/jdk1.6.0_24//jre/bin
USERNAME=asoy
OS=Windows_NT
PROCESSOR_IDENTIFIER=Intel64 Family 6 Model 62 Stepping 4, GenuineIntel



---------------  S Y S T E M  ---------------

OS: Windows 7 Build 7601 Service Pack 1

CPU:total 12 (6 cores per cpu, 2 threads per core) family 6 model 62 stepping 4, cmov, cx8, fxsr, mmx, sse, sse2, sse3, ssse3, sse4.1, sse4.2, popcnt, ht

Memory: 4k page, physical 33494456k(62400k free), swap 79798352k(10399732k free)

vm_info: Java HotSpot(TM) 64-Bit Server VM (19.1-b02) for windows-amd64 JRE (1.6.0_24-b07), built on Feb  2 2011 16:25:45 by "java_re" with MS VC++ 8.0 (VS2005)

time: Sat Jan 28 23:16:02 2017
elapsed time: 38148 seconds

