#
# A fatal error has been detected by the Java Runtime Environment:
#
#  EXCEPTION_ACCESS_VIOLATION (0xc0000005) at pc=0x000007fefd26595a, pid=10532, tid=11212
#
# JRE version: 6.0_24-b07
# Java VM: Java HotSpot(TM) 64-Bit Server VM (19.1-b02 mixed mode windows-amd64 )
# Problematic frame:
# C  [msvcrt.dll+0x1595a]
#
# If you would like to submit a bug report, please visit:
#   http://java.sun.com/webapps/bugreport/crash.jsp
#

---------------  T H R E A D  ---------------

Current thread (0x000000003604c000):  JavaThread "Translate... 2258-2408" [_thread_in_vm, id=11212, stack(0x000000003b1a0000,0x000000003b3a0000)]

siginfo: ExceptionCode=0xc0000005, writing address 0x00000000814b0000

Registers:
RAX=0x0000000081405c60, RBX=0x0000000030a6f048, RCX=0x00000000814b0020, RDX=0x0000000000000000
RSP=0x000000003b39f138, RBP=0x000000003604c000, RSI=0x0000000081405c50, RDI=0x000000003604c000
R8=0x0000000000000008, R9=0x0000000000001572, R10=0x000000006de0ac00, R11=0x0000000000100018
R12=0x0000000000020003, R13=0x0000000000100000, R14=0x0000000000020003, R15=0x000000003604c000
RIP=0x000007fefd26595a, EFLAGS=0x0000000000010202

Register to memory mapping:

RAX=0x0000000081405c60

[error occurred during error reporting (printing registers, top of stack, instructions near pc), id 0xc0000005]

Stack: [0x000000003b1a0000,0x000000003b3a0000],  sp=0x000000003b39f138,  free space=2044k
Native frames: (J=compiled Java code, j=interpreted, Vv=VM code, C=native code)
C  [msvcrt.dll+0x1595a]

Java frames: (J=compiled Java code, j=interpreted, Vv=VM code)
v  ~RuntimeStub::_new_array_Java
J  ij.process.ByteProcessor.createProcessor(II)Lij/process/ImageProcessor;
j  ij.process.ByteProcessor.duplicate()Lij/process/ImageProcessor;+9
j  ij.process.ImageProcessor.translate(DD)V+1
j  ij.plugin.filter.Translator.run(Lij/process/ImageProcessor;)V+14
J  ij.plugin.filter.PlugInFilterRunner.processOneImage(Lij/process/ImageProcessor;Lij/process/FloatProcessor;Z)V
J  ij.plugin.filter.PlugInFilterRunner.processStack(II)V
j  ij.plugin.filter.PlugInFilterRunner.run()V+115
j  java.lang.Thread.run()V+11
v  ~StubRoutines::call_stub

---------------  P R O C E S S  ---------------

Java Threads: ( => current thread )
  0x00000000312ea000 JavaThread "Translate... 3312-3461" [_thread_blocked, id=11936, stack(0x000000003bfa0000,0x000000003c1a0000)]
  0x00000000312e9800 JavaThread "Translate... 3161-3311" [_thread_in_vm, id=8212, stack(0x000000003bda0000,0x000000003bfa0000)]
  0x00000000312e8800 JavaThread "Translate... 3011-3160" [_thread_blocked, id=11016, stack(0x000000003bba0000,0x000000003bda0000)]
  0x00000000312e8000 JavaThread "Translate... 2860-3010" [_thread_blocked, id=11308, stack(0x000000003b9a0000,0x000000003bba0000)]
  0x00000000312e7000 JavaThread "Translate... 2710-2859" [_thread_blocked, id=11808, stack(0x000000003b7a0000,0x000000003b9a0000)]
  0x000000003604a800 JavaThread "Translate... 2559-2709" [_thread_blocked, id=10304, stack(0x000000003b5a0000,0x000000003b7a0000)]
  0x000000003604b000 JavaThread "Translate... 2409-2558" [_thread_in_vm, id=4588, stack(0x000000003b3a0000,0x000000003b5a0000)]
=>0x000000003604c000 JavaThread "Translate... 2258-2408" [_thread_in_vm, id=11212, stack(0x000000003b1a0000,0x000000003b3a0000)]
  0x000000003604f800 JavaThread "Translate... 2108-2257" [_thread_blocked, id=12028, stack(0x000000003afa0000,0x000000003b1a0000)]
  0x0000000036043800 JavaThread "Translate... 1957-2107" [_thread_blocked, id=5312, stack(0x000000003ada0000,0x000000003afa0000)]
  0x0000000036051000 JavaThread "Translate... 1807-1956" [_thread_blocked, id=8172, stack(0x000000003aba0000,0x000000003ada0000)]
  0x000000003604f000 JavaThread "Translate... 1656-1806" [_thread_blocked, id=11464, stack(0x000000003a9a0000,0x000000003aba0000)]
  0x0000000036044800 JavaThread "Translate... 1506-1655" [_thread_in_vm, id=11960, stack(0x000000003a7a0000,0x000000003a9a0000)]
  0x0000000036042000 JavaThread "Translate... 1355-1505" [_thread_blocked, id=6480, stack(0x000000003a5a0000,0x000000003a7a0000)]
  0x000000003604e000 JavaThread "Translate... 1205-1354" [_thread_blocked, id=1516, stack(0x000000003a3a0000,0x000000003a5a0000)]
  0x0000000036048800 JavaThread "Translate... 1054-1204" [_thread_blocked, id=7920, stack(0x000000003a1a0000,0x000000003a3a0000)]
  0x0000000036047800 JavaThread "Translate... 904-1053" [_thread_blocked, id=11004, stack(0x0000000039fa0000,0x000000003a1a0000)]
  0x000000003604a000 JavaThread "Translate... 753-903" [_thread_in_vm, id=5856, stack(0x00000000393b0000,0x00000000395b0000)]
  0x0000000036049000 JavaThread "Translate... 603-752" [_thread_blocked, id=9704, stack(0x00000000391b0000,0x00000000393b0000)]
  0x0000000036044000 JavaThread "Translate... 452-602" [_thread_blocked, id=9172, stack(0x0000000038fb0000,0x00000000391b0000)]
  0x0000000036045800 JavaThread "Translate... 302-451" [_thread_blocked, id=4348, stack(0x00000000389b0000,0x0000000038bb0000)]
  0x0000000036047000 JavaThread "Translate... 151-301" [_thread_blocked, id=10088, stack(0x0000000035790000,0x0000000035990000)]
  0x0000000036050800 JavaThread "Translate... 1-150" [_thread_in_vm, id=1644, stack(0x0000000035590000,0x0000000035790000)]
  0x0000000036042800 JavaThread "Swing-Shell" daemon [_thread_blocked, id=4920, stack(0x0000000038db0000,0x0000000038fb0000)]
  0x000000003140c800 JavaThread "Run$_SciJava-2ef7d41f-Thread-2Macro$" [_thread_blocked, id=10180, stack(0x00000000387b0000,0x00000000389b0000)]
  0x00000000312ca800 JavaThread "Script Editor Run :: Wed Feb 21 23:39:48 EST 2018" [_thread_blocked, id=3136, stack(0x0000000036df0000,0x0000000036ff0000)]
  0x0000000030464000 JavaThread "pool-2-thread-1" [_thread_in_vm, id=2136, stack(0x0000000036bf0000,0x0000000036df0000)]
  0x00000000317a7800 JavaThread "pool-1-thread-1" [_thread_blocked, id=11256, stack(0x0000000033e00000,0x0000000034000000)]
  0x000000003307b000 JavaThread "TimerQueue" daemon [_thread_blocked, id=8180, stack(0x0000000037c60000,0x0000000037e60000)]
  0x00000000025d1800 JavaThread "DestroyJavaVM" [_thread_blocked, id=5392, stack(0x0000000000030000,0x0000000000230000)]
  0x00000000335ff800 JavaThread "AWT-EventQueue-0" [_thread_blocked, id=5556, stack(0x0000000037a60000,0x0000000037c60000)]
  0x00000000329ad800 JavaThread "AWT-Shutdown" [_thread_blocked, id=10176, stack(0x0000000037860000,0x0000000037a60000)]
  0x000000003184c800 JavaThread "AWT-Windows" daemon [_thread_in_native, id=10780, stack(0x0000000034000000,0x0000000034200000)]
  0x0000000030da0800 JavaThread "Java2D Disposer" daemon [_thread_blocked, id=9896, stack(0x00000000037c0000,0x00000000039c0000)]
  0x000000002e2aa000 JavaThread "Low Memory Detector" daemon [_thread_blocked, id=7388, stack(0x000000002f2c0000,0x000000002f4c0000)]
  0x000000002e293000 JavaThread "CompilerThread1" daemon [_thread_blocked, id=6936, stack(0x000000002f0c0000,0x000000002f2c0000)]
  0x000000002e28f000 JavaThread "CompilerThread0" daemon [_thread_blocked, id=12108, stack(0x000000002eec0000,0x000000002f0c0000)]
  0x000000002e28e000 JavaThread "Attach Listener" daemon [_thread_blocked, id=7436, stack(0x000000002ecc0000,0x000000002eec0000)]
  0x000000002e28b800 JavaThread "Signal Dispatcher" daemon [_thread_blocked, id=10828, stack(0x000000002eac0000,0x000000002ecc0000)]
  0x000000002e28a800 JavaThread "Surrogate Locker Thread (CMS)" daemon [_thread_blocked, id=3480, stack(0x000000002e8c0000,0x000000002eac0000)]
  0x000000002e230800 JavaThread "Finalizer" daemon [_thread_blocked, id=3112, stack(0x000000002e6c0000,0x000000002e8c0000)]
  0x000000002e22f800 JavaThread "Reference Handler" daemon [_thread_blocked, id=10152, stack(0x000000002e4c0000,0x000000002e6c0000)]

Other Threads:
  0x000000002e22a800 VMThread [stack: 0x000000002e2c0000,0x000000002e4c0000] [id=9052]
  0x000000002e2ad000 WatcherThread [stack: 0x000000002f4c0000,0x000000002f6c0000] [id=10512]

VM state:not at safepoint (normal execution)

VM Mutex/Monitor currently owned by a thread: None

Heap
 par new generation   total 19136K, used 23711K [0x000000007fff0000, 0x00000000814b0000, 0x0000000097650000)
  eden space 17024K, 126% used [0x000000007fff0000, 0x0000000081507f38, 0x0000000081090000)
  from space 2112K,  99% used [0x00000000812a0000, 0x00000000814afd70, 0x00000000814b0000)
  to   space 2112K,   0% used [0x0000000081090000, 0x0000000081090000, 0x00000000812a0000)
 concurrent mark-sweep generation total 28676488K, used 16822782K [0x0000000097650000, 0x000000076dab2000, 0x0000001dcbff0000)
 concurrent-mark-sweep perm gen total 131072K, used 54264K [0x0000001dcbff0000, 0x0000001dd3ff0000, 0x0000001dd3ff0000)

Dynamic libraries:
0x0000000000400000 - 0x0000000000462000 	V:\from_tier2\data1\rubinlab\Yoshi_archive\Yoshi_rubidata\Behavior_Chrimson_movies\olfactory_movies\Fiji.app\ImageJ-win64.exe
0x0000000076f70000 - 0x000000007711a000 	C:\Windows\SYSTEM32\ntdll.dll
0x0000000076d50000 - 0x0000000076e6f000 	C:\Windows\system32\KERNEL32.dll
0x000007fefbdd0000 - 0x000007fefbeb6000 	C:\Windows\system32\hmpalert.dll
0x000007fefced0000 - 0x000007fefcf3a000 	C:\Windows\system32\KERNELBASE.dll
0x000007fefbdc0000 - 0x000007fefbdc3000 	C:\Windows\system32\api-ms-win-core-synch-l1-2-0.DLL
0x000007fefd580000 - 0x000007fefd65b000 	C:\Windows\system32\ADVAPI32.dll
0x000007fefd250000 - 0x000007fefd2ef000 	C:\Windows\system32\msvcrt.dll
0x000007fefe950000 - 0x000007fefe96f000 	C:\Windows\SYSTEM32\sechost.dll
0x000007fefe680000 - 0x000007fefe7ad000 	C:\Windows\system32\RPCRT4.dll
0x0000000076e70000 - 0x0000000076f6a000 	C:\Windows\system32\USER32.dll
0x000007fefd7e0000 - 0x000007fefd847000 	C:\Windows\system32\GDI32.dll
0x000007fefd770000 - 0x000007fefd77e000 	C:\Windows\system32\LPK.dll
0x000007fefe830000 - 0x000007fefe8fa000 	C:\Windows\system32\USP10.dll
0x000007fefd220000 - 0x000007fefd24e000 	C:\Windows\system32\IMM32.DLL
0x000007fefd660000 - 0x000007fefd769000 	C:\Windows\system32\MSCTF.dll
0x00000000749a0000 - 0x00000000749d9000 	C:\PROGRA~2\Sophos\SOPHOS~1\SOPHOS~2.DLL
0x0000000077130000 - 0x0000000077137000 	C:\Windows\system32\PSAPI.DLL
0x000000006d750000 - 0x000000006d779000 	V:\from_tier2\data1\rubinlab\Yoshi_archive\Yoshi_rubidata\Behavior_Chrimson_movies\olfactory_movies\Fiji.app\java\win64\jdk1.6.0_24\jre\bin\splashscreen.dll
0x000007fefb430000 - 0x000007fefb486000 	C:\Windows\system32\uxtheme.dll
0x000000006d890000 - 0x000000006df94000 	V:\from_tier2\data1\rubinlab\Yoshi_archive\Yoshi_rubidata\Behavior_Chrimson_movies\olfactory_movies\Fiji.app\java\win64\jdk1.6.0_24\jre\bin\server\jvm.dll
0x000007fefa110000 - 0x000007fefa14b000 	C:\Windows\system32\WINMM.dll
0x000007fefd020000 - 0x000007fefd21c000 	C:\Windows\system32\ole32.dll
0x000007fefcac0000 - 0x000007fefcacf000 	C:\Windows\system32\CRYPTBASE.dll
0x000007fefd850000 - 0x000007fefd8e9000 	C:\Windows\system32\CLBCatQ.DLL
0x000007fefecc0000 - 0x000007fefed9a000 	C:\Windows\system32\OLEAUT32.dll
0x000000006d800000 - 0x000000006d80e000 	V:\from_tier2\data1\rubinlab\Yoshi_archive\Yoshi_rubidata\Behavior_Chrimson_movies\olfactory_movies\Fiji.app\java\win64\jdk1.6.0_24\jre\bin\verify.dll
0x000000006d450000 - 0x000000006d477000 	V:\from_tier2\data1\rubinlab\Yoshi_archive\Yoshi_rubidata\Behavior_Chrimson_movies\olfactory_movies\Fiji.app\java\win64\jdk1.6.0_24\jre\bin\java.dll
0x000000006d3b0000 - 0x000000006d3ba000 	V:\from_tier2\data1\rubinlab\Yoshi_archive\Yoshi_rubidata\Behavior_Chrimson_movies\olfactory_movies\Fiji.app\java\win64\jdk1.6.0_24\jre\bin\hpi.dll
0x000000006d850000 - 0x000000006d862000 	V:\from_tier2\data1\rubinlab\Yoshi_archive\Yoshi_rubidata\Behavior_Chrimson_movies\olfactory_movies\Fiji.app\java\win64\jdk1.6.0_24\jre\bin\zip.dll
0x000000006d0a0000 - 0x000000006d263000 	V:\from_tier2\data1\rubinlab\Yoshi_archive\Yoshi_rubidata\Behavior_Chrimson_movies\olfactory_movies\Fiji.app\java\win64\jdk1.6.0_24\jre\bin\awt.dll
0x000007fef9910000 - 0x000007fef9981000 	C:\Windows\system32\WINSPOOL.DRV
0x000007fefd8f0000 - 0x000007fefe67a000 	C:\Windows\system32\SHELL32.dll
0x000007fefe7b0000 - 0x000007fefe821000 	C:\Windows\system32\SHLWAPI.dll
0x000007fef99a0000 - 0x000007fef9a40000 	C:\Windows\WinSxS\amd64_microsoft.windows.common-controls_6595b64144ccf1df_5.82.7601.18837_none_a4d981ff711297b6\COMCTL32.dll
0x000007fefaee0000 - 0x000007fefaef8000 	C:\Windows\system32\DWMAPI.DLL
0x000000006d340000 - 0x000000006d3a6000 	V:\from_tier2\data1\rubinlab\Yoshi_archive\Yoshi_rubidata\Behavior_Chrimson_movies\olfactory_movies\Fiji.app\java\win64\jdk1.6.0_24\jre\bin\fontmanager.dll
0x000000006d6a0000 - 0x000000006d6b7000 	V:\from_tier2\data1\rubinlab\Yoshi_archive\Yoshi_rubidata\Behavior_Chrimson_movies\olfactory_movies\Fiji.app\java\win64\jdk1.6.0_24\jre\bin\net.dll
0x000007fefe900000 - 0x000007fefe94d000 	C:\Windows\system32\WS2_32.dll
0x000007fefd390000 - 0x000007fefd398000 	C:\Windows\system32\NSI.dll
0x000007fefba90000 - 0x000007fefbac0000 	C:\ProgramData\Sophos\Web Intelligence\swi_ifslsp_64.dll
0x000007fefbb70000 - 0x000007fefbb7c000 	C:\Windows\system32\VERSION.dll
0x000007fefc3d0000 - 0x000007fefc425000 	C:\Windows\system32\mswsock.dll
0x000007fefc3c0000 - 0x000007fefc3c7000 	C:\Windows\System32\wship6.dll
0x000007fefa570000 - 0x000007fefa585000 	C:\Windows\system32\NLAapi.dll
0x000007fef88c0000 - 0x000007fef88d5000 	C:\Windows\system32\napinsp.dll
0x000007fef88e0000 - 0x000007fef88f9000 	C:\Windows\system32\pnrpnsp.dll
0x000007fefc170000 - 0x000007fefc1cb000 	C:\Windows\system32\DNSAPI.dll
0x000007fef88b0000 - 0x000007fef88bb000 	C:\Windows\System32\winrnr.dll
0x000007fefba70000 - 0x000007fefba77000 	C:\Windows\System32\wshtcpip.dll
0x000007fefacd0000 - 0x000007fefacf7000 	C:\Windows\system32\IPHLPAPI.DLL
0x000007fefacc0000 - 0x000007fefaccb000 	C:\Windows\system32\WINNSI.DLL
0x000007fef8930000 - 0x000007fef8938000 	C:\Windows\system32\rasadhlp.dll
0x000007fef8cc0000 - 0x000007fef8d13000 	C:\Windows\System32\fwpuclnt.dll
0x000007fefc510000 - 0x000007fefc528000 	C:\Windows\system32\CRYPTSP.dll
0x000007fefc070000 - 0x000007fefc0b7000 	C:\Windows\system32\rsaenh.dll
0x000007fefcf50000 - 0x000007fefcf6f000 	C:\Windows\system32\USERENV.dll
0x000007fefcc70000 - 0x000007fefcc7f000 	C:\Windows\system32\profapi.dll
0x000000006d6c0000 - 0x000000006d6cb000 	V:\from_tier2\data1\rubinlab\Yoshi_archive\Yoshi_rubidata\Behavior_Chrimson_movies\olfactory_movies\Fiji.app\java\win64\jdk1.6.0_24\jre\bin\nio.dll
0x000007fef92f0000 - 0x000007fef940c000 	C:\Users\asoy\AppData\Local\Temp\SlideBook6Reader113928514574686693.dll
0x00000000703d0000 - 0x0000000070468000 	C:\Windows\system32\MSVCP100.dll
0x00000000702f0000 - 0x00000000703c2000 	C:\Windows\system32\MSVCR100.dll
0x000000005f470000 - 0x000000005f9cd000 	C:\Windows\system32\mfc100.dll
0x000007fef9990000 - 0x000007fef9997000 	C:\Windows\system32\MSIMG32.dll
0x0000000074250000 - 0x000000007425d000 	C:\Windows\system32\MFC100ENU.DLL
0x000000006d2b0000 - 0x000000006d2d8000 	V:\from_tier2\data1\rubinlab\Yoshi_archive\Yoshi_rubidata\Behavior_Chrimson_movies\olfactory_movies\Fiji.app\java\win64\jdk1.6.0_24\jre\bin\dcpr.dll
0x000007fefb490000 - 0x000007fefb684000 	C:\Windows\WinSxS\amd64_microsoft.windows.common-controls_6595b64144ccf1df_6.0.7601.23403_none_e36ad4593102f066\comctl32.dll
0x000007fefd3a0000 - 0x000007fefd577000 	C:\Windows\system32\SETUPAPI.dll
0x000007fefcd20000 - 0x000007fefcd56000 	C:\Windows\system32\CFGMGR32.dll
0x000007fefcf90000 - 0x000007fefcfaa000 	C:\Windows\system32\DEVOBJ.dll
0x000007fefaf00000 - 0x000007fefb02c000 	C:\Windows\system32\propsys.dll
0x000007fefb980000 - 0x000007fefb9ad000 	C:\Windows\system32\ntmarta.dll
0x000007fefd780000 - 0x000007fefd7d2000 	C:\Windows\system32\WLDAP32.dll
0x000007fefca60000 - 0x000007fefcab7000 	C:\Windows\system32\apphelp.dll
0x000007fef37d0000 - 0x000007fef396c000 	C:\Windows\system32\NetworkExplorer.dll
0x000007fef3c20000 - 0x000007fef3c54000 	C:\Windows\System32\shdocvw.dll
0x000007fefa170000 - 0x000007fefa17b000 	C:\Windows\system32\slc.dll
0x000007fefab50000 - 0x000007fefacb1000 	C:\Windows\system32\WindowsCodecs.dll
0x000007fef5220000 - 0x000007fef5255000 	C:\Windows\system32\EhStorShell.dll
0x000007fef51a0000 - 0x000007fef521e000 	C:\Windows\System32\cscui.dll
0x000007fef54a0000 - 0x000007fef54ac000 	C:\Windows\System32\CSCDLL.dll
0x000007fef5450000 - 0x000007fef545f000 	C:\Windows\system32\CSCAPI.dll
0x000007fef3fd0000 - 0x000007fef4050000 	C:\Windows\system32\ntshrui.dll
0x000007fefc6d0000 - 0x000007fefc6f3000 	C:\Windows\system32\srvcli.dll
0x000007fef5a90000 - 0x000007fef5aa8000 	C:\Windows\system32\MPR.dll
0x000007fef5a80000 - 0x000007fef5a8a000 	C:\Windows\System32\drprov.dll
0x000007fefcad0000 - 0x000007fefcb0d000 	C:\Windows\System32\WINSTA.dll
0x000007fef5a50000 - 0x000007fef5a72000 	C:\Windows\System32\ntlanman.dll
0x000007fef5a30000 - 0x000007fef5a4e000 	C:\Windows\System32\davclnt.dll
0x000007fef58b0000 - 0x000007fef58ba000 	C:\Windows\System32\DAVHLPR.dll
0x000007fefa5c0000 - 0x000007fefa5d5000 	C:\Windows\system32\wkscli.dll
0x000007fefc1d0000 - 0x000007fefc1dc000 	C:\Windows\system32\netutils.dll
0x000007fee5590000 - 0x000007fee5801000 	C:\Windows\system32\wpdshext.dll
0x000007fefb210000 - 0x000007fefb426000 	C:\Windows\WinSxS\amd64_microsoft.windows.gdiplus_6595b64144ccf1df_1.1.7601.23721_none_1457f4f68b936a93\gdiplus.dll
0x000007fef5df0000 - 0x000007fef5ead000 	C:\Windows\system32\PortableDeviceApi.dll
0x000007fefcfc0000 - 0x000007fefcffb000 	C:\Windows\system32\WINTRUST.dll
0x000007fefcd60000 - 0x000007fefcecd000 	C:\Windows\system32\CRYPT32.dll
0x000007fefcc60000 - 0x000007fefcc6f000 	C:\Windows\system32\MSASN1.dll
0x000007fef8f30000 - 0x000007fef8f57000 	C:\Windows\system32\EhStorAPI.dll
0x000007fef3f50000 - 0x000007fef3f5c000 	C:\Windows\system32\LINKINFO.dll
0x000007fefc790000 - 0x000007fefc79b000 	C:\Windows\system32\Secur32.dll
0x000007fefca30000 - 0x000007fefca55000 	C:\Windows\system32\SSPICLI.DLL
0x000000006d570000 - 0x000000006d5a5000 	V:\from_tier2\data1\rubinlab\Yoshi_archive\Yoshi_rubidata\Behavior_Chrimson_movies\olfactory_movies\Fiji.app\java\win64\jdk1.6.0_24\jre\bin\jpeg.dll

VM Arguments:
jvm_args: -Xmx120000m -Dpython.cachedir.skip=true -Dplugins.dir=V:\from_tier2\data1\rubinlab\Yoshi_archive\Yoshi_rubidata\Behavior_Chrimson_movies\olfactory_movies\Fiji.app -Xincgc -XX:PermSize=128m 
java_command: <unknown>
Launcher Type: generic

Environment Variables:
JAVA_HOME=V:\from_tier2\data1\rubinlab\Yoshi_archive\Yoshi_rubidata\Behavior_Chrimson_movies\olfactory_movies\Fiji.app/java/win64/jdk1.6.0_24//jre
PATH=C:\Windows\system32;C:\Windows;C:\Windows\System32\Wbem;C:\Windows\System32\WindowsPowerShell\v1.0\;C:\Program Files (x86)\Intel\Services\IPT\;c:\Program Files (x86)\ATI Technologies\ATI.ACE\Core-Static;C:\Program Files (x86)\QuickTime\QTSystem\;C:\Program Files (x86)\NVIDIA Corporation\PhysX\Common;V:\from_tier2\data1\rubinlab\Yoshi_archive\Yoshi_rubidata\Behavior_Chrimson_movies\olfactory_movies\Fiji.app/lib/win64;V:\from_tier2\data1\rubinlab\Yoshi_archive\Yoshi_rubidata\Behavior_Chrimson_movies\olfactory_movies\Fiji.app/mm/win64;V:\from_tier2\data1\rubinlab\Yoshi_archive\Yoshi_rubidata\Behavior_Chrimson_movies\olfactory_movies\Fiji.app/java/win64/jdk1.6.0_24//jre/bin
USERNAME=asoy
OS=Windows_NT
PROCESSOR_IDENTIFIER=Intel64 Family 6 Model 45 Stepping 7, GenuineIntel



---------------  S Y S T E M  ---------------

OS: Windows 7 Build 7601 Service Pack 1

CPU:total 24 (6 cores per cpu, 2 threads per core) family 6 model 45 stepping 7, cmov, cx8, fxsr, mmx, sse, sse2, sse3, ssse3, sse4.1, sse4.2, popcnt, ht

Memory: 4k page, physical 67065520k(35801472k free), swap 134129180k(97181044k free)

vm_info: Java HotSpot(TM) 64-Bit Server VM (19.1-b02) for windows-amd64 JRE (1.6.0_24-b07), built on Feb  2 2011 16:25:45 by "java_re" with MS VC++ 8.0 (VS2005)

time: Thu Feb 22 05:36:21 2018
elapsed time: 22070 seconds

