#
# A fatal error has been detected by the Java Runtime Environment:
#
#  SIGSEGV (0xb) at pc=0x000000010dc2be43, pid=52568, tid=50191
#
# JRE version: Java(TM) SE Runtime Environment (8.0_66-b17) (build 1.8.0_66-b17)
# Java VM: Java HotSpot(TM) 64-Bit Server VM (25.66-b17 mixed mode bsd-amd64 compressed oops)
# Problematic frame:
# C  [libawt_lwawt.dylib+0x1ae43]  OGLSD_SetScratchSurface+0x49
#
# Failed to write core dump. Core dumps have been disabled. To enable core dumping, try "ulimit -c unlimited" before starting Java again
#
# If you would like to submit a bug report, please visit:
#   http://bugreport.java.com/bugreport/crash.jsp
# The crash happened outside the Java Virtual Machine in native code.
# See problematic frame for where to report the bug.
#

---------------  T H R E A D  ---------------

Current thread (0x00007fd7ee1bb000):  JavaThread "Java2D Queue Flusher" daemon [_thread_in_native, id=50191, stack(0x0000700003909000,0x0000700003a09000)]

siginfo: si_signo: 11 (SIGSEGV), si_code: 1 (SEGV_MAPERR), si_addr: 0x0000000000000002

Registers:
RAX=0x000000010dc4c3a2, RBX=0x0000000000000002, RCX=0x0000000000000047, RDX=0x000000010dc4c8ec
RSP=0x0000700003a087c0, RBP=0x0000700003a087e0, RSI=0x00007fd7f031b920, RDI=0x00007fd7ee1bb1f8
R8 =0x00007fd7e86f2048, R9 =0xffffffff00000000, R10=0x00000001105b6d78, R11=0x00000000a72f1a70
R12=0x0000000000000000, R13=0x0000700003a088e8, R14=0x00007fd7ee1bb1f8, R15=0x00007fd7ee1bb000
RIP=0x000000010dc2be43, EFLAGS=0x0000000000010202, ERR=0x0000000000000004
  TRAPNO=0x000000000000000e

Top of Stack: (sp=0x0000700003a087c0)
0x0000700003a087c0:   00007fd7f031b920 0000000000000000
0x0000700003a087d0:   00007fd7ee1b2210 00007fd7ee1bb000
0x0000700003a087e0:   0000700003a08860 000000010dc4c3ca
0x0000700003a087f0:   0000000000000064 0000000000000000
0x0000700003a08800:   0000000000000064 00007fd7e86f1ad8
0x0000700003a08810:   0000700003a08870 000000010334bc08
0x0000700003a08820:   00007fd700000005 00007fd7ee1b2220
0x0000700003a08830:   0000000000000001 00007fd7ee1bb1f8
0x0000700003a08840:   000000010d9423a8 0000000000000000
0x0000700003a08850:   0000700003a08968 00007fd7ee1bb000
0x0000700003a08860:   0000700003a088b0 00000001105b6dea
0x0000700003a08870:   000000053978d368 000000010fb000a8
0x0000700003a08880:   000000053978d108 000000010fcd54e6
0x0000700003a08890:   000000053978d108 0000700003a08898
0x0000700003a088a0:   00000001a073e3f4 0000700003a088e8
0x0000700003a088b0:   000000053978d368 000000011090d530
0x0000700003a088c0:   0000700003a08940 000000010f719c4d
0x0000700003a088d0:   0000700003a08940 000000010f719c4d
0x0000700003a088e0:   000000010f719c4d 000000053978d368
0x0000700003a088f0:   0000000000000001 000000053978d108
0x0000700003a08900:   0000700003a088f0 000000010d945bd1
0x0000700003a08910:   0000700003a08968 000000010d946728
0x0000700003a08920:   0000000000000000 000000010d945cd8
0x0000700003a08930:   0000700003a088e8 0000700003a08968
0x0000700003a08940:   0000700003a089d0 000000010f7127a7
0x0000700003a08950:   0000000000000000 0000000000000000
0x0000700003a08960:   0000000000000000 000000053978d108
0x0000700003a08970:   0000700000001fa0 000000000000000a
0x0000700003a08980:   00007fd7ee1bb000 0000000000000001
0x0000700003a08990:   000000010f71271f 000000010d945cd8
0x0000700003a089a0:   0000700003a08a68 0000700003a08d00
0x0000700003a089b0:   000000010000000a 000000010d945cd8 

Instructions: (pc=0x000000010dc2be43)
0x000000010dc2be23:   c0 e9 82 00 00 00 48 8b 5e 10 48 85 db 75 0e bf
0x000000010dc2be33:   01 00 00 00 48 8d 15 fd 75 03 00 eb d6 49 89 fe
0x000000010dc2be43:   4c 8b 3b 30 c0 e8 c5 a2 02 00 49 8b 3f 49 89 c4
0x000000010dc2be53:   48 8b 35 a6 f7 05 00 30 c0 e8 cb a3 02 00 48 85 

Register to memory mapping:

RAX=0x000000010dc4c3a2: Java_sun_java2d_opengl_OGLRenderQueue_flushBuffer+0x612 in /Applications/Fiji.app/java/macosx/jdk1.8.0_66/jre/Contents/Home/lib/libawt_lwawt.dylib at 0x000000010dc11000
RBX=0x0000000000000002 is an unknown value
RCX=0x0000000000000047 is an unknown value
RDX=0x000000010dc4c8ec: Java_sun_java2d_opengl_OGLRenderQueue_flushBuffer+0xb5c in /Applications/Fiji.app/java/macosx/jdk1.8.0_66/jre/Contents/Home/lib/libawt_lwawt.dylib at 0x000000010dc11000
RSP=0x0000700003a087c0 is pointing into the stack for thread: 0x00007fd7ee1bb000
RBP=0x0000700003a087e0 is pointing into the stack for thread: 0x00007fd7ee1bb000
RSI=0x00007fd7f031b920 is an unknown value
RDI=0x00007fd7ee1bb1f8 is an unknown value
R8 =0x00007fd7e86f2048 is an unknown value
R9 =0xffffffff00000000 is an unknown value
R10=0x00000001105b6d78 is at entry_point+56 in (nmethod*)0x00000001105b6bd0
R11=0x00000000a72f1a70 is an unknown value
R12=0x0000000000000000 is an unknown value
R13=0x0000700003a088e8 is pointing into the stack for thread: 0x00007fd7ee1bb000
R14=0x00007fd7ee1bb1f8 is an unknown value
R15=0x00007fd7ee1bb000 is a thread


Stack: [0x0000700003909000,0x0000700003a09000],  sp=0x0000700003a087c0,  free space=1021k
Native frames: (J=compiled Java code, j=interpreted, Vv=VM code, C=native code)
C  [libawt_lwawt.dylib+0x1ae43]  OGLSD_SetScratchSurface+0x49
C  [libawt_lwawt.dylib+0x3b3ca]  Java_sun_java2d_opengl_OGLRenderQueue_flushBuffer+0x63a
J 5916  sun.java2d.opengl.OGLRenderQueue.flushBuffer(JI)V (0 bytes) @ 0x00000001105b6dea [0x00000001105b6d40+0xaa]
J 8436 C2 sun.java2d.opengl.OGLRenderQueue.access$100(Lsun/java2d/opengl/OGLRenderQueue;)V (5 bytes) @ 0x000000011090d530 [0x000000011090d500+0x30]
j  sun.java2d.opengl.OGLRenderQueue$QueueFlusher.run()V+81
v  ~StubRoutines::call_stub
V  [libjvm.dylib+0x2ea35e]
V  [libjvm.dylib+0x2eaaec]
V  [libjvm.dylib+0x2eac98]
V  [libjvm.dylib+0x345215]
V  [libjvm.dylib+0x560b83]
V  [libjvm.dylib+0x56227e]
V  [libjvm.dylib+0x482cd6]
C  [libsystem_pthread.dylib+0x36c1]  _pthread_body+0x154
C  [libsystem_pthread.dylib+0x356d]  _pthread_body+0x0
C  [libsystem_pthread.dylib+0x2c5d]  thread_start+0xd
C  0x0000000000000000

Java frames: (J=compiled Java code, j=interpreted, Vv=VM code)
J 5916  sun.java2d.opengl.OGLRenderQueue.flushBuffer(JI)V (0 bytes) @ 0x00000001105b6d78 [0x00000001105b6d40+0x38]
J 8436 C2 sun.java2d.opengl.OGLRenderQueue.access$100(Lsun/java2d/opengl/OGLRenderQueue;)V (5 bytes) @ 0x000000011090d530 [0x000000011090d500+0x30]
j  sun.java2d.opengl.OGLRenderQueue$QueueFlusher.run()V+81
v  ~StubRoutines::call_stub

---------------  P R O C E S S  ---------------

Java Threads: ( => current thread )
  0x00007fd7ee3a6000 JavaThread "zSelector" [_thread_blocked, id=98599, stack(0x00007000040a4000,0x00007000041a4000)]
  0x00007fd7ee3aa000 JavaThread "zSelector" [_thread_blocked, id=122719, stack(0x0000700004327000,0x0000700004427000)]
  0x00007fd7e944b800 JavaThread "ContrastAdjuster" [_thread_blocked, id=126199, stack(0x00007000044ad000,0x00007000045ad000)]
  0x00007fd7ee03d000 JavaThread "TimerQueue" daemon [_thread_blocked, id=91675, stack(0x0000700004224000,0x0000700004324000)]
  0x00007fd7eadcb000 JavaThread "DestroyJavaVM" [_thread_blocked, id=4615, stack(0x00007000020b2000,0x0000700002132000)]
  0x00007fd7eeafe800 JavaThread "Timer-0" daemon [_thread_blocked, id=70923, stack(0x0000700003d15000,0x0000700003e15000)]
  0x00007fd7ed390000 JavaThread "Run$_AWT-EventQueue-0" [_thread_in_native, id=75851, stack(0x0000700003b0f000,0x0000700003c0f000)]
  0x00007fd7e96df800 JavaThread "Java2D Disposer" daemon [_thread_blocked, id=53767, stack(0x0000700003a0c000,0x0000700003b0c000)]
=>0x00007fd7ee1bb000 JavaThread "Java2D Queue Flusher" daemon [_thread_in_native, id=50191, stack(0x0000700003909000,0x0000700003a09000)]
  0x00007fd7ef023000 JavaThread "AWT-Shutdown" [_thread_blocked, id=38943, stack(0x00007000034f4000,0x00007000035f4000)]
  0x00007fd7ee95b000 JavaThread "AppKit Thread" daemon [_thread_in_native, id=775, stack(0x00007ffeed560000,0x00007ffeedd60000)]
  0x00007fd7eb012000 JavaThread "Service Thread" daemon [_thread_blocked, id=16899, stack(0x00007000032ee000,0x00007000033ee000)]
  0x00007fd7e901a800 JavaThread "C1 CompilerThread3" daemon [_thread_blocked, id=15107, stack(0x00007000031eb000,0x00007000032eb000)]
  0x00007fd7ea830800 JavaThread "C2 CompilerThread2" daemon [_thread_blocked, id=14851, stack(0x00007000030e8000,0x00007000031e8000)]
  0x00007fd7ea82d800 JavaThread "C2 CompilerThread1" daemon [_thread_blocked, id=14339, stack(0x0000700002fe5000,0x00007000030e5000)]
  0x00007fd7e8837800 JavaThread "C2 CompilerThread0" daemon [_thread_blocked, id=17667, stack(0x0000700002ee2000,0x0000700002fe2000)]
  0x00007fd7e8821000 JavaThread "Signal Dispatcher" daemon [_thread_blocked, id=17927, stack(0x0000700002ddf000,0x0000700002edf000)]
  0x00007fd7e881e800 JavaThread "Finalizer" daemon [_thread_blocked, id=19971, stack(0x0000700002cdc000,0x0000700002ddc000)]
  0x00007fd7e8804800 JavaThread "Reference Handler" daemon [_thread_blocked, id=12291, stack(0x0000700002bd9000,0x0000700002cd9000)]

Other Threads:
  0x00007fd7e8800800 VMThread [stack: 0x0000700002ad6000,0x0000700002bd6000] [id=20227]
  0x00007fd7ea82a000 WatcherThread [stack: 0x00007000033f1000,0x00007000034f1000] [id=16643]

VM state:not at safepoint (normal execution)

VM Mutex/Monitor currently owned by a thread: None

Heap:
 PSYoungGen      total 939520K, used 9417K [0x00000006e8580000, 0x0000000734880000, 0x00000007c0000000)
  eden space 878080K, 1% used [0x00000006e8580000,0x00000006e8eb2478,0x000000071df00000)
  from space 61440K, 0% used [0x000000071df00000,0x000000071df00000,0x0000000721b00000)
  to   space 117248K, 0% used [0x000000072d600000,0x000000072d600000,0x0000000734880000)
 ParOldGen       total 640512K, used 186631K [0x0000000539000000, 0x0000000560180000, 0x00000006e8580000)
  object space 640512K, 29% used [0x0000000539000000,0x0000000544641e70,0x0000000560180000)
 Metaspace       used 64413K, capacity 65573K, committed 66216K, reserved 1105920K
  class space    used 9343K, capacity 9808K, committed 9904K, reserved 1048576K

Card table byte_map: [0x0000000104346000,0x000000010577f000] byte_map_base: 0x000000010197e000

Marking Bits: (ParMarkBitMap*) 0x00000001038dde20
 Begin Bits: [0x000000011e712000, 0x00000001288d2000)
 End Bits:   [0x00000001288d2000, 0x0000000132a92000)

Polling page: 0x0000000101f35000

CodeCache: size=245760Kb used=23231Kb max_used=23320Kb free=222528Kb
 bounds [0x000000010f712000, 0x0000000110e12000, 0x000000011e712000]
 total_blobs=8013 nmethods=7214 adapters=708
 compilation: enabled

Compilation events (10 events):
Event: 3420.266 Thread 0x00007fd7e901a800 8943       1       java.awt.Container::postsOldMouseEvents (2 bytes)
Event: 3420.266 Thread 0x00007fd7e901a800 nmethod 8943 0x00000001107953d0 code [0x0000000110795520, 0x0000000110795630]
Event: 3420.833 Thread 0x00007fd7e8837800 8944       4       sun.java2d.pipe.RenderQueue::lock (4 bytes)
Event: 3420.835 Thread 0x00007fd7e8837800 nmethod 8944 0x00000001104bd8d0 code [0x00000001104bda40, 0x00000001104bdc08]
Event: 3422.497 Thread 0x00007fd7e901a800 8945   !   3       sun.java2d.Disposer::clearDeferredRecords (70 bytes)
Event: 3422.498 Thread 0x00007fd7e901a800 nmethod 8945 0x0000000110de4d10 code [0x0000000110de4f60, 0x0000000110de5d68]
Event: 3422.499 Thread 0x00007fd7e901a800 8947       3       sun.lwawt.macosx.CPlatformComponent::dispose (5 bytes)
Event: 3422.500 Thread 0x00007fd7e901a800 nmethod 8947 0x0000000110d25890 code [0x0000000110d25a00, 0x0000000110d25b88]
Event: 3422.501 Thread 0x00007fd7e901a800 8946       3       sun.java2d.DefaultDisposerRecord::dispose (12 bytes)
Event: 3422.501 Thread 0x00007fd7e901a800 nmethod 8946 0x000000011084d010 code [0x000000011084d180, 0x000000011084d308]

GC Heap History (10 events):
Event: 18.544 GC heap before
{Heap before GC invocations=17 (full 5):
 PSYoungGen      total 757248K, used 40592K [0x00000006e8580000, 0x0000000719c80000, 0x00000007c0000000)
  eden space 715776K, 0% used [0x00000006e8580000,0x00000006e8580000,0x0000000714080000)
  from space 41472K, 97% used [0x0000000716e80000,0x00000007196243c8,0x0000000719700000)
  to   space 47104K, 0% used [0x0000000714080000,0x0000000714080000,0x0000000716e80000)
 ParOldGen       total 874496K, used 773714K [0x0000000539000000, 0x000000056e600000, 0x00000006e8580000)
  object space 874496K, 88% used [0x0000000539000000,0x00000005683949b8,0x000000056e600000)
 Metaspace       used 56493K, capacity 57683K, committed 58152K, reserved 1097728K
  class space    used 8542K, capacity 8991K, committed 9008K, reserved 1048576K
Event: 18.630 GC heap after
Heap after GC invocations=17 (full 5):
 PSYoungGen      total 757248K, used 0K [0x00000006e8580000, 0x0000000719c80000, 0x00000007c0000000)
  eden space 715776K, 0% used [0x00000006e8580000,0x00000006e8580000,0x0000000714080000)
  from space 41472K, 0% used [0x0000000716e80000,0x0000000716e80000,0x0000000719700000)
  to   space 47104K, 0% used [0x0000000714080000,0x0000000714080000,0x0000000716e80000)
 ParOldGen       total 985088K, used 583402K [0x0000000539000000, 0x0000000575200000, 0x00000006e8580000)
  object space 985088K, 59% used [0x0000000539000000,0x000000055c9ba9b0,0x0000000575200000)
 Metaspace       used 56493K, capacity 57683K, committed 58152K, reserved 1097728K
  class space    used 8542K, capacity 8991K, committed 9008K, reserved 1048576K
}
Event: 19.950 GC heap before
{Heap before GC invocations=18 (full 5):
 PSYoungGen      total 757248K, used 714784K [0x00000006e8580000, 0x0000000719c80000, 0x00000007c0000000)
  eden space 715776K, 99% used [0x00000006e8580000,0x0000000713f88210,0x0000000714080000)
  from space 41472K, 0% used [0x0000000716e80000,0x0000000716e80000,0x0000000719700000)
  to   space 47104K, 0% used [0x0000000714080000,0x0000000714080000,0x0000000716e80000)
 ParOldGen       total 985088K, used 583402K [0x0000000539000000, 0x0000000575200000, 0x00000006e8580000)
  object space 985088K, 59% used [0x0000000539000000,0x000000055c9ba9b0,0x0000000575200000)
 Metaspace       used 56533K, capacity 57683K, committed 58152K, reserved 1097728K
  class space    used 8542K, capacity 8991K, committed 9008K, reserved 1048576K
Event: 19.984 GC heap after
Heap after GC invocations=18 (full 5):
 PSYoungGen      total 762880K, used 47031K [0x00000006e8580000, 0x0000000725780000, 0x00000007c0000000)
  eden space 715776K, 0% used [0x00000006e8580000,0x00000006e8580000,0x0000000714080000)
  from space 47104K, 99% used [0x0000000714080000,0x0000000716e6de80,0x0000000716e80000)
  to   space 53760K, 0% used [0x0000000722300000,0x0000000722300000,0x0000000725780000)
 ParOldGen       total 985088K, used 685811K [0x0000000539000000, 0x0000000575200000, 0x00000006e8580000)
  object space 985088K, 69% used [0x0000000539000000,0x0000000562dbcff0,0x0000000575200000)
 Metaspace       used 56533K, capacity 57683K, committed 58152K, reserved 1097728K
  class space    used 8542K, capacity 8991K, committed 9008K, reserved 1048576K
}
Event: 78.363 GC heap before
{Heap before GC invocations=19 (full 5):
 PSYoungGen      total 762880K, used 761418K [0x00000006e8580000, 0x0000000725780000, 0x00000007c0000000)
  eden space 715776K, 99% used [0x00000006e8580000,0x0000000713f24c08,0x0000000714080000)
  from space 47104K, 99% used [0x0000000714080000,0x0000000716e6de80,0x0000000716e80000)
  to   space 53760K, 0% used [0x0000000722300000,0x0000000722300000,0x0000000725780000)
 ParOldGen       total 985088K, used 685811K [0x0000000539000000, 0x0000000575200000, 0x00000006e8580000)
  object space 985088K, 69% used [0x0000000539000000,0x0000000562dbcff0,0x0000000575200000)
 Metaspace       used 58023K, capacity 59157K, committed 59560K, reserved 1099776K
  class space    used 8661K, capacity 9092K, committed 9136K, reserved 1048576K
Event: 78.387 GC heap after
Heap after GC invocations=19 (full 5):
 PSYoungGen      total 918528K, used 53135K [0x00000006e8580000, 0x0000000725700000, 0x00000007c0000000)
  eden space 865280K, 0% used [0x00000006e8580000,0x00000006e8580000,0x000000071d280000)
  from space 53248K, 99% used [0x0000000722300000,0x00000007256e3e88,0x0000000725700000)
  to   space 61440K, 0% used [0x000000071df00000,0x000000071df00000,0x0000000721b00000)
 ParOldGen       total 985088K, used 713468K [0x0000000539000000, 0x0000000575200000, 0x00000006e8580000)
  object space 985088K, 72% used [0x0000000539000000,0x00000005648bf1a0,0x0000000575200000)
 Metaspace       used 58023K, capacity 59157K, committed 59560K, reserved 1099776K
  class space    used 8661K, capacity 9092K, committed 9136K, reserved 1048576K
}
Event: 3421.929 GC heap before
{Heap before GC invocations=20 (full 5):
 PSYoungGen      total 918528K, used 918415K [0x00000006e8580000, 0x0000000725700000, 0x00000007c0000000)
  eden space 865280K, 100% used [0x00000006e8580000,0x000000071d280000,0x000000071d280000)
  from space 53248K, 99% used [0x0000000722300000,0x00000007256e3e88,0x0000000725700000)
  to   space 61440K, 0% used [0x000000071df00000,0x000000071df00000,0x0000000721b00000)
 ParOldGen       total 985088K, used 713468K [0x0000000539000000, 0x0000000575200000, 0x00000006e8580000)
  object space 985088K, 72% used [0x0000000539000000,0x00000005648bf1a0,0x0000000575200000)
 Metaspace       used 64411K, capacity 65573K, committed 66216K, reserved 1105920K
  class space    used 9343K, capacity 9808K, committed 9904K, reserved 1048576K
Event: 3422.152 GC heap after
Heap after GC invocations=20 (full 5):
 PSYoungGen      total 939520K, used 61415K [0x00000006e8580000, 0x0000000734880000, 0x00000007c0000000)
  eden space 878080K, 0% used [0x00000006e8580000,0x00000006e8580000,0x000000071df00000)
  from space 61440K, 99% used [0x000000071df00000,0x0000000721af9d98,0x0000000721b00000)
  to   space 117248K, 0% used [0x000000072d600000,0x000000072d600000,0x0000000734880000)
 ParOldGen       total 985088K, used 839619K [0x0000000539000000, 0x0000000575200000, 0x00000006e8580000)
  object space 985088K, 85% used [0x0000000539000000,0x000000056c3f0e88,0x0000000575200000)
 Metaspace       used 64411K, capacity 65573K, committed 66216K, reserved 1105920K
  class space    used 9343K, capacity 9808K, committed 9904K, reserved 1048576K
}
Event: 3422.152 GC heap before
{Heap before GC invocations=21 (full 6):
 PSYoungGen      total 939520K, used 61415K [0x00000006e8580000, 0x0000000734880000, 0x00000007c0000000)
  eden space 878080K, 0% used [0x00000006e8580000,0x00000006e8580000,0x000000071df00000)
  from space 61440K, 99% used [0x000000071df00000,0x0000000721af9d98,0x0000000721b00000)
  to   space 117248K, 0% used [0x000000072d600000,0x000000072d600000,0x0000000734880000)
 ParOldGen       total 985088K, used 839619K [0x0000000539000000, 0x0000000575200000, 0x00000006e8580000)
  object space 985088K, 85% used [0x0000000539000000,0x000000056c3f0e88,0x0000000575200000)
 Metaspace       used 64411K, capacity 65573K, committed 66216K, reserved 1105920K
  class space    used 9343K, capacity 9808K, committed 9904K, reserved 1048576K
Event: 3422.494 GC heap after
Heap after GC invocations=21 (full 6):
 PSYoungGen      total 939520K, used 0K [0x00000006e8580000, 0x0000000734880000, 0x00000007c0000000)
  eden space 878080K, 0% used [0x00000006e8580000,0x00000006e8580000,0x000000071df00000)
  from space 61440K, 0% used [0x000000071df00000,0x000000071df00000,0x0000000721b00000)
  to   space 117248K, 0% used [0x000000072d600000,0x000000072d600000,0x0000000734880000)
 ParOldGen       total 640512K, used 186631K [0x0000000539000000, 0x0000000560180000, 0x00000006e8580000)
  object space 640512K, 29% used [0x0000000539000000,0x0000000544641e70,0x0000000560180000)
 Metaspace       used 64411K, capacity 65573K, committed 66216K, reserved 1105920K
  class space    used 9343K, capacity 9808K, committed 9904K, reserved 1048576K
}

Deoptimization events (10 events):
Event: 3397.813 Thread 0x00007fd7ec95f800 Uncommon trap: reason=bimorphic action=maybe_recompile pc=0x000000010fb7581c method=java.util.WeakHashMap.eq(Ljava/lang/Object;Ljava/lang/Object;)Z @ 7
Event: 3397.814 Thread 0x00007fd7ec95f800 Uncommon trap: reason=unstable_if action=reinterpret pc=0x0000000110a59248 method=javax.swing.text.html.StyleSheet$ViewAttributeSet.getAttribute(Ljava/lang/Object;)Ljava/lang/Object; @ 36
Event: 3397.911 Thread 0x00007fd7ed390000 Uncommon trap: reason=unstable_if action=reinterpret pc=0x0000000110788fe4 method=sun.lwawt.LWCursorManager.findComponent(Ljava/awt/Point;)Ljava/awt/Component; @ 17
Event: 3400.472 Thread 0x00007fd7ee95b000 Uncommon trap: reason=unstable_if action=reinterpret pc=0x0000000110550c08 method=sun.lwawt.LWWindowPeer.generateMouseEnterExitEventsForComponents(JIIIIIIIZLsun/lwawt/LWComponentPeer;)V @ 98
Event: 3400.472 Thread 0x00007fd7ee95b000 Uncommon trap: reason=unstable_if action=reinterpret pc=0x0000000110940790 method=sun.lwawt.LWWindowPeer.notifyMouseEvent(IJIIIIIIIZ[B)V @ 532
Event: 3402.011 Thread 0x00007fd7ec95f800 Uncommon trap: reason=unstable_if action=reinterpret pc=0x0000000110ae504c method=loci.common.DataTools.sanitize(Ljava/lang/String;)Ljava/lang/String; @ 1
Event: 3405.448 Thread 0x00007fd7ec95f800 Uncommon trap: reason=unstable_if action=reinterpret pc=0x0000000110c14034 method=org.apache.xerces.dom.DeferredDocumentImpl.clearChunkValue([[Ljava/lang/Object;II)Ljava/lang/String; @ 59
Event: 3407.442 Thread 0x00007fd7ed390000 Uncommon trap: reason=bimorphic action=maybe_recompile pc=0x00000001106d123c method=java.util.HashMap.removeNode(ILjava/lang/Object;Ljava/lang/Object;ZZ)Ljava/util/HashMap$Node; @ 68
Event: 3407.466 Thread 0x00007fd7ed390000 Uncommon trap: reason=bimorphic action=maybe_recompile pc=0x00000001106d123c method=java.util.HashMap.removeNode(ILjava/lang/Object;Ljava/lang/Object;ZZ)Ljava/util/HashMap$Node; @ 68
Event: 3407.482 Thread 0x00007fd7ed390000 Uncommon trap: reason=bimorphic action=maybe_recompile pc=0x00000001106d123c method=java.util.HashMap.removeNode(ILjava/lang/Object;Ljava/lang/Object;ZZ)Ljava/util/HashMap$Node; @ 68

Internal exceptions (10 events):
Event: 3405.433 Thread 0x00007fd7ec95f800 Exception <a 'java/security/PrivilegedActionException'> (0x000000071b6e8d30) thrown at [/HUDSON3/workspace/8-2-build-macosx-x86_64/jdk8u66/4988/hotspot/src/share/vm/prims/jvm.cpp, line 1386]
Event: 3405.442 Thread 0x00007fd7ec95f800 Exception <a 'java/security/PrivilegedActionException'> (0x000000071b7d9d60) thrown at [/HUDSON3/workspace/8-2-build-macosx-x86_64/jdk8u66/4988/hotspot/src/share/vm/prims/jvm.cpp, line 1386]
Event: 3405.442 Thread 0x00007fd7ec95f800 Exception <a 'java/security/PrivilegedActionException'> (0x000000071b7da158) thrown at [/HUDSON3/workspace/8-2-build-macosx-x86_64/jdk8u66/4988/hotspot/src/share/vm/prims/jvm.cpp, line 1386]
Event: 3405.442 Thread 0x00007fd7ec95f800 Exception <a 'java/security/PrivilegedActionException'> (0x000000071b7db2e0) thrown at [/HUDSON3/workspace/8-2-build-macosx-x86_64/jdk8u66/4988/hotspot/src/share/vm/prims/jvm.cpp, line 1386]
Event: 3405.442 Thread 0x00007fd7ec95f800 Exception <a 'java/security/PrivilegedActionException'> (0x000000071b7db6d8) thrown at [/HUDSON3/workspace/8-2-build-macosx-x86_64/jdk8u66/4988/hotspot/src/share/vm/prims/jvm.cpp, line 1386]
Event: 3405.443 Thread 0x00007fd7ec95f800 Exception <a 'java/security/PrivilegedActionException'> (0x000000071b807d68) thrown at [/HUDSON3/workspace/8-2-build-macosx-x86_64/jdk8u66/4988/hotspot/src/share/vm/prims/jvm.cpp, line 1386]
Event: 3405.443 Thread 0x00007fd7ec95f800 Exception <a 'java/security/PrivilegedActionException'> (0x000000071b808160) thrown at [/HUDSON3/workspace/8-2-build-macosx-x86_64/jdk8u66/4988/hotspot/src/share/vm/prims/jvm.cpp, line 1386]
Event: 3405.443 Thread 0x00007fd7ec95f800 Exception <a 'java/security/PrivilegedActionException'> (0x000000071b8092e8) thrown at [/HUDSON3/workspace/8-2-build-macosx-x86_64/jdk8u66/4988/hotspot/src/share/vm/prims/jvm.cpp, line 1386]
Event: 3405.443 Thread 0x00007fd7ec95f800 Exception <a 'java/security/PrivilegedActionException'> (0x000000071b8096e0) thrown at [/HUDSON3/workspace/8-2-build-macosx-x86_64/jdk8u66/4988/hotspot/src/share/vm/prims/jvm.cpp, line 1386]
Event: 3405.457 Thread 0x00007fd7ec95f800 Exception <a 'java/lang/ClassCastException': java.awt.MenuItem cannot be cast to java.awt.CheckboxMenuItem> (0x000000071b943120) thrown at [/HUDSON3/workspace/8-2-build-macosx-x86_64/jdk8u66/4988/hotspot/src/share/vm/interpreter/interpreterRuntime.cpp, li

Events (10 events):
Event: 3422.500 Executing VM operation: RevokeBias done
Event: 3422.500 Executing VM operation: RevokeBias
Event: 3422.500 Executing VM operation: RevokeBias done
Event: 3422.500 Executing VM operation: RevokeBias
Event: 3422.500 Executing VM operation: RevokeBias done
Event: 3422.500 Executing VM operation: RevokeBias
Event: 3422.501 Executing VM operation: RevokeBias done
Event: 3422.501 Executing VM operation: RevokeBias
Event: 3422.501 Executing VM operation: RevokeBias done
Event: 3422.501 Thread 0x00007fd7e901a800 flushing nmethod 0x000000010fa53a50


Dynamic libraries:
0x000000003023b000 	/System/Library/Frameworks/CoreFoundation.framework/Versions/A/CoreFoundation
0x000000003023b000 	/System/Library/Frameworks/ApplicationServices.framework/Versions/A/ApplicationServices
0x000000003023b000 	/usr/lib/libSystem.B.dylib
0x000000003023b000 	/System/Library/Frameworks/CoreServices.framework/Versions/A/CoreServices
0x000000003023b000 	/usr/lib/libDiagnosticMessagesClient.dylib
0x000000003023b000 	/usr/lib/libicucore.A.dylib
0x000000003023b000 	/usr/lib/libobjc.A.dylib
0x000000003023b000 	/usr/lib/libz.1.dylib
0x000000003023b000 	/usr/lib/system/libcache.dylib
0x000000003023b000 	/usr/lib/system/libcommonCrypto.dylib
0x000000003023b000 	/usr/lib/system/libcompiler_rt.dylib
0x000000003023b000 	/usr/lib/system/libcopyfile.dylib
0x000000003023b000 	/usr/lib/system/libcorecrypto.dylib
0x000000003023b000 	/usr/lib/system/libdispatch.dylib
0x000000003023b000 	/usr/lib/system/libdyld.dylib
0x000000003023b000 	/usr/lib/system/libkeymgr.dylib
0x000000003023b000 	/usr/lib/system/liblaunch.dylib
0x000000003023b000 	/usr/lib/system/libmacho.dylib
0x000000003023b000 	/usr/lib/system/libquarantine.dylib
0x000000003023b000 	/usr/lib/system/libremovefile.dylib
0x000000003023b000 	/usr/lib/system/libsystem_asl.dylib
0x000000003023b000 	/usr/lib/system/libsystem_blocks.dylib
0x000000003023b000 	/usr/lib/system/libsystem_c.dylib
0x000000003023b000 	/usr/lib/system/libsystem_configuration.dylib
0x000000003023b000 	/usr/lib/system/libsystem_coreservices.dylib
0x000000003023b000 	/usr/lib/system/libsystem_darwin.dylib
0x000000003023b000 	/usr/lib/system/libsystem_dnssd.dylib
0x000000003023b000 	/usr/lib/system/libsystem_info.dylib
0x000000003023b000 	/usr/lib/system/libsystem_m.dylib
0x000000003023b000 	/usr/lib/system/libsystem_malloc.dylib
0x000000003023b000 	/usr/lib/system/libsystem_network.dylib
0x000000003023b000 	/usr/lib/system/libsystem_networkextension.dylib
0x000000003023b000 	/usr/lib/system/libsystem_notify.dylib
0x000000003023b000 	/usr/lib/system/libsystem_sandbox.dylib
0x000000003023b000 	/usr/lib/system/libsystem_secinit.dylib
0x000000003023b000 	/usr/lib/system/libsystem_kernel.dylib
0x000000003023b000 	/usr/lib/system/libsystem_platform.dylib
0x000000003023b000 	/usr/lib/system/libsystem_pthread.dylib
0x000000003023b000 	/usr/lib/system/libsystem_symptoms.dylib
0x000000003023b000 	/usr/lib/system/libsystem_trace.dylib
0x000000003023b000 	/usr/lib/system/libunwind.dylib
0x000000003023b000 	/usr/lib/system/libxpc.dylib
0x000000003023b000 	/usr/lib/closure/libclosured.dylib
0x000000003023b000 	/usr/lib/libc++abi.dylib
0x000000003023b000 	/usr/lib/libc++.1.dylib
0x000000003023b000 	/System/Library/Frameworks/CoreGraphics.framework/Versions/A/CoreGraphics
0x000000003023b000 	/System/Library/Frameworks/CoreText.framework/Versions/A/CoreText
0x000000003023b000 	/System/Library/Frameworks/ImageIO.framework/Versions/A/ImageIO
0x000000003023b000 	/System/Library/Frameworks/ColorSync.framework/Versions/A/ColorSync
0x000000003023b000 	/System/Library/Frameworks/ApplicationServices.framework/Versions/A/Frameworks/ATS.framework/Versions/A/ATS
0x000000003023b000 	/System/Library/Frameworks/ApplicationServices.framework/Versions/A/Frameworks/ColorSyncLegacy.framework/Versions/A/ColorSyncLegacy
0x000000003023b000 	/System/Library/Frameworks/ApplicationServices.framework/Versions/A/Frameworks/HIServices.framework/Versions/A/HIServices
0x000000003023b000 	/System/Library/Frameworks/ApplicationServices.framework/Versions/A/Frameworks/LangAnalysis.framework/Versions/A/LangAnalysis
0x000000003023b000 	/System/Library/Frameworks/ApplicationServices.framework/Versions/A/Frameworks/PrintCore.framework/Versions/A/PrintCore
0x000000003023b000 	/System/Library/Frameworks/ApplicationServices.framework/Versions/A/Frameworks/QD.framework/Versions/A/QD
0x000000003023b000 	/System/Library/Frameworks/ApplicationServices.framework/Versions/A/Frameworks/SpeechSynthesis.framework/Versions/A/SpeechSynthesis
0x000000003023b000 	/System/Library/PrivateFrameworks/SkyLight.framework/Versions/A/SkyLight
0x000000003023b000 	/System/Library/Frameworks/CFNetwork.framework/Versions/A/CFNetwork
0x000000003023b000 	/System/Library/Frameworks/Accelerate.framework/Versions/A/Accelerate
0x000000003023b000 	/System/Library/Frameworks/IOKit.framework/Versions/A/IOKit
0x000000003023b000 	/System/Library/Frameworks/Foundation.framework/Versions/C/Foundation
0x000000003023b000 	/System/Library/Frameworks/SystemConfiguration.framework/Versions/A/SystemConfiguration
0x000000003023b000 	/System/Library/Frameworks/CoreDisplay.framework/Versions/A/CoreDisplay
0x000000003023b000 	/System/Library/Frameworks/IOSurface.framework/Versions/A/IOSurface
0x000000003023b000 	/System/Library/Frameworks/Metal.framework/Versions/A/Metal
0x000000003023b000 	/System/Library/PrivateFrameworks/MultitouchSupport.framework/Versions/A/MultitouchSupport
0x000000003023b000 	/System/Library/Frameworks/Security.framework/Versions/A/Security
0x000000003023b000 	/System/Library/Frameworks/QuartzCore.framework/Versions/A/QuartzCore
0x000000003023b000 	/usr/lib/libbsm.0.dylib
0x000000003023b000 	/usr/lib/libauto.dylib
0x000000003023b000 	/System/Library/Frameworks/DiskArbitration.framework/Versions/A/DiskArbitration
0x000000003023b000 	/usr/lib/libarchive.2.dylib
0x000000003023b000 	/usr/lib/libxml2.2.dylib
0x000000003023b000 	/usr/lib/liblangid.dylib
0x000000003023b000 	/usr/lib/libCRFSuite.dylib
0x000000003023b000 	/usr/lib/libenergytrace.dylib
0x000000003023b000 	/usr/lib/system/libkxld.dylib
0x000000003023b000 	/usr/lib/libOpenScriptingUtil.dylib
0x000000003023b000 	/usr/lib/libcoretls.dylib
0x000000003023b000 	/usr/lib/libcoretls_cfhelpers.dylib
0x000000003023b000 	/usr/lib/libpam.2.dylib
0x000000003023b000 	/usr/lib/libsqlite3.dylib
0x000000003023b000 	/usr/lib/libxar.1.dylib
0x000000003023b000 	/usr/lib/libbz2.1.0.dylib
0x000000003023b000 	/usr/lib/liblzma.5.dylib
0x000000003023b000 	/usr/lib/libnetwork.dylib
0x000000003023b000 	/usr/lib/libapple_nghttp2.dylib
0x000000003023b000 	/usr/lib/libpcap.A.dylib
0x000000003023b000 	/usr/lib/libboringssl.dylib
0x000000003023b000 	/usr/lib/libusrtcp.dylib
0x000000003023b000 	/usr/lib/libapple_crypto.dylib
0x000000003023b000 	/System/Library/Frameworks/CoreServices.framework/Versions/A/Frameworks/FSEvents.framework/Versions/A/FSEvents
0x000000003023b000 	/System/Library/Frameworks/CoreServices.framework/Versions/A/Frameworks/CarbonCore.framework/Versions/A/CarbonCore
0x000000003023b000 	/System/Library/Frameworks/CoreServices.framework/Versions/A/Frameworks/Metadata.framework/Versions/A/Metadata
0x000000003023b000 	/System/Library/Frameworks/CoreServices.framework/Versions/A/Frameworks/OSServices.framework/Versions/A/OSServices
0x000000003023b000 	/System/Library/Frameworks/CoreServices.framework/Versions/A/Frameworks/SearchKit.framework/Versions/A/SearchKit
0x000000003023b000 	/System/Library/Frameworks/CoreServices.framework/Versions/A/Frameworks/AE.framework/Versions/A/AE
0x000000003023b000 	/System/Library/Frameworks/CoreServices.framework/Versions/A/Frameworks/LaunchServices.framework/Versions/A/LaunchServices
0x000000003023b000 	/System/Library/Frameworks/CoreServices.framework/Versions/A/Frameworks/DictionaryServices.framework/Versions/A/DictionaryServices
0x000000003023b000 	/System/Library/Frameworks/CoreServices.framework/Versions/A/Frameworks/SharedFileList.framework/Versions/A/SharedFileList
0x000000003023b000 	/System/Library/Frameworks/NetFS.framework/Versions/A/NetFS
0x000000003023b000 	/System/Library/PrivateFrameworks/NetAuth.framework/Versions/A/NetAuth
0x000000003023b000 	/System/Library/PrivateFrameworks/login.framework/Versions/A/Frameworks/loginsupport.framework/Versions/A/loginsupport
0x000000003023b000 	/System/Library/PrivateFrameworks/TCC.framework/Versions/A/TCC
0x000000003023b000 	/usr/lib/libmecabra.dylib
0x000000003023b000 	/System/Library/PrivateFrameworks/LinguisticData.framework/Versions/A/LinguisticData
0x000000003023b000 	/usr/lib/libmarisa.dylib
0x000000003023b000 	/System/Library/PrivateFrameworks/Lexicon.framework/Versions/A/Lexicon
0x000000003023b000 	/usr/lib/libChineseTokenizer.dylib
0x000000003023b000 	/usr/lib/libcmph.dylib
0x000000003023b000 	/usr/lib/libiconv.2.dylib
0x000000003023b000 	/System/Library/PrivateFrameworks/LanguageModeling.framework/Versions/A/LanguageModeling
0x000000003023b000 	/System/Library/Frameworks/CoreData.framework/Versions/A/CoreData
0x000000003023b000 	/System/Library/PrivateFrameworks/CoreEmoji.framework/Versions/A/CoreEmoji
0x000000003023b000 	/usr/lib/libcompression.dylib
0x000000003023b000 	/System/Library/Frameworks/OpenDirectory.framework/Versions/A/Frameworks/CFOpenDirectory.framework/Versions/A/CFOpenDirectory
0x000000003023b000 	/System/Library/PrivateFrameworks/APFS.framework/Versions/A/APFS
0x000000003023b000 	/usr/lib/libutil.dylib
0x000000003023b000 	/System/Library/Frameworks/ServiceManagement.framework/Versions/A/ServiceManagement
0x000000003023b000 	/System/Library/PrivateFrameworks/BackgroundTaskManagement.framework/Versions/A/BackgroundTaskManagement
0x000000003023b000 	/usr/lib/libxslt.1.dylib
0x000000003023b000 	/System/Library/Frameworks/Accelerate.framework/Versions/A/Frameworks/vImage.framework/Versions/A/vImage
0x000000003023b000 	/System/Library/Frameworks/Accelerate.framework/Versions/A/Frameworks/vecLib.framework/Versions/A/vecLib
0x000000003023b000 	/System/Library/Frameworks/Accelerate.framework/Versions/A/Frameworks/vecLib.framework/Versions/A/libvDSP.dylib
0x000000003023b000 	/System/Library/Frameworks/Accelerate.framework/Versions/A/Frameworks/vecLib.framework/Versions/A/libBNNS.dylib
0x000000003023b000 	/System/Library/Frameworks/Accelerate.framework/Versions/A/Frameworks/vecLib.framework/Versions/A/libQuadrature.dylib
0x000000003023b000 	/System/Library/Frameworks/Accelerate.framework/Versions/A/Frameworks/vecLib.framework/Versions/A/libvMisc.dylib
0x000000003023b000 	/System/Library/Frameworks/Accelerate.framework/Versions/A/Frameworks/vecLib.framework/Versions/A/libLAPACK.dylib
0x000000003023b000 	/System/Library/Frameworks/Accelerate.framework/Versions/A/Frameworks/vecLib.framework/Versions/A/libBLAS.dylib
0x000000003023b000 	/System/Library/Frameworks/Accelerate.framework/Versions/A/Frameworks/vecLib.framework/Versions/A/libLinearAlgebra.dylib
0x000000003023b000 	/System/Library/Frameworks/Accelerate.framework/Versions/A/Frameworks/vecLib.framework/Versions/A/libSparse.dylib
0x000000003023b000 	/System/Library/Frameworks/Accelerate.framework/Versions/A/Frameworks/vecLib.framework/Versions/A/libSparseBLAS.dylib
0x000000003023b000 	/System/Library/PrivateFrameworks/IOAccelerator.framework/Versions/A/IOAccelerator
0x000000003023b000 	/System/Library/PrivateFrameworks/IOPresentment.framework/Versions/A/IOPresentment
0x000000003023b000 	/System/Library/PrivateFrameworks/DSExternalDisplay.framework/Versions/A/DSExternalDisplay
0x000000003023b000 	/System/Library/Frameworks/OpenGL.framework/Versions/A/Libraries/libCoreFSCache.dylib
0x000000003023b000 	/System/Library/Frameworks/CoreImage.framework/Versions/A/CoreImage
0x000000003023b000 	/System/Library/Frameworks/CoreVideo.framework/Versions/A/CoreVideo
0x000000003023b000 	/System/Library/Frameworks/OpenGL.framework/Versions/A/OpenGL
0x000000003023b000 	/System/Library/PrivateFrameworks/GraphVisualizer.framework/Versions/A/GraphVisualizer
0x000000003023b000 	/System/Library/Frameworks/MetalPerformanceShaders.framework/Versions/A/MetalPerformanceShaders
0x000000003023b000 	/usr/lib/libFosl_dynamic.dylib
0x000000003023b000 	/System/Library/PrivateFrameworks/FaceCore.framework/Versions/A/FaceCore
0x000000003023b000 	/System/Library/Frameworks/OpenCL.framework/Versions/A/OpenCL
0x000000003023b000 	/System/Library/Frameworks/ApplicationServices.framework/Versions/A/Frameworks/ATS.framework/Versions/A/Resources/libFontParser.dylib
0x000000003023b000 	/System/Library/Frameworks/ApplicationServices.framework/Versions/A/Frameworks/ATS.framework/Versions/A/Resources/libFontRegistry.dylib
0x000000003023b000 	/System/Library/Frameworks/ImageIO.framework/Versions/A/Resources/libJPEG.dylib
0x000000003023b000 	/System/Library/Frameworks/ImageIO.framework/Versions/A/Resources/libTIFF.dylib
0x000000003023b000 	/System/Library/Frameworks/ImageIO.framework/Versions/A/Resources/libPng.dylib
0x000000003023b000 	/System/Library/Frameworks/ImageIO.framework/Versions/A/Resources/libGIF.dylib
0x000000003023b000 	/System/Library/Frameworks/ImageIO.framework/Versions/A/Resources/libJP2.dylib
0x000000003023b000 	/System/Library/Frameworks/ImageIO.framework/Versions/A/Resources/libRadiance.dylib
0x000000003023b000 	/System/Library/PrivateFrameworks/AppleJPEG.framework/Versions/A/AppleJPEG
0x000000003023b000 	/System/Library/PrivateFrameworks/MetalTools.framework/Versions/A/MetalTools
0x000000003023b000 	/System/Library/Frameworks/MetalPerformanceShaders.framework/Frameworks/MPSCore.framework/Versions/A/MPSCore
0x000000003023b000 	/System/Library/Frameworks/MetalPerformanceShaders.framework/Frameworks/MPSImage.framework/Versions/A/MPSImage
0x000000003023b000 	/System/Library/Frameworks/MetalPerformanceShaders.framework/Frameworks/MPSMatrix.framework/Versions/A/MPSMatrix
0x000000003023b000 	/System/Library/Frameworks/MetalPerformanceShaders.framework/Frameworks/MPSNeuralNetwork.framework/Versions/A/MPSNeuralNetwork
0x000000003023b000 	/System/Library/Frameworks/OpenGL.framework/Versions/A/Libraries/libGLU.dylib
0x000000003023b000 	/System/Library/Frameworks/OpenGL.framework/Versions/A/Libraries/libGFXShared.dylib
0x000000003023b000 	/System/Library/Frameworks/OpenGL.framework/Versions/A/Libraries/libGL.dylib
0x000000003023b000 	/System/Library/Frameworks/OpenGL.framework/Versions/A/Libraries/libGLImage.dylib
0x000000003023b000 	/System/Library/Frameworks/OpenGL.framework/Versions/A/Libraries/libCVMSPluginSupport.dylib
0x000000003023b000 	/System/Library/Frameworks/OpenGL.framework/Versions/A/Libraries/libCoreVMClient.dylib
0x000000003023b000 	/usr/lib/libcups.2.dylib
0x000000003023b000 	/System/Library/Frameworks/Kerberos.framework/Versions/A/Kerberos
0x000000003023b000 	/System/Library/Frameworks/GSS.framework/Versions/A/GSS
0x000000003023b000 	/usr/lib/libresolv.9.dylib
0x000000003023b000 	/System/Library/PrivateFrameworks/Heimdal.framework/Versions/A/Heimdal
0x000000003023b000 	/usr/lib/libheimdal-asn1.dylib
0x000000003023b000 	/System/Library/Frameworks/OpenDirectory.framework/Versions/A/OpenDirectory
0x000000003023b000 	/System/Library/PrivateFrameworks/CommonAuth.framework/Versions/A/CommonAuth
0x000000003023b000 	/System/Library/Frameworks/SecurityFoundation.framework/Versions/A/SecurityFoundation
0x000000003023b000 	/System/Library/Frameworks/CoreAudio.framework/Versions/A/CoreAudio
0x000000003023b000 	/System/Library/Frameworks/AudioToolbox.framework/Versions/A/AudioToolbox
0x000000003023b000 	/System/Library/PrivateFrameworks/AppleSauce.framework/Versions/A/AppleSauce
0x0000000101ee2000 	/Applications/Fiji.app/java/macosx/jdk1.8.0_66/jre/Contents/Home//lib/jli/libjli.dylib
0x000000003023b000 	/System/Library/Frameworks/Cocoa.framework/Versions/A/Cocoa
0x000000003023b000 	/System/Library/Frameworks/AppKit.framework/Versions/C/AppKit
0x000000003023b000 	/System/Library/PrivateFrameworks/RemoteViewServices.framework/Versions/A/RemoteViewServices
0x000000003023b000 	/System/Library/PrivateFrameworks/UIFoundation.framework/Versions/A/UIFoundation
0x000000003023b000 	/System/Library/PrivateFrameworks/DFRFoundation.framework/Versions/A/DFRFoundation
0x000000003023b000 	/System/Library/PrivateFrameworks/DesktopServicesPriv.framework/Versions/A/DesktopServicesPriv
0x000000003023b000 	/usr/lib/libScreenReader.dylib
0x000000003023b000 	/System/Library/Frameworks/AudioUnit.framework/Versions/A/AudioUnit
0x000000003023b000 	/System/Library/PrivateFrameworks/DataDetectorsCore.framework/Versions/A/DataDetectorsCore
0x000000003023b000 	/System/Library/Frameworks/Carbon.framework/Versions/A/Frameworks/HIToolbox.framework/Versions/A/HIToolbox
0x000000003023b000 	/System/Library/Frameworks/Carbon.framework/Versions/A/Frameworks/SpeechRecognition.framework/Versions/A/SpeechRecognition
0x000000003023b000 	/System/Library/PrivateFrameworks/CoreUI.framework/Versions/A/CoreUI
0x000000003023b000 	/System/Library/PrivateFrameworks/PerformanceAnalysis.framework/Versions/A/PerformanceAnalysis
0x000000003023b000 	/System/Library/PrivateFrameworks/Backup.framework/Versions/A/Backup
0x000000003023b000 	/System/Library/Frameworks/Carbon.framework/Versions/A/Frameworks/Ink.framework/Versions/A/Ink
0x000000003023b000 	/System/Library/PrivateFrameworks/TextureIO.framework/Versions/A/TextureIO
0x000000003023b000 	/usr/lib/libate.dylib
0x000000003023b000 	/System/Library/PrivateFrameworks/CrashReporterSupport.framework/Versions/A/CrashReporterSupport
0x000000003023b000 	/System/Library/PrivateFrameworks/Sharing.framework/Versions/A/Sharing
0x000000003023b000 	/System/Library/PrivateFrameworks/IconServices.framework/Versions/A/IconServices
0x000000003023b000 	/System/Library/PrivateFrameworks/ProtocolBuffer.framework/Versions/A/ProtocolBuffer
0x000000003023b000 	/System/Library/PrivateFrameworks/Apple80211.framework/Versions/A/Apple80211
0x000000003023b000 	/System/Library/Frameworks/CoreWLAN.framework/Versions/A/CoreWLAN
0x000000003023b000 	/System/Library/PrivateFrameworks/CoreUtils.framework/Versions/A/CoreUtils
0x000000003023b000 	/System/Library/Frameworks/IOBluetooth.framework/Versions/A/IOBluetooth
0x000000003023b000 	/System/Library/PrivateFrameworks/CoreWiFi.framework/Versions/A/CoreWiFi
0x000000003023b000 	/System/Library/Frameworks/CoreBluetooth.framework/Versions/A/CoreBluetooth
0x000000003023b000 	/System/Library/PrivateFrameworks/SignpostNotification.framework/Versions/A/SignpostNotification
0x000000003023b000 	/System/Library/PrivateFrameworks/DebugSymbols.framework/Versions/A/DebugSymbols
0x000000003023b000 	/System/Library/PrivateFrameworks/CoreSymbolication.framework/Versions/A/CoreSymbolication
0x000000003023b000 	/System/Library/PrivateFrameworks/Symbolication.framework/Versions/A/Symbolication
0x000000003023b000 	/System/Library/PrivateFrameworks/AppleFSCompression.framework/Versions/A/AppleFSCompression
0x000000003023b000 	/System/Library/PrivateFrameworks/SpeechRecognitionCore.framework/Versions/A/SpeechRecognitionCore
0x0000000103000000 	/Applications/Fiji.app/java/macosx/jdk1.8.0_66/jre/Contents/Home//lib/server/libjvm.dylib
0x000000003023b000 	/usr/lib/libstdc++.6.0.9.dylib
0x0000000101ef2000 	/Applications/Fiji.app/java/macosx/jdk1.8.0_66/jre/Contents/Home/lib/libverify.dylib
0x0000000101f00000 	/Applications/Fiji.app/java/macosx/jdk1.8.0_66/jre/Contents/Home/lib/libjava.dylib
0x0000000101f7f000 	/Applications/Fiji.app/java/macosx/jdk1.8.0_66/jre/Contents/Home/lib/libzip.dylib
0x000000003023b000 	/System/Library/Frameworks/JavaVM.framework/Versions/A/Frameworks/JavaRuntimeSupport.framework/Versions/A/JavaRuntimeSupport
0x000000003023b000 	/System/Library/Frameworks/JavaVM.framework/Versions/A/Frameworks/JavaNativeFoundation.framework/Versions/A/JavaNativeFoundation
0x000000003023b000 	/System/Library/Frameworks/JavaVM.framework/Versions/A/JavaVM
0x000000003023b000 	/System/Library/Frameworks/Carbon.framework/Versions/A/Carbon
0x000000003023b000 	/System/Library/PrivateFrameworks/JavaLaunching.framework/Versions/A/JavaLaunching
0x000000003023b000 	/System/Library/Frameworks/Carbon.framework/Versions/A/Frameworks/CommonPanels.framework/Versions/A/CommonPanels
0x000000003023b000 	/System/Library/Frameworks/Carbon.framework/Versions/A/Frameworks/Help.framework/Versions/A/Help
0x000000003023b000 	/System/Library/Frameworks/Carbon.framework/Versions/A/Frameworks/ImageCapture.framework/Versions/A/ImageCapture
0x000000003023b000 	/System/Library/Frameworks/Carbon.framework/Versions/A/Frameworks/OpenScripting.framework/Versions/A/OpenScripting
0x000000003023b000 	/System/Library/Frameworks/Carbon.framework/Versions/A/Frameworks/Print.framework/Versions/A/Print
0x000000003023b000 	/System/Library/Frameworks/Carbon.framework/Versions/A/Frameworks/SecurityHI.framework/Versions/A/SecurityHI
0x000000010da67000 	/Applications/Fiji.app/java/macosx/jdk1.8.0_66/jre/Contents/Home/lib/libawt.dylib
0x000000010db0f000 	/Applications/Fiji.app/java/macosx/jdk1.8.0_66/jre/Contents/Home/lib/./libmlib_image.dylib
0x000000010dc11000 	/Applications/Fiji.app/java/macosx/jdk1.8.0_66/jre/Contents/Home/lib/libawt_lwawt.dylib
0x000000010c539000 	/Applications/Fiji.app/java/macosx/jdk1.8.0_66/jre/Contents/Home/lib/./libosxapp.dylib
0x000000003023b000 	/System/Library/Frameworks/ExceptionHandling.framework/Versions/A/ExceptionHandling
0x000000003023b000 	/System/Library/PrivateFrameworks/CoreServicesInternal.framework/Versions/A/CoreServicesInternal
0x000000003023b000 	/System/Library/CoreServices/RawCamera.bundle/Contents/MacOS/RawCamera
0x000000003023b000 	/System/Library/PrivateFrameworks/MobileAsset.framework/Versions/A/MobileAsset
0x000000003023b000 	/System/Library/PrivateFrameworks/StreamingZip.framework/Versions/A/StreamingZip
0x000000003023b000 	/System/Library/Frameworks/MediaToolbox.framework/Versions/A/MediaToolbox
0x000000003023b000 	/System/Library/PrivateFrameworks/CoreAVCHD.framework/Versions/A/CoreAVCHD
0x000000003023b000 	/System/Library/Frameworks/MediaAccessibility.framework/Versions/A/MediaAccessibility
0x000000003023b000 	/System/Library/PrivateFrameworks/Mangrove.framework/Versions/A/Mangrove
0x000000003023b000 	/System/Library/Frameworks/CoreMedia.framework/Versions/A/CoreMedia
0x000000003023b000 	/System/Library/Frameworks/VideoToolbox.framework/Versions/A/VideoToolbox
0x000000003023b000 	/System/Library/PrivateFrameworks/CoreAUC.framework/Versions/A/CoreAUC
0x000000003023b000 	/usr/lib/libspindump.dylib
0x000000003023b000 	/usr/lib/libdscsym.dylib
0x000000003023b000 	/System/Library/PrivateFrameworks/AppleVA.framework/Versions/A/AppleVA
0x000000003023b000 	/System/Library/Frameworks/Accelerate.framework/Versions/A/Frameworks/vImage.framework/Versions/A/Libraries/libCGInterfaces.dylib
0x000000003023b000 	/System/Library/Frameworks/ApplicationServices.framework/Versions/A/Frameworks/ATS.framework/Versions/A/Resources/libTrueTypeScaler.dylib
0x000000003023b000 	/System/Library/Frameworks/OpenGL.framework/Versions/A/Resources/GLEngine.bundle/GLEngine
0x000000003023b000 	/System/Library/Frameworks/OpenGL.framework/Versions/A/Libraries/libGLProgrammability.dylib
0x0000000133956000 	/System/Library/Extensions/AppleIntelKBLGraphicsGLDriver.bundle/Contents/MacOS/AppleIntelKBLGraphicsGLDriver
0x000000003023b000 	/System/Library/PrivateFrameworks/GPUSupport.framework/Versions/A/Libraries/libGPUSupportMercury.dylib
0x000000013497f000 	/System/Library/Extensions/AMDRadeonX4000GLDriver.bundle/Contents/MacOS/AMDRadeonX4000GLDriver
0x000000003023b000 	/System/Library/Extensions/AMDRadeonX4000GLDriver.bundle/Contents/MacOS/ATIRadeonX4000SCLib.dylib
0x000000003023b000 	/System/Library/Frameworks/OpenGL.framework/Versions/A/Resources/GLRendererFloat.bundle/GLRendererFloat
0x000000003023b000 	/System/Library/Frameworks/OpenCL.framework/Versions/A/Libraries/libcldcpuengine.dylib
0x000000003023b000 	/usr/lib/libcrypto.35.dylib
0x000000003023b000 	/System/Library/PrivateFrameworks/TrustEvaluationAgent.framework/Versions/A/TrustEvaluationAgent
0x000000003023b000 	/System/Library/Extensions/AppleIntelKBLGraphicsMTLDriver.bundle/Contents/MacOS/AppleIntelKBLGraphicsMTLDriver
0x0000000134a92000 	/System/Library/Extensions/AMDMTLBronzeDriver.bundle/Contents/MacOS/AMDMTLBronzeDriver
0x000000003023b000 	/System/Library/PrivateFrameworks/IOAccelMemoryInfo.framework/Versions/A/IOAccelMemoryInfo
0x000000003023b000 	/System/Library/PrivateFrameworks/GPUCompiler.framework/Versions/3802/Libraries/libmetal_timestamp.dylib
0x000000010df10000 	/Applications/Fiji.app/java/macosx/jdk1.8.0_66/jre/Contents/Home/lib/libfontmanager.dylib
0x000000003023b000 	/System/Library/PrivateFrameworks/ViewBridge.framework/Versions/A/ViewBridge
0x000000010c878000 	/Applications/Fiji.app/java/macosx/jdk1.8.0_66/jre/Contents/Home/lib/libosxui.dylib
0x000000010c49a000 	/Applications/Fiji.app/java/macosx/jdk1.8.0_66/jre/Contents/Home/lib/libosx.dylib
0x000000010ce14000 	/Applications/Fiji.app/java/macosx/jdk1.8.0_66/jre/Contents/Home/lib/libnet.dylib
0x000000010ce61000 	/Applications/Fiji.app/java/macosx/jdk1.8.0_66/jre/Contents/Home/lib/libnio.dylib
0x0000000135a3d000 	/Applications/Fiji.app/java/macosx/jdk1.8.0_66/jre/Contents/Home/lib/libdcpr.dylib
0x00000001a121d000 	/private/var/folders/04/hxz7dz9d68n1g4g3h7q8d7h00k3qwx/T/jhdf57894873654302811591.so
0x00000001a051a000 	/private/var/folders/04/hxz7dz9d68n1g4g3h7q8d7h00k3qwx/T/javacpp66334879821898/libavutil.54.dylib
0x000000003023b000 	/System/Library/Frameworks/VideoDecodeAcceleration.framework/Versions/A/VideoDecodeAcceleration
0x00000001a0943000 	/private/var/folders/04/hxz7dz9d68n1g4g3h7q8d7h00k3qwx/T/javacpp66334879821898/libjniavutil.dylib
0x0000000135b42000 	/private/var/folders/04/hxz7dz9d68n1g4g3h7q8d7h00k3qwx/T/javacpp66334879821898/libswresample.1.dylib
0x000000010c8e6000 	/private/var/folders/04/hxz7dz9d68n1g4g3h7q8d7h00k3qwx/T/javacpp66334879821898/libjniswresample.dylib
0x00000001a3f03000 	/private/var/folders/04/hxz7dz9d68n1g4g3h7q8d7h00k3qwx/T/javacpp66334879821898/libavcodec.56.dylib
0x00000001a0d94000 	/private/var/folders/04/hxz7dz9d68n1g4g3h7q8d7h00k3qwx/T/javacpp66334879821898/libjniavcodec.dylib
0x00000001a52a4000 	/private/var/folders/04/hxz7dz9d68n1g4g3h7q8d7h00k3qwx/T/javacpp66334879821898/libavformat.56.dylib
0x00000001a067b000 	/private/var/folders/04/hxz7dz9d68n1g4g3h7q8d7h00k3qwx/T/javacpp66334879821898/libjniavformat.dylib
0x000000019feb5000 	/private/var/folders/04/hxz7dz9d68n1g4g3h7q8d7h00k3qwx/T/javacpp66334879821898/libpostproc.53.dylib
0x000000010dde3000 	/private/var/folders/04/hxz7dz9d68n1g4g3h7q8d7h00k3qwx/T/javacpp66334879821898/libjnipostproc.dylib
0x00000001a0aae000 	/private/var/folders/04/hxz7dz9d68n1g4g3h7q8d7h00k3qwx/T/javacpp66334879821898/libswscale.3.dylib
0x0000000135ad3000 	/private/var/folders/04/hxz7dz9d68n1g4g3h7q8d7h00k3qwx/T/javacpp66334879821898/libjniswscale.dylib
0x00000001a181d000 	/private/var/folders/04/hxz7dz9d68n1g4g3h7q8d7h00k3qwx/T/javacpp66334879821898/libavfilter.5.dylib
0x00000001a0e60000 	/private/var/folders/04/hxz7dz9d68n1g4g3h7q8d7h00k3qwx/T/javacpp66334879821898/libjniavfilter.dylib
0x000000010de72000 	/private/var/folders/04/hxz7dz9d68n1g4g3h7q8d7h00k3qwx/T/javacpp66334879821898/libavdevice.56.dylib
0x0000000134eab000 	/private/var/folders/04/hxz7dz9d68n1g4g3h7q8d7h00k3qwx/T/javacpp66334879821898/libjniavdevice.dylib
0x000000003023b000 	/System/Library/PrivateFrameworks/Shortcut.framework/Versions/A/Shortcut
0x000000003023b000 	/System/Library/PrivateFrameworks/HelpData.framework/Versions/A/HelpData
0x00000001a2a67000 	/private/var/folders/04/hxz7dz9d68n1g4g3h7q8d7h00k3qwx/T/libturbojpeg4626689436749143782.dylib

VM Arguments:
jvm_args: -Dpython.cachedir.skip=true -Dplugins.dir=/Applications/Fiji.app -Xmx10352m 
java_command: <unknown>
java_class_path (initial): /Applications/Fiji.app/jars/imagej-launcher-4.0.5.jar
Launcher Type: generic

Environment Variables:
JAVA_HOME=/Applications/Fiji.app/java/macosx/jdk1.8.0_66/jre/Contents/Home/
PATH=/usr/bin:/bin:/usr/sbin:/sbin
SHELL=/bin/bash
DYLD_LIBRARY_PATH=/Applications/Fiji.app/lib/macosx:/Applications/Fiji.app/mm/macosx

Signal Handlers:
SIGSEGV: [libjvm.dylib+0x5a65d5], sa_mask[0]=11111111011111110111111111111111, sa_flags=SA_ONSTACK|SA_RESTART|SA_SIGINFO
SIGBUS: [libjvm.dylib+0x5a65d5], sa_mask[0]=11111111011111110111111111111111, sa_flags=SA_RESTART|SA_SIGINFO
SIGFPE: [libjvm.dylib+0x4802e8], sa_mask[0]=11111111011111110111111111111111, sa_flags=SA_RESTART|SA_SIGINFO
SIGPIPE: [libjvm.dylib+0x4802e8], sa_mask[0]=11111111011111110111111111111111, sa_flags=SA_RESTART|SA_SIGINFO
SIGXFSZ: [libjvm.dylib+0x4802e8], sa_mask[0]=11111111011111110111111111111111, sa_flags=SA_RESTART|SA_SIGINFO
SIGILL: [libjvm.dylib+0x4802e8], sa_mask[0]=11111111011111110111111111111111, sa_flags=SA_RESTART|SA_SIGINFO
SIGUSR1: SIG_DFL, sa_mask[0]=00000000000000000000000000000000, sa_flags=none
SIGUSR2: [libjvm.dylib+0x47fe06], sa_mask[0]=00000000000000000000000000000000, sa_flags=SA_RESTART|SA_SIGINFO
SIGHUP: [libjvm.dylib+0x47e3dd], sa_mask[0]=11111111011111110111111111111111, sa_flags=SA_RESTART|SA_SIGINFO
SIGINT: [libjvm.dylib+0x47e3dd], sa_mask[0]=11111111011111110111111111111111, sa_flags=SA_RESTART|SA_SIGINFO
SIGTERM: [libjvm.dylib+0x47e3dd], sa_mask[0]=11111111011111110111111111111111, sa_flags=SA_RESTART|SA_SIGINFO
SIGQUIT: [libjvm.dylib+0x47e3dd], sa_mask[0]=11111111011111110111111111111111, sa_flags=SA_RESTART|SA_SIGINFO


---------------  S Y S T E M  ---------------

OS:Bsduname:Darwin 17.4.0 Darwin Kernel Version 17.4.0: Sun Dec 17 09:19:54 PST 2017; root:xnu-4570.41.2~1/RELEASE_X86_64 x86_64
rlimit: STACK 8192k, CORE 0k, NPROC 1418, NOFILE 10240, AS infinity
load average:1.55 1.54 1.57

CPU:total 8 (4 cores per cpu, 2 threads per core) family 6 model 158 stepping 9, cmov, cx8, fxsr, mmx, sse, sse2, sse3, ssse3, sse4.1, sse4.2, popcnt, avx, avx2, aes, clmul, erms, rtm, 3dnowpref, lzcnt, ht, tsc, tscinvbit, bmi1, bmi2, adx

Memory: 4k page, physical 16777216k(183508k free)

/proc/meminfo:


vm_info: Java HotSpot(TM) 64-Bit Server VM (25.66-b17) for bsd-amd64 JRE (1.8.0_66-b17), built on Oct  6 2015 16:09:13 by "java_re" with gcc 4.2.1 (Based on Apple Inc. build 5658) (LLVM build 2336.11.00)

time: Thu Dec 13 11:43:37 2018
elapsed time: 3422 seconds (0d 0h 57m 2s)

