#
# A fatal error has been detected by the Java Runtime Environment:
#
#  SIGSEGV (0xb) at pc=0x000000013ad05e43, pid=1388, tid=82695
#
# JRE version: Java(TM) SE Runtime Environment (8.0_66-b17) (build 1.8.0_66-b17)
# Java VM: Java HotSpot(TM) 64-Bit Server VM (25.66-b17 mixed mode bsd-amd64 compressed oops)
# Problematic frame:
# C  [libawt_lwawt.dylib+0x1ae43]  OGLSD_SetScratchSurface+0x49
#
# Failed to write core dump. Core dumps have been disabled. To enable core dumping, try "ulimit -c unlimited" before starting Java again
#
# If you would like to submit a bug report, please visit:
#   http://bugreport.java.com/bugreport/crash.jsp
# The crash happened outside the Java Virtual Machine in native code.
# See problematic frame for where to report the bug.
#

---------------  T H R E A D  ---------------

Current thread (0x00007fce379d0000):  JavaThread "Java2D Queue Flusher" daemon [_thread_in_native, id=82695, stack(0x00007000109c4000,0x0000700010ac4000)]

siginfo: si_signo: 11 (SIGSEGV), si_code: 1 (SEGV_MAPERR), si_addr: 0x0000000000000002

Registers:
RAX=0x00000000ffffffff, RBX=0x0000000000000002, RCX=0x0000000000000047, RDX=0x000000013ad268ec
RSP=0x0000700010ac3720, RBP=0x0000700010ac3740, RSI=0x00007fce422a9f40, RDI=0x00007fce379d01f8
R8 =0x0000000000002058, R9 =0xffffffff00000000, R10=0x0000000115b6b478, R11=0x000000011591b0c0
R12=0x0000000000000000, R13=0x0000700010ac38e0, R14=0x00007fce379d01f8, R15=0x00007fce379d0000
RIP=0x000000013ad05e43, EFLAGS=0x0000000000010202, ERR=0x0000000000000004
  TRAPNO=0x000000000000000e

Top of Stack: (sp=0x0000700010ac3720)
0x0000700010ac3720:   00007fce422a9f40 0000000000000000
0x0000700010ac3730:   00007fce37e8da10 00007fce379d0000
0x0000700010ac3740:   0000700010ac37c0 000000013ad263ca
0x0000700010ac3750:   00007fce374b7200 0000000200000001
0x0000700010ac3760:   0000000000000000 0000700010ac3800
0x0000700010ac3770:   0000000000000000 0000000000000000
0x0000700010ac3780:   0000700010ac37c0 00007fce37e8da20
0x0000700010ac3790:   000000010055b55e 00007fce379d01f8
0x0000700010ac37a0:   000000016e4780a8 0000000000000000
0x0000700010ac37b0:   0000700010ac3960 00007fce379d0000
0x0000700010ac37c0:   0000700010ac3810 0000000115b6b4ea
0x0000700010ac37d0:   0000000539583b30 000000010d52e670
0x0000700010ac37e0:   0000000000000064 0000000000000000
0x0000700010ac37f0:   0000000000000064 00007fce374b6868
0x0000700010ac3800:   0000700010ac3860 000000010d34bc08
0x0000700010ac3810:   0000700010ac3938 0000000115bcbf7c
0x0000700010ac3820:   0000000000000001 00007fce374b7910
0x0000700010ac3830:   0000000539583800 00007fce379d0000
0x0000700010ac3840:   00007fce379d0000 00000001119fda00
0x0000700010ac3850:   0000700010ac3960 00007fce379d0000
0x0000700010ac3860:   0000700010ac38b0 000000011562d3a8
0x0000700010ac3870:   0000000539583b30 0000000115ad69a6
0x0000700010ac3880:   0000700010ac3938 000000011591b11c
0x0000700010ac3890:   0000700010ac3890 000000016e4d066f
0x0000700010ac38a0:   0000700010ac38e0 000000016e4d06f0
0x0000700010ac38b0:   0000700010ac3938 0000000114e7fc4d
0x0000700010ac38c0:   0000700010ac3938 0000000114e7fc4d
0x0000700010ac38d0:   0000000000000064 0000000114e7fc4d
0x0000700010ac38e0:   0000000539583b30 0000000000000001
0x0000700010ac38f0:   00000005395838d0 0000700010ac38e8
0x0000700010ac3900:   000000013bcaa741 0000700010ac3960
0x0000700010ac3910:   000000013bcab298 000000016e50bd78 

Instructions: (pc=0x000000013ad05e43)
0x000000013ad05e23:   c0 e9 82 00 00 00 48 8b 5e 10 48 85 db 75 0e bf
0x000000013ad05e33:   01 00 00 00 48 8d 15 fd 75 03 00 eb d6 49 89 fe
0x000000013ad05e43:   4c 8b 3b 30 c0 e8 c5 a2 02 00 49 8b 3f 49 89 c4
0x000000013ad05e53:   48 8b 35 a6 f7 05 00 30 c0 e8 cb a3 02 00 48 85 

Register to memory mapping:

RAX=0x00000000ffffffff is an unknown value
RBX=0x0000000000000002 is an unknown value
RCX=0x0000000000000047 is an unknown value
RDX=0x000000013ad268ec: Java_sun_java2d_opengl_OGLRenderQueue_flushBuffer+0xb5c in /Applications/Fiji.app/java/macosx/jdk1.8.0_66/jre/Contents/Home/lib/libawt_lwawt.dylib at 0x000000013aceb000
RSP=0x0000700010ac3720 is pointing into the stack for thread: 0x00007fce379d0000
RBP=0x0000700010ac3740 is pointing into the stack for thread: 0x00007fce379d0000
RSI=0x00007fce422a9f40 is an unknown value
RDI=0x00007fce379d01f8 is an unknown value
R8 =0x0000000000002058 is an unknown value
R9 =0xffffffff00000000 is an unknown value
R10=0x0000000115b6b478 is at entry_point+56 in (nmethod*)0x0000000115b6b2d0
R11=0x000000011591b0c0 is at entry_point+0 in (nmethod*)0x000000011591af50
R12=0x0000000000000000 is an unknown value
R13=0x0000700010ac38e0 is pointing into the stack for thread: 0x00007fce379d0000
R14=0x00007fce379d01f8 is an unknown value
R15=0x00007fce379d0000 is a thread


Stack: [0x00007000109c4000,0x0000700010ac4000],  sp=0x0000700010ac3720,  free space=1021k
Native frames: (J=compiled Java code, j=interpreted, Vv=VM code, C=native code)
C  [libawt_lwawt.dylib+0x1ae43]  OGLSD_SetScratchSurface+0x49
C  [libawt_lwawt.dylib+0x3b3ca]  Java_sun_java2d_opengl_OGLRenderQueue_flushBuffer+0x63a
J 5250  sun.java2d.opengl.OGLRenderQueue.flushBuffer(JI)V (0 bytes) @ 0x0000000115b6b4ea [0x0000000115b6b440+0xaa]
J 5371 C1 sun.java2d.opengl.OGLRenderQueue.flushBuffer()V (41 bytes) @ 0x0000000115bcbf7c [0x0000000115bcbd20+0x25c]
J 5941 C1 sun.java2d.opengl.OGLRenderQueue.access$100(Lsun/java2d/opengl/OGLRenderQueue;)V (5 bytes) @ 0x000000011591b11c [0x000000011591b0c0+0x5c]
j  sun.java2d.opengl.OGLRenderQueue$QueueFlusher.run()V+81
v  ~StubRoutines::call_stub
V  [libjvm.dylib+0x2ea35e]  JavaCalls::call_helper(JavaValue*, methodHandle*, JavaCallArguments*, Thread*)+0x6ae
V  [libjvm.dylib+0x2eaaec]  JavaCalls::call_virtual(JavaValue*, KlassHandle, Symbol*, Symbol*, JavaCallArguments*, Thread*)+0x164
V  [libjvm.dylib+0x2eac98]  JavaCalls::call_virtual(JavaValue*, Handle, KlassHandle, Symbol*, Symbol*, Thread*)+0x4a
V  [libjvm.dylib+0x345215]  thread_entry(JavaThread*, Thread*)+0x7c
V  [libjvm.dylib+0x560b83]  JavaThread::thread_main_inner()+0x9b
V  [libjvm.dylib+0x56227e]  JavaThread::run()+0x1c2
V  [libjvm.dylib+0x482cd6]  java_start(Thread*)+0xf6
C  [libsystem_pthread.dylib+0x36c1]  _pthread_body+0x154
C  [libsystem_pthread.dylib+0x356d]  _pthread_body+0x0
C  [libsystem_pthread.dylib+0x2c5d]  thread_start+0xd
C  0x0000000000000000

Java frames: (J=compiled Java code, j=interpreted, Vv=VM code)
J 5250  sun.java2d.opengl.OGLRenderQueue.flushBuffer(JI)V (0 bytes) @ 0x0000000115b6b478 [0x0000000115b6b440+0x38]
J 5371 C1 sun.java2d.opengl.OGLRenderQueue.flushBuffer()V (41 bytes) @ 0x0000000115bcbf7c [0x0000000115bcbd20+0x25c]
J 5941 C1 sun.java2d.opengl.OGLRenderQueue.access$100(Lsun/java2d/opengl/OGLRenderQueue;)V (5 bytes) @ 0x000000011591b11c [0x000000011591b0c0+0x5c]
j  sun.java2d.opengl.OGLRenderQueue$QueueFlusher.run()V+81
v  ~StubRoutines::call_stub

---------------  P R O C E S S  ---------------

Java Threads: ( => current thread )
  0x00007fce391e4800 JavaThread "DrawAndDrop" [_thread_in_native, id=68659, stack(0x0000700010ac7000,0x0000700010bc7000)]
  0x00007fce3d9b5000 JavaThread "TimerQueue" daemon [_thread_blocked, id=73995, stack(0x0000700011468000,0x0000700011568000)]
  0x00007fce3b8c5000 JavaThread "DestroyJavaVM" [_thread_blocked, id=4103, stack(0x000070000f2f6000,0x000070000f376000)]
  0x00007fce3f03d800 JavaThread "AWT-EventQueue-0" [_thread_blocked, id=25635, stack(0x0000700010d53000,0x0000700010e53000)]
  0x00007fce3acef800 JavaThread "AWT-Shutdown" [_thread_blocked, id=79503, stack(0x00007000107bb000,0x00007000108bb000)]
  0x00007fce37968800 JavaThread "Timer-0" daemon [_thread_blocked, id=52227, stack(0x0000700010f59000,0x0000700011059000)]
  0x00007fce3aa38800 JavaThread "Java2D Disposer" daemon [_thread_blocked, id=80135, stack(0x0000700010c50000,0x0000700010d50000)]
=>0x00007fce379d0000 JavaThread "Java2D Queue Flusher" daemon [_thread_in_native, id=82695, stack(0x00007000109c4000,0x0000700010ac4000)]
  0x00007fce3b4e0800 JavaThread "AppKit Thread" daemon [_thread_blocked, id=775, stack(0x00007ffee3562000,0x00007ffee3d62000)]
  0x00007fce3782b000 JavaThread "Service Thread" daemon [_thread_blocked, id=16643, stack(0x0000700010532000,0x0000700010632000)]
  0x00007fce39834800 JavaThread "C1 CompilerThread3" daemon [_thread_blocked, id=18179, stack(0x000070001042f000,0x000070001052f000)]
  0x00007fce39834000 JavaThread "C2 CompilerThread2" daemon [_thread_blocked, id=16131, stack(0x000070001032c000,0x000070001042c000)]
  0x00007fce3a80c800 JavaThread "C2 CompilerThread1" daemon [_thread_blocked, id=15619, stack(0x0000700010229000,0x0000700010329000)]
  0x00007fce39803000 JavaThread "C2 CompilerThread0" daemon [_thread_blocked, id=15107, stack(0x0000700010126000,0x0000700010226000)]
  0x00007fce3b037800 JavaThread "Signal Dispatcher" daemon [_thread_blocked, id=14603, stack(0x0000700010023000,0x0000700010123000)]
  0x00007fce3a81d800 JavaThread "Finalizer" daemon [_thread_blocked, id=12291, stack(0x000070000fe9d000,0x000070000ff9d000)]
  0x00007fce3a81d000 JavaThread "Reference Handler" daemon [_thread_blocked, id=12035, stack(0x000070000fd9a000,0x000070000fe9a000)]

Other Threads:
  0x00007fce3a81c800 VMThread [stack: 0x000070000fc97000,0x000070000fd97000] [id=20483]
  0x00007fce3a80d800 WatcherThread [stack: 0x0000700010635000,0x0000700010735000] [id=17667]

VM state:not at safepoint (normal execution)

VM Mutex/Monitor currently owned by a thread: None

Heap:
 PSYoungGen      total 199168K, used 40854K [0x00000006e8580000, 0x00000006f9f80000, 0x00000007c0000000)
  eden space 172032K, 7% used [0x00000006e8580000,0x00000006e92ea378,0x00000006f2d80000)
  from space 27136K, 99% used [0x00000006f4300000,0x00000006f5d7b610,0x00000006f5d80000)
  to   space 58368K, 0% used [0x00000006f6680000,0x00000006f6680000,0x00000006f9f80000)
 ParOldGen       total 148480K, used 94915K [0x0000000539000000, 0x0000000542100000, 0x00000006e8580000)
  object space 148480K, 63% used [0x0000000539000000,0x000000053ecb0ce8,0x0000000542100000)
 Metaspace       used 54178K, capacity 55311K, committed 55592K, reserved 1095680K
  class space    used 8252K, capacity 8671K, committed 8752K, reserved 1048576K

Card table byte_map: [0x000000010e346000,0x000000010f77f000] byte_map_base: 0x000000010b97e000

Marking Bits: (ParMarkBitMap*) 0x000000010d8dde20
 Begin Bits: [0x0000000123e78000, 0x000000012e038000)
 End Bits:   [0x000000012e038000, 0x00000001381f8000)

Polling page: 0x000000010bf33000

CodeCache: size=245760Kb used=16962Kb max_used=16974Kb free=228797Kb
 bounds [0x0000000114e78000, 0x0000000115f28000, 0x0000000123e78000]
 total_blobs=6069 nmethods=5359 adapters=621
 compilation: enabled

Compilation events (10 events):
Event: 119083.326 Thread 0x00007fce39834800 nmethod 6510 0x0000000115f17e50 code [0x0000000115f17fc0, 0x0000000115f181b0]
Event: 119083.326 Thread 0x00007fce39834800 6511       1       net.miginfocom.layout.LC::isFillX (5 bytes)
Event: 119083.328 Thread 0x00007fce39834800 nmethod 6511 0x0000000115f18250 code [0x0000000115f183a0, 0x0000000115f184b0]
Event: 119083.328 Thread 0x00007fce39834800 6512       1       net.miginfocom.layout.LC::isFillY (5 bytes)
Event: 119083.328 Thread 0x00007fce39834800 nmethod 6512 0x0000000115f18510 code [0x0000000115f18660, 0x0000000115f18770]
Event: 119083.328 Thread 0x00007fce39834800 6513       1       net.miginfocom.layout.LC::getGridGapX (5 bytes)
Event: 119083.328 Thread 0x00007fce39834800 nmethod 6513 0x0000000115f187d0 code [0x0000000115f18920, 0x0000000115f18a30]
Event: 119083.328 Thread 0x00007fce39834800 6514       1       net.miginfocom.layout.LC::getGridGapY (5 bytes)
Event: 119083.328 Thread 0x00007fce39834800 nmethod 6514 0x0000000115f18a90 code [0x0000000115f18be0, 0x0000000115f18cf0]
Event: 119083.330 Thread 0x00007fce39834800 6515       3       net.miginfocom.layout.Grid::divideIntoLinkedGroups (688 bytes)

GC Heap History (10 events):
Event: 14.032 GC heap before
{Heap before GC invocations=9 (full 2):
 PSYoungGen      total 156160K, used 11473K [0x00000006e8580000, 0x00000006f9a80000, 0x00000007c0000000)
  eden space 127488K, 0% used [0x00000006e8580000,0x00000006e8580000,0x00000006f0200000)
  from space 28672K, 40% used [0x00000006f0200000,0x00000006f0d34790,0x00000006f1e00000)
  to   space 28160K, 0% used [0x00000006f7f00000,0x00000006f7f00000,0x00000006f9a80000)
 ParOldGen       total 101376K, used 9810K [0x0000000539000000, 0x000000053f300000, 0x00000006e8580000)
  object space 101376K, 9% used [0x0000000539000000,0x0000000539994860,0x000000053f300000)
 Metaspace       used 34381K, capacity 35322K, committed 35496K, reserved 1079296K
  class space    used 5335K, capacity 5753K, committed 5808K, reserved 1048576K
Event: 14.080 GC heap after
Heap after GC invocations=9 (full 2):
 PSYoungGen      total 156160K, used 0K [0x00000006e8580000, 0x00000006f9a80000, 0x00000007c0000000)
  eden space 127488K, 0% used [0x00000006e8580000,0x00000006e8580000,0x00000006f0200000)
  from space 28672K, 0% used [0x00000006f0200000,0x00000006f0200000,0x00000006f1e00000)
  to   space 28160K, 0% used [0x00000006f7f00000,0x00000006f7f00000,0x00000006f9a80000)
 ParOldGen       total 148480K, used 19245K [0x0000000539000000, 0x0000000542100000, 0x00000006e8580000)
  object space 148480K, 12% used [0x0000000539000000,0x000000053a2cb4d0,0x0000000542100000)
 Metaspace       used 34334K, capacity 35228K, committed 35496K, reserved 1079296K
  class space    used 5331K, capacity 5747K, committed 5808K, reserved 1048576K
}
Event: 16.144 GC heap before
{Heap before GC invocations=10 (full 2):
 PSYoungGen      total 156160K, used 127477K [0x00000006e8580000, 0x00000006f9a80000, 0x00000007c0000000)
  eden space 127488K, 99% used [0x00000006e8580000,0x00000006f01fd730,0x00000006f0200000)
  from space 28672K, 0% used [0x00000006f0200000,0x00000006f0200000,0x00000006f1e00000)
  to   space 28160K, 0% used [0x00000006f7f00000,0x00000006f7f00000,0x00000006f9a80000)
 ParOldGen       total 148480K, used 19245K [0x0000000539000000, 0x0000000542100000, 0x00000006e8580000)
  object space 148480K, 12% used [0x0000000539000000,0x000000053a2cb4d0,0x0000000542100000)
 Metaspace       used 45769K, capacity 46840K, committed 47144K, reserved 1089536K
  class space    used 7048K, capacity 7457K, committed 7472K, reserved 1048576K
Event: 16.154 GC heap after
Heap after GC invocations=10 (full 2):
 PSYoungGen      total 199680K, used 11447K [0x00000006e8580000, 0x00000006f8a80000, 0x00000007c0000000)
  eden space 187904K, 0% used [0x00000006e8580000,0x00000006e8580000,0x00000006f3d00000)
  from space 11776K, 97% used [0x00000006f7f00000,0x00000006f8a2dde8,0x00000006f8a80000)
  to   space 27648K, 0% used [0x00000006f5480000,0x00000006f5480000,0x00000006f6f80000)
 ParOldGen       total 148480K, used 19317K [0x0000000539000000, 0x0000000542100000, 0x00000006e8580000)
  object space 148480K, 13% used [0x0000000539000000,0x000000053a2dd4e0,0x0000000542100000)
 Metaspace       used 45769K, capacity 46840K, committed 47144K, reserved 1089536K
  class space    used 7048K, capacity 7457K, committed 7472K, reserved 1048576K
}
Event: 17610.105 GC heap before
{Heap before GC invocations=11 (full 2):
 PSYoungGen      total 199680K, used 199351K [0x00000006e8580000, 0x00000006f8a80000, 0x00000007c0000000)
  eden space 187904K, 100% used [0x00000006e8580000,0x00000006f3d00000,0x00000006f3d00000)
  from space 11776K, 97% used [0x00000006f7f00000,0x00000006f8a2dde8,0x00000006f8a80000)
  to   space 27648K, 0% used [0x00000006f5480000,0x00000006f5480000,0x00000006f6f80000)
 ParOldGen       total 148480K, used 19317K [0x0000000539000000, 0x0000000542100000, 0x00000006e8580000)
  object space 148480K, 13% used [0x0000000539000000,0x000000053a2dd4e0,0x0000000542100000)
 Metaspace       used 53197K, capacity 54363K, committed 54824K, reserved 1095680K
  class space    used 8188K, capacity 8635K, committed 8752K, reserved 1048576K
Event: 17610.117 GC heap after
Heap after GC invocations=11 (full 2):
 PSYoungGen      total 202752K, used 20148K [0x00000006e8580000, 0x00000006f7f80000, 0x00000007c0000000)
  eden space 182272K, 0% used [0x00000006e8580000,0x00000006e8580000,0x00000006f3780000)
  from space 20480K, 98% used [0x00000006f5480000,0x00000006f682d070,0x00000006f6880000)
  to   space 23552K, 0% used [0x00000006f6880000,0x00000006f6880000,0x00000006f7f80000)
 ParOldGen       total 148480K, used 19325K [0x0000000539000000, 0x0000000542100000, 0x00000006e8580000)
  object space 148480K, 13% used [0x0000000539000000,0x000000053a2df4e0,0x0000000542100000)
 Metaspace       used 53197K, capacity 54363K, committed 54824K, reserved 1095680K
  class space    used 8188K, capacity 8635K, committed 8752K, reserved 1048576K
}
Event: 21402.489 GC heap before
{Heap before GC invocations=12 (full 2):
 PSYoungGen      total 202752K, used 202420K [0x00000006e8580000, 0x00000006f7f80000, 0x00000007c0000000)
  eden space 182272K, 100% used [0x00000006e8580000,0x00000006f3780000,0x00000006f3780000)
  from space 20480K, 98% used [0x00000006f5480000,0x00000006f682d070,0x00000006f6880000)
  to   space 23552K, 0% used [0x00000006f6880000,0x00000006f6880000,0x00000006f7f80000)
 ParOldGen       total 148480K, used 19325K [0x0000000539000000, 0x0000000542100000, 0x00000006e8580000)
  object space 148480K, 13% used [0x0000000539000000,0x000000053a2df4e0,0x0000000542100000)
 Metaspace       used 53200K, capacity 54363K, committed 54824K, reserved 1095680K
  class space    used 8189K, capacity 8635K, committed 8752K, reserved 1048576K
Event: 21402.499 GC heap after
Heap after GC invocations=12 (full 2):
 PSYoungGen      total 193024K, used 15654K [0x00000006e8580000, 0x00000006f7800000, 0x00000007c0000000)
  eden space 177152K, 0% used [0x00000006e8580000,0x00000006e8580000,0x00000006f3280000)
  from space 15872K, 98% used [0x00000006f6880000,0x00000006f77c9a78,0x00000006f7800000)
  to   space 27136K, 0% used [0x00000006f4300000,0x00000006f4300000,0x00000006f5d80000)
 ParOldGen       total 148480K, used 19333K [0x0000000539000000, 0x0000000542100000, 0x00000006e8580000)
  object space 148480K, 13% used [0x0000000539000000,0x000000053a2e14e0,0x0000000542100000)
 Metaspace       used 53200K, capacity 54363K, committed 54824K, reserved 1095680K
  class space    used 8189K, capacity 8635K, committed 8752K, reserved 1048576K
}
Event: 119083.221 GC heap before
{Heap before GC invocations=13 (full 2):
 PSYoungGen      total 193024K, used 192265K [0x00000006e8580000, 0x00000006f7800000, 0x00000007c0000000)
  eden space 177152K, 99% used [0x00000006e8580000,0x00000006f31f8a70,0x00000006f3280000)
  from space 15872K, 98% used [0x00000006f6880000,0x00000006f77c9a78,0x00000006f7800000)
  to   space 27136K, 0% used [0x00000006f4300000,0x00000006f4300000,0x00000006f5d80000)
 ParOldGen       total 148480K, used 19333K [0x0000000539000000, 0x0000000542100000, 0x00000006e8580000)
  object space 148480K, 13% used [0x0000000539000000,0x000000053a2e14e0,0x0000000542100000)
 Metaspace       used 54171K, capacity 55311K, committed 55592K, reserved 1095680K
  class space    used 8252K, capacity 8671K, committed 8752K, reserved 1048576K
Event: 119083.326 GC heap after
Heap after GC invocations=13 (full 2):
 PSYoungGen      total 199168K, used 27117K [0x00000006e8580000, 0x00000006f9f80000, 0x00000007c0000000)
  eden space 172032K, 0% used [0x00000006e8580000,0x00000006e8580000,0x00000006f2d80000)
  from space 27136K, 99% used [0x00000006f4300000,0x00000006f5d7b610,0x00000006f5d80000)
  to   space 58368K, 0% used [0x00000006f6680000,0x00000006f6680000,0x00000006f9f80000)
 ParOldGen       total 148480K, used 94915K [0x0000000539000000, 0x0000000542100000, 0x00000006e8580000)
  object space 148480K, 63% used [0x0000000539000000,0x000000053ecb0ce8,0x0000000542100000)
 Metaspace       used 54171K, capacity 55311K, committed 55592K, reserved 1095680K
  class space    used 8252K, capacity 8671K, committed 8752K, reserved 1048576K
}

Deoptimization events (10 events):
Event: 97471.954 Thread 0x00007fce3b4e0800 Uncommon trap: reason=unstable_if action=reinterpret pc=0x0000000115d7e0cc method=java.awt.Insets.equals(Ljava/lang/Object;)Z @ 20
Event: 119082.858 Thread 0x00007fce391e4800 Uncommon trap: reason=unstable_if action=reinterpret pc=0x0000000115a6b470 method=java.net.URLClassLoader.defineClass(Ljava/lang/String;Lsun/misc/Resource;)Ljava/lang/Class; @ 21
Event: 119082.889 Thread 0x00007fce391e4800 Uncommon trap: reason=bimorphic action=maybe_recompile pc=0x0000000115a9d350 method=java.util.regex.Pattern$BmpCharProperty.match(Ljava/util/regex/Matcher;ILjava/lang/CharSequence;)Z @ 16
Event: 119082.889 Thread 0x00007fce391e4800 Uncommon trap: reason=bimorphic action=maybe_recompile pc=0x0000000115a9d350 method=java.util.regex.Pattern$BmpCharProperty.match(Ljava/util/regex/Matcher;ILjava/lang/CharSequence;)Z @ 16
Event: 119082.889 Thread 0x00007fce391e4800 Uncommon trap: reason=bimorphic action=maybe_recompile pc=0x0000000115a9d350 method=java.util.regex.Pattern$BmpCharProperty.match(Ljava/util/regex/Matcher;ILjava/lang/CharSequence;)Z @ 16
Event: 119082.889 Thread 0x00007fce391e4800 Uncommon trap: reason=bimorphic action=maybe_recompile pc=0x0000000115a9d350 method=java.util.regex.Pattern$BmpCharProperty.match(Ljava/util/regex/Matcher;ILjava/lang/CharSequence;)Z @ 16
Event: 119082.911 Thread 0x00007fce3f03d800 Uncommon trap: reason=unstable_if action=reinterpret pc=0x0000000115e2f054 method=sun.java2d.pipe.PixelToParallelogramConverter.fillRect(Lsun/java2d/SunGraphics2D;IIII)V @ 2
Event: 119083.328 Thread 0x00007fce379d0000 Uncommon trap: reason=bimorphic action=maybe_recompile pc=0x0000000115b16ad0 method=sun.java2d.opengl.OGLRenderQueue$QueueFlusher.run()V @ 95
Event: 119083.328 Thread 0x00007fce3a81d800 Uncommon trap: reason=unstable_if action=reinterpret pc=0x0000000115cb18d0 method=java.util.concurrent.locks.AbstractQueuedSynchronizer.acquireQueued(Ljava/util/concurrent/locks/AbstractQueuedSynchronizer$Node;I)Z @ 17
Event: 119083.329 Thread 0x00007fce3aa38800 Uncommon trap: reason=unstable_if action=reinterpret pc=0x0000000115d84018 method=sun.java2d.Disposer.clearDeferredRecords()V @ 3

Internal exceptions (10 events):
Event: 17.097 Thread 0x00007fce3819c800 Exception <a 'java/security/PrivilegedActionException'> (0x00000006eb7d5370) thrown at [/HUDSON3/workspace/8-2-build-macosx-x86_64/jdk8u66/4988/hotspot/src/share/vm/prims/jvm.cpp, line 1386]
Event: 17.097 Thread 0x00007fce3819c800 Exception <a 'java/security/PrivilegedActionException'> (0x00000006eb7d5768) thrown at [/HUDSON3/workspace/8-2-build-macosx-x86_64/jdk8u66/4988/hotspot/src/share/vm/prims/jvm.cpp, line 1386]
Event: 17610.126 Thread 0x00007fce3a81d800 Exception <a 'java/lang/NullPointerException'> (0x00000006e86adb78) thrown at [/HUDSON3/workspace/8-2-build-macosx-x86_64/jdk8u66/4988/hotspot/src/share/vm/interpreter/linkResolver.cpp, line 1178]
Event: 17610.127 Thread 0x00007fce3a81d800 Exception <a 'java/lang/NullPointerException'> (0x00000006e86ade08) thrown at [/HUDSON3/workspace/8-2-build-macosx-x86_64/jdk8u66/4988/hotspot/src/share/vm/interpreter/linkResolver.cpp, line 1178]
Event: 17610.127 Thread 0x00007fce3a81d800 Exception <a 'java/lang/NullPointerException'> (0x00000006e86ae010) thrown at [/HUDSON3/workspace/8-2-build-macosx-x86_64/jdk8u66/4988/hotspot/src/share/vm/interpreter/linkResolver.cpp, line 1178]
Event: 23083.995 Thread 0x00007fce3f03d800 Implicit null exception at 0x000000011527b881 to 0x000000011527bd35
Event: 23085.017 Thread 0x00007fce3f03d800 Implicit null exception at 0x000000011586b9c5 to 0x000000011586bf61
Event: 23085.062 Thread 0x00007fce3f03d800 Implicit null exception at 0x0000000115ad6f13 to 0x0000000115ad6f61
Event: 23085.145 Thread 0x00007fce3f03d800 Implicit null exception at 0x0000000115ca0ed4 to 0x0000000115ca0f1e
Event: 97470.578 Thread 0x00007fce3b4e0800 Implicit null exception at 0x0000000115c93c4c to 0x0000000115c93d9d

Events (10 events):
Event: 119083.328 Thread 0x00007fce3a81d800 Uncommon trap: trap_request=0xffffff65 fr.pc=0x0000000115cb18d0
Event: 119083.328 Thread 0x00007fce3a81d800 DEOPT PACKING pc=0x0000000115cb18d0 sp=0x000070000ff9c630
Event: 119083.328 Thread 0x00007fce3a81d800 DEOPT UNPACKING pc=0x0000000114e7d229 sp=0x000070000ff9c5d0 mode 2
Event: 119083.328 Executing VM operation: RevokeBias
Event: 119083.328 Executing VM operation: RevokeBias done
Event: 119083.329 Executing VM operation: RevokeBias
Event: 119083.329 Thread 0x00007fce3aa38800 Uncommon trap: trap_request=0xffffff65 fr.pc=0x0000000115d84018
Event: 119083.329 Executing VM operation: RevokeBias done
Event: 119083.329 Thread 0x00007fce3aa38800 DEOPT PACKING pc=0x0000000115d84018 sp=0x0000700010d4f880
Event: 119083.329 Thread 0x00007fce3aa38800 DEOPT UNPACKING pc=0x0000000114e7d229 sp=0x0000700010d4f828 mode 2


Dynamic libraries:
0x0000000005335000 	/System/Library/Frameworks/CoreFoundation.framework/Versions/A/CoreFoundation
0x0000000005335000 	/System/Library/Frameworks/ApplicationServices.framework/Versions/A/ApplicationServices
0x0000000005335000 	/usr/lib/libSystem.B.dylib
0x0000000005335000 	/System/Library/Frameworks/CoreServices.framework/Versions/A/CoreServices
0x0000000005335000 	/usr/lib/libDiagnosticMessagesClient.dylib
0x0000000005335000 	/usr/lib/libicucore.A.dylib
0x0000000005335000 	/usr/lib/libobjc.A.dylib
0x0000000005335000 	/usr/lib/libz.1.dylib
0x0000000005335000 	/usr/lib/system/libcache.dylib
0x0000000005335000 	/usr/lib/system/libcommonCrypto.dylib
0x0000000005335000 	/usr/lib/system/libcompiler_rt.dylib
0x0000000005335000 	/usr/lib/system/libcopyfile.dylib
0x0000000005335000 	/usr/lib/system/libcorecrypto.dylib
0x0000000005335000 	/usr/lib/system/libdispatch.dylib
0x0000000005335000 	/usr/lib/system/libdyld.dylib
0x0000000005335000 	/usr/lib/system/libkeymgr.dylib
0x0000000005335000 	/usr/lib/system/liblaunch.dylib
0x0000000005335000 	/usr/lib/system/libmacho.dylib
0x0000000005335000 	/usr/lib/system/libquarantine.dylib
0x0000000005335000 	/usr/lib/system/libremovefile.dylib
0x0000000005335000 	/usr/lib/system/libsystem_asl.dylib
0x0000000005335000 	/usr/lib/system/libsystem_blocks.dylib
0x0000000005335000 	/usr/lib/system/libsystem_c.dylib
0x0000000005335000 	/usr/lib/system/libsystem_configuration.dylib
0x0000000005335000 	/usr/lib/system/libsystem_coreservices.dylib
0x0000000005335000 	/usr/lib/system/libsystem_darwin.dylib
0x0000000005335000 	/usr/lib/system/libsystem_dnssd.dylib
0x0000000005335000 	/usr/lib/system/libsystem_info.dylib
0x0000000005335000 	/usr/lib/system/libsystem_m.dylib
0x0000000005335000 	/usr/lib/system/libsystem_malloc.dylib
0x0000000005335000 	/usr/lib/system/libsystem_network.dylib
0x0000000005335000 	/usr/lib/system/libsystem_networkextension.dylib
0x0000000005335000 	/usr/lib/system/libsystem_notify.dylib
0x0000000005335000 	/usr/lib/system/libsystem_sandbox.dylib
0x0000000005335000 	/usr/lib/system/libsystem_secinit.dylib
0x0000000005335000 	/usr/lib/system/libsystem_kernel.dylib
0x0000000005335000 	/usr/lib/system/libsystem_platform.dylib
0x0000000005335000 	/usr/lib/system/libsystem_pthread.dylib
0x0000000005335000 	/usr/lib/system/libsystem_symptoms.dylib
0x0000000005335000 	/usr/lib/system/libsystem_trace.dylib
0x0000000005335000 	/usr/lib/system/libunwind.dylib
0x0000000005335000 	/usr/lib/system/libxpc.dylib
0x0000000005335000 	/usr/lib/closure/libclosured.dylib
0x0000000005335000 	/usr/lib/libc++abi.dylib
0x0000000005335000 	/usr/lib/libc++.1.dylib
0x0000000005335000 	/System/Library/Frameworks/CoreGraphics.framework/Versions/A/CoreGraphics
0x0000000005335000 	/System/Library/Frameworks/CoreText.framework/Versions/A/CoreText
0x0000000005335000 	/System/Library/Frameworks/ImageIO.framework/Versions/A/ImageIO
0x0000000005335000 	/System/Library/Frameworks/ColorSync.framework/Versions/A/ColorSync
0x0000000005335000 	/System/Library/Frameworks/ApplicationServices.framework/Versions/A/Frameworks/ATS.framework/Versions/A/ATS
0x0000000005335000 	/System/Library/Frameworks/ApplicationServices.framework/Versions/A/Frameworks/ColorSyncLegacy.framework/Versions/A/ColorSyncLegacy
0x0000000005335000 	/System/Library/Frameworks/ApplicationServices.framework/Versions/A/Frameworks/HIServices.framework/Versions/A/HIServices
0x0000000005335000 	/System/Library/Frameworks/ApplicationServices.framework/Versions/A/Frameworks/LangAnalysis.framework/Versions/A/LangAnalysis
0x0000000005335000 	/System/Library/Frameworks/ApplicationServices.framework/Versions/A/Frameworks/PrintCore.framework/Versions/A/PrintCore
0x0000000005335000 	/System/Library/Frameworks/ApplicationServices.framework/Versions/A/Frameworks/QD.framework/Versions/A/QD
0x0000000005335000 	/System/Library/Frameworks/ApplicationServices.framework/Versions/A/Frameworks/SpeechSynthesis.framework/Versions/A/SpeechSynthesis
0x0000000005335000 	/System/Library/PrivateFrameworks/SkyLight.framework/Versions/A/SkyLight
0x0000000005335000 	/System/Library/Frameworks/CFNetwork.framework/Versions/A/CFNetwork
0x0000000005335000 	/System/Library/Frameworks/Accelerate.framework/Versions/A/Accelerate
0x0000000005335000 	/System/Library/Frameworks/IOKit.framework/Versions/A/IOKit
0x0000000005335000 	/System/Library/Frameworks/Foundation.framework/Versions/C/Foundation
0x0000000005335000 	/System/Library/Frameworks/SystemConfiguration.framework/Versions/A/SystemConfiguration
0x0000000005335000 	/System/Library/Frameworks/CoreDisplay.framework/Versions/A/CoreDisplay
0x0000000005335000 	/System/Library/Frameworks/IOSurface.framework/Versions/A/IOSurface
0x0000000005335000 	/System/Library/Frameworks/Metal.framework/Versions/A/Metal
0x0000000005335000 	/System/Library/PrivateFrameworks/MultitouchSupport.framework/Versions/A/MultitouchSupport
0x0000000005335000 	/System/Library/Frameworks/Security.framework/Versions/A/Security
0x0000000005335000 	/System/Library/Frameworks/QuartzCore.framework/Versions/A/QuartzCore
0x0000000005335000 	/usr/lib/libbsm.0.dylib
0x0000000005335000 	/usr/lib/libauto.dylib
0x0000000005335000 	/System/Library/Frameworks/DiskArbitration.framework/Versions/A/DiskArbitration
0x0000000005335000 	/usr/lib/libarchive.2.dylib
0x0000000005335000 	/usr/lib/libxml2.2.dylib
0x0000000005335000 	/usr/lib/liblangid.dylib
0x0000000005335000 	/usr/lib/libCRFSuite.dylib
0x0000000005335000 	/usr/lib/libenergytrace.dylib
0x0000000005335000 	/usr/lib/system/libkxld.dylib
0x0000000005335000 	/usr/lib/libOpenScriptingUtil.dylib
0x0000000005335000 	/usr/lib/libcoretls.dylib
0x0000000005335000 	/usr/lib/libcoretls_cfhelpers.dylib
0x0000000005335000 	/usr/lib/libpam.2.dylib
0x0000000005335000 	/usr/lib/libsqlite3.dylib
0x0000000005335000 	/usr/lib/libxar.1.dylib
0x0000000005335000 	/usr/lib/libbz2.1.0.dylib
0x0000000005335000 	/usr/lib/liblzma.5.dylib
0x0000000005335000 	/usr/lib/libnetwork.dylib
0x0000000005335000 	/usr/lib/libapple_nghttp2.dylib
0x0000000005335000 	/usr/lib/libpcap.A.dylib
0x0000000005335000 	/usr/lib/libboringssl.dylib
0x0000000005335000 	/usr/lib/libusrtcp.dylib
0x0000000005335000 	/usr/lib/libapple_crypto.dylib
0x0000000005335000 	/System/Library/Frameworks/CoreServices.framework/Versions/A/Frameworks/FSEvents.framework/Versions/A/FSEvents
0x0000000005335000 	/System/Library/Frameworks/CoreServices.framework/Versions/A/Frameworks/CarbonCore.framework/Versions/A/CarbonCore
0x0000000005335000 	/System/Library/Frameworks/CoreServices.framework/Versions/A/Frameworks/Metadata.framework/Versions/A/Metadata
0x0000000005335000 	/System/Library/Frameworks/CoreServices.framework/Versions/A/Frameworks/OSServices.framework/Versions/A/OSServices
0x0000000005335000 	/System/Library/Frameworks/CoreServices.framework/Versions/A/Frameworks/SearchKit.framework/Versions/A/SearchKit
0x0000000005335000 	/System/Library/Frameworks/CoreServices.framework/Versions/A/Frameworks/AE.framework/Versions/A/AE
0x0000000005335000 	/System/Library/Frameworks/CoreServices.framework/Versions/A/Frameworks/LaunchServices.framework/Versions/A/LaunchServices
0x0000000005335000 	/System/Library/Frameworks/CoreServices.framework/Versions/A/Frameworks/DictionaryServices.framework/Versions/A/DictionaryServices
0x0000000005335000 	/System/Library/Frameworks/CoreServices.framework/Versions/A/Frameworks/SharedFileList.framework/Versions/A/SharedFileList
0x0000000005335000 	/System/Library/Frameworks/NetFS.framework/Versions/A/NetFS
0x0000000005335000 	/System/Library/PrivateFrameworks/NetAuth.framework/Versions/A/NetAuth
0x0000000005335000 	/System/Library/PrivateFrameworks/login.framework/Versions/A/Frameworks/loginsupport.framework/Versions/A/loginsupport
0x0000000005335000 	/System/Library/PrivateFrameworks/TCC.framework/Versions/A/TCC
0x0000000005335000 	/usr/lib/libmecabra.dylib
0x0000000005335000 	/System/Library/PrivateFrameworks/LinguisticData.framework/Versions/A/LinguisticData
0x0000000005335000 	/usr/lib/libmarisa.dylib
0x0000000005335000 	/System/Library/PrivateFrameworks/Lexicon.framework/Versions/A/Lexicon
0x0000000005335000 	/usr/lib/libChineseTokenizer.dylib
0x0000000005335000 	/usr/lib/libcmph.dylib
0x0000000005335000 	/usr/lib/libiconv.2.dylib
0x0000000005335000 	/System/Library/PrivateFrameworks/LanguageModeling.framework/Versions/A/LanguageModeling
0x0000000005335000 	/System/Library/Frameworks/CoreData.framework/Versions/A/CoreData
0x0000000005335000 	/System/Library/PrivateFrameworks/CoreEmoji.framework/Versions/A/CoreEmoji
0x0000000005335000 	/usr/lib/libcompression.dylib
0x0000000005335000 	/System/Library/Frameworks/OpenDirectory.framework/Versions/A/Frameworks/CFOpenDirectory.framework/Versions/A/CFOpenDirectory
0x0000000005335000 	/System/Library/PrivateFrameworks/APFS.framework/Versions/A/APFS
0x0000000005335000 	/usr/lib/libutil.dylib
0x0000000005335000 	/System/Library/Frameworks/ServiceManagement.framework/Versions/A/ServiceManagement
0x0000000005335000 	/System/Library/PrivateFrameworks/BackgroundTaskManagement.framework/Versions/A/BackgroundTaskManagement
0x0000000005335000 	/usr/lib/libxslt.1.dylib
0x0000000005335000 	/System/Library/Frameworks/Accelerate.framework/Versions/A/Frameworks/vImage.framework/Versions/A/vImage
0x0000000005335000 	/System/Library/Frameworks/Accelerate.framework/Versions/A/Frameworks/vecLib.framework/Versions/A/vecLib
0x0000000005335000 	/System/Library/Frameworks/Accelerate.framework/Versions/A/Frameworks/vecLib.framework/Versions/A/libvDSP.dylib
0x0000000005335000 	/System/Library/Frameworks/Accelerate.framework/Versions/A/Frameworks/vecLib.framework/Versions/A/libBNNS.dylib
0x0000000005335000 	/System/Library/Frameworks/Accelerate.framework/Versions/A/Frameworks/vecLib.framework/Versions/A/libQuadrature.dylib
0x0000000005335000 	/System/Library/Frameworks/Accelerate.framework/Versions/A/Frameworks/vecLib.framework/Versions/A/libvMisc.dylib
0x0000000005335000 	/System/Library/Frameworks/Accelerate.framework/Versions/A/Frameworks/vecLib.framework/Versions/A/libLAPACK.dylib
0x0000000005335000 	/System/Library/Frameworks/Accelerate.framework/Versions/A/Frameworks/vecLib.framework/Versions/A/libBLAS.dylib
0x0000000005335000 	/System/Library/Frameworks/Accelerate.framework/Versions/A/Frameworks/vecLib.framework/Versions/A/libLinearAlgebra.dylib
0x0000000005335000 	/System/Library/Frameworks/Accelerate.framework/Versions/A/Frameworks/vecLib.framework/Versions/A/libSparse.dylib
0x0000000005335000 	/System/Library/Frameworks/Accelerate.framework/Versions/A/Frameworks/vecLib.framework/Versions/A/libSparseBLAS.dylib
0x0000000005335000 	/System/Library/PrivateFrameworks/IOAccelerator.framework/Versions/A/IOAccelerator
0x0000000005335000 	/System/Library/PrivateFrameworks/IOPresentment.framework/Versions/A/IOPresentment
0x0000000005335000 	/System/Library/PrivateFrameworks/DSExternalDisplay.framework/Versions/A/DSExternalDisplay
0x0000000005335000 	/System/Library/Frameworks/OpenGL.framework/Versions/A/Libraries/libCoreFSCache.dylib
0x0000000005335000 	/System/Library/Frameworks/CoreImage.framework/Versions/A/CoreImage
0x0000000005335000 	/System/Library/Frameworks/CoreVideo.framework/Versions/A/CoreVideo
0x0000000005335000 	/System/Library/Frameworks/OpenGL.framework/Versions/A/OpenGL
0x0000000005335000 	/System/Library/PrivateFrameworks/GraphVisualizer.framework/Versions/A/GraphVisualizer
0x0000000005335000 	/System/Library/Frameworks/MetalPerformanceShaders.framework/Versions/A/MetalPerformanceShaders
0x0000000005335000 	/usr/lib/libFosl_dynamic.dylib
0x0000000005335000 	/System/Library/PrivateFrameworks/FaceCore.framework/Versions/A/FaceCore
0x0000000005335000 	/System/Library/Frameworks/OpenCL.framework/Versions/A/OpenCL
0x0000000005335000 	/System/Library/Frameworks/ApplicationServices.framework/Versions/A/Frameworks/ATS.framework/Versions/A/Resources/libFontParser.dylib
0x0000000005335000 	/System/Library/Frameworks/ApplicationServices.framework/Versions/A/Frameworks/ATS.framework/Versions/A/Resources/libFontRegistry.dylib
0x0000000005335000 	/System/Library/Frameworks/ImageIO.framework/Versions/A/Resources/libJPEG.dylib
0x0000000005335000 	/System/Library/Frameworks/ImageIO.framework/Versions/A/Resources/libTIFF.dylib
0x0000000005335000 	/System/Library/Frameworks/ImageIO.framework/Versions/A/Resources/libPng.dylib
0x0000000005335000 	/System/Library/Frameworks/ImageIO.framework/Versions/A/Resources/libGIF.dylib
0x0000000005335000 	/System/Library/Frameworks/ImageIO.framework/Versions/A/Resources/libJP2.dylib
0x0000000005335000 	/System/Library/Frameworks/ImageIO.framework/Versions/A/Resources/libRadiance.dylib
0x0000000005335000 	/System/Library/PrivateFrameworks/AppleJPEG.framework/Versions/A/AppleJPEG
0x0000000005335000 	/System/Library/PrivateFrameworks/MetalTools.framework/Versions/A/MetalTools
0x0000000005335000 	/System/Library/Frameworks/MetalPerformanceShaders.framework/Frameworks/MPSCore.framework/Versions/A/MPSCore
0x0000000005335000 	/System/Library/Frameworks/MetalPerformanceShaders.framework/Frameworks/MPSImage.framework/Versions/A/MPSImage
0x0000000005335000 	/System/Library/Frameworks/MetalPerformanceShaders.framework/Frameworks/MPSMatrix.framework/Versions/A/MPSMatrix
0x0000000005335000 	/System/Library/Frameworks/MetalPerformanceShaders.framework/Frameworks/MPSNeuralNetwork.framework/Versions/A/MPSNeuralNetwork
0x0000000005335000 	/System/Library/Frameworks/OpenGL.framework/Versions/A/Libraries/libGLU.dylib
0x0000000005335000 	/System/Library/Frameworks/OpenGL.framework/Versions/A/Libraries/libGFXShared.dylib
0x0000000005335000 	/System/Library/Frameworks/OpenGL.framework/Versions/A/Libraries/libGL.dylib
0x0000000005335000 	/System/Library/Frameworks/OpenGL.framework/Versions/A/Libraries/libGLImage.dylib
0x0000000005335000 	/System/Library/Frameworks/OpenGL.framework/Versions/A/Libraries/libCVMSPluginSupport.dylib
0x0000000005335000 	/System/Library/Frameworks/OpenGL.framework/Versions/A/Libraries/libCoreVMClient.dylib
0x0000000005335000 	/usr/lib/libcups.2.dylib
0x0000000005335000 	/System/Library/Frameworks/Kerberos.framework/Versions/A/Kerberos
0x0000000005335000 	/System/Library/Frameworks/GSS.framework/Versions/A/GSS
0x0000000005335000 	/usr/lib/libresolv.9.dylib
0x0000000005335000 	/System/Library/PrivateFrameworks/Heimdal.framework/Versions/A/Heimdal
0x0000000005335000 	/usr/lib/libheimdal-asn1.dylib
0x0000000005335000 	/System/Library/Frameworks/OpenDirectory.framework/Versions/A/OpenDirectory
0x0000000005335000 	/System/Library/PrivateFrameworks/CommonAuth.framework/Versions/A/CommonAuth
0x0000000005335000 	/System/Library/Frameworks/SecurityFoundation.framework/Versions/A/SecurityFoundation
0x0000000005335000 	/System/Library/Frameworks/CoreAudio.framework/Versions/A/CoreAudio
0x0000000005335000 	/System/Library/Frameworks/AudioToolbox.framework/Versions/A/AudioToolbox
0x0000000005335000 	/System/Library/PrivateFrameworks/AppleSauce.framework/Versions/A/AppleSauce
0x000000010bee0000 	/Applications/Fiji.app/java/macosx/jdk1.8.0_66/jre/Contents/Home//lib/jli/libjli.dylib
0x0000000005335000 	/System/Library/Frameworks/Cocoa.framework/Versions/A/Cocoa
0x0000000005335000 	/System/Library/Frameworks/AppKit.framework/Versions/C/AppKit
0x0000000005335000 	/System/Library/PrivateFrameworks/RemoteViewServices.framework/Versions/A/RemoteViewServices
0x0000000005335000 	/System/Library/PrivateFrameworks/UIFoundation.framework/Versions/A/UIFoundation
0x0000000005335000 	/System/Library/PrivateFrameworks/DFRFoundation.framework/Versions/A/DFRFoundation
0x0000000005335000 	/System/Library/PrivateFrameworks/DesktopServicesPriv.framework/Versions/A/DesktopServicesPriv
0x0000000005335000 	/usr/lib/libScreenReader.dylib
0x0000000005335000 	/System/Library/Frameworks/AudioUnit.framework/Versions/A/AudioUnit
0x0000000005335000 	/System/Library/PrivateFrameworks/DataDetectorsCore.framework/Versions/A/DataDetectorsCore
0x0000000005335000 	/System/Library/Frameworks/Carbon.framework/Versions/A/Frameworks/HIToolbox.framework/Versions/A/HIToolbox
0x0000000005335000 	/System/Library/Frameworks/Carbon.framework/Versions/A/Frameworks/SpeechRecognition.framework/Versions/A/SpeechRecognition
0x0000000005335000 	/System/Library/PrivateFrameworks/CoreUI.framework/Versions/A/CoreUI
0x0000000005335000 	/System/Library/PrivateFrameworks/PerformanceAnalysis.framework/Versions/A/PerformanceAnalysis
0x0000000005335000 	/System/Library/PrivateFrameworks/Backup.framework/Versions/A/Backup
0x0000000005335000 	/System/Library/Frameworks/Carbon.framework/Versions/A/Frameworks/Ink.framework/Versions/A/Ink
0x0000000005335000 	/System/Library/PrivateFrameworks/TextureIO.framework/Versions/A/TextureIO
0x0000000005335000 	/usr/lib/libate.dylib
0x0000000005335000 	/System/Library/PrivateFrameworks/CrashReporterSupport.framework/Versions/A/CrashReporterSupport
0x0000000005335000 	/System/Library/PrivateFrameworks/Sharing.framework/Versions/A/Sharing
0x0000000005335000 	/System/Library/PrivateFrameworks/IconServices.framework/Versions/A/IconServices
0x0000000005335000 	/System/Library/PrivateFrameworks/ProtocolBuffer.framework/Versions/A/ProtocolBuffer
0x0000000005335000 	/System/Library/PrivateFrameworks/Apple80211.framework/Versions/A/Apple80211
0x0000000005335000 	/System/Library/Frameworks/CoreWLAN.framework/Versions/A/CoreWLAN
0x0000000005335000 	/System/Library/PrivateFrameworks/CoreUtils.framework/Versions/A/CoreUtils
0x0000000005335000 	/System/Library/Frameworks/IOBluetooth.framework/Versions/A/IOBluetooth
0x0000000005335000 	/System/Library/PrivateFrameworks/CoreWiFi.framework/Versions/A/CoreWiFi
0x0000000005335000 	/System/Library/Frameworks/CoreBluetooth.framework/Versions/A/CoreBluetooth
0x0000000005335000 	/System/Library/PrivateFrameworks/SignpostNotification.framework/Versions/A/SignpostNotification
0x0000000005335000 	/System/Library/PrivateFrameworks/DebugSymbols.framework/Versions/A/DebugSymbols
0x0000000005335000 	/System/Library/PrivateFrameworks/CoreSymbolication.framework/Versions/A/CoreSymbolication
0x0000000005335000 	/System/Library/PrivateFrameworks/Symbolication.framework/Versions/A/Symbolication
0x0000000005335000 	/System/Library/PrivateFrameworks/AppleFSCompression.framework/Versions/A/AppleFSCompression
0x0000000005335000 	/System/Library/PrivateFrameworks/SpeechRecognitionCore.framework/Versions/A/SpeechRecognitionCore
0x000000010d000000 	/Applications/Fiji.app/java/macosx/jdk1.8.0_66/jre/Contents/Home//lib/server/libjvm.dylib
0x0000000005335000 	/usr/lib/libstdc++.6.0.9.dylib
0x000000010bef0000 	/Applications/Fiji.app/java/macosx/jdk1.8.0_66/jre/Contents/Home/lib/libverify.dylib
0x000000010befe000 	/Applications/Fiji.app/java/macosx/jdk1.8.0_66/jre/Contents/Home/lib/libjava.dylib
0x000000010bf7d000 	/Applications/Fiji.app/java/macosx/jdk1.8.0_66/jre/Contents/Home/lib/libzip.dylib
0x0000000005335000 	/System/Library/Frameworks/JavaVM.framework/Versions/A/Frameworks/JavaRuntimeSupport.framework/Versions/A/JavaRuntimeSupport
0x0000000005335000 	/System/Library/Frameworks/JavaVM.framework/Versions/A/Frameworks/JavaNativeFoundation.framework/Versions/A/JavaNativeFoundation
0x0000000005335000 	/System/Library/Frameworks/JavaVM.framework/Versions/A/JavaVM
0x0000000005335000 	/System/Library/Frameworks/Carbon.framework/Versions/A/Carbon
0x0000000005335000 	/System/Library/PrivateFrameworks/JavaLaunching.framework/Versions/A/JavaLaunching
0x0000000005335000 	/System/Library/Frameworks/Carbon.framework/Versions/A/Frameworks/CommonPanels.framework/Versions/A/CommonPanels
0x0000000005335000 	/System/Library/Frameworks/Carbon.framework/Versions/A/Frameworks/Help.framework/Versions/A/Help
0x0000000005335000 	/System/Library/Frameworks/Carbon.framework/Versions/A/Frameworks/ImageCapture.framework/Versions/A/ImageCapture
0x0000000005335000 	/System/Library/Frameworks/Carbon.framework/Versions/A/Frameworks/OpenScripting.framework/Versions/A/OpenScripting
0x0000000005335000 	/System/Library/Frameworks/Carbon.framework/Versions/A/Frameworks/Print.framework/Versions/A/Print
0x0000000005335000 	/System/Library/Frameworks/Carbon.framework/Versions/A/Frameworks/SecurityHI.framework/Versions/A/SecurityHI
0x000000013a64e000 	/Applications/Fiji.app/java/macosx/jdk1.8.0_66/jre/Contents/Home/lib/libawt.dylib
0x000000013ab5e000 	/Applications/Fiji.app/java/macosx/jdk1.8.0_66/jre/Contents/Home/lib/./libmlib_image.dylib
0x000000013aceb000 	/Applications/Fiji.app/java/macosx/jdk1.8.0_66/jre/Contents/Home/lib/libawt_lwawt.dylib
0x00000001149be000 	/Applications/Fiji.app/java/macosx/jdk1.8.0_66/jre/Contents/Home/lib/./libosxapp.dylib
0x0000000005335000 	/System/Library/Frameworks/ExceptionHandling.framework/Versions/A/ExceptionHandling
0x0000000005335000 	/System/Library/PrivateFrameworks/CoreServicesInternal.framework/Versions/A/CoreServicesInternal
0x0000000005335000 	/System/Library/CoreServices/RawCamera.bundle/Contents/MacOS/RawCamera
0x0000000005335000 	/System/Library/PrivateFrameworks/MobileAsset.framework/Versions/A/MobileAsset
0x0000000005335000 	/System/Library/PrivateFrameworks/StreamingZip.framework/Versions/A/StreamingZip
0x0000000005335000 	/System/Library/Frameworks/MediaToolbox.framework/Versions/A/MediaToolbox
0x0000000005335000 	/System/Library/PrivateFrameworks/CoreAVCHD.framework/Versions/A/CoreAVCHD
0x0000000005335000 	/System/Library/Frameworks/MediaAccessibility.framework/Versions/A/MediaAccessibility
0x0000000005335000 	/System/Library/PrivateFrameworks/Mangrove.framework/Versions/A/Mangrove
0x0000000005335000 	/System/Library/Frameworks/CoreMedia.framework/Versions/A/CoreMedia
0x0000000005335000 	/System/Library/Frameworks/VideoToolbox.framework/Versions/A/VideoToolbox
0x0000000005335000 	/System/Library/PrivateFrameworks/CoreAUC.framework/Versions/A/CoreAUC
0x0000000005335000 	/usr/lib/libspindump.dylib
0x0000000005335000 	/usr/lib/libdscsym.dylib
0x0000000005335000 	/System/Library/PrivateFrameworks/AppleVA.framework/Versions/A/AppleVA
0x0000000005335000 	/System/Library/Frameworks/Accelerate.framework/Versions/A/Frameworks/vImage.framework/Versions/A/Libraries/libCGInterfaces.dylib
0x0000000005335000 	/System/Library/Frameworks/OpenGL.framework/Versions/A/Resources/GLEngine.bundle/GLEngine
0x0000000005335000 	/System/Library/Frameworks/OpenGL.framework/Versions/A/Libraries/libGLProgrammability.dylib
0x000000013cab9000 	/System/Library/Extensions/AppleIntelKBLGraphicsGLDriver.bundle/Contents/MacOS/AppleIntelKBLGraphicsGLDriver
0x0000000005335000 	/System/Library/PrivateFrameworks/GPUSupport.framework/Versions/A/Libraries/libGPUSupportMercury.dylib
0x000000013b3a4000 	/System/Library/Extensions/AMDRadeonX4000GLDriver.bundle/Contents/MacOS/AMDRadeonX4000GLDriver
0x0000000005335000 	/System/Library/Extensions/AMDRadeonX4000GLDriver.bundle/Contents/MacOS/ATIRadeonX4000SCLib.dylib
0x0000000005335000 	/System/Library/Frameworks/OpenGL.framework/Versions/A/Resources/GLRendererFloat.bundle/GLRendererFloat
0x0000000005335000 	/System/Library/Frameworks/OpenCL.framework/Versions/A/Libraries/libcldcpuengine.dylib
0x0000000005335000 	/usr/lib/libcrypto.35.dylib
0x0000000005335000 	/System/Library/PrivateFrameworks/TrustEvaluationAgent.framework/Versions/A/TrustEvaluationAgent
0x000000013dce0000 	/Applications/Fiji.app/java/macosx/jdk1.8.0_66/jre/Contents/Home/lib/libfontmanager.dylib
0x0000000114963000 	/Applications/Fiji.app/java/macosx/jdk1.8.0_66/jre/Contents/Home/lib/libosxui.dylib
0x0000000114a18000 	/Applications/Fiji.app/java/macosx/jdk1.8.0_66/jre/Contents/Home/lib/libosx.dylib
0x0000000114d81000 	/Applications/Fiji.app/java/macosx/jdk1.8.0_66/jre/Contents/Home/lib/libnet.dylib
0x0000000114a7b000 	/Applications/Fiji.app/java/macosx/jdk1.8.0_66/jre/Contents/Home/lib/libnio.dylib
0x0000000005335000 	/System/Library/Frameworks/ApplicationServices.framework/Versions/A/Frameworks/ATS.framework/Versions/A/Resources/libTrueTypeScaler.dylib
0x000000013b241000 	/Applications/Fiji.app/java/macosx/jdk1.8.0_66/jre/Contents/Home/lib/libdcpr.dylib
0x0000000005335000 	/System/Library/Extensions/AppleIntelKBLGraphicsMTLDriver.bundle/Contents/MacOS/AppleIntelKBLGraphicsMTLDriver
0x000000016d985000 	/System/Library/Extensions/AMDMTLBronzeDriver.bundle/Contents/MacOS/AMDMTLBronzeDriver
0x0000000005335000 	/System/Library/PrivateFrameworks/IOAccelMemoryInfo.framework/Versions/A/IOAccelMemoryInfo
0x0000000005335000 	/System/Library/PrivateFrameworks/GPUCompiler.framework/Versions/3802/Libraries/libmetal_timestamp.dylib
0x0000000005335000 	/System/Library/PrivateFrameworks/ViewBridge.framework/Versions/A/ViewBridge

VM Arguments:
jvm_args: -Dpython.cachedir.skip=true -Dplugins.dir=/Applications/Fiji.app -Xmx10352m 
java_command: <unknown>
java_class_path (initial): /Applications/Fiji.app/jars/imagej-launcher-4.0.5.jar
Launcher Type: generic

Environment Variables:
JAVA_HOME=/Applications/Fiji.app/java/macosx/jdk1.8.0_66/jre/Contents/Home/
PATH=/usr/bin:/bin:/usr/sbin:/sbin
SHELL=/bin/bash
DYLD_LIBRARY_PATH=/Applications/Fiji.app/lib/macosx:/Applications/Fiji.app/mm/macosx

Signal Handlers:
SIGSEGV: [libjvm.dylib+0x5a65d5], sa_mask[0]=11111111011111110111111111111111, sa_flags=SA_ONSTACK|SA_RESTART|SA_SIGINFO
SIGBUS: [libjvm.dylib+0x5a65d5], sa_mask[0]=11111111011111110111111111111111, sa_flags=SA_RESTART|SA_SIGINFO
SIGFPE: [libjvm.dylib+0x4802e8], sa_mask[0]=11111111011111110111111111111111, sa_flags=SA_RESTART|SA_SIGINFO
SIGPIPE: [libjvm.dylib+0x4802e8], sa_mask[0]=11111111011111110111111111111111, sa_flags=SA_RESTART|SA_SIGINFO
SIGXFSZ: [libjvm.dylib+0x4802e8], sa_mask[0]=11111111011111110111111111111111, sa_flags=SA_RESTART|SA_SIGINFO
SIGILL: [libjvm.dylib+0x4802e8], sa_mask[0]=11111111011111110111111111111111, sa_flags=SA_RESTART|SA_SIGINFO
SIGUSR1: SIG_DFL, sa_mask[0]=00000000000000000000000000000000, sa_flags=none
SIGUSR2: [libjvm.dylib+0x47fe06], sa_mask[0]=00000000000000000000000000000000, sa_flags=SA_RESTART|SA_SIGINFO
SIGHUP: [libjvm.dylib+0x47e3dd], sa_mask[0]=11111111011111110111111111111111, sa_flags=SA_RESTART|SA_SIGINFO
SIGINT: [libjvm.dylib+0x47e3dd], sa_mask[0]=11111111011111110111111111111111, sa_flags=SA_RESTART|SA_SIGINFO
SIGTERM: [libjvm.dylib+0x47e3dd], sa_mask[0]=11111111011111110111111111111111, sa_flags=SA_RESTART|SA_SIGINFO
SIGQUIT: [libjvm.dylib+0x47e3dd], sa_mask[0]=11111111011111110111111111111111, sa_flags=SA_RESTART|SA_SIGINFO


---------------  S Y S T E M  ---------------

OS:Bsduname:Darwin 17.4.0 Darwin Kernel Version 17.4.0: Sun Dec 17 09:19:54 PST 2017; root:xnu-4570.41.2~1/RELEASE_X86_64 x86_64
rlimit: STACK 8192k, CORE 0k, NPROC 1418, NOFILE 10240, AS infinity
load average:1.81 1.75 1.61

CPU:total 8 (4 cores per cpu, 2 threads per core) family 6 model 158 stepping 9, cmov, cx8, fxsr, mmx, sse, sse2, sse3, ssse3, sse4.1, sse4.2, popcnt, avx, avx2, aes, clmul, erms, rtm, 3dnowpref, lzcnt, ht, tsc, tscinvbit, bmi1, bmi2, adx

Memory: 4k page, physical 16777216k(2784944k free)

/proc/meminfo:


vm_info: Java HotSpot(TM) 64-Bit Server VM (25.66-b17) for bsd-amd64 JRE (1.8.0_66-b17), built on Oct  6 2015 16:09:13 by "java_re" with gcc 4.2.1 (Based on Apple Inc. build 5658) (LLVM build 2336.11.00)

time: Wed Mar  6 09:02:26 2019
elapsed time: 119083 seconds (1d 9h 4m 43s)

