#
# A fatal error has been detected by the Java Runtime Environment:
#
#  SIGSEGV (0xb) at pc=0x0000000b45db0e43, pid=97041, tid=78603
#
# JRE version: Java(TM) SE Runtime Environment (8.0_66-b17) (build 1.8.0_66-b17)
# Java VM: Java HotSpot(TM) 64-Bit Server VM (25.66-b17 mixed mode bsd-amd64 )
# Problematic frame:
# C  [libawt_lwawt.dylib+0x1ae43]  OGLSD_SetScratchSurface+0x49
#
# Failed to write core dump. Core dumps have been disabled. To enable core dumping, try "ulimit -c unlimited" before starting Java again
#
# If you would like to submit a bug report, please visit:
#   http://bugreport.java.com/bugreport/crash.jsp
# The crash happened outside the Java Virtual Machine in native code.
# See problematic frame for where to report the bug.
#

---------------  T H R E A D  ---------------

Current thread (0x00007f9061846800):  JavaThread "Java2D Queue Flusher" daemon [_thread_in_native, id=78603, stack(0x00007000029bf000,0x0000700002abf000)]

siginfo: si_signo: 11 (SIGSEGV), si_code: 1 (SEGV_MAPERR), si_addr: 0x0000000000000002

Registers:
RAX=0x00000000ffffffff, RBX=0x0000000000000002, RCX=0x0000000000000047, RDX=0x0000000b45dd18ec
RSP=0x0000700002abe8c0, RBP=0x0000700002abe8e0, RSI=0x00007f9063e528a0, RDI=0x00007f90618469f8
R8 =0x00000000001729e1, R9 =0xffffffff00000000, R10=0x0000000b45dd0d90, R11=0x0000000000000020
R12=0x0000700002abe970, R13=0x00000001146180cc, R14=0x00007f90618469f8, R15=0x00007f9061846800
RIP=0x0000000b45db0e43, EFLAGS=0x0000000000010202, ERR=0x0000000000000004
  TRAPNO=0x000000000000000e

Top of Stack: (sp=0x0000700002abe8c0)
0x0000700002abe8c0:   00007f9063e528a0 0000700002abe970
0x0000700002abe8d0:   00007f906184d810 00007f9061846800
0x0000700002abe8e0:   0000700002abe960 0000000b45dd13ca
0x0000700002abe8f0:   0000000000000064 00007f905b4026e8
0x0000700002abe900:   0000700002abe960 000000010fd4bc08
0x0000700002abe910:   0000700000000005 00007f9061846800
0x0000700002abe920:   0000000122ca5b01 00007f906184d820
0x0000700002abe930:   0000700000abe900 00007f90618469f8
0x0000700002abe940:   0000700002abe9c0 0000700002abe970
0x0000700002abe950:   0000700002abe9b8 00007f9061846800
0x0000700002abe960:   0000700002abe9b0 000000011409ce72
0x0000700002abe970:   0000000122ca5ee0 0000700002abe9b8
0x0000700002abe980:   0000000bb850faa0 0000000000000000
0x0000700002abe990:   0000000bb850f818 0000000000000000
0x0000700002abe9a0:   0000700002abe9c0 0000000122e497e8
0x0000700002abe9b0:   0000000122ca5bc0 0000000114617f68
0x0000700002abe9c0:   0000000122ca5ee0 0000000122ca5bc0
0x0000700002abe9d0:   0000000b00000000 0000000bb9677530
0x0000700002abe9e0:   0000000000000000 0000000000000000
0x0000700002abe9f0:   0000700002abea20 0000700002abea90
0x0000700002abea00:   0000000000000001 0000000000000000
0x0000700002abea10:   0000700002abea90 00000001133ef7a0
0x0000700002abea20:   0000000122e497e8 0000000122e497e8
0x0000700002abea30:   0000700000001fa0 000000000000000a
0x0000700002abea40:   00007f9061846800 0000000000000001
0x0000700002abea50:   00000001133ef71f 0000000b48b40d38
0x0000700002abea60:   0000700002abeb28 0000700002abedc0
0x0000700002abea70:   0000000b0000000a 0000000b48b40d38
0x0000700002abea80:   0000000113400080 0000700002abed30
0x0000700002abea90:   0000700002abec40 000000010fcea35e
0x0000700002abeaa0:   0000700000000001 00007f9061846800
0x0000700002abeab0:   00007f9061846800 0000700002abedc0 

Instructions: (pc=0x0000000b45db0e43)
0x0000000b45db0e23:   c0 e9 82 00 00 00 48 8b 5e 10 48 85 db 75 0e bf
0x0000000b45db0e33:   01 00 00 00 48 8d 15 fd 75 03 00 eb d6 49 89 fe
0x0000000b45db0e43:   4c 8b 3b 30 c0 e8 c5 a2 02 00 49 8b 3f 49 89 c4
0x0000000b45db0e53:   48 8b 35 a6 f7 05 00 30 c0 e8 cb a3 02 00 48 85 

Register to memory mapping:

RAX=0x00000000ffffffff is an unknown value
RBX=0x0000000000000002 is an unknown value
RCX=0x0000000000000047 is an unknown value
RDX=0x0000000b45dd18ec: Java_sun_java2d_opengl_OGLRenderQueue_flushBuffer+0xb5c in /Applications/Fiji.app/java/macosx/jdk1.8.0_66/jre/Contents/Home/lib/libawt_lwawt.dylib at 0x0000000b45d96000
RSP=0x0000700002abe8c0 is pointing into the stack for thread: 0x00007f9061846800
RBP=0x0000700002abe8e0 is pointing into the stack for thread: 0x00007f9061846800
RSI=0x00007f9063e528a0 is an unknown value
RDI=0x00007f90618469f8 is an unknown value
R8 =0x00000000001729e1 is an unknown value
R9 =0xffffffff00000000 is an unknown value
R10=0x0000000b45dd0d90: Java_sun_java2d_opengl_OGLRenderQueue_flushBuffer+0 in /Applications/Fiji.app/java/macosx/jdk1.8.0_66/jre/Contents/Home/lib/libawt_lwawt.dylib at 0x0000000b45d96000
R11=0x0000000000000020 is an unknown value
R12=0x0000700002abe970 is pointing into the stack for thread: 0x00007f9061846800
R13=0x00000001146180cc is at entry_point+1068 in (nmethod*)0x0000000114617a10
R14=0x00007f90618469f8 is an unknown value
R15=0x00007f9061846800 is a thread


Stack: [0x00007000029bf000,0x0000700002abf000],  sp=0x0000700002abe8c0,  free space=1022k
Native frames: (J=compiled Java code, j=interpreted, Vv=VM code, C=native code)
C  [libawt_lwawt.dylib+0x1ae43]  OGLSD_SetScratchSurface+0x49
C  [libawt_lwawt.dylib+0x3b3ca]  Java_sun_java2d_opengl_OGLRenderQueue_flushBuffer+0x63a
J 5269  sun.java2d.opengl.OGLRenderQueue.flushBuffer(JI)V (0 bytes) @ 0x000000011409ce72 [0x000000011409cdc0+0xb2]
J 7375% C2 sun.java2d.opengl.OGLRenderQueue$QueueFlusher.run()V (234 bytes) @ 0x0000000114617f68 [0x0000000114617ca0+0x2c8]
v  ~StubRoutines::call_stub
V  [libjvm.dylib+0x2ea35e]
V  [libjvm.dylib+0x2eaaec]
V  [libjvm.dylib+0x2eac98]
V  [libjvm.dylib+0x345215]
V  [libjvm.dylib+0x560b83]
V  [libjvm.dylib+0x56227e]
V  [libjvm.dylib+0x482cd6]
C  [libsystem_pthread.dylib+0x5e65]  _pthread_start+0x94
C  [libsystem_pthread.dylib+0x183b]  thread_start+0xf
C  0x0000000000000000

Java frames: (J=compiled Java code, j=interpreted, Vv=VM code)
J 5269  sun.java2d.opengl.OGLRenderQueue.flushBuffer(JI)V (0 bytes) @ 0x000000011409cdf8 [0x000000011409cdc0+0x38]
J 7375% C2 sun.java2d.opengl.OGLRenderQueue$QueueFlusher.run()V (234 bytes) @ 0x0000000114617f68 [0x0000000114617ca0+0x2c8]
v  ~StubRoutines::call_stub

---------------  P R O C E S S  ---------------

Java Threads: ( => current thread )
  0x00007f9060c43800 JavaThread "DrawAndDrop" [_thread_in_Java, id=87419, stack(0x00007000026ad000,0x00007000027ad000)]
  0x00007f906052c800 JavaThread "ContrastAdjuster" [_thread_blocked, id=97567, stack(0x0000700002fd4000,0x00007000030d4000)]
  0x00007f9061c31000 JavaThread "TimerQueue" daemon [_thread_blocked, id=67903, stack(0x00007000032da000,0x00007000033da000)]
  0x00007f905f219800 JavaThread "DestroyJavaVM" [_thread_blocked, id=5127, stack(0x00007000010e5000,0x0000700001165000)]
  0x00007f905c1e2800 JavaThread "Timer-0" daemon [_thread_blocked, id=74011, stack(0x0000700002dcb000,0x0000700002ecb000)]
  0x00007f9061841800 JavaThread "AWT-EventQueue-0" [_thread_blocked, id=61479, stack(0x0000700002bc5000,0x0000700002cc5000)]
  0x00007f9060d12000 JavaThread "Java2D Disposer" daemon [_thread_blocked, id=55823, stack(0x0000700002ac2000,0x0000700002bc2000)]
=>0x00007f9061846800 JavaThread "Java2D Queue Flusher" daemon [_thread_in_native, id=78603, stack(0x00007000029bf000,0x0000700002abf000)]
  0x00007f9061819800 JavaThread "AWT-Shutdown" [_thread_blocked, id=37927, stack(0x00007000025aa000,0x00007000026aa000)]
  0x00007f906181c000 JavaThread "AppKit Thread" daemon [_thread_in_native, id=775, stack(0x00007ffee0b92000,0x00007ffee1392000)]
  0x00007f905d004800 JavaThread "Service Thread" daemon [_thread_blocked, id=16643, stack(0x000070000229e000,0x000070000239e000)]
  0x00007f905f008000 JavaThread "C1 CompilerThread3" daemon [_thread_in_native, id=15363, stack(0x000070000219b000,0x000070000229b000)]
  0x00007f905d835000 JavaThread "C2 CompilerThread2" daemon [_thread_in_native, id=15107, stack(0x0000700002098000,0x0000700002198000)]
  0x00007f905d834000 JavaThread "C2 CompilerThread1" daemon [_thread_in_native, id=14595, stack(0x0000700001f95000,0x0000700002095000)]
  0x00007f905c008000 JavaThread "C2 CompilerThread0" daemon [_thread_in_native, id=17411, stack(0x0000700001e92000,0x0000700001f92000)]
  0x00007f905c007000 JavaThread "Signal Dispatcher" daemon [_thread_blocked, id=17923, stack(0x0000700001d8f000,0x0000700001e8f000)]
  0x00007f905c003800 JavaThread "Finalizer" daemon [_thread_blocked, id=12291, stack(0x0000700001b86000,0x0000700001c86000)]
  0x00007f905b824000 JavaThread "Reference Handler" daemon [_thread_blocked, id=20227, stack(0x0000700001a83000,0x0000700001b83000)]

Other Threads:
  0x00007f905d82e800 VMThread [stack: 0x0000700001980000,0x0000700001a80000] [id=20483]
  0x00007f905b841800 WatcherThread [stack: 0x00007000023a1000,0x00007000024a1000] [id=15619]

VM state:not at safepoint (normal execution)

VM Mutex/Monitor currently owned by a thread: None

Heap:
 PSYoungGen      total 387072K, used 19290K [0x00000007a4f00000, 0x00000007c0d80000, 0x0000000ae6400000)
  eden space 361472K, 5% used [0x00000007a4f00000,0x00000007a61d6b08,0x00000007bb000000)
  from space 25600K, 0% used [0x00000007bd200000,0x00000007bd200000,0x00000007beb00000)
  to   space 35328K, 0% used [0x00000007beb00000,0x00000007beb00000,0x00000007c0d80000)
 ParOldGen       total 268800K, used 42482K [0x0000000122400000, 0x0000000132a80000, 0x00000007a4f00000)
  object space 268800K, 15% used [0x0000000122400000,0x0000000124d7caf0,0x0000000132a80000)
 Metaspace       used 55452K, capacity 57462K, committed 59028K, reserved 59392K

Card table byte_map: [0x0000000ae6400000,0x0000000aeb221000] byte_map_base: 0x0000000ae5aee000

Marking Bits: (ParMarkBitMap*) 0x00000001102dde20
 Begin Bits: [0x0000000aee637000, 0x0000000b15737000)
 End Bits:   [0x0000000b15737000, 0x0000000b3c837000)

Polling page: 0x000000010e8f1000

CodeCache: size=245760Kb used=18984Kb max_used=18984Kb free=226775Kb
 bounds [0x00000001133ef000, 0x000000011469f000, 0x00000001223ef000]
 total_blobs=6750 nmethods=6030 adapters=629
 compilation: enabled

Compilation events (10 events):
Event: 155704.626 Thread 0x00007f905c008000 7537       4       javax.swing.text.Utilities::getTabbedTextWidth (348 bytes)
Event: 155704.626 Thread 0x00007f905f008000 nmethod 7540 0x0000000114690e10 code [0x00000001146911e0, 0x0000000114692818]
Event: 155704.634 Thread 0x00007f905c008000 nmethod 7537 0x000000011468fe90 code [0x0000000114690040, 0x0000000114690708]
Event: 155704.634 Thread 0x00007f905c008000 7542       4       java.util.TreeMap::put (247 bytes)
Event: 155704.639 Thread 0x00007f905f008000 7543       3       ij.IJ::showProgress (40 bytes)
Event: 155704.639 Thread 0x00007f905f008000 nmethod 7543 0x000000011468f7d0 code [0x000000011468f960, 0x000000011468fce8]
Event: 155704.647 Thread 0x00007f905f008000 7544       3       ij.IJ::escapePressed (4 bytes)
Event: 155704.647 Thread 0x00007f905f008000 nmethod 7544 0x000000011466dfd0 code [0x000000011466e120, 0x000000011466e270]
Event: 155704.651 Thread 0x00007f905f008000 7545       3       javax.swing.SwingUtilities::computeUnion (149 bytes)
Event: 155704.651 Thread 0x00007f905f008000 nmethod 7545 0x000000011467e990 code [0x000000011467eb00, 0x000000011467edb0]

GC Heap History (10 events):
Event: 40.401 GC heap before
{Heap before GC invocations=10 (full 2):
 PSYoungGen      total 294912K, used 262144K [0x00000007a4f00000, 0x00000007c3d80000, 0x0000000ae6400000)
  eden space 262144K, 100% used [0x00000007a4f00000,0x00000007b4f00000,0x00000007b4f00000)
  from space 32768K, 0% used [0x00000007b4f00000,0x00000007b4f00000,0x00000007b6f00000)
  to   space 31744K, 0% used [0x00000007c1e80000,0x00000007c1e80000,0x00000007c3d80000)
 ParOldGen       total 183296K, used 24359K [0x0000000122400000, 0x000000012d700000, 0x00000007a4f00000)
  object space 183296K, 13% used [0x0000000122400000,0x0000000123bc9e38,0x000000012d700000)
 Metaspace       used 53418K, capacity 56332K, committed 56576K, reserved 57344K
Event: 40.422 GC heap after
Heap after GC invocations=10 (full 2):
 PSYoungGen      total 371712K, used 31735K [0x00000007a4f00000, 0x00000007c3d80000, 0x0000000ae6400000)
  eden space 339968K, 0% used [0x00000007a4f00000,0x00000007a4f00000,0x00000007b9b00000)
  from space 31744K, 99% used [0x00000007c1e80000,0x00000007c3d7dec8,0x00000007c3d80000)
  to   space 36352K, 0% used [0x00000007bf680000,0x00000007bf680000,0x00000007c1a00000)
 ParOldGen       total 183296K, used 24676K [0x0000000122400000, 0x000000012d700000, 0x00000007a4f00000)
  object space 183296K, 13% used [0x0000000122400000,0x0000000123c19320,0x000000012d700000)
 Metaspace       used 53418K, capacity 56332K, committed 56576K, reserved 57344K
}
Event: 345.022 GC heap before
{Heap before GC invocations=11 (full 2):
 PSYoungGen      total 371712K, used 371703K [0x00000007a4f00000, 0x00000007c3d80000, 0x0000000ae6400000)
  eden space 339968K, 100% used [0x00000007a4f00000,0x00000007b9b00000,0x00000007b9b00000)
  from space 31744K, 99% used [0x00000007c1e80000,0x00000007c3d7dec8,0x00000007c3d80000)
  to   space 36352K, 0% used [0x00000007bf680000,0x00000007bf680000,0x00000007c1a00000)
 ParOldGen       total 183296K, used 24676K [0x0000000122400000, 0x000000012d700000, 0x00000007a4f00000)
  object space 183296K, 13% used [0x0000000122400000,0x0000000123c19320,0x000000012d700000)
 Metaspace       used 53424K, capacity 56396K, committed 56576K, reserved 57344K
Event: 345.038 GC heap after
Heap after GC invocations=11 (full 2):
 PSYoungGen      total 412160K, used 22665K [0x00000007a4f00000, 0x00000007c1f00000, 0x0000000ae6400000)
  eden space 389120K, 0% used [0x00000007a4f00000,0x00000007a4f00000,0x00000007bcb00000)
  from space 23040K, 98% used [0x00000007bf680000,0x00000007c0ca2590,0x00000007c0d00000)
  to   space 18432K, 0% used [0x00000007c0d00000,0x00000007c0d00000,0x00000007c1f00000)
 ParOldGen       total 183296K, used 24684K [0x0000000122400000, 0x000000012d700000, 0x00000007a4f00000)
  object space 183296K, 13% used [0x0000000122400000,0x0000000123c1b320,0x000000012d700000)
 Metaspace       used 53424K, capacity 56396K, committed 56576K, reserved 57344K
}
Event: 1796.522 GC heap before
{Heap before GC invocations=12 (full 2):
 PSYoungGen      total 412160K, used 411785K [0x00000007a4f00000, 0x00000007c1f00000, 0x0000000ae6400000)
  eden space 389120K, 100% used [0x00000007a4f00000,0x00000007bcb00000,0x00000007bcb00000)
  from space 23040K, 98% used [0x00000007bf680000,0x00000007c0ca2590,0x00000007c0d00000)
  to   space 18432K, 0% used [0x00000007c0d00000,0x00000007c0d00000,0x00000007c1f00000)
 ParOldGen       total 183296K, used 24684K [0x0000000122400000, 0x000000012d700000, 0x00000007a4f00000)
  object space 183296K, 13% used [0x0000000122400000,0x0000000123c1b320,0x000000012d700000)
 Metaspace       used 55039K, capacity 57942K, committed 58112K, reserved 59392K
Event: 1796.535 GC heap after
Heap after GC invocations=12 (full 2):
 PSYoungGen      total 393216K, used 18415K [0x00000007a4f00000, 0x00000007c1f00000, 0x0000000ae6400000)
  eden space 374784K, 0% used [0x00000007a4f00000,0x00000007a4f00000,0x00000007bbd00000)
  from space 18432K, 99% used [0x00000007c0d00000,0x00000007c1efbd88,0x00000007c1f00000)
  to   space 39424K, 0% used [0x00000007bd200000,0x00000007bd200000,0x00000007bf880000)
 ParOldGen       total 183296K, used 38368K [0x0000000122400000, 0x000000012d700000, 0x00000007a4f00000)
  object space 183296K, 20% used [0x0000000122400000,0x00000001249782c8,0x000000012d700000)
 Metaspace       used 55039K, capacity 57942K, committed 58112K, reserved 59392K
}
Event: 155704.286 GC heap before
{Heap before GC invocations=13 (full 2):
 PSYoungGen      total 393216K, used 136715K [0x00000007a4f00000, 0x00000007c1f00000, 0x0000000ae6400000)
  eden space 374784K, 31% used [0x00000007a4f00000,0x00000007ac2870f8,0x00000007bbd00000)
  from space 18432K, 99% used [0x00000007c0d00000,0x00000007c1efbd88,0x00000007c1f00000)
  to   space 39424K, 0% used [0x00000007bd200000,0x00000007bd200000,0x00000007bf880000)
 ParOldGen       total 183296K, used 38368K [0x0000000122400000, 0x000000012d700000, 0x00000007a4f00000)
  object space 183296K, 20% used [0x0000000122400000,0x00000001249782c8,0x000000012d700000)
 Metaspace       used 56000K, capacity 58936K, committed 59028K, reserved 59392K
Event: 155704.418 GC heap after
Heap after GC invocations=13 (full 2):
 PSYoungGen      total 387072K, used 25340K [0x00000007a4f00000, 0x00000007c0d80000, 0x0000000ae6400000)
  eden space 361472K, 0% used [0x00000007a4f00000,0x00000007a4f00000,0x00000007bb000000)
  from space 25600K, 98% used [0x00000007bd200000,0x00000007beabf398,0x00000007beb00000)
  to   space 35328K, 0% used [0x00000007beb00000,0x00000007beb00000,0x00000007c0d80000)
 ParOldGen       total 183296K, used 50280K [0x0000000122400000, 0x000000012d700000, 0x00000007a4f00000)
  object space 183296K, 27% used [0x0000000122400000,0x000000012551a2a0,0x000000012d700000)
 Metaspace       used 56000K, capacity 58936K, committed 59028K, reserved 59392K
}
Event: 155704.418 GC heap before
{Heap before GC invocations=14 (full 3):
 PSYoungGen      total 387072K, used 25340K [0x00000007a4f00000, 0x00000007c0d80000, 0x0000000ae6400000)
  eden space 361472K, 0% used [0x00000007a4f00000,0x00000007a4f00000,0x00000007bb000000)
  from space 25600K, 98% used [0x00000007bd200000,0x00000007beabf398,0x00000007beb00000)
  to   space 35328K, 0% used [0x00000007beb00000,0x00000007beb00000,0x00000007c0d80000)
 ParOldGen       total 183296K, used 50280K [0x0000000122400000, 0x000000012d700000, 0x00000007a4f00000)
  object space 183296K, 27% used [0x0000000122400000,0x000000012551a2a0,0x000000012d700000)
 Metaspace       used 56000K, capacity 58936K, committed 59028K, reserved 59392K
Event: 155704.624 GC heap after
Heap after GC invocations=14 (full 3):
 PSYoungGen      total 387072K, used 0K [0x00000007a4f00000, 0x00000007c0d80000, 0x0000000ae6400000)
  eden space 361472K, 0% used [0x00000007a4f00000,0x00000007a4f00000,0x00000007bb000000)
  from space 25600K, 0% used [0x00000007bd200000,0x00000007bd200000,0x00000007beb00000)
  to   space 35328K, 0% used [0x00000007beb00000,0x00000007beb00000,0x00000007c0d80000)
 ParOldGen       total 268800K, used 42482K [0x0000000122400000, 0x0000000132a80000, 0x00000007a4f00000)
  object space 268800K, 15% used [0x0000000122400000,0x0000000124d7caf0,0x0000000132a80000)
 Metaspace       used 55451K, capacity 57398K, committed 59028K, reserved 59392K
}

Deoptimization events (10 events):
Event: 74900.366 Thread 0x00007f9061841800 Uncommon trap: reason=unstable_if action=reinterpret pc=0x0000000113ec137c method=sun.java2d.pipe.BufferedContext.validate(Lsun/java2d/pipe/hw/AccelSurface;Lsun/java2d/pipe/hw/AccelSurface;Lsun/java2d/pipe/Region;Ljava/awt/Composite;Ljava/awt/geom/AffineT
Event: 74900.366 Thread 0x00007f9061841800 Uncommon trap: reason=unstable_if action=reinterpret pc=0x0000000114201a2c method=sun.java2d.opengl.OGLBlitLoops.createPackedParams(ZZZZII)I @ 36
Event: 74900.367 Thread 0x00007f9061841800 Uncommon trap: reason=unstable_if action=reinterpret pc=0x00000001140c9800 method=sun.java2d.pipe.Region.getIntersectionXYXY(IIII)Lsun/java2d/pipe/Region; @ 23
Event: 74903.483 Thread 0x00007f9061841800 Uncommon trap: reason=unstable_if action=reinterpret pc=0x000000011446ea60 method=java.awt.Toolkit$SelectiveAWTEventListener.eventDispatched(Ljava/awt/AWTEvent;)V @ 230
Event: 74908.413 Thread 0x00007f9061841800 Uncommon trap: reason=unstable_if action=reinterpret pc=0x000000011375cbc4 method=com.apple.laf.AquaButtonUI.layoutAndGetText(Ljava/awt/Graphics;Ljavax/swing/AbstractButton;Lcom/apple/laf/AquaButtonBorder;Ljava/awt/Insets;Ljava/awt/Rectangle;Ljava/awt/Rec
Event: 74910.507 Thread 0x00007f9061841800 Uncommon trap: reason=unstable_if action=reinterpret pc=0x00000001144ba938 method=sun.java2d.SurfaceDataProxy.flush()V @ 18
Event: 74910.623 Thread 0x00007f9061841800 Uncommon trap: reason=bimorphic action=maybe_recompile pc=0x00000001141989b0 method=java.util.HashMap.removeNode(ILjava/lang/Object;Ljava/lang/Object;ZZ)Ljava/util/HashMap$Node; @ 68
Event: 88804.026 Thread 0x00007f9061841800 Uncommon trap: reason=unstable_if action=reinterpret pc=0x000000011456ac74 method=sun.java2d.SunGraphics2D.getResolutionVariant(Lsun/awt/image/MultiResolutionImage;IIIIIIIIII)Ljava/awt/Image; @ 64
Event: 88804.026 Thread 0x00007f9061841800 Uncommon trap: reason=unstable_if action=reinterpret pc=0x00000001144d2c40 method=sun.java2d.pipe.DrawImage.scaleImage(Lsun/java2d/SunGraphics2D;Ljava/awt/Image;IIIIIIIILjava/awt/Color;)Z @ 178
Event: 88804.037 Thread 0x00007f9061841800 Uncommon trap: reason=unstable_if action=reinterpret pc=0x00000001144c1f60 method=sun.java2d.StateTrackableDelegate.getStateTracker()Lsun/java2d/StateTracker; @ 6

Internal exceptions (10 events):
Event: 1786.030 Thread 0x00007f905becc000 Implicit null exception at 0x000000011407bcbf to 0x000000011407bd3d
Event: 1786.133 Thread 0x00007f9061841800 Implicit null exception at 0x000000011427f7ed to 0x0000000114280ae9
Event: 1789.407 Thread 0x00007f905becc000 Implicit null exception at 0x00000001141f076b to 0x00000001141f0935
Event: 1789.534 Thread 0x00007f905becc000 Exception <a 'java/lang/ClassCastException': java.awt.MenuItem cannot be cast to java.awt.CheckboxMenuItem> (0x00000007bbcfde00) thrown at [/HUDSON3/workspace/8-2-build-macosx-x86_64/jdk8u66/4988/hotspot/src/share/vm/interpreter/interpreterRuntime.cpp, li
Event: 1792.661 Thread 0x00007f9061841800 Implicit null exception at 0x0000000113edd347 to 0x0000000113edf185
Event: 1792.662 Thread 0x00007f9061841800 Implicit null exception at 0x0000000113ee31c1 to 0x0000000113ee334d
Event: 1811.264 Thread 0x00007f90604bb000 Exception <a 'java/lang/ClassCastException': java.awt.MenuItem cannot be cast to java.awt.CheckboxMenuItem> (0x00000007a8198bb0) thrown at [/HUDSON3/workspace/8-2-build-macosx-x86_64/jdk8u66/4988/hotspot/src/share/vm/interpreter/interpreterRuntime.cpp, li
Event: 16987.945 Thread 0x00007f906181c000 Implicit null exception at 0x00000001141c1e3c to 0x00000001141c1f91
Event: 74900.334 Thread 0x00007f90616cd800 Exception <a 'java/lang/ClassCastException': java.awt.MenuItem cannot be cast to java.awt.CheckboxMenuItem> (0x00000007a8d79ec0) thrown at [/HUDSON3/workspace/8-2-build-macosx-x86_64/jdk8u66/4988/hotspot/src/share/vm/interpreter/interpreterRuntime.cpp, li
Event: 75639.686 Thread 0x00007f90613f7000 Exception <a 'java/lang/ClassCastException': java.awt.MenuItem cannot be cast to java.awt.CheckboxMenuItem> (0x00000007aa6d0370) thrown at [/HUDSON3/workspace/8-2-build-macosx-x86_64/jdk8u66/4988/hotspot/src/share/vm/interpreter/interpreterRuntime.cpp, li

Events (10 events):
Event: 155704.632 Executing VM operation: RevokeBias
Event: 155704.632 Executing VM operation: RevokeBias done
Event: 155704.632 Executing VM operation: RevokeBias
Event: 155704.633 Executing VM operation: RevokeBias done
Event: 155704.633 Executing VM operation: RevokeBias
Event: 155704.633 Executing VM operation: RevokeBias done
Event: 155704.633 Executing VM operation: RevokeBias
Event: 155704.633 Executing VM operation: RevokeBias done
Event: 155704.634 Executing VM operation: RevokeBias
Event: 155704.634 Executing VM operation: RevokeBias done


Dynamic libraries:
0x0000000007800000 	/System/Library/Frameworks/CoreFoundation.framework/Versions/A/CoreFoundation
0x0000000007800000 	/System/Library/Frameworks/ApplicationServices.framework/Versions/A/ApplicationServices
0x0000000007800000 	/usr/lib/libSystem.B.dylib
0x0000000007800000 	/System/Library/Frameworks/CoreServices.framework/Versions/A/CoreServices
0x0000000007800000 	/usr/lib/libobjc.A.dylib
0x0000000007800000 	/usr/lib/libfakelink.dylib
0x0000000007800000 	/usr/lib/libDiagnosticMessagesClient.dylib
0x0000000007800000 	/usr/lib/libicucore.A.dylib
0x0000000007800000 	/usr/lib/libz.1.dylib
0x0000000007800000 	/usr/lib/libc++abi.dylib
0x0000000007800000 	/usr/lib/libc++.1.dylib
0x0000000007800000 	/usr/lib/system/libcache.dylib
0x0000000007800000 	/usr/lib/system/libcommonCrypto.dylib
0x0000000007800000 	/usr/lib/system/libcompiler_rt.dylib
0x0000000007800000 	/usr/lib/system/libcopyfile.dylib
0x0000000007800000 	/usr/lib/system/libcorecrypto.dylib
0x0000000007800000 	/usr/lib/system/libdispatch.dylib
0x0000000007800000 	/usr/lib/system/libdyld.dylib
0x0000000007800000 	/usr/lib/system/libkeymgr.dylib
0x0000000007800000 	/usr/lib/system/liblaunch.dylib
0x0000000007800000 	/usr/lib/system/libmacho.dylib
0x0000000007800000 	/usr/lib/system/libquarantine.dylib
0x0000000007800000 	/usr/lib/system/libremovefile.dylib
0x0000000007800000 	/usr/lib/system/libsystem_asl.dylib
0x0000000007800000 	/usr/lib/system/libsystem_blocks.dylib
0x0000000007800000 	/usr/lib/system/libsystem_c.dylib
0x0000000007800000 	/usr/lib/system/libsystem_configuration.dylib
0x0000000007800000 	/usr/lib/system/libsystem_coreservices.dylib
0x0000000007800000 	/usr/lib/system/libsystem_darwin.dylib
0x0000000007800000 	/usr/lib/system/libsystem_dnssd.dylib
0x0000000007800000 	/usr/lib/system/libsystem_featureflags.dylib
0x0000000007800000 	/usr/lib/system/libsystem_info.dylib
0x0000000007800000 	/usr/lib/system/libsystem_m.dylib
0x0000000007800000 	/usr/lib/system/libsystem_malloc.dylib
0x0000000007800000 	/usr/lib/system/libsystem_networkextension.dylib
0x0000000007800000 	/usr/lib/system/libsystem_notify.dylib
0x0000000007800000 	/usr/lib/system/libsystem_sandbox.dylib
0x0000000007800000 	/usr/lib/system/libsystem_secinit.dylib
0x0000000007800000 	/usr/lib/system/libsystem_kernel.dylib
0x0000000007800000 	/usr/lib/system/libsystem_platform.dylib
0x0000000007800000 	/usr/lib/system/libsystem_pthread.dylib
0x0000000007800000 	/usr/lib/system/libsystem_symptoms.dylib
0x0000000007800000 	/usr/lib/system/libsystem_trace.dylib
0x0000000007800000 	/usr/lib/system/libunwind.dylib
0x0000000007800000 	/usr/lib/system/libxpc.dylib
0x0000000007800000 	/System/Library/Frameworks/CoreGraphics.framework/Versions/A/CoreGraphics
0x0000000007800000 	/System/Library/Frameworks/CoreText.framework/Versions/A/CoreText
0x0000000007800000 	/System/Library/Frameworks/ImageIO.framework/Versions/A/ImageIO
0x0000000007800000 	/System/Library/Frameworks/ColorSync.framework/Versions/A/ColorSync
0x0000000007800000 	/System/Library/Frameworks/ApplicationServices.framework/Versions/A/Frameworks/ATS.framework/Versions/A/ATS
0x0000000007800000 	/System/Library/Frameworks/ApplicationServices.framework/Versions/A/Frameworks/ColorSyncLegacy.framework/Versions/A/ColorSyncLegacy
0x0000000007800000 	/System/Library/Frameworks/ApplicationServices.framework/Versions/A/Frameworks/HIServices.framework/Versions/A/HIServices
0x0000000007800000 	/System/Library/Frameworks/ApplicationServices.framework/Versions/A/Frameworks/LangAnalysis.framework/Versions/A/LangAnalysis
0x0000000007800000 	/System/Library/Frameworks/ApplicationServices.framework/Versions/A/Frameworks/PrintCore.framework/Versions/A/PrintCore
0x0000000007800000 	/System/Library/Frameworks/ApplicationServices.framework/Versions/A/Frameworks/QD.framework/Versions/A/QD
0x0000000007800000 	/System/Library/Frameworks/ApplicationServices.framework/Versions/A/Frameworks/SpeechSynthesis.framework/Versions/A/SpeechSynthesis
0x0000000007800000 	/System/Library/PrivateFrameworks/SkyLight.framework/Versions/A/SkyLight
0x0000000007800000 	/System/Library/PrivateFrameworks/FontServices.framework/libFontParser.dylib
0x0000000007800000 	/System/Library/Frameworks/Accelerate.framework/Versions/A/Accelerate
0x0000000007800000 	/System/Library/Frameworks/IOSurface.framework/Versions/A/IOSurface
0x0000000007800000 	/usr/lib/libxml2.2.dylib
0x0000000007800000 	/System/Library/Frameworks/CFNetwork.framework/Versions/A/CFNetwork
0x0000000007800000 	/System/Library/Frameworks/Foundation.framework/Versions/C/Foundation
0x0000000007800000 	/System/Library/PrivateFrameworks/WatchdogClient.framework/Versions/A/WatchdogClient
0x0000000007800000 	/usr/lib/libcompression.dylib
0x0000000007800000 	/System/Library/Frameworks/SystemConfiguration.framework/Versions/A/SystemConfiguration
0x0000000007800000 	/System/Library/Frameworks/CoreDisplay.framework/Versions/A/CoreDisplay
0x0000000007800000 	/System/Library/PrivateFrameworks/IOAccelerator.framework/Versions/A/IOAccelerator
0x0000000007800000 	/System/Library/Frameworks/IOKit.framework/Versions/A/IOKit
0x0000000007800000 	/System/Library/Frameworks/Metal.framework/Versions/A/Metal
0x0000000007800000 	/System/Library/Frameworks/MetalPerformanceShaders.framework/Versions/A/MetalPerformanceShaders
0x0000000007800000 	/System/Library/PrivateFrameworks/MultitouchSupport.framework/Versions/A/MultitouchSupport
0x0000000007800000 	/System/Library/Frameworks/Security.framework/Versions/A/Security
0x0000000007800000 	/System/Library/Frameworks/QuartzCore.framework/Versions/A/QuartzCore
0x0000000007800000 	/usr/lib/libbsm.0.dylib
0x0000000007800000 	/usr/lib/liblzma.5.dylib
0x0000000007800000 	/usr/lib/libauto.dylib
0x0000000007800000 	/System/Library/Frameworks/DiskArbitration.framework/Versions/A/DiskArbitration
0x0000000007800000 	/usr/lib/libarchive.2.dylib
0x0000000007800000 	/usr/lib/liblangid.dylib
0x0000000007800000 	/usr/lib/libCRFSuite.dylib
0x0000000007800000 	/usr/lib/libenergytrace.dylib
0x0000000007800000 	/usr/lib/system/libkxld.dylib
0x0000000007800000 	/System/Library/PrivateFrameworks/AppleFSCompression.framework/Versions/A/AppleFSCompression
0x0000000007800000 	/usr/lib/libcoretls.dylib
0x0000000007800000 	/usr/lib/libcoretls_cfhelpers.dylib
0x0000000007800000 	/usr/lib/libpam.2.dylib
0x0000000007800000 	/usr/lib/libsqlite3.dylib
0x0000000007800000 	/usr/lib/libxar.1.dylib
0x0000000007800000 	/usr/lib/libbz2.1.0.dylib
0x0000000007800000 	/usr/lib/libiconv.2.dylib
0x0000000007800000 	/usr/lib/libcharset.1.dylib
0x0000000007800000 	/usr/lib/libnetwork.dylib
0x0000000007800000 	/usr/lib/libpcap.A.dylib
0x0000000007800000 	/usr/lib/libapple_nghttp2.dylib
0x0000000007800000 	/System/Library/Frameworks/CoreServices.framework/Versions/A/Frameworks/FSEvents.framework/Versions/A/FSEvents
0x0000000007800000 	/System/Library/Frameworks/CoreServices.framework/Versions/A/Frameworks/CarbonCore.framework/Versions/A/CarbonCore
0x0000000007800000 	/System/Library/Frameworks/CoreServices.framework/Versions/A/Frameworks/Metadata.framework/Versions/A/Metadata
0x0000000007800000 	/System/Library/Frameworks/CoreServices.framework/Versions/A/Frameworks/OSServices.framework/Versions/A/OSServices
0x0000000007800000 	/System/Library/Frameworks/CoreServices.framework/Versions/A/Frameworks/SearchKit.framework/Versions/A/SearchKit
0x0000000007800000 	/System/Library/Frameworks/CoreServices.framework/Versions/A/Frameworks/AE.framework/Versions/A/AE
0x0000000007800000 	/System/Library/Frameworks/CoreServices.framework/Versions/A/Frameworks/LaunchServices.framework/Versions/A/LaunchServices
0x0000000007800000 	/System/Library/Frameworks/CoreServices.framework/Versions/A/Frameworks/DictionaryServices.framework/Versions/A/DictionaryServices
0x0000000007800000 	/System/Library/Frameworks/CoreServices.framework/Versions/A/Frameworks/SharedFileList.framework/Versions/A/SharedFileList
0x0000000007800000 	/System/Library/Frameworks/NetFS.framework/Versions/A/NetFS
0x0000000007800000 	/System/Library/PrivateFrameworks/NetAuth.framework/Versions/A/NetAuth
0x0000000007800000 	/System/Library/PrivateFrameworks/login.framework/Versions/A/Frameworks/loginsupport.framework/Versions/A/loginsupport
0x0000000007800000 	/System/Library/PrivateFrameworks/TCC.framework/Versions/A/TCC
0x0000000007800000 	/System/Library/PrivateFrameworks/CoreNLP.framework/Versions/A/CoreNLP
0x0000000007800000 	/System/Library/PrivateFrameworks/MetadataUtilities.framework/Versions/A/MetadataUtilities
0x0000000007800000 	/usr/lib/libmecabra.dylib
0x0000000007800000 	/usr/lib/libmecab.dylib
0x0000000007800000 	/usr/lib/libgermantok.dylib
0x0000000007800000 	/usr/lib/libThaiTokenizer.dylib
0x0000000007800000 	/usr/lib/libChineseTokenizer.dylib
0x0000000007800000 	/System/Library/Frameworks/Accelerate.framework/Versions/A/Frameworks/vImage.framework/Versions/A/vImage
0x0000000007800000 	/System/Library/Frameworks/Accelerate.framework/Versions/A/Frameworks/vecLib.framework/Versions/A/vecLib
0x0000000007800000 	/System/Library/Frameworks/Accelerate.framework/Versions/A/Frameworks/vecLib.framework/Versions/A/libvMisc.dylib
0x0000000007800000 	/System/Library/Frameworks/Accelerate.framework/Versions/A/Frameworks/vecLib.framework/Versions/A/libvDSP.dylib
0x0000000007800000 	/System/Library/Frameworks/Accelerate.framework/Versions/A/Frameworks/vecLib.framework/Versions/A/libBLAS.dylib
0x0000000007800000 	/System/Library/Frameworks/Accelerate.framework/Versions/A/Frameworks/vecLib.framework/Versions/A/libLAPACK.dylib
0x0000000007800000 	/System/Library/Frameworks/Accelerate.framework/Versions/A/Frameworks/vecLib.framework/Versions/A/libLinearAlgebra.dylib
0x0000000007800000 	/System/Library/Frameworks/Accelerate.framework/Versions/A/Frameworks/vecLib.framework/Versions/A/libSparseBLAS.dylib
0x0000000007800000 	/System/Library/Frameworks/Accelerate.framework/Versions/A/Frameworks/vecLib.framework/Versions/A/libQuadrature.dylib
0x0000000007800000 	/System/Library/Frameworks/Accelerate.framework/Versions/A/Frameworks/vecLib.framework/Versions/A/libBNNS.dylib
0x0000000007800000 	/System/Library/Frameworks/Accelerate.framework/Versions/A/Frameworks/vecLib.framework/Versions/A/libSparse.dylib
0x0000000007800000 	/System/Library/PrivateFrameworks/LanguageModeling.framework/Versions/A/LanguageModeling
0x0000000007800000 	/System/Library/PrivateFrameworks/CoreEmoji.framework/Versions/A/CoreEmoji
0x0000000007800000 	/System/Library/PrivateFrameworks/LinguisticData.framework/Versions/A/LinguisticData
0x0000000007800000 	/System/Library/PrivateFrameworks/Lexicon.framework/Versions/A/Lexicon
0x0000000007800000 	/usr/lib/libcmph.dylib
0x0000000007800000 	/System/Library/Frameworks/OpenDirectory.framework/Versions/A/Frameworks/CFOpenDirectory.framework/Versions/A/CFOpenDirectory
0x0000000007800000 	/System/Library/Frameworks/OpenDirectory.framework/Versions/A/OpenDirectory
0x0000000007800000 	/System/Library/PrivateFrameworks/APFS.framework/Versions/A/APFS
0x0000000007800000 	/System/Library/Frameworks/SecurityFoundation.framework/Versions/A/SecurityFoundation
0x0000000007800000 	/usr/lib/libutil.dylib
0x0000000007800000 	/System/Library/PrivateFrameworks/CoreServicesStore.framework/Versions/A/CoreServicesStore
0x0000000007800000 	/System/Library/Frameworks/ServiceManagement.framework/Versions/A/ServiceManagement
0x0000000007800000 	/System/Library/PrivateFrameworks/BackgroundTaskManagement.framework/Versions/A/BackgroundTaskManagement
0x0000000007800000 	/usr/lib/libxslt.1.dylib
0x0000000007800000 	/System/Library/PrivateFrameworks/GPUWrangler.framework/Versions/A/GPUWrangler
0x0000000007800000 	/System/Library/PrivateFrameworks/IOPresentment.framework/Versions/A/IOPresentment
0x0000000007800000 	/System/Library/PrivateFrameworks/DSExternalDisplay.framework/Versions/A/DSExternalDisplay
0x0000000007800000 	/System/Library/Frameworks/OpenGL.framework/Versions/A/Libraries/libCoreFSCache.dylib
0x0000000007800000 	/System/Library/Frameworks/MetalPerformanceShaders.framework/Frameworks/MPSCore.framework/Versions/A/MPSCore
0x0000000007800000 	/System/Library/Frameworks/MetalPerformanceShaders.framework/Frameworks/MPSImage.framework/Versions/A/MPSImage
0x0000000007800000 	/System/Library/Frameworks/MetalPerformanceShaders.framework/Frameworks/MPSNeuralNetwork.framework/Versions/A/MPSNeuralNetwork
0x0000000007800000 	/System/Library/Frameworks/MetalPerformanceShaders.framework/Frameworks/MPSMatrix.framework/Versions/A/MPSMatrix
0x0000000007800000 	/System/Library/Frameworks/MetalPerformanceShaders.framework/Frameworks/MPSRayIntersector.framework/Versions/A/MPSRayIntersector
0x0000000007800000 	/System/Library/Frameworks/MetalPerformanceShaders.framework/Frameworks/MPSNDArray.framework/Versions/A/MPSNDArray
0x0000000007800000 	/System/Library/PrivateFrameworks/MetalTools.framework/Versions/A/MetalTools
0x0000000007800000 	/System/Library/PrivateFrameworks/AggregateDictionary.framework/Versions/A/AggregateDictionary
0x0000000007800000 	/System/Library/PrivateFrameworks/CoreAnalytics.framework/Versions/A/CoreAnalytics
0x0000000007800000 	/System/Library/PrivateFrameworks/AppleSauce.framework/Versions/A/AppleSauce
0x0000000007800000 	/usr/lib/libMobileGestalt.dylib
0x0000000007800000 	/System/Library/PrivateFrameworks/AppleSystemInfo.framework/Versions/A/AppleSystemInfo
0x0000000007800000 	/usr/lib/libIOReport.dylib
0x0000000007800000 	/System/Library/Frameworks/CoreImage.framework/Versions/A/CoreImage
0x0000000007800000 	/System/Library/Frameworks/CoreVideo.framework/Versions/A/CoreVideo
0x0000000007800000 	/System/Library/Frameworks/OpenGL.framework/Versions/A/OpenGL
0x0000000007800000 	/System/Library/PrivateFrameworks/GraphVisualizer.framework/Versions/A/GraphVisualizer
0x0000000007800000 	/System/Library/PrivateFrameworks/FaceCore.framework/Versions/A/FaceCore
0x0000000007800000 	/System/Library/Frameworks/OpenCL.framework/Versions/A/OpenCL
0x0000000007800000 	/usr/lib/libFosl_dynamic.dylib
0x0000000007800000 	/System/Library/PrivateFrameworks/OTSVG.framework/Versions/A/OTSVG
0x0000000007800000 	/System/Library/Frameworks/ApplicationServices.framework/Versions/A/Frameworks/ATS.framework/Versions/A/Resources/libFontRegistry.dylib
0x0000000007800000 	/usr/lib/libate.dylib
0x0000000007800000 	/System/Library/Frameworks/ImageIO.framework/Versions/A/Resources/libJPEG.dylib
0x0000000007800000 	/System/Library/Frameworks/ImageIO.framework/Versions/A/Resources/libTIFF.dylib
0x0000000007800000 	/System/Library/Frameworks/ImageIO.framework/Versions/A/Resources/libPng.dylib
0x0000000007800000 	/System/Library/Frameworks/ImageIO.framework/Versions/A/Resources/libGIF.dylib
0x0000000007800000 	/System/Library/Frameworks/ImageIO.framework/Versions/A/Resources/libJP2.dylib
0x0000000007800000 	/System/Library/Frameworks/ImageIO.framework/Versions/A/Resources/libRadiance.dylib
0x0000000007800000 	/usr/lib/libexpat.1.dylib
0x0000000007800000 	/System/Library/PrivateFrameworks/AppleJPEG.framework/Versions/A/AppleJPEG
0x0000000007800000 	/System/Library/PrivateFrameworks/FontServices.framework/libhvf.dylib
0x0000000007800000 	/System/Library/Frameworks/OpenGL.framework/Versions/A/Libraries/libGFXShared.dylib
0x0000000007800000 	/System/Library/Frameworks/OpenGL.framework/Versions/A/Libraries/libGLU.dylib
0x0000000007800000 	/System/Library/Frameworks/OpenGL.framework/Versions/A/Libraries/libGL.dylib
0x0000000007800000 	/System/Library/Frameworks/OpenGL.framework/Versions/A/Libraries/libGLImage.dylib
0x0000000007800000 	/System/Library/Frameworks/OpenGL.framework/Versions/A/Libraries/libCVMSPluginSupport.dylib
0x0000000007800000 	/System/Library/Frameworks/OpenGL.framework/Versions/A/Libraries/libCoreVMClient.dylib
0x0000000007800000 	/usr/lib/libncurses.5.4.dylib
0x0000000007800000 	/System/Library/Frameworks/ApplicationServices.framework/Versions/A/Frameworks/ATSUI.framework/Versions/A/ATSUI
0x0000000007800000 	/usr/lib/libcups.2.dylib
0x0000000007800000 	/System/Library/Frameworks/Kerberos.framework/Versions/A/Kerberos
0x0000000007800000 	/System/Library/Frameworks/GSS.framework/Versions/A/GSS
0x0000000007800000 	/usr/lib/libresolv.9.dylib
0x0000000007800000 	/System/Library/PrivateFrameworks/Heimdal.framework/Versions/A/Heimdal
0x0000000007800000 	/System/Library/Frameworks/Kerberos.framework/Versions/A/Libraries/libHeimdalProxy.dylib
0x0000000007800000 	/usr/lib/libheimdal-asn1.dylib
0x0000000007800000 	/System/Library/PrivateFrameworks/CommonAuth.framework/Versions/A/CommonAuth
0x0000000007800000 	/System/Library/Frameworks/CoreAudio.framework/Versions/A/CoreAudio
0x0000000007800000 	/System/Library/Frameworks/AudioToolbox.framework/Versions/A/AudioToolbox
0x0000000007800000 	/System/Library/PrivateFrameworks/AssertionServices.framework/Versions/A/AssertionServices
0x0000000007800000 	/System/Library/PrivateFrameworks/AudioToolboxCore.framework/Versions/A/AudioToolboxCore
0x0000000007800000 	/System/Library/PrivateFrameworks/caulk.framework/Versions/A/caulk
0x0000000007800000 	/System/Library/PrivateFrameworks/BaseBoard.framework/Versions/A/BaseBoard
0x0000000007800000 	/System/Library/PrivateFrameworks/RunningBoardServices.framework/Versions/A/RunningBoardServices
0x0000000007800000 	/System/Library/PrivateFrameworks/PersistentConnection.framework/Versions/A/PersistentConnection
0x0000000007800000 	/System/Library/PrivateFrameworks/ProtocolBuffer.framework/Versions/A/ProtocolBuffer
0x0000000007800000 	/System/Library/PrivateFrameworks/CommonUtilities.framework/Versions/A/CommonUtilities
0x0000000007800000 	/System/Library/PrivateFrameworks/Bom.framework/Versions/A/Bom
0x0000000007800000 	/usr/lib/libAudioToolboxUtility.dylib
0x0000000007800000 	/System/Library/PrivateFrameworks/login.framework/Versions/A/login
0x000000010e89e000 	/Applications/Fiji.app/java/macosx/jdk1.8.0_66/jre/Contents/Home/lib/jli/libjli.dylib
0x0000000007800000 	/System/Library/Frameworks/Cocoa.framework/Versions/A/Cocoa
0x0000000007800000 	/System/Library/Frameworks/AppKit.framework/Versions/C/AppKit
0x0000000007800000 	/System/Library/Frameworks/CoreData.framework/Versions/A/CoreData
0x0000000007800000 	/System/Library/PrivateFrameworks/UIFoundation.framework/Versions/A/UIFoundation
0x0000000007800000 	/System/Library/PrivateFrameworks/RemoteViewServices.framework/Versions/A/RemoteViewServices
0x0000000007800000 	/System/Library/PrivateFrameworks/XCTTargetBootstrap.framework/Versions/A/XCTTargetBootstrap
0x0000000007800000 	/System/Library/PrivateFrameworks/DesktopServicesPriv.framework/Versions/A/DesktopServicesPriv
0x0000000007800000 	/System/Library/PrivateFrameworks/CoreSVG.framework/Versions/A/CoreSVG
0x0000000007800000 	/System/Library/PrivateFrameworks/IconServices.framework/Versions/A/IconServices
0x0000000007800000 	/System/Library/PrivateFrameworks/DFRFoundation.framework/Versions/A/DFRFoundation
0x0000000007800000 	/System/Library/Frameworks/AudioUnit.framework/Versions/A/AudioUnit
0x0000000007800000 	/System/Library/PrivateFrameworks/DataDetectorsCore.framework/Versions/A/DataDetectorsCore
0x0000000007800000 	/System/Library/Frameworks/Carbon.framework/Versions/A/Frameworks/HIToolbox.framework/Versions/A/HIToolbox
0x0000000007800000 	/System/Library/Frameworks/Carbon.framework/Versions/A/Frameworks/SpeechRecognition.framework/Versions/A/SpeechRecognition
0x0000000007800000 	/System/Library/PrivateFrameworks/CoreUI.framework/Versions/A/CoreUI
0x0000000007800000 	/System/Library/PrivateFrameworks/PerformanceAnalysis.framework/Versions/A/PerformanceAnalysis
0x0000000007800000 	/System/Library/PrivateFrameworks/TextureIO.framework/Versions/A/TextureIO
0x0000000007800000 	/System/Library/PrivateFrameworks/InternationalSupport.framework/Versions/A/InternationalSupport
0x0000000007800000 	/System/Library/PrivateFrameworks/Backup.framework/Versions/A/Backup
0x0000000007800000 	/System/Library/PrivateFrameworks/CrashReporterSupport.framework/Versions/A/CrashReporterSupport
0x0000000007800000 	/System/Library/PrivateFrameworks/Sharing.framework/Versions/A/Sharing
0x0000000007800000 	/System/Library/PrivateFrameworks/Apple80211.framework/Versions/A/Apple80211
0x0000000007800000 	/System/Library/PrivateFrameworks/AuthKit.framework/Versions/A/AuthKit
0x0000000007800000 	/System/Library/PrivateFrameworks/CoreUtils.framework/Versions/A/CoreUtils
0x0000000007800000 	/System/Library/Frameworks/CoreWLAN.framework/Versions/A/CoreWLAN
0x0000000007800000 	/System/Library/Frameworks/IOBluetooth.framework/Versions/A/IOBluetooth
0x0000000007800000 	/System/Library/PrivateFrameworks/MobileKeyBag.framework/Versions/A/MobileKeyBag
0x0000000007800000 	/System/Library/PrivateFrameworks/CorePhoneNumbers.framework/Versions/A/CorePhoneNumbers
0x0000000007800000 	/System/Library/PrivateFrameworks/AppleIDAuthSupport.framework/Versions/A/AppleIDAuthSupport
0x0000000007800000 	/System/Library/Frameworks/Network.framework/Versions/A/Network
0x0000000007800000 	/System/Library/PrivateFrameworks/KeychainCircle.framework/Versions/A/KeychainCircle
0x0000000007800000 	/System/Library/Frameworks/CoreBluetooth.framework/Versions/A/CoreBluetooth
0x0000000007800000 	/System/Library/PrivateFrameworks/SpeechRecognitionCore.framework/Versions/A/SpeechRecognitionCore
0x000000010fa00000 	/Applications/Fiji.app/java/macosx/jdk1.8.0_66/jre/Contents/Home/lib/server/libjvm.dylib
0x0000000007800000 	/usr/lib/libstdc++.6.dylib
0x000000010e8ae000 	/Applications/Fiji.app/java/macosx/jdk1.8.0_66/jre/Contents/Home/lib/libverify.dylib
0x000000010e8bc000 	/Applications/Fiji.app/java/macosx/jdk1.8.0_66/jre/Contents/Home/lib/libjava.dylib
0x000000010e93b000 	/Applications/Fiji.app/java/macosx/jdk1.8.0_66/jre/Contents/Home/lib/libzip.dylib
0x0000000007800000 	/System/Library/Frameworks/JavaVM.framework/Versions/A/Frameworks/JavaRuntimeSupport.framework/Versions/A/JavaRuntimeSupport
0x0000000007800000 	/System/Library/Frameworks/JavaVM.framework/Versions/A/Frameworks/JavaNativeFoundation.framework/Versions/A/JavaNativeFoundation
0x0000000007800000 	/System/Library/Frameworks/JavaVM.framework/Versions/A/JavaVM
0x0000000007800000 	/System/Library/Frameworks/Carbon.framework/Versions/A/Carbon
0x0000000007800000 	/System/Library/PrivateFrameworks/CoreSymbolication.framework/Versions/A/CoreSymbolication
0x0000000007800000 	/System/Library/PrivateFrameworks/JavaLaunching.framework/Versions/A/JavaLaunching
0x0000000007800000 	/System/Library/Frameworks/Carbon.framework/Versions/A/Frameworks/CommonPanels.framework/Versions/A/CommonPanels
0x0000000007800000 	/System/Library/Frameworks/Carbon.framework/Versions/A/Frameworks/Help.framework/Versions/A/Help
0x0000000007800000 	/System/Library/Frameworks/Carbon.framework/Versions/A/Frameworks/ImageCapture.framework/Versions/A/ImageCapture
0x0000000007800000 	/System/Library/Frameworks/Carbon.framework/Versions/A/Frameworks/OpenScripting.framework/Versions/A/OpenScripting
0x0000000007800000 	/System/Library/Frameworks/Carbon.framework/Versions/A/Frameworks/Ink.framework/Versions/A/Ink
0x0000000007800000 	/System/Library/Frameworks/Carbon.framework/Versions/A/Frameworks/Print.framework/Versions/A/Print
0x0000000007800000 	/System/Library/Frameworks/Carbon.framework/Versions/A/Frameworks/SecurityHI.framework/Versions/A/SecurityHI
0x0000000007800000 	/System/Library/PrivateFrameworks/DebugSymbols.framework/Versions/A/DebugSymbols
0x0000000b4591f000 	/Applications/Fiji.app/java/macosx/jdk1.8.0_66/jre/Contents/Home/lib/libawt.dylib
0x0000000b45a8b000 	/Applications/Fiji.app/java/macosx/jdk1.8.0_66/jre/Contents/Home/lib/libmlib_image.dylib
0x0000000b45d96000 	/Applications/Fiji.app/java/macosx/jdk1.8.0_66/jre/Contents/Home/lib/libawt_lwawt.dylib
0x0000000b4523e000 	/Applications/Fiji.app/java/macosx/jdk1.8.0_66/jre/Contents/Home/lib/libosxapp.dylib
0x0000000007800000 	/System/Library/Frameworks/ExceptionHandling.framework/Versions/A/ExceptionHandling
0x0000000007800000 	/System/Library/PrivateFrameworks/CoreServicesInternal.framework/Versions/A/CoreServicesInternal
0x0000000007800000 	/System/Library/Frameworks/FileProvider.framework/Versions/A/FileProvider
0x0000000007800000 	/System/Library/Frameworks/Accounts.framework/Versions/A/Accounts
0x0000000007800000 	/System/Library/PrivateFrameworks/GenerationalStorage.framework/Versions/A/GenerationalStorage
0x0000000007800000 	/System/Library/PrivateFrameworks/SymptomDiagnosticReporter.framework/Versions/A/SymptomDiagnosticReporter
0x0000000007800000 	/System/Library/PrivateFrameworks/AppContainer.framework/Versions/A/AppContainer
0x0000000007800000 	/usr/lib/libsandbox.1.dylib
0x0000000007800000 	/System/Library/PrivateFrameworks/UserManagement.framework/Versions/A/UserManagement
0x0000000007800000 	/System/Library/PrivateFrameworks/ChunkingLibrary.framework/Versions/A/ChunkingLibrary
0x0000000007800000 	/System/Library/PrivateFrameworks/AppSandbox.framework/Versions/A/AppSandbox
0x0000000007800000 	/System/Library/PrivateFrameworks/SecCodeWrapper.framework/Versions/A/SecCodeWrapper
0x0000000007800000 	/usr/lib/libMatch.1.dylib
0x0000000007800000 	/System/Library/CoreServices/RawCamera.bundle/Contents/MacOS/RawCamera
0x0000000007800000 	/System/Library/PrivateFrameworks/MobileAsset.framework/Versions/A/MobileAsset
0x0000000007800000 	/System/Library/PrivateFrameworks/StreamingZip.framework/Versions/A/StreamingZip
0x0000000007800000 	/System/Library/Frameworks/MediaToolbox.framework/Versions/A/MediaToolbox
0x0000000007800000 	/System/Library/PrivateFrameworks/CoreAVCHD.framework/Versions/A/CoreAVCHD
0x0000000007800000 	/System/Library/Frameworks/MediaAccessibility.framework/Versions/A/MediaAccessibility
0x0000000007800000 	/System/Library/PrivateFrameworks/Mangrove.framework/Versions/A/Mangrove
0x0000000007800000 	/System/Library/Frameworks/CoreMedia.framework/Versions/A/CoreMedia
0x0000000007800000 	/System/Library/PrivateFrameworks/MediaExperience.framework/Versions/A/MediaExperience
0x0000000007800000 	/System/Library/Frameworks/VideoToolbox.framework/Versions/A/VideoToolbox
0x0000000007800000 	/System/Library/PrivateFrameworks/CoreAUC.framework/Versions/A/CoreAUC
0x0000000007800000 	/usr/lib/libspindump.dylib
0x0000000007800000 	/System/Library/PrivateFrameworks/AudioResourceArbitration.framework/Versions/A/AudioResourceArbitration
0x0000000007800000 	/System/Library/PrivateFrameworks/AppleVA.framework/Versions/A/AppleVA
0x0000000007800000 	/System/Library/Frameworks/Accelerate.framework/Versions/A/Frameworks/vImage.framework/Versions/A/Libraries/libCGInterfaces.dylib
0x0000000b441cd000 	/usr/lib/libobjc-trampolines.dylib
0x0000000007800000 	/System/Library/PrivateFrameworks/FontServices.framework/libTrueTypeScaler.dylib
0x0000000007800000 	/System/Library/Extensions/AppleIntelKBLGraphicsMTLDriver.bundle/Contents/MacOS/AppleIntelKBLGraphicsMTLDriver
0x0000000007800000 	/System/Library/Extensions/AMDMTLBronzeDriver.bundle/Contents/MacOS/AMDMTLBronzeDriver
0x0000000007800000 	/System/Library/PrivateFrameworks/IOAccelMemoryInfo.framework/Versions/A/IOAccelMemoryInfo
0x0000000007800000 	/System/Library/PrivateFrameworks/GPUCompiler.framework/Versions/3902/Libraries/libmetal_timestamp.dylib
0x0000000007800000 	/System/Library/PrivateFrameworks/ViewBridge.framework/Versions/A/ViewBridge
0x0000000007800000 	/System/Library/Frameworks/OpenGL.framework/Versions/A/Resources/GLEngine.bundle/GLEngine
0x0000000007800000 	/System/Library/Frameworks/OpenGL.framework/Versions/A/Libraries/libGLProgrammability.dylib
0x0000000007800000 	/System/Library/Extensions/AppleIntelKBLGraphicsGLDriver.bundle/Contents/MacOS/AppleIntelKBLGraphicsGLDriver
0x0000000007800000 	/System/Library/PrivateFrameworks/GPUSupport.framework/Versions/A/Libraries/libGPUSupportMercury.dylib
0x0000000b48cd0000 	/System/Library/Extensions/AMDRadeonX4000GLDriver.bundle/Contents/MacOS/AMDRadeonX4000GLDriver
0x0000000007800000 	/System/Library/Extensions/AMDRadeonX4000GLDriver.bundle/Contents/MacOS/ATIRadeonX4000SCLib.dylib
0x0000000007800000 	/System/Library/Extensions/AMDShared.bundle/Contents/PlugIns/libSC.dylib
0x0000000007800000 	/System/Library/Frameworks/OpenGL.framework/Versions/A/Resources/GLRendererFloat.bundle/GLRendererFloat
0x0000000007800000 	/System/Library/Frameworks/OpenCL.framework/Versions/A/Libraries/libcldcpuengine.dylib
0x0000000007800000 	/usr/lib/libcrypto.35.dylib
0x0000000007800000 	/System/Library/PrivateFrameworks/TrustEvaluationAgent.framework/Versions/A/TrustEvaluationAgent
0x0000000b45112000 	/Applications/Fiji.app/java/macosx/jdk1.8.0_66/jre/Contents/Home/lib/libfontmanager.dylib
0x0000000b441f0000 	/Applications/Fiji.app/java/macosx/jdk1.8.0_66/jre/Contents/Home/lib/libosxui.dylib
0x0000000b44455000 	/Applications/Fiji.app/java/macosx/jdk1.8.0_66/jre/Contents/Home/lib/libosx.dylib
0x0000000b459f7000 	/Applications/Fiji.app/java/macosx/jdk1.8.0_66/jre/Contents/Home/lib/libnet.dylib
0x0000000b4485e000 	/Applications/Fiji.app/java/macosx/jdk1.8.0_66/jre/Contents/Home/lib/libnio.dylib
0x0000000bb7e57000 	/Applications/Fiji.app/java/macosx/jdk1.8.0_66/jre/Contents/Home/lib/libdcpr.dylib
0x0000000007800000 	/usr/lib/libusrtcp.dylib
0x0000000007800000 	/System/Library/PrivateFrameworks/Shortcut.framework/Versions/A/Shortcut
0x0000000007800000 	/System/Library/PrivateFrameworks/HelpData.framework/Versions/A/HelpData
0x0000000007800000 	/System/Library/PrivateFrameworks/SystemAdministration.framework/Versions/A/SystemAdministration
0x0000000007800000 	/System/Library/PrivateFrameworks/DiskManagement.framework/Versions/A/DiskManagement
0x0000000007800000 	/System/Library/Frameworks/DirectoryService.framework/Versions/A/DirectoryService
0x0000000007800000 	/System/Library/PrivateFrameworks/DiskImages.framework/Versions/A/DiskImages
0x0000000007800000 	/System/Library/PrivateFrameworks/LoginUIKit.framework/Versions/A/Frameworks/LoginUICore.framework/Versions/A/LoginUICore
0x0000000007800000 	/usr/lib/libCoreStorage.dylib
0x0000000007800000 	/usr/lib/libcsfde.dylib
0x0000000007800000 	/usr/lib/libodfde.dylib
0x0000000007800000 	/System/Library/PrivateFrameworks/MediaKit.framework/Versions/A/MediaKit
0x0000000007800000 	/System/Library/Frameworks/DiscRecording.framework/Versions/A/DiscRecording
0x0000000007800000 	/System/Library/PrivateFrameworks/EFILogin.framework/Versions/A/EFILogin
0x0000000007800000 	/System/Library/PrivateFrameworks/ProtectedCloudStorage.framework/Versions/A/ProtectedCloudStorage
0x0000000007800000 	/usr/lib/libcurl.4.dylib
0x0000000007800000 	/usr/lib/libcrypto.44.dylib
0x0000000007800000 	/usr/lib/libssl.46.dylib
0x0000000007800000 	/System/Library/Frameworks/LDAP.framework/Versions/A/LDAP
0x0000000007800000 	/usr/lib/libsasl2.2.dylib
0x0000000007800000 	/System/Library/PrivateFrameworks/CoreDaemon.framework/Versions/B/CoreDaemon
0x0000000007800000 	/System/Library/PrivateFrameworks/AppleSRP.framework/Versions/A/AppleSRP

VM Arguments:
jvm_args: -Dpython.cachedir.skip=true -Dplugins.dir=/Applications/Fiji.app -Xmx40000m 
java_command: <unknown>
java_class_path (initial): /Applications/Fiji.app/jars/imagej-launcher-4.0.5.jar
Launcher Type: generic

Environment Variables:
JAVA_HOME=/Applications/Fiji.app/java/macosx/jdk1.8.0_66/jre/Contents/Home/
PATH=/usr/bin:/bin:/usr/sbin:/sbin
SHELL=/bin/bash
DYLD_LIBRARY_PATH=/Applications/Fiji.app/lib/macosx:/Applications/Fiji.app/mm/macosx

Signal Handlers:
SIGSEGV: [libjvm.dylib+0x5a65d5], sa_mask[0]=11111111011111110111111111111111, sa_flags=SA_ONSTACK|SA_RESTART|SA_SIGINFO
SIGBUS: [libjvm.dylib+0x5a65d5], sa_mask[0]=11111111011111110111111111111111, sa_flags=SA_RESTART|SA_SIGINFO
SIGFPE: [libjvm.dylib+0x4802e8], sa_mask[0]=11111111011111110111111111111111, sa_flags=SA_RESTART|SA_SIGINFO
SIGPIPE: [libjvm.dylib+0x4802e8], sa_mask[0]=11111111011111110111111111111111, sa_flags=SA_RESTART|SA_SIGINFO
SIGXFSZ: [libjvm.dylib+0x4802e8], sa_mask[0]=11111111011111110111111111111111, sa_flags=SA_RESTART|SA_SIGINFO
SIGILL: [libjvm.dylib+0x4802e8], sa_mask[0]=11111111011111110111111111111111, sa_flags=SA_RESTART|SA_SIGINFO
SIGUSR1: SIG_DFL, sa_mask[0]=00000000000000000000000000000000, sa_flags=none
SIGUSR2: [libjvm.dylib+0x47fe06], sa_mask[0]=00000000000000000000000000000000, sa_flags=SA_RESTART|SA_SIGINFO
SIGHUP: [libjvm.dylib+0x47e3dd], sa_mask[0]=11111111011111110111111111111111, sa_flags=SA_RESTART|SA_SIGINFO
SIGINT: [libjvm.dylib+0x47e3dd], sa_mask[0]=11111111011111110111111111111111, sa_flags=SA_RESTART|SA_SIGINFO
SIGTERM: [libjvm.dylib+0x47e3dd], sa_mask[0]=11111111011111110111111111111111, sa_flags=SA_RESTART|SA_SIGINFO
SIGQUIT: [libjvm.dylib+0x47e3dd], sa_mask[0]=11111111011111110111111111111111, sa_flags=SA_RESTART|SA_SIGINFO


---------------  S Y S T E M  ---------------

OS:Bsduname:Darwin 19.3.0 Darwin Kernel Version 19.3.0: Thu Jan  9 20:58:23 PST 2020; root:xnu-6153.81.5~1/RELEASE_X86_64 x86_64
rlimit: STACK 8192k, CORE 0k, NPROC 2784, NOFILE 10240, AS infinity
load average:1.24 1.21 1.45

CPU:total 8 (4 cores per cpu, 2 threads per core) family 6 model 158 stepping 9, cmov, cx8, fxsr, mmx, sse, sse2, sse3, ssse3, sse4.1, sse4.2, popcnt, avx, avx2, aes, clmul, erms, rtm, 3dnowpref, lzcnt, ht, tsc, tscinvbit, bmi1, bmi2, adx

Memory: 4k page, physical 16777216k(2509376k free)

/proc/meminfo:


vm_info: Java HotSpot(TM) 64-Bit Server VM (25.66-b17) for bsd-amd64 JRE (1.8.0_66-b17), built on Oct  6 2015 16:09:13 by "java_re" with gcc 4.2.1 (Based on Apple Inc. build 5658) (LLVM build 2336.11.00)

time: Mon Apr  6 12:49:39 2020
elapsed time: 155704 seconds (1d 19h 15m 4s)

