#
# A fatal error has been detected by the Java Runtime Environment:
#
#  SIGSEGV (0xb) at pc=0x0000000b406e8e43, pid=1554, tid=47623
#
# JRE version: Java(TM) SE Runtime Environment (8.0_66-b17) (build 1.8.0_66-b17)
# Java VM: Java HotSpot(TM) 64-Bit Server VM (25.66-b17 mixed mode bsd-amd64 )
# Problematic frame:
# C  [libawt_lwawt.dylib+0x1ae43]  OGLSD_SetScratchSurface+0x49
#
# Failed to write core dump. Core dumps have been disabled. To enable core dumping, try "ulimit -c unlimited" before starting Java again
#
# If you would like to submit a bug report, please visit:
#   http://bugreport.java.com/bugreport/crash.jsp
# The crash happened outside the Java Virtual Machine in native code.
# See problematic frame for where to report the bug.
#

---------------  T H R E A D  ---------------

Current thread (0x00007ffcdc773000):  JavaThread "Java2D Queue Flusher" daemon [_thread_in_native, id=47623, stack(0x00007000072d0000,0x00007000073d0000)]

siginfo: si_signo: 11 (SIGSEGV), si_code: 1 (SEGV_MAPERR), si_addr: 0x0000000000000002

Registers:
RAX=0x00000000ffffffff, RBX=0x0000000000000002, RCX=0x0000000000000047, RDX=0x0000000b407098ec
RSP=0x00007000073cf8c0, RBP=0x00007000073cf8e0, RSI=0x00007ffce1e30e00, RDI=0x00007ffcdc7731f8
R8 =0x0000000000000000, R9 =0xffffffff00000000, R10=0x0000000b40708d90, R11=0x0000000000000020
R12=0x000000000000003f, R13=0x000000011cbb5c34, R14=0x00007ffcdc7731f8, R15=0x00007ffcdc773000
RIP=0x0000000b406e8e43, EFLAGS=0x0000000000010202, ERR=0x0000000000000004
  TRAPNO=0x000000000000000e

Top of Stack: (sp=0x00007000073cf8c0)
0x00007000073cf8c0:   00007ffce1e30e00 000000000000003f
0x00007000073cf8d0:   00007ffcdb6fb010 00007ffcdc773000
0x00007000073cf8e0:   00007000073cf960 0000000b407093ca
0x00007000073cf8f0:   0000000000000064 00007ffcdaec1eb8
0x00007000073cf900:   00007000073cf960 000000010d34bc08
0x00007000073cf910:   0000000000000005 00007ffcdc773000
0x00007000073cf920:   000000012b8fd701 00007ffcdb6fb020
0x00007000073cf930:   00007000003cf900 00007ffcdc7731f8
0x00007000073cf940:   00007000073cf9c0 000000000000003f
0x00007000073cf950:   00007000073cf9b8 00007ffcdc773000
0x00007000073cf960:   00007000073cf9b0 000000011cc9fb32
0x00007000073cf970:   000000012b8fdab8 00007000073cf9b8
0x00007000073cf980:   0000000bb809e9c8 0000000000000000
0x00007000073cf990:   0000000bb809e748 0000000000000000
0x00007000073cf9a0:   00007000073cf9c0 000000012b8fdab8
0x00007000073cf9b0:   000000012b8fdab8 000000011cbb5990
0x00007000073cf9c0:   000000011cbb5490 000000012b8fd798
0x00007000073cf9d0:   0000000b00000000 000000012b8fd798
0x00007000073cf9e0:   0000000b41dedcb8 0000000000000000
0x00007000073cf9f0:   00007000073cfa20 00007000073cfa90
0x00007000073cfa00:   0000000000000001 0000000000000000
0x00007000073cfa10:   00007000073cfa90 000000011be957a0
0x00007000073cfa20:   000000012b8fed48 000000012ba918b0
0x00007000073cfa30:   0000700000001fa0 000000000000000a
0x00007000073cfa40:   00007ffcdc773000 0000000000000001
0x00007000073cfa50:   000000011be9571f 0000000b41dedcb8
0x00007000073cfa60:   00007000073cfb28 00007000073cfdc0
0x00007000073cfa70:   0000000b0000000a 0000000b41dedcb8
0x00007000073cfa80:   000000011bea6080 00007000073cfd30
0x00007000073cfa90:   00007000073cfc40 000000010d2ea35e
0x00007000073cfaa0:   0000700000000001 00007ffcdc773000
0x00007000073cfab0:   00007ffcdc773000 00007000073cfdc0 

Instructions: (pc=0x0000000b406e8e43)
0x0000000b406e8e23:   c0 e9 82 00 00 00 48 8b 5e 10 48 85 db 75 0e bf
0x0000000b406e8e33:   01 00 00 00 48 8d 15 fd 75 03 00 eb d6 49 89 fe
0x0000000b406e8e43:   4c 8b 3b 30 c0 e8 c5 a2 02 00 49 8b 3f 49 89 c4
0x0000000b406e8e53:   48 8b 35 a6 f7 05 00 30 c0 e8 cb a3 02 00 48 85 

Register to memory mapping:

RAX=0x00000000ffffffff is an unknown value
RBX=0x0000000000000002 is an unknown value
RCX=0x0000000000000047 is an unknown value
RDX=0x0000000b407098ec: Java_sun_java2d_opengl_OGLRenderQueue_flushBuffer+0xb5c in /Applications/Fiji.app/java/macosx/jdk1.8.0_66/jre/Contents/Home/lib/libawt_lwawt.dylib at 0x0000000b406ce000
RSP=0x00007000073cf8c0 is pointing into the stack for thread: 0x00007ffcdc773000
RBP=0x00007000073cf8e0 is pointing into the stack for thread: 0x00007ffcdc773000
RSI=0x00007ffce1e30e00 is an unknown value
RDI=0x00007ffcdc7731f8 is an unknown value
R8 =0x0000000000000000 is an unknown value
R9 =0xffffffff00000000 is an unknown value
R10=0x0000000b40708d90: Java_sun_java2d_opengl_OGLRenderQueue_flushBuffer+0 in /Applications/Fiji.app/java/macosx/jdk1.8.0_66/jre/Contents/Home/lib/libawt_lwawt.dylib at 0x0000000b406ce000
R11=0x0000000000000020 is an unknown value
R12=0x000000000000003f is an unknown value
R13=0x000000011cbb5c34 is at entry_point+1236 in (nmethod*)0x000000011cbb5490
R14=0x00007ffcdc7731f8 is an unknown value
R15=0x00007ffcdc773000 is a thread


Stack: [0x00007000072d0000,0x00007000073d0000],  sp=0x00007000073cf8c0,  free space=1022k
Native frames: (J=compiled Java code, j=interpreted, Vv=VM code, C=native code)
C  [libawt_lwawt.dylib+0x1ae43]  OGLSD_SetScratchSurface+0x49
C  [libawt_lwawt.dylib+0x3b3ca]  Java_sun_java2d_opengl_OGLRenderQueue_flushBuffer+0x63a
J 5659  sun.java2d.opengl.OGLRenderQueue.flushBuffer(JI)V (0 bytes) @ 0x000000011cc9fb32 [0x000000011cc9fa80+0xb2]
J 7511% C2 sun.java2d.opengl.OGLRenderQueue$QueueFlusher.run()V (234 bytes) @ 0x000000011cbb5990 [0x000000011cbb5760+0x230]
v  ~StubRoutines::call_stub
V  [libjvm.dylib+0x2ea35e]  JavaCalls::call_helper(JavaValue*, methodHandle*, JavaCallArguments*, Thread*)+0x6ae
V  [libjvm.dylib+0x2eaaec]  JavaCalls::call_virtual(JavaValue*, KlassHandle, Symbol*, Symbol*, JavaCallArguments*, Thread*)+0x164
V  [libjvm.dylib+0x2eac98]  JavaCalls::call_virtual(JavaValue*, Handle, KlassHandle, Symbol*, Symbol*, Thread*)+0x4a
V  [libjvm.dylib+0x345215]  thread_entry(JavaThread*, Thread*)+0x7c
V  [libjvm.dylib+0x560b83]  JavaThread::thread_main_inner()+0x9b
V  [libjvm.dylib+0x56227e]  JavaThread::run()+0x1c2
V  [libjvm.dylib+0x482cd6]  java_start(Thread*)+0xf6
C  [libsystem_pthread.dylib+0x6109]  _pthread_start+0x94
C  [libsystem_pthread.dylib+0x1b8b]  thread_start+0xf
C  0x0000000000000000

Java frames: (J=compiled Java code, j=interpreted, Vv=VM code)
J 5659  sun.java2d.opengl.OGLRenderQueue.flushBuffer(JI)V (0 bytes) @ 0x000000011cc9fab8 [0x000000011cc9fa80+0x38]
J 7511% C2 sun.java2d.opengl.OGLRenderQueue$QueueFlusher.run()V (234 bytes) @ 0x000000011cbb5990 [0x000000011cbb5760+0x230]
v  ~StubRoutines::call_stub

---------------  P R O C E S S  ---------------

Java Threads: ( => current thread )
  0x00007ffcdef37000 JavaThread "ContrastAdjuster" [_thread_blocked, id=202623, stack(0x0000700007af1000,0x0000700007bf1000)]
  0x00007ffcdcd43000 JavaThread "TimerQueue" daemon [_thread_blocked, id=88099, stack(0x00007000075d9000,0x00007000076d9000)]
  0x00007ffcdc045800 JavaThread "DestroyJavaVM" [_thread_blocked, id=4871, stack(0x0000700005c85000,0x0000700005d05000)]
  0x00007ffcdb747000 JavaThread "Run$_AWT-EventQueue-0" [_thread_blocked, id=26667, stack(0x00007000074d6000,0x00007000075d6000)]
  0x00007ffce322f800 JavaThread "AWT-Shutdown" [_thread_blocked, id=79719, stack(0x000070000714a000,0x000070000724a000)]
  0x00007ffce3347800 JavaThread "Timer-0" daemon [_thread_blocked, id=52995, stack(0x00007000076dc000,0x00007000077dc000)]
  0x00007ffcdc79c800 JavaThread "Java2D Disposer" daemon [_thread_blocked, id=80907, stack(0x00007000073d3000,0x00007000074d3000)]
=>0x00007ffcdc773000 JavaThread "Java2D Queue Flusher" daemon [_thread_in_native, id=47623, stack(0x00007000072d0000,0x00007000073d0000)]
  0x00007ffce3235800 JavaThread "AppKit Thread" daemon [_thread_in_native, id=775, stack(0x00007ffee360e000,0x00007ffee3e0e000)]
  0x00007ffcde80c000 JavaThread "Service Thread" daemon [_thread_blocked, id=15619, stack(0x0000700006e3e000,0x0000700006f3e000)]
  0x00007ffcde00b800 JavaThread "C1 CompilerThread3" daemon [_thread_blocked, id=16899, stack(0x0000700006d3b000,0x0000700006e3b000)]
  0x00007ffcdb80d800 JavaThread "C2 CompilerThread2" daemon [_thread_blocked, id=17155, stack(0x0000700006c38000,0x0000700006d38000)]
  0x00007ffcdc821000 JavaThread "C2 CompilerThread1" daemon [_thread_blocked, id=17667, stack(0x0000700006b35000,0x0000700006c35000)]
  0x00007ffcdc01f000 JavaThread "C2 CompilerThread0" daemon [_thread_blocked, id=14595, stack(0x0000700006a32000,0x0000700006b32000)]
  0x00007ffcdc818800 JavaThread "Signal Dispatcher" daemon [_thread_blocked, id=17923, stack(0x000070000692f000,0x0000700006a2f000)]
  0x00007ffcdc817800 JavaThread "Finalizer" daemon [_thread_blocked, id=12291, stack(0x0000700006726000,0x0000700006826000)]
  0x00007ffcdf00c800 JavaThread "Reference Handler" daemon [_thread_blocked, id=12035, stack(0x0000700006623000,0x0000700006723000)]

Other Threads:
  0x00007ffcdd813000 VMThread [stack: 0x0000700006520000,0x0000700006620000] [id=11779]
  0x00007ffcdd81c000 WatcherThread [stack: 0x0000700006f41000,0x0000700007041000] [id=15875]

VM state:not at safepoint (normal execution)

VM Mutex/Monitor currently owned by a thread: None

Heap:
 PSYoungGen      total 997888K, used 19320K [0x00000007adb00000, 0x00000007ee700000, 0x0000000aef000000)
  eden space 934912K, 2% used [0x00000007adb00000,0x00000007aedde1c0,0x00000007e6c00000)
  from space 62976K, 0% used [0x00000007e6c00000,0x00000007e6c00000,0x00000007ea980000)
  to   space 62976K, 0% used [0x00000007ea980000,0x00000007ea980000,0x00000007ee700000)
 ParOldGen       total 736768K, used 430009K [0x000000012b000000, 0x0000000157f80000, 0x00000007adb00000)
  object space 736768K, 58% used [0x000000012b000000,0x00000001453ee720,0x0000000157f80000)
 Metaspace       used 62555K, capacity 64592K, committed 66304K, reserved 67584K

Card table byte_map: [0x000000010e346000,0x0000000113167000] byte_map_base: 0x000000010d9ee000

Marking Bits: (ParMarkBitMap*) 0x000000010d8dde20
 Begin Bits: [0x0000000aef000000, 0x0000000b16100000)
 End Bits:   [0x0000000b16100000, 0x0000000b3d200000)

Polling page: 0x000000010be75000

CodeCache: size=245760Kb used=23927Kb max_used=23946Kb free=221832Kb
 bounds [0x000000011be95000, 0x000000011d685000, 0x000000012ae95000]
 total_blobs=8363 nmethods=7601 adapters=670
 compilation: enabled

Compilation events (10 events):
Event: 419181.001 Thread 0x00007ffcde00b800 9657       3       javax.swing.CellRendererPane::invalidate (1 bytes)
Event: 419181.001 Thread 0x00007ffcde00b800 nmethod 9657 0x000000011d462dd0 code [0x000000011d462f20, 0x000000011d463070]
Event: 419181.026 Thread 0x00007ffcde00b800 9658   !   3       sun.java2d.pipe.BufferedRenderPipe::fillRect (102 bytes)
Event: 419181.029 Thread 0x00007ffcde00b800 nmethod 9658 0x000000011d0fa7d0 code [0x000000011d0faa20, 0x000000011d0fbd28]
Event: 419181.457 Thread 0x00007ffcde00b800 9659       3       sun.lwawt.LWComponentPeer::handleMove (36 bytes)
Event: 419181.465 Thread 0x00007ffcde00b800 nmethod 9659 0x000000011d2e72d0 code [0x000000011d2e74a0, 0x000000011d2e7c98]
Event: 419373.223 Thread 0x00007ffcde00b800 9660       3       java.awt.KeyboardFocusManager::fireVetoableChange (26 bytes)
Event: 419373.223 Thread 0x00007ffcde00b800 nmethod 9660 0x000000011c045850 code [0x000000011c0459c0, 0x000000011c045c48]
Event: 419373.283 Thread 0x00007ffcde00b800 9663       3       javax.swing.text.Utilities::drawTabbedText (409 bytes)
Event: 419373.285 Thread 0x00007ffcde00b800 nmethod 9663 0x000000011d4b7710 code [0x000000011d4b7a20, 0x000000011d4b9518]

GC Heap History (10 events):
Event: 226363.280 GC heap before
{Heap before GC invocations=35 (full 5):
 PSYoungGen      total 918016K, used 878039K [0x00000007adb00000, 0x00000007ed980000, 0x0000000aef000000)
  eden space 844800K, 99% used [0x00000007adb00000,0x00000007e1372c28,0x00000007e1400000)
  from space 73216K, 46% used [0x00000007e1400000,0x00000007e3503140,0x00000007e5b80000)
  to   space 70656K, 0% used [0x00000007e9480000,0x00000007e9480000,0x00000007ed980000)
 ParOldGen       total 736768K, used 487780K [0x000000012b000000, 0x0000000157f80000, 0x00000007adb00000)
  object space 736768K, 66% used [0x000000012b000000,0x0000000148c591a0,0x0000000157f80000)
 Metaspace       used 62450K, capacity 64474K, committed 66048K, reserved 67584K
Event: 226363.290 GC heap after
Heap after GC invocations=35 (full 5):
 PSYoungGen      total 953856K, used 24917K [0x00000007adb00000, 0x00000007ecb80000, 0x0000000aef000000)
  eden space 897536K, 0% used [0x00000007adb00000,0x00000007adb00000,0x00000007e4780000)
  from space 56320K, 44% used [0x00000007e9480000,0x00000007eacd5548,0x00000007ecb80000)
  to   space 67584K, 0% used [0x00000007e4780000,0x00000007e4780000,0x00000007e8980000)
 ParOldGen       total 736768K, used 487780K [0x000000012b000000, 0x0000000157f80000, 0x00000007adb00000)
  object space 736768K, 66% used [0x000000012b000000,0x0000000148c591a0,0x0000000157f80000)
 Metaspace       used 62450K, capacity 64474K, committed 66048K, reserved 67584K
}
Event: 226372.104 GC heap before
{Heap before GC invocations=36 (full 5):
 PSYoungGen      total 953856K, used 918652K [0x00000007adb00000, 0x00000007ecb80000, 0x0000000aef000000)
  eden space 897536K, 99% used [0x00000007adb00000,0x00000007e43c9c18,0x00000007e4780000)
  from space 56320K, 44% used [0x00000007e9480000,0x00000007eacd5548,0x00000007ecb80000)
  to   space 67584K, 0% used [0x00000007e4780000,0x00000007e4780000,0x00000007e8980000)
 ParOldGen       total 736768K, used 487780K [0x000000012b000000, 0x0000000157f80000, 0x00000007adb00000)
  object space 736768K, 66% used [0x000000012b000000,0x0000000148c591a0,0x0000000157f80000)
 Metaspace       used 62450K, capacity 64474K, committed 66048K, reserved 67584K
Event: 226372.110 GC heap after
Heap after GC invocations=36 (full 5):
 PSYoungGen      total 965120K, used 24577K [0x00000007adb00000, 0x00000007ef380000, 0x0000000aef000000)
  eden space 897536K, 0% used [0x00000007adb00000,0x00000007adb00000,0x00000007e4780000)
  from space 67584K, 36% used [0x00000007e4780000,0x00000007e5f80658,0x00000007e8980000)
  to   space 64512K, 0% used [0x00000007eb480000,0x00000007eb480000,0x00000007ef380000)
 ParOldGen       total 736768K, used 487780K [0x000000012b000000, 0x0000000157f80000, 0x00000007adb00000)
  object space 736768K, 66% used [0x000000012b000000,0x0000000148c591a0,0x0000000157f80000)
 Metaspace       used 62450K, capacity 64474K, committed 66048K, reserved 67584K
}
Event: 258895.177 GC heap before
{Heap before GC invocations=37 (full 5):
 PSYoungGen      total 965120K, used 921296K [0x00000007adb00000, 0x00000007ef380000, 0x0000000aef000000)
  eden space 897536K, 99% used [0x00000007adb00000,0x00000007e46b3a00,0x00000007e4780000)
  from space 67584K, 36% used [0x00000007e4780000,0x00000007e5f80658,0x00000007e8980000)
  to   space 64512K, 0% used [0x00000007eb480000,0x00000007eb480000,0x00000007ef380000)
 ParOldGen       total 736768K, used 487780K [0x000000012b000000, 0x0000000157f80000, 0x00000007adb00000)
  object space 736768K, 66% used [0x000000012b000000,0x0000000148c591a0,0x0000000157f80000)
 Metaspace       used 62528K, capacity 64538K, committed 66048K, reserved 67584K
Event: 258898.281 GC heap after
Heap after GC invocations=37 (full 5):
 PSYoungGen      total 986624K, used 15668K [0x00000007adb00000, 0x00000007ee700000, 0x0000000aef000000)
  eden space 934912K, 0% used [0x00000007adb00000,0x00000007adb00000,0x00000007e6c00000)
  from space 51712K, 30% used [0x00000007eb480000,0x00000007ec3cd3d0,0x00000007ee700000)
  to   space 62976K, 0% used [0x00000007e6c00000,0x00000007e6c00000,0x00000007ea980000)
 ParOldGen       total 736768K, used 487788K [0x000000012b000000, 0x0000000157f80000, 0x00000007adb00000)
  object space 736768K, 66% used [0x000000012b000000,0x0000000148c5b1a0,0x0000000157f80000)
 Metaspace       used 62528K, capacity 64538K, committed 66048K, reserved 67584K
}
Event: 419371.066 GC heap before
{Heap before GC invocations=38 (full 5):
 PSYoungGen      total 986624K, used 445954K [0x00000007adb00000, 0x00000007ee700000, 0x0000000aef000000)
  eden space 934912K, 46% used [0x00000007adb00000,0x00000007c7f336f8,0x00000007e6c00000)
  from space 51712K, 30% used [0x00000007eb480000,0x00000007ec3cd3d0,0x00000007ee700000)
  to   space 62976K, 0% used [0x00000007e6c00000,0x00000007e6c00000,0x00000007ea980000)
 ParOldGen       total 736768K, used 487788K [0x000000012b000000, 0x0000000157f80000, 0x00000007adb00000)
  object space 736768K, 66% used [0x000000012b000000,0x0000000148c5b1a0,0x0000000157f80000)
 Metaspace       used 62546K, capacity 64538K, committed 66048K, reserved 67584K
Event: 419371.450 GC heap after
Heap after GC invocations=38 (full 5):
 PSYoungGen      total 997888K, used 8294K [0x00000007adb00000, 0x00000007ee700000, 0x0000000aef000000)
  eden space 934912K, 0% used [0x00000007adb00000,0x00000007adb00000,0x00000007e6c00000)
  from space 62976K, 13% used [0x00000007e6c00000,0x00000007e7419808,0x00000007ea980000)
  to   space 62976K, 0% used [0x00000007ea980000,0x00000007ea980000,0x00000007ee700000)
 ParOldGen       total 736768K, used 487788K [0x000000012b000000, 0x0000000157f80000, 0x00000007adb00000)
  object space 736768K, 66% used [0x000000012b000000,0x0000000148c5b1a0,0x0000000157f80000)
 Metaspace       used 62546K, capacity 64538K, committed 66048K, reserved 67584K
}
Event: 419371.450 GC heap before
{Heap before GC invocations=39 (full 6):
 PSYoungGen      total 997888K, used 8294K [0x00000007adb00000, 0x00000007ee700000, 0x0000000aef000000)
  eden space 934912K, 0% used [0x00000007adb00000,0x00000007adb00000,0x00000007e6c00000)
  from space 62976K, 13% used [0x00000007e6c00000,0x00000007e7419808,0x00000007ea980000)
  to   space 62976K, 0% used [0x00000007ea980000,0x00000007ea980000,0x00000007ee700000)
 ParOldGen       total 736768K, used 487788K [0x000000012b000000, 0x0000000157f80000, 0x00000007adb00000)
  object space 736768K, 66% used [0x000000012b000000,0x0000000148c5b1a0,0x0000000157f80000)
 Metaspace       used 62546K, capacity 64538K, committed 66048K, reserved 67584K
Event: 419373.187 GC heap after
Heap after GC invocations=39 (full 6):
 PSYoungGen      total 997888K, used 0K [0x00000007adb00000, 0x00000007ee700000, 0x0000000aef000000)
  eden space 934912K, 0% used [0x00000007adb00000,0x00000007adb00000,0x00000007e6c00000)
  from space 62976K, 0% used [0x00000007e6c00000,0x00000007e6c00000,0x00000007ea980000)
  to   space 62976K, 0% used [0x00000007ea980000,0x00000007ea980000,0x00000007ee700000)
 ParOldGen       total 736768K, used 430009K [0x000000012b000000, 0x0000000157f80000, 0x00000007adb00000)
  object space 736768K, 58% used [0x000000012b000000,0x00000001453ee720,0x0000000157f80000)
 Metaspace       used 62541K, capacity 64528K, committed 66048K, reserved 67584K
}

Deoptimization events (10 events):
Event: 229779.968 Thread 0x00007ffcdb747000 Uncommon trap: reason=unstable_if action=reinterpret pc=0x000000011c8a7ed0 method=sun.font.GlyphList.getGrayBits()[B @ 18
Event: 229780.111 Thread 0x00007ffcdb747000 Uncommon trap: reason=unstable_if action=reinterpret pc=0x000000011cd4a8cc method=sun.font.GlyphList.getInstance()Lsun/font/GlyphList; @ 3
Event: 419149.298 Thread 0x00007ffce3235800 Uncommon trap: reason=unstable_if action=reinterpret pc=0x000000011d47d6ec method=sun.java2d.pipe.Region.contains(II)Z @ 38
Event: 419149.299 Thread 0x00007ffce3235800 Uncommon trap: reason=unstable_if action=reinterpret pc=0x000000011c0bd5d4 method=sun.java2d.pipe.Region.contains(II)Z @ 38
Event: 419153.629 Thread 0x00007ffcdef50800 Uncommon trap: reason=unstable_if action=reinterpret pc=0x000000011ce3206c method=ij.ImagePlus.verifyDimensions()V @ 73
Event: 419180.910 Thread 0x00007ffcdb747000 Uncommon trap: reason=class_check action=maybe_recompile pc=0x000000011d44ad8c method=sun.awt.SunGraphicsCallback.runOneComponent(Ljava/awt/Component;Ljava/awt/Rectangle;Ljava/awt/Graphics;Ljava/awt/Shape;I)V @ 67
Event: 419180.913 Thread 0x00007ffcdb747000 Uncommon trap: reason=class_check action=maybe_recompile pc=0x000000011d44ad8c method=sun.awt.SunGraphicsCallback.runOneComponent(Ljava/awt/Component;Ljava/awt/Rectangle;Ljava/awt/Graphics;Ljava/awt/Shape;I)V @ 67
Event: 419373.218 Thread 0x00007ffcdb747000 Uncommon trap: reason=null_check action=make_not_entrant pc=0x000000011d0bfa68 method=sun.font.FontDesignMetrics.getMetrics(Ljava/awt/Font;Ljava/awt/font/FontRenderContext;)Lsun/font/FontDesignMetrics; @ 114
Event: 419373.228 Thread 0x00007ffcdb747000 Uncommon trap: reason=class_check action=maybe_recompile pc=0x000000011d44ad8c method=sun.awt.SunGraphicsCallback.runOneComponent(Ljava/awt/Component;Ljava/awt/Rectangle;Ljava/awt/Graphics;Ljava/awt/Shape;I)V @ 67
Event: 419373.228 Thread 0x00007ffcdb747000 Uncommon trap: reason=class_check action=maybe_recompile pc=0x000000011d44ad8c method=sun.awt.SunGraphicsCallback.runOneComponent(Ljava/awt/Component;Ljava/awt/Rectangle;Ljava/awt/Graphics;Ljava/awt/Shape;I)V @ 67

Internal exceptions (10 events):
Event: 226199.644 Thread 0x00007ffce3b83800 Exception <a 'java/lang/ClassCastException': java.awt.MenuItem cannot be cast to java.awt.CheckboxMenuItem> (0x00000007b31a26f0) thrown at [/HUDSON3/workspace/8-2-build-macosx-x86_64/jdk8u66/4988/hotspot/src/share/vm/interpreter/interpreterRuntime.cpp, li
Event: 226240.023 Thread 0x00007ffcde650800 Exception <a 'java/lang/ClassCastException': java.awt.MenuItem cannot be cast to java.awt.CheckboxMenuItem> (0x00000007bd6126a0) thrown at [/HUDSON3/workspace/8-2-build-macosx-x86_64/jdk8u66/4988/hotspot/src/share/vm/interpreter/interpreterRuntime.cpp, li
Event: 226247.553 Thread 0x00007ffce589a000 Exception <a 'java/lang/ClassCastException': java.awt.MenuItem cannot be cast to java.awt.CheckboxMenuItem> (0x00000007bfc86008) thrown at [/HUDSON3/workspace/8-2-build-macosx-x86_64/jdk8u66/4988/hotspot/src/share/vm/interpreter/interpreterRuntime.cpp, li
Event: 226288.861 Thread 0x00007ffce3153000 Exception <a 'java/lang/ClassCastException': java.awt.MenuItem cannot be cast to java.awt.CheckboxMenuItem> (0x00000007aeebc2a0) thrown at [/HUDSON3/workspace/8-2-build-macosx-x86_64/jdk8u66/4988/hotspot/src/share/vm/interpreter/interpreterRuntime.cpp, li
Event: 226312.212 Thread 0x00007ffce589e800 Exception <a 'java/lang/ClassCastException': java.awt.MenuItem cannot be cast to java.awt.CheckboxMenuItem> (0x00000007d58d9010) thrown at [/HUDSON3/workspace/8-2-build-macosx-x86_64/jdk8u66/4988/hotspot/src/share/vm/interpreter/interpreterRuntime.cpp, li
Event: 226335.063 Thread 0x00007ffcdb747000 Exception <a 'java/lang/ClassCastException': java.awt.MenuItem cannot be cast to java.awt.CheckboxMenuItem> (0x00000007ae9478a0) thrown at [/HUDSON3/workspace/8-2-build-macosx-x86_64/jdk8u66/4988/hotspot/src/share/vm/interpreter/interpreterRuntime.cpp, li
Event: 226394.839 Thread 0x00007ffce3235800 Implicit null exception at 0x000000011c34e92f to 0x000000011c34ec39
Event: 229779.967 Thread 0x00007ffcdb747000 Implicit null exception at 0x000000011c8a7c7e to 0x000000011c8a7eb9
Event: 419153.565 Thread 0x00007ffcdef50800 Exception <a 'java/lang/ClassCastException': java.awt.MenuItem cannot be cast to java.awt.CheckboxMenuItem> (0x00000007c7a7b1f8) thrown at [/HUDSON3/workspace/8-2-build-macosx-x86_64/jdk8u66/4988/hotspot/src/share/vm/interpreter/interpreterRuntime.cpp, li
Event: 419373.217 Thread 0x00007ffcdb747000 Implicit null exception at 0x000000011d0bd3ee to 0x000000011d0bfa59

Events (10 events):
Event: 419373.280 Executing VM operation: RevokeBias
Event: 419373.280 Executing VM operation: RevokeBias done
Event: 419373.280 Executing VM operation: RevokeBias
Event: 419373.280 Executing VM operation: RevokeBias done
Event: 419373.281 Executing VM operation: RevokeBias
Event: 419373.281 Executing VM operation: RevokeBias done
Event: 419373.282 Executing VM operation: RevokeBias
Event: 419373.282 Executing VM operation: RevokeBias done
Event: 419373.282 Executing VM operation: BulkRevokeBias
Event: 419373.282 Executing VM operation: BulkRevokeBias done


Dynamic libraries:
0x00000000098e2000 	/System/Library/Frameworks/CoreFoundation.framework/Versions/A/CoreFoundation
0x00000000098e2000 	/System/Library/Frameworks/ApplicationServices.framework/Versions/A/ApplicationServices
0x00000000098e2000 	/usr/lib/libSystem.B.dylib
0x00000000098e2000 	/System/Library/Frameworks/CoreServices.framework/Versions/A/CoreServices
0x00000000098e2000 	/usr/lib/libobjc.A.dylib
0x00000000098e2000 	/usr/lib/libfakelink.dylib
0x00000000098e2000 	/usr/lib/libDiagnosticMessagesClient.dylib
0x00000000098e2000 	/usr/lib/libicucore.A.dylib
0x00000000098e2000 	/usr/lib/libz.1.dylib
0x00000000098e2000 	/usr/lib/libc++abi.dylib
0x00000000098e2000 	/usr/lib/libc++.1.dylib
0x00000000098e2000 	/usr/lib/system/libcache.dylib
0x00000000098e2000 	/usr/lib/system/libcommonCrypto.dylib
0x00000000098e2000 	/usr/lib/system/libcompiler_rt.dylib
0x00000000098e2000 	/usr/lib/system/libcopyfile.dylib
0x00000000098e2000 	/usr/lib/system/libcorecrypto.dylib
0x00000000098e2000 	/usr/lib/system/libdispatch.dylib
0x00000000098e2000 	/usr/lib/system/libdyld.dylib
0x00000000098e2000 	/usr/lib/system/libkeymgr.dylib
0x00000000098e2000 	/usr/lib/system/liblaunch.dylib
0x00000000098e2000 	/usr/lib/system/libmacho.dylib
0x00000000098e2000 	/usr/lib/system/libquarantine.dylib
0x00000000098e2000 	/usr/lib/system/libremovefile.dylib
0x00000000098e2000 	/usr/lib/system/libsystem_asl.dylib
0x00000000098e2000 	/usr/lib/system/libsystem_blocks.dylib
0x00000000098e2000 	/usr/lib/system/libsystem_c.dylib
0x00000000098e2000 	/usr/lib/system/libsystem_configuration.dylib
0x00000000098e2000 	/usr/lib/system/libsystem_coreservices.dylib
0x00000000098e2000 	/usr/lib/system/libsystem_darwin.dylib
0x00000000098e2000 	/usr/lib/system/libsystem_dnssd.dylib
0x00000000098e2000 	/usr/lib/system/libsystem_featureflags.dylib
0x00000000098e2000 	/usr/lib/system/libsystem_info.dylib
0x00000000098e2000 	/usr/lib/system/libsystem_m.dylib
0x00000000098e2000 	/usr/lib/system/libsystem_malloc.dylib
0x00000000098e2000 	/usr/lib/system/libsystem_networkextension.dylib
0x00000000098e2000 	/usr/lib/system/libsystem_notify.dylib
0x00000000098e2000 	/usr/lib/system/libsystem_sandbox.dylib
0x00000000098e2000 	/usr/lib/system/libsystem_secinit.dylib
0x00000000098e2000 	/usr/lib/system/libsystem_kernel.dylib
0x00000000098e2000 	/usr/lib/system/libsystem_platform.dylib
0x00000000098e2000 	/usr/lib/system/libsystem_pthread.dylib
0x00000000098e2000 	/usr/lib/system/libsystem_symptoms.dylib
0x00000000098e2000 	/usr/lib/system/libsystem_trace.dylib
0x00000000098e2000 	/usr/lib/system/libunwind.dylib
0x00000000098e2000 	/usr/lib/system/libxpc.dylib
0x00000000098e2000 	/System/Library/Frameworks/CoreGraphics.framework/Versions/A/CoreGraphics
0x00000000098e2000 	/System/Library/Frameworks/CoreText.framework/Versions/A/CoreText
0x00000000098e2000 	/System/Library/Frameworks/ImageIO.framework/Versions/A/ImageIO
0x00000000098e2000 	/System/Library/Frameworks/ColorSync.framework/Versions/A/ColorSync
0x00000000098e2000 	/System/Library/Frameworks/ApplicationServices.framework/Versions/A/Frameworks/ATS.framework/Versions/A/ATS
0x00000000098e2000 	/System/Library/Frameworks/ApplicationServices.framework/Versions/A/Frameworks/ColorSyncLegacy.framework/Versions/A/ColorSyncLegacy
0x00000000098e2000 	/System/Library/Frameworks/ApplicationServices.framework/Versions/A/Frameworks/HIServices.framework/Versions/A/HIServices
0x00000000098e2000 	/System/Library/Frameworks/ApplicationServices.framework/Versions/A/Frameworks/LangAnalysis.framework/Versions/A/LangAnalysis
0x00000000098e2000 	/System/Library/Frameworks/ApplicationServices.framework/Versions/A/Frameworks/PrintCore.framework/Versions/A/PrintCore
0x00000000098e2000 	/System/Library/Frameworks/ApplicationServices.framework/Versions/A/Frameworks/QD.framework/Versions/A/QD
0x00000000098e2000 	/System/Library/Frameworks/ApplicationServices.framework/Versions/A/Frameworks/SpeechSynthesis.framework/Versions/A/SpeechSynthesis
0x00000000098e2000 	/System/Library/PrivateFrameworks/SkyLight.framework/Versions/A/SkyLight
0x00000000098e2000 	/System/Library/PrivateFrameworks/FontServices.framework/libFontParser.dylib
0x00000000098e2000 	/System/Library/Frameworks/Accelerate.framework/Versions/A/Accelerate
0x00000000098e2000 	/System/Library/Frameworks/IOSurface.framework/Versions/A/IOSurface
0x00000000098e2000 	/usr/lib/libxml2.2.dylib
0x00000000098e2000 	/System/Library/Frameworks/CFNetwork.framework/Versions/A/CFNetwork
0x00000000098e2000 	/System/Library/Frameworks/Foundation.framework/Versions/C/Foundation
0x00000000098e2000 	/System/Library/PrivateFrameworks/WatchdogClient.framework/Versions/A/WatchdogClient
0x00000000098e2000 	/usr/lib/libcompression.dylib
0x00000000098e2000 	/System/Library/Frameworks/SystemConfiguration.framework/Versions/A/SystemConfiguration
0x00000000098e2000 	/System/Library/Frameworks/CoreDisplay.framework/Versions/A/CoreDisplay
0x00000000098e2000 	/System/Library/PrivateFrameworks/IOAccelerator.framework/Versions/A/IOAccelerator
0x00000000098e2000 	/System/Library/Frameworks/IOKit.framework/Versions/A/IOKit
0x00000000098e2000 	/System/Library/Frameworks/Metal.framework/Versions/A/Metal
0x00000000098e2000 	/System/Library/Frameworks/MetalPerformanceShaders.framework/Versions/A/MetalPerformanceShaders
0x00000000098e2000 	/System/Library/PrivateFrameworks/MultitouchSupport.framework/Versions/A/MultitouchSupport
0x00000000098e2000 	/System/Library/Frameworks/Security.framework/Versions/A/Security
0x00000000098e2000 	/System/Library/Frameworks/QuartzCore.framework/Versions/A/QuartzCore
0x00000000098e2000 	/usr/lib/libbsm.0.dylib
0x00000000098e2000 	/usr/lib/liblzma.5.dylib
0x00000000098e2000 	/usr/lib/libauto.dylib
0x00000000098e2000 	/System/Library/Frameworks/DiskArbitration.framework/Versions/A/DiskArbitration
0x00000000098e2000 	/usr/lib/libarchive.2.dylib
0x00000000098e2000 	/usr/lib/liblangid.dylib
0x00000000098e2000 	/usr/lib/libCRFSuite.dylib
0x00000000098e2000 	/usr/lib/libenergytrace.dylib
0x00000000098e2000 	/usr/lib/system/libkxld.dylib
0x00000000098e2000 	/System/Library/PrivateFrameworks/AppleFSCompression.framework/Versions/A/AppleFSCompression
0x00000000098e2000 	/usr/lib/libcoretls.dylib
0x00000000098e2000 	/usr/lib/libcoretls_cfhelpers.dylib
0x00000000098e2000 	/usr/lib/libpam.2.dylib
0x00000000098e2000 	/usr/lib/libsqlite3.dylib
0x00000000098e2000 	/usr/lib/libxar.1.dylib
0x00000000098e2000 	/usr/lib/libbz2.1.0.dylib
0x00000000098e2000 	/usr/lib/libiconv.2.dylib
0x00000000098e2000 	/usr/lib/libcharset.1.dylib
0x00000000098e2000 	/usr/lib/libnetwork.dylib
0x00000000098e2000 	/usr/lib/libpcap.A.dylib
0x00000000098e2000 	/usr/lib/libapple_nghttp2.dylib
0x00000000098e2000 	/System/Library/Frameworks/CoreServices.framework/Versions/A/Frameworks/FSEvents.framework/Versions/A/FSEvents
0x00000000098e2000 	/System/Library/Frameworks/CoreServices.framework/Versions/A/Frameworks/CarbonCore.framework/Versions/A/CarbonCore
0x00000000098e2000 	/System/Library/Frameworks/CoreServices.framework/Versions/A/Frameworks/Metadata.framework/Versions/A/Metadata
0x00000000098e2000 	/System/Library/Frameworks/CoreServices.framework/Versions/A/Frameworks/OSServices.framework/Versions/A/OSServices
0x00000000098e2000 	/System/Library/Frameworks/CoreServices.framework/Versions/A/Frameworks/SearchKit.framework/Versions/A/SearchKit
0x00000000098e2000 	/System/Library/Frameworks/CoreServices.framework/Versions/A/Frameworks/AE.framework/Versions/A/AE
0x00000000098e2000 	/System/Library/Frameworks/CoreServices.framework/Versions/A/Frameworks/LaunchServices.framework/Versions/A/LaunchServices
0x00000000098e2000 	/System/Library/Frameworks/CoreServices.framework/Versions/A/Frameworks/DictionaryServices.framework/Versions/A/DictionaryServices
0x00000000098e2000 	/System/Library/Frameworks/CoreServices.framework/Versions/A/Frameworks/SharedFileList.framework/Versions/A/SharedFileList
0x00000000098e2000 	/System/Library/Frameworks/NetFS.framework/Versions/A/NetFS
0x00000000098e2000 	/System/Library/PrivateFrameworks/NetAuth.framework/Versions/A/NetAuth
0x00000000098e2000 	/System/Library/PrivateFrameworks/login.framework/Versions/A/Frameworks/loginsupport.framework/Versions/A/loginsupport
0x00000000098e2000 	/System/Library/PrivateFrameworks/TCC.framework/Versions/A/TCC
0x00000000098e2000 	/System/Library/PrivateFrameworks/CoreNLP.framework/Versions/A/CoreNLP
0x00000000098e2000 	/System/Library/PrivateFrameworks/MetadataUtilities.framework/Versions/A/MetadataUtilities
0x00000000098e2000 	/usr/lib/libmecabra.dylib
0x00000000098e2000 	/usr/lib/libmecab.dylib
0x00000000098e2000 	/usr/lib/libgermantok.dylib
0x00000000098e2000 	/usr/lib/libThaiTokenizer.dylib
0x00000000098e2000 	/usr/lib/libChineseTokenizer.dylib
0x00000000098e2000 	/System/Library/Frameworks/Accelerate.framework/Versions/A/Frameworks/vImage.framework/Versions/A/vImage
0x00000000098e2000 	/System/Library/Frameworks/Accelerate.framework/Versions/A/Frameworks/vecLib.framework/Versions/A/vecLib
0x00000000098e2000 	/System/Library/Frameworks/Accelerate.framework/Versions/A/Frameworks/vecLib.framework/Versions/A/libvMisc.dylib
0x00000000098e2000 	/System/Library/Frameworks/Accelerate.framework/Versions/A/Frameworks/vecLib.framework/Versions/A/libvDSP.dylib
0x00000000098e2000 	/System/Library/Frameworks/Accelerate.framework/Versions/A/Frameworks/vecLib.framework/Versions/A/libBLAS.dylib
0x00000000098e2000 	/System/Library/Frameworks/Accelerate.framework/Versions/A/Frameworks/vecLib.framework/Versions/A/libLAPACK.dylib
0x00000000098e2000 	/System/Library/Frameworks/Accelerate.framework/Versions/A/Frameworks/vecLib.framework/Versions/A/libLinearAlgebra.dylib
0x00000000098e2000 	/System/Library/Frameworks/Accelerate.framework/Versions/A/Frameworks/vecLib.framework/Versions/A/libSparseBLAS.dylib
0x00000000098e2000 	/System/Library/Frameworks/Accelerate.framework/Versions/A/Frameworks/vecLib.framework/Versions/A/libQuadrature.dylib
0x00000000098e2000 	/System/Library/Frameworks/Accelerate.framework/Versions/A/Frameworks/vecLib.framework/Versions/A/libBNNS.dylib
0x00000000098e2000 	/System/Library/Frameworks/Accelerate.framework/Versions/A/Frameworks/vecLib.framework/Versions/A/libSparse.dylib
0x00000000098e2000 	/System/Library/PrivateFrameworks/LanguageModeling.framework/Versions/A/LanguageModeling
0x00000000098e2000 	/System/Library/PrivateFrameworks/CoreEmoji.framework/Versions/A/CoreEmoji
0x00000000098e2000 	/System/Library/PrivateFrameworks/LinguisticData.framework/Versions/A/LinguisticData
0x00000000098e2000 	/System/Library/PrivateFrameworks/Lexicon.framework/Versions/A/Lexicon
0x00000000098e2000 	/usr/lib/libcmph.dylib
0x00000000098e2000 	/System/Library/Frameworks/OpenDirectory.framework/Versions/A/Frameworks/CFOpenDirectory.framework/Versions/A/CFOpenDirectory
0x00000000098e2000 	/System/Library/Frameworks/OpenDirectory.framework/Versions/A/OpenDirectory
0x00000000098e2000 	/System/Library/PrivateFrameworks/APFS.framework/Versions/A/APFS
0x00000000098e2000 	/System/Library/Frameworks/SecurityFoundation.framework/Versions/A/SecurityFoundation
0x00000000098e2000 	/usr/lib/libutil.dylib
0x00000000098e2000 	/System/Library/PrivateFrameworks/CoreServicesStore.framework/Versions/A/CoreServicesStore
0x00000000098e2000 	/System/Library/Frameworks/ServiceManagement.framework/Versions/A/ServiceManagement
0x00000000098e2000 	/System/Library/PrivateFrameworks/BackgroundTaskManagement.framework/Versions/A/BackgroundTaskManagement
0x00000000098e2000 	/usr/lib/libxslt.1.dylib
0x00000000098e2000 	/System/Library/PrivateFrameworks/GPUWrangler.framework/Versions/A/GPUWrangler
0x00000000098e2000 	/System/Library/PrivateFrameworks/IOPresentment.framework/Versions/A/IOPresentment
0x00000000098e2000 	/System/Library/PrivateFrameworks/DSExternalDisplay.framework/Versions/A/DSExternalDisplay
0x00000000098e2000 	/System/Library/Frameworks/OpenGL.framework/Versions/A/Libraries/libCoreFSCache.dylib
0x00000000098e2000 	/System/Library/Frameworks/MetalPerformanceShaders.framework/Frameworks/MPSCore.framework/Versions/A/MPSCore
0x00000000098e2000 	/System/Library/Frameworks/MetalPerformanceShaders.framework/Frameworks/MPSImage.framework/Versions/A/MPSImage
0x00000000098e2000 	/System/Library/Frameworks/MetalPerformanceShaders.framework/Frameworks/MPSNeuralNetwork.framework/Versions/A/MPSNeuralNetwork
0x00000000098e2000 	/System/Library/Frameworks/MetalPerformanceShaders.framework/Frameworks/MPSMatrix.framework/Versions/A/MPSMatrix
0x00000000098e2000 	/System/Library/Frameworks/MetalPerformanceShaders.framework/Frameworks/MPSRayIntersector.framework/Versions/A/MPSRayIntersector
0x00000000098e2000 	/System/Library/Frameworks/MetalPerformanceShaders.framework/Frameworks/MPSNDArray.framework/Versions/A/MPSNDArray
0x00000000098e2000 	/System/Library/PrivateFrameworks/MetalTools.framework/Versions/A/MetalTools
0x00000000098e2000 	/System/Library/PrivateFrameworks/AggregateDictionary.framework/Versions/A/AggregateDictionary
0x00000000098e2000 	/System/Library/PrivateFrameworks/CoreAnalytics.framework/Versions/A/CoreAnalytics
0x00000000098e2000 	/System/Library/PrivateFrameworks/AppleSauce.framework/Versions/A/AppleSauce
0x00000000098e2000 	/usr/lib/libMobileGestalt.dylib
0x00000000098e2000 	/System/Library/PrivateFrameworks/AppleSystemInfo.framework/Versions/A/AppleSystemInfo
0x00000000098e2000 	/usr/lib/libIOReport.dylib
0x00000000098e2000 	/System/Library/Frameworks/CoreImage.framework/Versions/A/CoreImage
0x00000000098e2000 	/System/Library/Frameworks/CoreVideo.framework/Versions/A/CoreVideo
0x00000000098e2000 	/System/Library/Frameworks/OpenGL.framework/Versions/A/OpenGL
0x00000000098e2000 	/System/Library/PrivateFrameworks/GraphVisualizer.framework/Versions/A/GraphVisualizer
0x00000000098e2000 	/System/Library/PrivateFrameworks/FaceCore.framework/Versions/A/FaceCore
0x00000000098e2000 	/System/Library/Frameworks/OpenCL.framework/Versions/A/OpenCL
0x00000000098e2000 	/usr/lib/libFosl_dynamic.dylib
0x00000000098e2000 	/System/Library/PrivateFrameworks/OTSVG.framework/Versions/A/OTSVG
0x00000000098e2000 	/System/Library/Frameworks/ApplicationServices.framework/Versions/A/Frameworks/ATS.framework/Versions/A/Resources/libFontRegistry.dylib
0x00000000098e2000 	/usr/lib/libate.dylib
0x00000000098e2000 	/System/Library/Frameworks/ImageIO.framework/Versions/A/Resources/libJPEG.dylib
0x00000000098e2000 	/System/Library/Frameworks/ImageIO.framework/Versions/A/Resources/libTIFF.dylib
0x00000000098e2000 	/System/Library/Frameworks/ImageIO.framework/Versions/A/Resources/libPng.dylib
0x00000000098e2000 	/System/Library/Frameworks/ImageIO.framework/Versions/A/Resources/libGIF.dylib
0x00000000098e2000 	/System/Library/Frameworks/ImageIO.framework/Versions/A/Resources/libJP2.dylib
0x00000000098e2000 	/System/Library/Frameworks/ImageIO.framework/Versions/A/Resources/libRadiance.dylib
0x00000000098e2000 	/usr/lib/libexpat.1.dylib
0x00000000098e2000 	/System/Library/PrivateFrameworks/AppleJPEG.framework/Versions/A/AppleJPEG
0x00000000098e2000 	/System/Library/PrivateFrameworks/FontServices.framework/libhvf.dylib
0x00000000098e2000 	/System/Library/Frameworks/OpenGL.framework/Versions/A/Libraries/libGFXShared.dylib
0x00000000098e2000 	/System/Library/Frameworks/OpenGL.framework/Versions/A/Libraries/libGLU.dylib
0x00000000098e2000 	/System/Library/Frameworks/OpenGL.framework/Versions/A/Libraries/libGL.dylib
0x00000000098e2000 	/System/Library/Frameworks/OpenGL.framework/Versions/A/Libraries/libGLImage.dylib
0x00000000098e2000 	/System/Library/Frameworks/OpenGL.framework/Versions/A/Libraries/libCVMSPluginSupport.dylib
0x00000000098e2000 	/System/Library/Frameworks/OpenGL.framework/Versions/A/Libraries/libCoreVMClient.dylib
0x00000000098e2000 	/usr/lib/libncurses.5.4.dylib
0x00000000098e2000 	/System/Library/Frameworks/ApplicationServices.framework/Versions/A/Frameworks/ATSUI.framework/Versions/A/ATSUI
0x00000000098e2000 	/usr/lib/libcups.2.dylib
0x00000000098e2000 	/System/Library/Frameworks/Kerberos.framework/Versions/A/Kerberos
0x00000000098e2000 	/System/Library/Frameworks/GSS.framework/Versions/A/GSS
0x00000000098e2000 	/usr/lib/libresolv.9.dylib
0x00000000098e2000 	/System/Library/PrivateFrameworks/Heimdal.framework/Versions/A/Heimdal
0x00000000098e2000 	/System/Library/Frameworks/Kerberos.framework/Versions/A/Libraries/libHeimdalProxy.dylib
0x00000000098e2000 	/usr/lib/libheimdal-asn1.dylib
0x00000000098e2000 	/System/Library/PrivateFrameworks/CommonAuth.framework/Versions/A/CommonAuth
0x00000000098e2000 	/System/Library/Frameworks/CoreAudio.framework/Versions/A/CoreAudio
0x00000000098e2000 	/System/Library/Frameworks/AudioToolbox.framework/Versions/A/AudioToolbox
0x00000000098e2000 	/System/Library/PrivateFrameworks/AssertionServices.framework/Versions/A/AssertionServices
0x00000000098e2000 	/System/Library/PrivateFrameworks/AudioToolboxCore.framework/Versions/A/AudioToolboxCore
0x00000000098e2000 	/System/Library/PrivateFrameworks/caulk.framework/Versions/A/caulk
0x00000000098e2000 	/System/Library/PrivateFrameworks/BaseBoard.framework/Versions/A/BaseBoard
0x00000000098e2000 	/System/Library/PrivateFrameworks/RunningBoardServices.framework/Versions/A/RunningBoardServices
0x00000000098e2000 	/System/Library/PrivateFrameworks/PersistentConnection.framework/Versions/A/PersistentConnection
0x00000000098e2000 	/System/Library/PrivateFrameworks/ProtocolBuffer.framework/Versions/A/ProtocolBuffer
0x00000000098e2000 	/System/Library/PrivateFrameworks/CommonUtilities.framework/Versions/A/CommonUtilities
0x00000000098e2000 	/System/Library/PrivateFrameworks/Bom.framework/Versions/A/Bom
0x00000000098e2000 	/usr/lib/libAudioToolboxUtility.dylib
0x00000000098e2000 	/System/Library/PrivateFrameworks/login.framework/Versions/A/login
0x000000010be22000 	/Applications/Fiji.app/java/macosx/jdk1.8.0_66/jre/Contents/Home/lib/jli/libjli.dylib
0x00000000098e2000 	/System/Library/Frameworks/Cocoa.framework/Versions/A/Cocoa
0x00000000098e2000 	/System/Library/Frameworks/AppKit.framework/Versions/C/AppKit
0x00000000098e2000 	/System/Library/Frameworks/CoreData.framework/Versions/A/CoreData
0x00000000098e2000 	/System/Library/PrivateFrameworks/UIFoundation.framework/Versions/A/UIFoundation
0x00000000098e2000 	/System/Library/PrivateFrameworks/RemoteViewServices.framework/Versions/A/RemoteViewServices
0x00000000098e2000 	/System/Library/PrivateFrameworks/XCTTargetBootstrap.framework/Versions/A/XCTTargetBootstrap
0x00000000098e2000 	/System/Library/PrivateFrameworks/DesktopServicesPriv.framework/Versions/A/DesktopServicesPriv
0x00000000098e2000 	/System/Library/PrivateFrameworks/CoreSVG.framework/Versions/A/CoreSVG
0x00000000098e2000 	/System/Library/PrivateFrameworks/IconServices.framework/Versions/A/IconServices
0x00000000098e2000 	/System/Library/PrivateFrameworks/DFRFoundation.framework/Versions/A/DFRFoundation
0x00000000098e2000 	/System/Library/Frameworks/AudioUnit.framework/Versions/A/AudioUnit
0x00000000098e2000 	/System/Library/PrivateFrameworks/DataDetectorsCore.framework/Versions/A/DataDetectorsCore
0x00000000098e2000 	/System/Library/Frameworks/Carbon.framework/Versions/A/Frameworks/HIToolbox.framework/Versions/A/HIToolbox
0x00000000098e2000 	/System/Library/Frameworks/Carbon.framework/Versions/A/Frameworks/SpeechRecognition.framework/Versions/A/SpeechRecognition
0x00000000098e2000 	/System/Library/PrivateFrameworks/CoreUI.framework/Versions/A/CoreUI
0x00000000098e2000 	/System/Library/PrivateFrameworks/PerformanceAnalysis.framework/Versions/A/PerformanceAnalysis
0x00000000098e2000 	/System/Library/PrivateFrameworks/TextureIO.framework/Versions/A/TextureIO
0x00000000098e2000 	/System/Library/PrivateFrameworks/InternationalSupport.framework/Versions/A/InternationalSupport
0x00000000098e2000 	/System/Library/PrivateFrameworks/Backup.framework/Versions/A/Backup
0x00000000098e2000 	/System/Library/PrivateFrameworks/CrashReporterSupport.framework/Versions/A/CrashReporterSupport
0x00000000098e2000 	/System/Library/PrivateFrameworks/Sharing.framework/Versions/A/Sharing
0x00000000098e2000 	/System/Library/PrivateFrameworks/Apple80211.framework/Versions/A/Apple80211
0x00000000098e2000 	/System/Library/PrivateFrameworks/AuthKit.framework/Versions/A/AuthKit
0x00000000098e2000 	/System/Library/PrivateFrameworks/CoreUtils.framework/Versions/A/CoreUtils
0x00000000098e2000 	/System/Library/Frameworks/CoreWLAN.framework/Versions/A/CoreWLAN
0x00000000098e2000 	/System/Library/Frameworks/IOBluetooth.framework/Versions/A/IOBluetooth
0x00000000098e2000 	/System/Library/PrivateFrameworks/MobileKeyBag.framework/Versions/A/MobileKeyBag
0x00000000098e2000 	/System/Library/PrivateFrameworks/CorePhoneNumbers.framework/Versions/A/CorePhoneNumbers
0x00000000098e2000 	/System/Library/PrivateFrameworks/AppleIDAuthSupport.framework/Versions/A/AppleIDAuthSupport
0x00000000098e2000 	/System/Library/Frameworks/Network.framework/Versions/A/Network
0x00000000098e2000 	/System/Library/PrivateFrameworks/KeychainCircle.framework/Versions/A/KeychainCircle
0x00000000098e2000 	/System/Library/Frameworks/CoreBluetooth.framework/Versions/A/CoreBluetooth
0x00000000098e2000 	/System/Library/PrivateFrameworks/SpeechRecognitionCore.framework/Versions/A/SpeechRecognitionCore
0x000000010d000000 	/Applications/Fiji.app/java/macosx/jdk1.8.0_66/jre/Contents/Home/lib/server/libjvm.dylib
0x00000000098e2000 	/usr/lib/libstdc++.6.dylib
0x000000010be32000 	/Applications/Fiji.app/java/macosx/jdk1.8.0_66/jre/Contents/Home/lib/libverify.dylib
0x000000010be40000 	/Applications/Fiji.app/java/macosx/jdk1.8.0_66/jre/Contents/Home/lib/libjava.dylib
0x000000010bebf000 	/Applications/Fiji.app/java/macosx/jdk1.8.0_66/jre/Contents/Home/lib/libzip.dylib
0x00000000098e2000 	/System/Library/Frameworks/JavaVM.framework/Versions/A/Frameworks/JavaRuntimeSupport.framework/Versions/A/JavaRuntimeSupport
0x00000000098e2000 	/System/Library/Frameworks/JavaVM.framework/Versions/A/Frameworks/JavaNativeFoundation.framework/Versions/A/JavaNativeFoundation
0x00000000098e2000 	/System/Library/Frameworks/JavaVM.framework/Versions/A/JavaVM
0x00000000098e2000 	/System/Library/Frameworks/Carbon.framework/Versions/A/Carbon
0x00000000098e2000 	/System/Library/PrivateFrameworks/CoreSymbolication.framework/Versions/A/CoreSymbolication
0x00000000098e2000 	/System/Library/PrivateFrameworks/JavaLaunching.framework/Versions/A/JavaLaunching
0x00000000098e2000 	/System/Library/Frameworks/Carbon.framework/Versions/A/Frameworks/CommonPanels.framework/Versions/A/CommonPanels
0x00000000098e2000 	/System/Library/Frameworks/Carbon.framework/Versions/A/Frameworks/Help.framework/Versions/A/Help
0x00000000098e2000 	/System/Library/Frameworks/Carbon.framework/Versions/A/Frameworks/ImageCapture.framework/Versions/A/ImageCapture
0x00000000098e2000 	/System/Library/Frameworks/Carbon.framework/Versions/A/Frameworks/OpenScripting.framework/Versions/A/OpenScripting
0x00000000098e2000 	/System/Library/Frameworks/Carbon.framework/Versions/A/Frameworks/Ink.framework/Versions/A/Ink
0x00000000098e2000 	/System/Library/Frameworks/Carbon.framework/Versions/A/Frameworks/Print.framework/Versions/A/Print
0x00000000098e2000 	/System/Library/Frameworks/Carbon.framework/Versions/A/Frameworks/SecurityHI.framework/Versions/A/SecurityHI
0x00000000098e2000 	/System/Library/PrivateFrameworks/DebugSymbols.framework/Versions/A/DebugSymbols
0x0000000b4055a000 	/Applications/Fiji.app/java/macosx/jdk1.8.0_66/jre/Contents/Home/lib/libawt.dylib
0x0000000b40602000 	/Applications/Fiji.app/java/macosx/jdk1.8.0_66/jre/Contents/Home/lib/libmlib_image.dylib
0x0000000b406ce000 	/Applications/Fiji.app/java/macosx/jdk1.8.0_66/jre/Contents/Home/lib/libawt_lwawt.dylib
0x0000000b40783000 	/Applications/Fiji.app/java/macosx/jdk1.8.0_66/jre/Contents/Home/lib/libosxapp.dylib
0x00000000098e2000 	/System/Library/Frameworks/ExceptionHandling.framework/Versions/A/ExceptionHandling
0x00000000098e2000 	/System/Library/PrivateFrameworks/CoreServicesInternal.framework/Versions/A/CoreServicesInternal
0x00000000098e2000 	/System/Library/Frameworks/FileProvider.framework/Versions/A/FileProvider
0x00000000098e2000 	/System/Library/Frameworks/Accounts.framework/Versions/A/Accounts
0x00000000098e2000 	/System/Library/PrivateFrameworks/GenerationalStorage.framework/Versions/A/GenerationalStorage
0x00000000098e2000 	/System/Library/PrivateFrameworks/SymptomDiagnosticReporter.framework/Versions/A/SymptomDiagnosticReporter
0x00000000098e2000 	/System/Library/PrivateFrameworks/AppContainer.framework/Versions/A/AppContainer
0x00000000098e2000 	/usr/lib/libsandbox.1.dylib
0x00000000098e2000 	/System/Library/PrivateFrameworks/UserManagement.framework/Versions/A/UserManagement
0x00000000098e2000 	/System/Library/PrivateFrameworks/ChunkingLibrary.framework/Versions/A/ChunkingLibrary
0x00000000098e2000 	/System/Library/PrivateFrameworks/AppSandbox.framework/Versions/A/AppSandbox
0x00000000098e2000 	/System/Library/PrivateFrameworks/SecCodeWrapper.framework/Versions/A/SecCodeWrapper
0x00000000098e2000 	/usr/lib/libMatch.1.dylib
0x00000000098e2000 	/System/Library/CoreServices/RawCamera.bundle/Contents/MacOS/RawCamera
0x00000000098e2000 	/System/Library/PrivateFrameworks/MobileAsset.framework/Versions/A/MobileAsset
0x00000000098e2000 	/System/Library/PrivateFrameworks/StreamingZip.framework/Versions/A/StreamingZip
0x00000000098e2000 	/System/Library/Frameworks/MediaToolbox.framework/Versions/A/MediaToolbox
0x00000000098e2000 	/System/Library/PrivateFrameworks/CoreAVCHD.framework/Versions/A/CoreAVCHD
0x00000000098e2000 	/System/Library/Frameworks/MediaAccessibility.framework/Versions/A/MediaAccessibility
0x00000000098e2000 	/System/Library/PrivateFrameworks/Mangrove.framework/Versions/A/Mangrove
0x00000000098e2000 	/System/Library/Frameworks/CoreMedia.framework/Versions/A/CoreMedia
0x00000000098e2000 	/System/Library/PrivateFrameworks/MediaExperience.framework/Versions/A/MediaExperience
0x00000000098e2000 	/System/Library/Frameworks/VideoToolbox.framework/Versions/A/VideoToolbox
0x00000000098e2000 	/System/Library/PrivateFrameworks/CoreAUC.framework/Versions/A/CoreAUC
0x00000000098e2000 	/usr/lib/libspindump.dylib
0x00000000098e2000 	/System/Library/PrivateFrameworks/AudioResourceArbitration.framework/Versions/A/AudioResourceArbitration
0x00000000098e2000 	/System/Library/PrivateFrameworks/AppleVA.framework/Versions/A/AppleVA
0x00000000098e2000 	/System/Library/Frameworks/Accelerate.framework/Versions/A/Frameworks/vImage.framework/Versions/A/Libraries/libCGInterfaces.dylib
0x0000000b41bfe000 	/usr/lib/libobjc-trampolines.dylib
0x00000000098e2000 	/System/Library/PrivateFrameworks/ViewBridge.framework/Versions/A/ViewBridge
0x00000000098e2000 	/System/Library/Frameworks/OpenGL.framework/Versions/A/Resources/GLEngine.bundle/GLEngine
0x00000000098e2000 	/System/Library/Frameworks/OpenGL.framework/Versions/A/Libraries/libGLProgrammability.dylib
0x00000000098e2000 	/System/Library/Extensions/AppleIntelKBLGraphicsGLDriver.bundle/Contents/MacOS/AppleIntelKBLGraphicsGLDriver
0x00000000098e2000 	/System/Library/PrivateFrameworks/GPUSupport.framework/Versions/A/Libraries/libGPUSupportMercury.dylib
0x0000000b41f72000 	/System/Library/Extensions/AMDRadeonX4000GLDriver.bundle/Contents/MacOS/AMDRadeonX4000GLDriver
0x00000000098e2000 	/System/Library/Extensions/AMDRadeonX4000GLDriver.bundle/Contents/MacOS/ATIRadeonX4000SCLib.dylib
0x00000000098e2000 	/System/Library/Extensions/AMDShared.bundle/Contents/PlugIns/libSC.dylib
0x00000000098e2000 	/System/Library/Frameworks/OpenGL.framework/Versions/A/Resources/GLRendererFloat.bundle/GLRendererFloat
0x00000000098e2000 	/System/Library/Frameworks/OpenCL.framework/Versions/A/Libraries/libcldcpuengine.dylib
0x0000000b421a6000 	/Applications/Fiji.app/java/macosx/jdk1.8.0_66/jre/Contents/Home/lib/libfontmanager.dylib
0x0000000b4240d000 	/Applications/Fiji.app/java/macosx/jdk1.8.0_66/jre/Contents/Home/lib/libosxui.dylib
0x0000000b42431000 	/Applications/Fiji.app/java/macosx/jdk1.8.0_66/jre/Contents/Home/lib/libosx.dylib
0x0000000b42980000 	/Applications/Fiji.app/java/macosx/jdk1.8.0_66/jre/Contents/Home/lib/libnet.dylib
0x0000000b42b41000 	/Applications/Fiji.app/java/macosx/jdk1.8.0_66/jre/Contents/Home/lib/libnio.dylib
0x00000000098e2000 	/System/Library/PrivateFrameworks/FontServices.framework/libTrueTypeScaler.dylib
0x0000000bb24e7000 	/Applications/Fiji.app/java/macosx/jdk1.8.0_66/jre/Contents/Home/lib/libdcpr.dylib
0x00000000098e2000 	/System/Library/Extensions/AMDMTLBronzeDriver.bundle/Contents/MacOS/AMDMTLBronzeDriver
0x00000000098e2000 	/System/Library/PrivateFrameworks/IOAccelMemoryInfo.framework/Versions/A/IOAccelMemoryInfo
0x00000000098e2000 	/System/Library/Extensions/AppleIntelKBLGraphicsMTLDriver.bundle/Contents/MacOS/AppleIntelKBLGraphicsMTLDriver
0x00000000098e2000 	/System/Library/PrivateFrameworks/GPUCompiler.framework/Versions/3902/Libraries/libmetal_timestamp.dylib
0x00000000098e2000 	/System/Library/PrivateFrameworks/Shortcut.framework/Versions/A/Shortcut
0x00000000098e2000 	/System/Library/PrivateFrameworks/HelpData.framework/Versions/A/HelpData
0x00000000098e2000 	/System/Library/PrivateFrameworks/SystemAdministration.framework/Versions/A/SystemAdministration
0x00000000098e2000 	/System/Library/PrivateFrameworks/DiskManagement.framework/Versions/A/DiskManagement
0x00000000098e2000 	/System/Library/Frameworks/DirectoryService.framework/Versions/A/DirectoryService
0x00000000098e2000 	/System/Library/PrivateFrameworks/DiskImages.framework/Versions/A/DiskImages
0x00000000098e2000 	/System/Library/PrivateFrameworks/LoginUIKit.framework/Versions/A/Frameworks/LoginUICore.framework/Versions/A/LoginUICore
0x00000000098e2000 	/usr/lib/libCoreStorage.dylib
0x00000000098e2000 	/usr/lib/libcsfde.dylib
0x00000000098e2000 	/usr/lib/libodfde.dylib
0x00000000098e2000 	/System/Library/PrivateFrameworks/MediaKit.framework/Versions/A/MediaKit
0x00000000098e2000 	/System/Library/Frameworks/DiscRecording.framework/Versions/A/DiscRecording
0x00000000098e2000 	/System/Library/PrivateFrameworks/EFILogin.framework/Versions/A/EFILogin
0x00000000098e2000 	/System/Library/PrivateFrameworks/ProtectedCloudStorage.framework/Versions/A/ProtectedCloudStorage
0x00000000098e2000 	/usr/lib/libcurl.4.dylib
0x00000000098e2000 	/usr/lib/libcrypto.44.dylib
0x00000000098e2000 	/usr/lib/libssl.46.dylib
0x00000000098e2000 	/System/Library/Frameworks/LDAP.framework/Versions/A/LDAP
0x00000000098e2000 	/System/Library/PrivateFrameworks/TrustEvaluationAgent.framework/Versions/A/TrustEvaluationAgent
0x00000000098e2000 	/usr/lib/libsasl2.2.dylib
0x00000000098e2000 	/System/Library/PrivateFrameworks/CoreDaemon.framework/Versions/B/CoreDaemon
0x00000000098e2000 	/System/Library/PrivateFrameworks/AppleSRP.framework/Versions/A/AppleSRP
0x0000000bbebe8000 	/private/var/folders/04/hxz7dz9d68n1g4g3h7q8d7h00k3qwx/T/libturbojpeg6121009068496504250.dylib

VM Arguments:
jvm_args: -Dpython.cachedir.skip=true -Dplugins.dir=/Applications/Fiji.app -Xmx40000m 
java_command: <unknown>
java_class_path (initial): /Applications/Fiji.app/jars/imagej-launcher-4.0.5.jar
Launcher Type: generic

Environment Variables:
JAVA_HOME=/Applications/Fiji.app/java/macosx/jdk1.8.0_66/jre/Contents/Home/
PATH=/usr/bin:/bin:/usr/sbin:/sbin
SHELL=/bin/bash
DYLD_LIBRARY_PATH=/Applications/Fiji.app/lib/macosx:/Applications/Fiji.app/mm/macosx

Signal Handlers:
SIGSEGV: [libjvm.dylib+0x5a65d5], sa_mask[0]=11111111011111110111111111111111, sa_flags=SA_ONSTACK|SA_RESTART|SA_SIGINFO
SIGBUS: [libjvm.dylib+0x5a65d5], sa_mask[0]=11111111011111110111111111111111, sa_flags=SA_RESTART|SA_SIGINFO
SIGFPE: [libjvm.dylib+0x4802e8], sa_mask[0]=11111111011111110111111111111111, sa_flags=SA_RESTART|SA_SIGINFO
SIGPIPE: [libjvm.dylib+0x4802e8], sa_mask[0]=11111111011111110111111111111111, sa_flags=SA_RESTART|SA_SIGINFO
SIGXFSZ: [libjvm.dylib+0x4802e8], sa_mask[0]=11111111011111110111111111111111, sa_flags=SA_RESTART|SA_SIGINFO
SIGILL: [libjvm.dylib+0x4802e8], sa_mask[0]=11111111011111110111111111111111, sa_flags=SA_RESTART|SA_SIGINFO
SIGUSR1: SIG_DFL, sa_mask[0]=00000000000000000000000000000000, sa_flags=none
SIGUSR2: [libjvm.dylib+0x47fe06], sa_mask[0]=00000000000000000000000000000000, sa_flags=SA_RESTART|SA_SIGINFO
SIGHUP: [libjvm.dylib+0x47e3dd], sa_mask[0]=11111111011111110111111111111111, sa_flags=SA_RESTART|SA_SIGINFO
SIGINT: [libjvm.dylib+0x47e3dd], sa_mask[0]=11111111011111110111111111111111, sa_flags=SA_RESTART|SA_SIGINFO
SIGTERM: [libjvm.dylib+0x47e3dd], sa_mask[0]=11111111011111110111111111111111, sa_flags=SA_RESTART|SA_SIGINFO
SIGQUIT: [libjvm.dylib+0x47e3dd], sa_mask[0]=11111111011111110111111111111111, sa_flags=SA_RESTART|SA_SIGINFO


---------------  S Y S T E M  ---------------

OS:Bsduname:Darwin 19.6.0 Darwin Kernel Version 19.6.0: Thu Jun 18 20:49:00 PDT 2020; root:xnu-6153.141.1~1/RELEASE_X86_64 x86_64
rlimit: STACK 8192k, CORE 0k, NPROC 2784, NOFILE 10240, AS infinity
load average:1.69 1.63 1.50

CPU:total 8 (4 cores per cpu, 2 threads per core) family 6 model 158 stepping 9, cmov, cx8, fxsr, mmx, sse, sse2, sse3, ssse3, sse4.1, sse4.2, popcnt, avx, avx2, aes, clmul, erms, rtm, 3dnowpref, lzcnt, ht, tsc, tscinvbit, bmi1, bmi2, adx

Memory: 4k page, physical 16777216k(1343572k free)

/proc/meminfo:


vm_info: Java HotSpot(TM) 64-Bit Server VM (25.66-b17) for bsd-amd64 JRE (1.8.0_66-b17), built on Oct  6 2015 16:09:13 by "java_re" with gcc 4.2.1 (Based on Apple Inc. build 5658) (LLVM build 2336.11.00)

time: Fri Sep 25 16:47:10 2020
elapsed time: 419373 seconds (4d 20h 29m 33s)

