#
# A fatal error has been detected by the Java Runtime Environment:
#
#  SIGSEGV (0xb) at pc=0x0000000b409bce43, pid=84801, tid=81931
#
# JRE version: Java(TM) SE Runtime Environment (8.0_66-b17) (build 1.8.0_66-b17)
# Java VM: Java HotSpot(TM) 64-Bit Server VM (25.66-b17 mixed mode bsd-amd64 )
# Problematic frame:
# C  [libawt_lwawt.dylib+0x1ae43]  OGLSD_SetScratchSurface+0x49
#
# Failed to write core dump. Core dumps have been disabled. To enable core dumping, try "ulimit -c unlimited" before starting Java again
#
# If you would like to submit a bug report, please visit:
#   http://bugreport.java.com/bugreport/crash.jsp
# The crash happened outside the Java Virtual Machine in native code.
# See problematic frame for where to report the bug.
#

---------------  T H R E A D  ---------------

Current thread (0x00007ff30fa2b000):  JavaThread "Java2D Queue Flusher" daemon [_thread_in_native, id=81931, stack(0x0000700006f75000,0x0000700007075000)]

siginfo: si_signo: 11 (SIGSEGV), si_code: 1 (SEGV_MAPERR), si_addr: 0x0000000000000007

Registers:
RAX=0x00000000ffffffff, RBX=0x0000000000000007, RCX=0x0000000000000047, RDX=0x0000000b409dd8ec
RSP=0x00007000070747f0, RBP=0x0000700007074810, RSI=0x00007ff30b264ea0, RDI=0x00007ff30fa2b1f8
R8 =0x00000000000007b4, R9 =0xffffffff00000000, R10=0x0000000b409dcd90, R11=0x0000000112a36e00
R12=0x00007000070748a0, R13=0x00007000070749a8, R14=0x00007ff30fa2b1f8, R15=0x00007ff30fa2b000
RIP=0x0000000b409bce43, EFLAGS=0x0000000000010202, ERR=0x0000000000000004
  TRAPNO=0x000000000000000e

Top of Stack: (sp=0x00007000070747f0)
0x00007000070747f0:   00007ff30b264ea0 00007000070748a0
0x0000700007074800:   00007ff30eba4010 00007ff30fa2b000
0x0000700007074810:   0000700007074890 0000000b409dd3ca
0x0000700007074820:   00007ff30b1d0300 0000000200000001
0x0000700007074830:   0000700007074888 0000000122a79100
0x0000700007074840:   0000000000000000 0000000000000000
0x0000700007074850:   0000000110f914d0 00007ff30eba4020
0x0000700007074860:   0000000100f933a0 00007ff30fa2b1f8
0x0000700007074870:   0000000bb4ea6320 00007000070748a0
0x0000700007074880:   0000700007074a28 00007ff30fa2b000
0x0000700007074890:   00007000070748e0 0000000113552472
0x00007000070748a0:   00000001220e78e0 000000010af2e670
0x00007000070748b0:   0000000000000064 00007000070748a0
0x00007000070748c0:   0000000000000064 00007ff30b1cfe98
0x00007000070748d0:   0000700007074930 000000010ad4bc08
0x00007000070748e0:   0000700007074a00 000000011283ec74
0x00007000070748f0:   0000700007074801 00007ff30b1d0840
0x0000700007074900:   00000001220e7500 00007ff30fa2b000
0x0000700007074910:   00007ff30fa2b000 0000000110e76900
0x0000700007074920:   0000700007074a28 00007ff30fa2b000
0x0000700007074930:   0000700007074980 0000000112b14ba8
0x0000700007074940:   00000001220e78e0 00000001133a7b66
0x0000700007074950:   0000700007074a00 0000000112a36e5c
0x0000700007074960:   0000000bb8d190df 00007000070749a8
0x0000700007074970:   0000000bb2429b50 0000000000000000
0x0000700007074980:   0000700007074a00 00000001126b2c24
0x0000700007074990:   0000700007074a00 00000001126b2c24
0x00007000070749a0:   00000001126b2c24 00000001220e78e0
0x00007000070749b0:   0000000000000001 00000001220e75c0
0x00007000070749c0:   00007000070749b0 0000000b41b46111
0x00007000070749d0:   0000700007074a28 0000000b41b47290
0x00007000070749e0:   0000000000000000 0000000b41b46218 

Instructions: (pc=0x0000000b409bce43)
0x0000000b409bce23:   c0 e9 82 00 00 00 48 8b 5e 10 48 85 db 75 0e bf
0x0000000b409bce33:   01 00 00 00 48 8d 15 fd 75 03 00 eb d6 49 89 fe
0x0000000b409bce43:   4c 8b 3b 30 c0 e8 c5 a2 02 00 49 8b 3f 49 89 c4
0x0000000b409bce53:   48 8b 35 a6 f7 05 00 30 c0 e8 cb a3 02 00 48 85 

Register to memory mapping:

RAX=0x00000000ffffffff is an unknown value
RBX=0x0000000000000007 is an unknown value
RCX=0x0000000000000047 is an unknown value
RDX=0x0000000b409dd8ec: Java_sun_java2d_opengl_OGLRenderQueue_flushBuffer+0xb5c in /Applications/Fiji.app/java/macosx/jdk1.8.0_66/jre/Contents/Home/lib/libawt_lwawt.dylib at 0x0000000b409a2000
RSP=0x00007000070747f0 is pointing into the stack for thread: 0x00007ff30fa2b000
RBP=0x0000700007074810 is pointing into the stack for thread: 0x00007ff30fa2b000
RSI=0x00007ff30b264ea0 is an unknown value
RDI=0x00007ff30fa2b1f8 is an unknown value
R8 =0x00000000000007b4 is an unknown value
R9 =0xffffffff00000000 is an unknown value
R10=0x0000000b409dcd90: Java_sun_java2d_opengl_OGLRenderQueue_flushBuffer+0 in /Applications/Fiji.app/java/macosx/jdk1.8.0_66/jre/Contents/Home/lib/libawt_lwawt.dylib at 0x0000000b409a2000
R11=0x0000000112a36e00 is at entry_point+0 in (nmethod*)0x0000000112a36c90
R12=0x00007000070748a0 is pointing into the stack for thread: 0x00007ff30fa2b000
R13=0x00007000070749a8 is pointing into the stack for thread: 0x00007ff30fa2b000
R14=0x00007ff30fa2b1f8 is an unknown value
R15=0x00007ff30fa2b000 is a thread


Stack: [0x0000700006f75000,0x0000700007075000],  sp=0x00007000070747f0,  free space=1021k
Native frames: (J=compiled Java code, j=interpreted, Vv=VM code, C=native code)
C  [libawt_lwawt.dylib+0x1ae43]  OGLSD_SetScratchSurface+0x49
C  [libawt_lwawt.dylib+0x3b3ca]  Java_sun_java2d_opengl_OGLRenderQueue_flushBuffer+0x63a
J 5981  sun.java2d.opengl.OGLRenderQueue.flushBuffer(JI)V (0 bytes) @ 0x0000000113552472 [0x00000001135523c0+0xb2]
J 5651 C1 sun.java2d.opengl.OGLRenderQueue.flushBuffer()V (41 bytes) @ 0x000000011283ec74 [0x000000011283ea20+0x254]
J 5650 C1 sun.java2d.opengl.OGLRenderQueue.access$100(Lsun/java2d/opengl/OGLRenderQueue;)V (5 bytes) @ 0x0000000112a36e5c [0x0000000112a36e00+0x5c]
j  sun.java2d.opengl.OGLRenderQueue$QueueFlusher.run()V+81
v  ~StubRoutines::call_stub
V  [libjvm.dylib+0x2ea35e]
V  [libjvm.dylib+0x2eaaec]
V  [libjvm.dylib+0x2eac98]
V  [libjvm.dylib+0x345215]
V  [libjvm.dylib+0x560b83]
V  [libjvm.dylib+0x56227e]
V  [libjvm.dylib+0x482cd6]
C  [libsystem_pthread.dylib+0x5e65]  _pthread_start+0x94
C  [libsystem_pthread.dylib+0x183b]  thread_start+0xf
C  0x0000000000000000

Java frames: (J=compiled Java code, j=interpreted, Vv=VM code)
J 5981  sun.java2d.opengl.OGLRenderQueue.flushBuffer(JI)V (0 bytes) @ 0x00000001135523f8 [0x00000001135523c0+0x38]
J 5651 C1 sun.java2d.opengl.OGLRenderQueue.flushBuffer()V (41 bytes) @ 0x000000011283ec74 [0x000000011283ea20+0x254]
J 5650 C1 sun.java2d.opengl.OGLRenderQueue.access$100(Lsun/java2d/opengl/OGLRenderQueue;)V (5 bytes) @ 0x0000000112a36e5c [0x0000000112a36e00+0x5c]
j  sun.java2d.opengl.OGLRenderQueue$QueueFlusher.run()V+81
v  ~StubRoutines::call_stub

---------------  P R O C E S S  ---------------

Java Threads: ( => current thread )
  0x00007ff30af71000 JavaThread "Quit" [_thread_blocked, id=125443, stack(0x0000700007484000,0x0000700007584000)]
  0x00007ff30ff57800 JavaThread "TimerQueue" daemon [_thread_blocked, id=89603, stack(0x0000700007913000,0x0000700007a13000)]
  0x00007ff30d3bf000 JavaThread "DestroyJavaVM" [_thread_blocked, id=4615, stack(0x00007000057a1000,0x0000700005821000)]
  0x00007ff30ed1d800 JavaThread "AWT-EventQueue-0" [_thread_blocked, id=37747, stack(0x000070000717b000,0x000070000727b000)]
  0x00007ff30adc6800 JavaThread "AWT-Shutdown" [_thread_blocked, id=59931, stack(0x0000700006be3000,0x0000700006ce3000)]
  0x00007ff30eca2000 JavaThread "Timer-0" daemon [_thread_blocked, id=60423, stack(0x0000700007381000,0x0000700007481000)]
  0x00007ff30ebc5800 JavaThread "Java2D Disposer" daemon [_thread_blocked, id=57103, stack(0x0000700007078000,0x0000700007178000)]
=>0x00007ff30fa2b000 JavaThread "Java2D Queue Flusher" daemon [_thread_in_native, id=81931, stack(0x0000700006f75000,0x0000700007075000)]
  0x00007ff30e657000 JavaThread "AppKit Thread" daemon [_thread_in_native, id=775, stack(0x00007ffee5af2000,0x00007ffee62f2000)]
  0x00007ff30a86a000 JavaThread "Service Thread" daemon [_thread_blocked, id=16387, stack(0x000070000695a000,0x0000700006a5a000)]
  0x00007ff30a046000 JavaThread "C1 CompilerThread3" daemon [_thread_blocked, id=16899, stack(0x0000700006857000,0x0000700006957000)]
  0x00007ff30a03d000 JavaThread "C2 CompilerThread2" daemon [_thread_blocked, id=15107, stack(0x0000700006754000,0x0000700006854000)]
  0x00007ff30901c800 JavaThread "C2 CompilerThread1" daemon [_thread_blocked, id=17667, stack(0x0000700006651000,0x0000700006751000)]
  0x00007ff30a84f000 JavaThread "C2 CompilerThread0" daemon [_thread_blocked, id=14595, stack(0x000070000654e000,0x000070000664e000)]
  0x00007ff30a84e000 JavaThread "Signal Dispatcher" daemon [_thread_blocked, id=18179, stack(0x000070000644b000,0x000070000654b000)]
  0x00007ff309018800 JavaThread "Finalizer" daemon [_thread_blocked, id=12291, stack(0x0000700006242000,0x0000700006342000)]
  0x00007ff30a820800 JavaThread "Reference Handler" daemon [_thread_blocked, id=12035, stack(0x000070000613f000,0x000070000623f000)]

Other Threads:
  0x00007ff309017800 VMThread [stack: 0x000070000603c000,0x000070000613c000] [id=20483]
  0x00007ff30a83f800 WatcherThread [stack: 0x0000700006a5d000,0x0000700006b5d000] [id=15875]

VM state:not at safepoint (normal execution)

VM Mutex/Monitor currently owned by a thread: None

Heap:
 PSYoungGen      total 432640K, used 12315K [0x00000007a4300000, 0x00000007c1680000, 0x0000000ae5800000)
  eden space 410112K, 3% used [0x00000007a4300000,0x00000007a4f06d70,0x00000007bd380000)
  from space 22528K, 0% used [0x00000007be880000,0x00000007be880000,0x00000007bfe80000)
  to   space 24576K, 0% used [0x00000007bfe80000,0x00000007bfe80000,0x00000007c1680000)
 ParOldGen       total 232960K, used 27823K [0x0000000121800000, 0x000000012fb80000, 0x00000007a4300000)
  object space 232960K, 11% used [0x0000000121800000,0x000000012332bf78,0x000000012fb80000)
 Metaspace       used 55479K, capacity 57457K, committed 59028K, reserved 59392K

Card table byte_map: [0x000000010bd46000,0x0000000110b67000] byte_map_base: 0x000000010b43a000

Marking Bits: (ParMarkBitMap*) 0x000000010b2dde20
 Begin Bits: [0x0000000ae8c16000, 0x0000000b0fd16000)
 End Bits:   [0x0000000b0fd16000, 0x0000000b36e16000)

Polling page: 0x0000000109991000

CodeCache: size=245760Kb used=18093Kb max_used=18112Kb free=227666Kb
 bounds [0x00000001126ab000, 0x000000011387b000, 0x00000001216ab000]
 total_blobs=6467 nmethods=5751 adapters=626
 compilation: enabled

Compilation events (10 events):
Event: 56540.212 Thread 0x00007ff30a046000 nmethod 6964 0x000000011385e4d0 code [0x000000011385e640, 0x000000011385e948]
Event: 56540.212 Thread 0x00007ff30a046000 6966       3       java.io.BufferedWriter::min (9 bytes)
Event: 56540.212 Thread 0x00007ff30a046000 nmethod 6966 0x000000011385e150 code [0x000000011385e2c0, 0x000000011385e450]
Event: 56540.496 Thread 0x00007ff30a046000 6967       1       java.lang.ref.Reference::clear (6 bytes)
Event: 56540.497 Thread 0x00007ff30a046000 nmethod 6967 0x000000011385de90 code [0x000000011385dfe0, 0x000000011385e110]
Event: 56540.500 Thread 0x00007ff30a84f000 6968       4       sun.lwawt.macosx.CMenuComponent::dispose (22 bytes)
Event: 56540.501 Thread 0x00007ff30a84f000 nmethod 6968 0x000000011280cf50 code [0x000000011280d0c0, 0x000000011280d1f8]
Event: 56540.507 Thread 0x00007ff30a046000 6969  s    3       sun.awt.im.InputContext::removeNotify (148 bytes)
Event: 56540.509 Thread 0x00007ff30a046000 nmethod 6969 0x0000000113872890 code [0x0000000113872ce0, 0x0000000113875a88]
Event: 56540.510 Thread 0x00007ff30a046000 6970       3       java.util.HashMap::clear (50 bytes)

GC Heap History (10 events):
Event: 4.525 GC heap before
{Heap before GC invocations=8 (full 1):
 PSYoungGen      total 293376K, used 84607K [0x00000007a4300000, 0x00000007b8300000, 0x0000000ae5800000)
  eden space 262144K, 32% used [0x00000007a4300000,0x00000007a959fc50,0x00000007b4300000)
  from space 31232K, 0% used [0x00000007b6480000,0x00000007b6480000,0x00000007b8300000)
  to   space 32768K, 0% used [0x00000007b4300000,0x00000007b4300000,0x00000007b6300000)
 ParOldGen       total 119296K, used 13831K [0x0000000121800000, 0x0000000128c80000, 0x00000007a4300000)
  object space 119296K, 11% used [0x0000000121800000,0x0000000122581c98,0x0000000128c80000)
 Metaspace       used 33286K, capacity 35414K, committed 35416K, reserved 36864K
Event: 4.534 GC heap after
Heap after GC invocations=8 (full 1):
 PSYoungGen      total 294912K, used 12224K [0x00000007a4300000, 0x00000007c3000000, 0x0000000ae5800000)
  eden space 262144K, 0% used [0x00000007a4300000,0x00000007a4300000,0x00000007b4300000)
  from space 32768K, 37% used [0x00000007b4300000,0x00000007b4ef0120,0x00000007b6300000)
  to   space 31744K, 0% used [0x00000007c1100000,0x00000007c1100000,0x00000007c3000000)
 ParOldGen       total 119296K, used 13839K [0x0000000121800000, 0x0000000128c80000, 0x00000007a4300000)
  object space 119296K, 11% used [0x0000000121800000,0x0000000122583c98,0x0000000128c80000)
 Metaspace       used 33286K, capacity 35414K, committed 35416K, reserved 36864K
}
Event: 4.534 GC heap before
{Heap before GC invocations=9 (full 2):
 PSYoungGen      total 294912K, used 12224K [0x00000007a4300000, 0x00000007c3000000, 0x0000000ae5800000)
  eden space 262144K, 0% used [0x00000007a4300000,0x00000007a4300000,0x00000007b4300000)
  from space 32768K, 37% used [0x00000007b4300000,0x00000007b4ef0120,0x00000007b6300000)
  to   space 31744K, 0% used [0x00000007c1100000,0x00000007c1100000,0x00000007c3000000)
 ParOldGen       total 119296K, used 13839K [0x0000000121800000, 0x0000000128c80000, 0x00000007a4300000)
  object space 119296K, 11% used [0x0000000121800000,0x0000000122583c98,0x0000000128c80000)
 Metaspace       used 33286K, capacity 35414K, committed 35416K, reserved 36864K
Event: 4.592 GC heap after
Heap after GC invocations=9 (full 2):
 PSYoungGen      total 294912K, used 0K [0x00000007a4300000, 0x00000007c3000000, 0x0000000ae5800000)
  eden space 262144K, 0% used [0x00000007a4300000,0x00000007a4300000,0x00000007b4300000)
  from space 32768K, 0% used [0x00000007b4300000,0x00000007b4300000,0x00000007b6300000)
  to   space 31744K, 0% used [0x00000007c1100000,0x00000007c1100000,0x00000007c3000000)
 ParOldGen       total 179200K, used 24360K [0x0000000121800000, 0x000000012c700000, 0x00000007a4300000)
  object space 179200K, 13% used [0x0000000121800000,0x0000000122fca100,0x000000012c700000)
 Metaspace       used 33286K, capacity 35414K, committed 35416K, reserved 36864K
}
Event: 69.554 GC heap before
{Heap before GC invocations=10 (full 2):
 PSYoungGen      total 294912K, used 262144K [0x00000007a4300000, 0x00000007c3000000, 0x0000000ae5800000)
  eden space 262144K, 100% used [0x00000007a4300000,0x00000007b4300000,0x00000007b4300000)
  from space 32768K, 0% used [0x00000007b4300000,0x00000007b4300000,0x00000007b6300000)
  to   space 31744K, 0% used [0x00000007c1100000,0x00000007c1100000,0x00000007c3000000)
 ParOldGen       total 179200K, used 24360K [0x0000000121800000, 0x000000012c700000, 0x00000007a4300000)
  object space 179200K, 13% used [0x0000000121800000,0x0000000122fca100,0x000000012c700000)
 Metaspace       used 54893K, capacity 57818K, committed 58112K, reserved 59392K
Event: 69.572 GC heap after
Heap after GC invocations=10 (full 2):
 PSYoungGen      total 379392K, used 27724K [0x00000007a4300000, 0x00000007c2c80000, 0x0000000ae5800000)
  eden space 351232K, 0% used [0x00000007a4300000,0x00000007a4300000,0x00000007b9a00000)
  from space 28160K, 98% used [0x00000007c1100000,0x00000007c2c130c8,0x00000007c2c80000)
  to   space 34816K, 0% used [0x00000007be880000,0x00000007be880000,0x00000007c0a80000)
 ParOldGen       total 179200K, used 24432K [0x0000000121800000, 0x000000012c700000, 0x00000007a4300000)
  object space 179200K, 13% used [0x0000000121800000,0x0000000122fdc118,0x000000012c700000)
 Metaspace       used 54893K, capacity 57818K, committed 58112K, reserved 59392K
}
Event: 56540.215 GC heap before
{Heap before GC invocations=11 (full 2):
 PSYoungGen      total 379392K, used 72223K [0x00000007a4300000, 0x00000007c2c80000, 0x0000000ae5800000)
  eden space 351232K, 12% used [0x00000007a4300000,0x00000007a6e74e08,0x00000007b9a00000)
  from space 28160K, 98% used [0x00000007c1100000,0x00000007c2c130c8,0x00000007c2c80000)
  to   space 34816K, 0% used [0x00000007be880000,0x00000007be880000,0x00000007c0a80000)
 ParOldGen       total 179200K, used 24432K [0x0000000121800000, 0x000000012c700000, 0x00000007a4300000)
  object space 179200K, 13% used [0x0000000121800000,0x0000000122fdc118,0x000000012c700000)
 Metaspace       used 56030K, capacity 58936K, committed 59028K, reserved 59392K
Event: 56540.294 GC heap after
Heap after GC invocations=11 (full 2):
 PSYoungGen      total 432640K, used 22081K [0x00000007a4300000, 0x00000007c1680000, 0x0000000ae5800000)
  eden space 410112K, 0% used [0x00000007a4300000,0x00000007a4300000,0x00000007bd380000)
  from space 22528K, 98% used [0x00000007be880000,0x00000007bfe105e0,0x00000007bfe80000)
  to   space 24576K, 0% used [0x00000007bfe80000,0x00000007bfe80000,0x00000007c1680000)
 ParOldGen       total 179200K, used 24440K [0x0000000121800000, 0x000000012c700000, 0x00000007a4300000)
  object space 179200K, 13% used [0x0000000121800000,0x0000000122fde118,0x000000012c700000)
 Metaspace       used 56030K, capacity 58936K, committed 59028K, reserved 59392K
}
Event: 56540.294 GC heap before
{Heap before GC invocations=12 (full 3):
 PSYoungGen      total 432640K, used 22081K [0x00000007a4300000, 0x00000007c1680000, 0x0000000ae5800000)
  eden space 410112K, 0% used [0x00000007a4300000,0x00000007a4300000,0x00000007bd380000)
  from space 22528K, 98% used [0x00000007be880000,0x00000007bfe105e0,0x00000007bfe80000)
  to   space 24576K, 0% used [0x00000007bfe80000,0x00000007bfe80000,0x00000007c1680000)
 ParOldGen       total 179200K, used 24440K [0x0000000121800000, 0x000000012c700000, 0x00000007a4300000)
  object space 179200K, 13% used [0x0000000121800000,0x0000000122fde118,0x000000012c700000)
 Metaspace       used 56030K, capacity 58936K, committed 59028K, reserved 59392K
Event: 56540.484 GC heap after
Heap after GC invocations=12 (full 3):
 PSYoungGen      total 432640K, used 0K [0x00000007a4300000, 0x00000007c1680000, 0x0000000ae5800000)
  eden space 410112K, 0% used [0x00000007a4300000,0x00000007a4300000,0x00000007bd380000)
  from space 22528K, 0% used [0x00000007be880000,0x00000007be880000,0x00000007bfe80000)
  to   space 24576K, 0% used [0x00000007bfe80000,0x00000007bfe80000,0x00000007c1680000)
 ParOldGen       total 232960K, used 27823K [0x0000000121800000, 0x000000012fb80000, 0x00000007a4300000)
  object space 232960K, 11% used [0x0000000121800000,0x000000012332bf78,0x000000012fb80000)
 Metaspace       used 55477K, capacity 57393K, committed 59028K, reserved 59392K
}

Deoptimization events (10 events):
Event: 20878.162 Thread 0x00007ff30ed1d800 Uncommon trap: reason=class_check action=maybe_recompile pc=0x000000011381f48c method=java.awt.ModalEventFilter.acceptEvent(Ljava/awt/AWTEvent;)Ljava/awt/EventFilter$FilterAction; @ 120
Event: 20878.162 Thread 0x00007ff30ed1d800 Uncommon trap: reason=unstable_if action=reinterpret pc=0x00000001132ffd14 method=sun.lwawt.LWCursorManager.findComponent(Ljava/awt/Point;)Ljava/awt/Component; @ 17
Event: 20878.728 Thread 0x00007ff30ed1d800 Uncommon trap: reason=class_check action=maybe_recompile pc=0x000000011381f48c method=java.awt.ModalEventFilter.acceptEvent(Ljava/awt/AWTEvent;)Ljava/awt/EventFilter$FilterAction; @ 120
Event: 20878.740 Thread 0x00007ff30ed1d800 Uncommon trap: reason=class_check action=maybe_recompile pc=0x000000011381f48c method=java.awt.ModalEventFilter.acceptEvent(Ljava/awt/AWTEvent;)Ljava/awt/EventFilter$FilterAction; @ 120
Event: 20878.746 Thread 0x00007ff30ed1d800 Uncommon trap: reason=class_check action=maybe_recompile pc=0x000000011381f48c method=java.awt.ModalEventFilter.acceptEvent(Ljava/awt/AWTEvent;)Ljava/awt/EventFilter$FilterAction; @ 120
Event: 20879.535 Thread 0x00007ff30ed1d800 Uncommon trap: reason=unstable_if action=reinterpret pc=0x0000000112bdc45c method=java.util.WeakHashMap.put(Ljava/lang/Object;Ljava/lang/Object;)Ljava/lang/Object; @ 72
Event: 56537.150 Thread 0x00007ff30ed1d800 Uncommon trap: reason=unstable_if action=reinterpret pc=0x000000011374c93c method=java.awt.Container.findComponentAtImpl(IIZ)Ljava/awt/Component; @ 6
Event: 56540.199 Thread 0x00007ff30af71000 Uncommon trap: reason=unstable_if action=reinterpret pc=0x00000001136b622c method=java.util.HashMap.clear()V @ 16
Event: 56540.210 Thread 0x00007ff30af71000 Uncommon trap: reason=unstable_if action=reinterpret pc=0x0000000113219fc4 method=java.util.HashMap$HashIterator.<init>(Ljava/util/HashMap;)V @ 45
Event: 56540.484 Thread 0x00007ff30af71000 Uncommon trap: reason=unstable_if action=reinterpret pc=0x00000001132ba46c method=java.lang.ref.SoftReference.get()Ljava/lang/Object; @ 6

Internal exceptions (10 events):
Event: 7.131 Thread 0x00007ff30aeab000 Exception <a 'java/security/PrivilegedActionException'> (0x00000007b14b6c80) thrown at [/HUDSON3/workspace/8-2-build-macosx-x86_64/jdk8u66/4988/hotspot/src/share/vm/prims/jvm.cpp, line 1386]
Event: 36.300 Thread 0x00007ff30af57800 Exception <a 'java/lang/ClassCastException': java.awt.MenuItem cannot be cast to java.awt.CheckboxMenuItem> (0x00000007b303b050) thrown at [/HUDSON3/workspace/8-2-build-macosx-x86_64/jdk8u66/4988/hotspot/src/share/vm/interpreter/interpreterRuntime.cpp, li
Event: 74.332 Thread 0x00007ff30ff65800 Exception <a 'java/lang/ClassCastException': java.awt.MenuItem cannot be cast to java.awt.CheckboxMenuItem> (0x00000007a4350388) thrown at [/HUDSON3/workspace/8-2-build-macosx-x86_64/jdk8u66/4988/hotspot/src/share/vm/interpreter/interpreterRuntime.cpp, li
Event: 76.046 Thread 0x00007ff30ed1d800 Exception <a 'java/lang/ClassCastException': java.awt.MenuItem cannot be cast to java.awt.CheckboxMenuItem> (0x00000007a4f1b0b0) thrown at [/HUDSON3/workspace/8-2-build-macosx-x86_64/jdk8u66/4988/hotspot/src/share/vm/interpreter/interpreterRuntime.cpp, li
Event: 120.801 Thread 0x00007ff311151000 Exception <a 'java/lang/ClassCastException': java.awt.MenuItem cannot be cast to java.awt.CheckboxMenuItem> (0x00000007a5478f78) thrown at [/HUDSON3/workspace/8-2-build-macosx-x86_64/jdk8u66/4988/hotspot/src/share/vm/interpreter/interpreterRuntime.cpp, li
Event: 9076.794 Thread 0x00007ff30f286000 Exception <a 'java/lang/ClassCastException': java.awt.MenuItem cannot be cast to java.awt.CheckboxMenuItem> (0x00000007a622eaf8) thrown at [/HUDSON3/workspace/8-2-build-macosx-x86_64/jdk8u66/4988/hotspot/src/share/vm/interpreter/interpreterRuntime.cpp, li
Event: 20878.127 Thread 0x00007ff30ed1d800 Exception <a 'java/lang/ClassCastException': java.awt.MenuItem cannot be cast to java.awt.CheckboxMenuItem> (0x00000007a63e0440) thrown at [/HUDSON3/workspace/8-2-build-macosx-x86_64/jdk8u66/4988/hotspot/src/share/vm/interpreter/interpreterRuntime.cpp, li
Event: 20879.301 Thread 0x00007ff309744800 Exception <a 'java/lang/ClassCastException': java.awt.MenuItem cannot be cast to java.awt.CheckboxMenuItem> (0x00000007a64b1048) thrown at [/HUDSON3/workspace/8-2-build-macosx-x86_64/jdk8u66/4988/hotspot/src/share/vm/interpreter/interpreterRuntime.cpp, li
Event: 56540.199 Thread 0x00007ff30af71000 Implicit null exception at 0x00000001136b6146 to 0x00000001136b6219
Event: 56540.484 Thread 0x00007ff30af71000 Implicit null exception at 0x00000001132b9fb3 to 0x00000001132ba451

Events (10 events):
Event: 56540.501 Thread 0x00007ff30a84f000 flushing nmethod 0x0000000112887d10
Event: 56540.501 Thread 0x00007ff30a84f000 flushing nmethod 0x0000000112913990
Event: 56540.501 Thread 0x00007ff30a84f000 flushing nmethod 0x0000000112916310
Event: 56540.509 Thread 0x00007ff30a046000 flushing nmethod 0x000000011296a810
Event: 56540.510 Executing VM operation: RevokeBias
Event: 56540.510 Executing VM operation: RevokeBias done
Event: 56540.510 Executing VM operation: RevokeBias
Event: 56540.510 Executing VM operation: RevokeBias done
Event: 56540.510 Executing VM operation: RevokeBias
Event: 56540.510 Executing VM operation: RevokeBias done


Dynamic libraries:
0x000000000feb1000 	/System/Library/Frameworks/CoreFoundation.framework/Versions/A/CoreFoundation
0x000000000feb1000 	/System/Library/Frameworks/ApplicationServices.framework/Versions/A/ApplicationServices
0x000000000feb1000 	/usr/lib/libSystem.B.dylib
0x000000000feb1000 	/System/Library/Frameworks/CoreServices.framework/Versions/A/CoreServices
0x000000000feb1000 	/usr/lib/libobjc.A.dylib
0x000000000feb1000 	/usr/lib/libfakelink.dylib
0x000000000feb1000 	/usr/lib/libDiagnosticMessagesClient.dylib
0x000000000feb1000 	/usr/lib/libicucore.A.dylib
0x000000000feb1000 	/usr/lib/libz.1.dylib
0x000000000feb1000 	/usr/lib/libc++abi.dylib
0x000000000feb1000 	/usr/lib/libc++.1.dylib
0x000000000feb1000 	/usr/lib/system/libcache.dylib
0x000000000feb1000 	/usr/lib/system/libcommonCrypto.dylib
0x000000000feb1000 	/usr/lib/system/libcompiler_rt.dylib
0x000000000feb1000 	/usr/lib/system/libcopyfile.dylib
0x000000000feb1000 	/usr/lib/system/libcorecrypto.dylib
0x000000000feb1000 	/usr/lib/system/libdispatch.dylib
0x000000000feb1000 	/usr/lib/system/libdyld.dylib
0x000000000feb1000 	/usr/lib/system/libkeymgr.dylib
0x000000000feb1000 	/usr/lib/system/liblaunch.dylib
0x000000000feb1000 	/usr/lib/system/libmacho.dylib
0x000000000feb1000 	/usr/lib/system/libquarantine.dylib
0x000000000feb1000 	/usr/lib/system/libremovefile.dylib
0x000000000feb1000 	/usr/lib/system/libsystem_asl.dylib
0x000000000feb1000 	/usr/lib/system/libsystem_blocks.dylib
0x000000000feb1000 	/usr/lib/system/libsystem_c.dylib
0x000000000feb1000 	/usr/lib/system/libsystem_configuration.dylib
0x000000000feb1000 	/usr/lib/system/libsystem_coreservices.dylib
0x000000000feb1000 	/usr/lib/system/libsystem_darwin.dylib
0x000000000feb1000 	/usr/lib/system/libsystem_dnssd.dylib
0x000000000feb1000 	/usr/lib/system/libsystem_featureflags.dylib
0x000000000feb1000 	/usr/lib/system/libsystem_info.dylib
0x000000000feb1000 	/usr/lib/system/libsystem_m.dylib
0x000000000feb1000 	/usr/lib/system/libsystem_malloc.dylib
0x000000000feb1000 	/usr/lib/system/libsystem_networkextension.dylib
0x000000000feb1000 	/usr/lib/system/libsystem_notify.dylib
0x000000000feb1000 	/usr/lib/system/libsystem_sandbox.dylib
0x000000000feb1000 	/usr/lib/system/libsystem_secinit.dylib
0x000000000feb1000 	/usr/lib/system/libsystem_kernel.dylib
0x000000000feb1000 	/usr/lib/system/libsystem_platform.dylib
0x000000000feb1000 	/usr/lib/system/libsystem_pthread.dylib
0x000000000feb1000 	/usr/lib/system/libsystem_symptoms.dylib
0x000000000feb1000 	/usr/lib/system/libsystem_trace.dylib
0x000000000feb1000 	/usr/lib/system/libunwind.dylib
0x000000000feb1000 	/usr/lib/system/libxpc.dylib
0x000000000feb1000 	/System/Library/Frameworks/CoreGraphics.framework/Versions/A/CoreGraphics
0x000000000feb1000 	/System/Library/Frameworks/CoreText.framework/Versions/A/CoreText
0x000000000feb1000 	/System/Library/Frameworks/ImageIO.framework/Versions/A/ImageIO
0x000000000feb1000 	/System/Library/Frameworks/ColorSync.framework/Versions/A/ColorSync
0x000000000feb1000 	/System/Library/Frameworks/ApplicationServices.framework/Versions/A/Frameworks/ATS.framework/Versions/A/ATS
0x000000000feb1000 	/System/Library/Frameworks/ApplicationServices.framework/Versions/A/Frameworks/ColorSyncLegacy.framework/Versions/A/ColorSyncLegacy
0x000000000feb1000 	/System/Library/Frameworks/ApplicationServices.framework/Versions/A/Frameworks/HIServices.framework/Versions/A/HIServices
0x000000000feb1000 	/System/Library/Frameworks/ApplicationServices.framework/Versions/A/Frameworks/LangAnalysis.framework/Versions/A/LangAnalysis
0x000000000feb1000 	/System/Library/Frameworks/ApplicationServices.framework/Versions/A/Frameworks/PrintCore.framework/Versions/A/PrintCore
0x000000000feb1000 	/System/Library/Frameworks/ApplicationServices.framework/Versions/A/Frameworks/QD.framework/Versions/A/QD
0x000000000feb1000 	/System/Library/Frameworks/ApplicationServices.framework/Versions/A/Frameworks/SpeechSynthesis.framework/Versions/A/SpeechSynthesis
0x000000000feb1000 	/System/Library/PrivateFrameworks/SkyLight.framework/Versions/A/SkyLight
0x000000000feb1000 	/System/Library/PrivateFrameworks/FontServices.framework/libFontParser.dylib
0x000000000feb1000 	/System/Library/Frameworks/Accelerate.framework/Versions/A/Accelerate
0x000000000feb1000 	/System/Library/Frameworks/IOSurface.framework/Versions/A/IOSurface
0x000000000feb1000 	/usr/lib/libxml2.2.dylib
0x000000000feb1000 	/System/Library/Frameworks/CFNetwork.framework/Versions/A/CFNetwork
0x000000000feb1000 	/System/Library/Frameworks/Foundation.framework/Versions/C/Foundation
0x000000000feb1000 	/System/Library/PrivateFrameworks/WatchdogClient.framework/Versions/A/WatchdogClient
0x000000000feb1000 	/usr/lib/libcompression.dylib
0x000000000feb1000 	/System/Library/Frameworks/SystemConfiguration.framework/Versions/A/SystemConfiguration
0x000000000feb1000 	/System/Library/Frameworks/CoreDisplay.framework/Versions/A/CoreDisplay
0x000000000feb1000 	/System/Library/PrivateFrameworks/IOAccelerator.framework/Versions/A/IOAccelerator
0x000000000feb1000 	/System/Library/Frameworks/IOKit.framework/Versions/A/IOKit
0x000000000feb1000 	/System/Library/Frameworks/Metal.framework/Versions/A/Metal
0x000000000feb1000 	/System/Library/Frameworks/MetalPerformanceShaders.framework/Versions/A/MetalPerformanceShaders
0x000000000feb1000 	/System/Library/PrivateFrameworks/MultitouchSupport.framework/Versions/A/MultitouchSupport
0x000000000feb1000 	/System/Library/Frameworks/Security.framework/Versions/A/Security
0x000000000feb1000 	/System/Library/Frameworks/QuartzCore.framework/Versions/A/QuartzCore
0x000000000feb1000 	/usr/lib/libbsm.0.dylib
0x000000000feb1000 	/usr/lib/liblzma.5.dylib
0x000000000feb1000 	/usr/lib/libauto.dylib
0x000000000feb1000 	/System/Library/Frameworks/DiskArbitration.framework/Versions/A/DiskArbitration
0x000000000feb1000 	/usr/lib/libarchive.2.dylib
0x000000000feb1000 	/usr/lib/liblangid.dylib
0x000000000feb1000 	/usr/lib/libCRFSuite.dylib
0x000000000feb1000 	/usr/lib/libenergytrace.dylib
0x000000000feb1000 	/usr/lib/system/libkxld.dylib
0x000000000feb1000 	/System/Library/PrivateFrameworks/AppleFSCompression.framework/Versions/A/AppleFSCompression
0x000000000feb1000 	/usr/lib/libcoretls.dylib
0x000000000feb1000 	/usr/lib/libcoretls_cfhelpers.dylib
0x000000000feb1000 	/usr/lib/libpam.2.dylib
0x000000000feb1000 	/usr/lib/libsqlite3.dylib
0x000000000feb1000 	/usr/lib/libxar.1.dylib
0x000000000feb1000 	/usr/lib/libbz2.1.0.dylib
0x000000000feb1000 	/usr/lib/libiconv.2.dylib
0x000000000feb1000 	/usr/lib/libcharset.1.dylib
0x000000000feb1000 	/usr/lib/libnetwork.dylib
0x000000000feb1000 	/usr/lib/libpcap.A.dylib
0x000000000feb1000 	/usr/lib/libapple_nghttp2.dylib
0x000000000feb1000 	/System/Library/Frameworks/CoreServices.framework/Versions/A/Frameworks/FSEvents.framework/Versions/A/FSEvents
0x000000000feb1000 	/System/Library/Frameworks/CoreServices.framework/Versions/A/Frameworks/CarbonCore.framework/Versions/A/CarbonCore
0x000000000feb1000 	/System/Library/Frameworks/CoreServices.framework/Versions/A/Frameworks/Metadata.framework/Versions/A/Metadata
0x000000000feb1000 	/System/Library/Frameworks/CoreServices.framework/Versions/A/Frameworks/OSServices.framework/Versions/A/OSServices
0x000000000feb1000 	/System/Library/Frameworks/CoreServices.framework/Versions/A/Frameworks/SearchKit.framework/Versions/A/SearchKit
0x000000000feb1000 	/System/Library/Frameworks/CoreServices.framework/Versions/A/Frameworks/AE.framework/Versions/A/AE
0x000000000feb1000 	/System/Library/Frameworks/CoreServices.framework/Versions/A/Frameworks/LaunchServices.framework/Versions/A/LaunchServices
0x000000000feb1000 	/System/Library/Frameworks/CoreServices.framework/Versions/A/Frameworks/DictionaryServices.framework/Versions/A/DictionaryServices
0x000000000feb1000 	/System/Library/Frameworks/CoreServices.framework/Versions/A/Frameworks/SharedFileList.framework/Versions/A/SharedFileList
0x000000000feb1000 	/System/Library/Frameworks/NetFS.framework/Versions/A/NetFS
0x000000000feb1000 	/System/Library/PrivateFrameworks/NetAuth.framework/Versions/A/NetAuth
0x000000000feb1000 	/System/Library/PrivateFrameworks/login.framework/Versions/A/Frameworks/loginsupport.framework/Versions/A/loginsupport
0x000000000feb1000 	/System/Library/PrivateFrameworks/TCC.framework/Versions/A/TCC
0x000000000feb1000 	/System/Library/PrivateFrameworks/CoreNLP.framework/Versions/A/CoreNLP
0x000000000feb1000 	/System/Library/PrivateFrameworks/MetadataUtilities.framework/Versions/A/MetadataUtilities
0x000000000feb1000 	/usr/lib/libmecabra.dylib
0x000000000feb1000 	/usr/lib/libmecab.dylib
0x000000000feb1000 	/usr/lib/libgermantok.dylib
0x000000000feb1000 	/usr/lib/libThaiTokenizer.dylib
0x000000000feb1000 	/usr/lib/libChineseTokenizer.dylib
0x000000000feb1000 	/System/Library/Frameworks/Accelerate.framework/Versions/A/Frameworks/vImage.framework/Versions/A/vImage
0x000000000feb1000 	/System/Library/Frameworks/Accelerate.framework/Versions/A/Frameworks/vecLib.framework/Versions/A/vecLib
0x000000000feb1000 	/System/Library/Frameworks/Accelerate.framework/Versions/A/Frameworks/vecLib.framework/Versions/A/libvMisc.dylib
0x000000000feb1000 	/System/Library/Frameworks/Accelerate.framework/Versions/A/Frameworks/vecLib.framework/Versions/A/libvDSP.dylib
0x000000000feb1000 	/System/Library/Frameworks/Accelerate.framework/Versions/A/Frameworks/vecLib.framework/Versions/A/libBLAS.dylib
0x000000000feb1000 	/System/Library/Frameworks/Accelerate.framework/Versions/A/Frameworks/vecLib.framework/Versions/A/libLAPACK.dylib
0x000000000feb1000 	/System/Library/Frameworks/Accelerate.framework/Versions/A/Frameworks/vecLib.framework/Versions/A/libLinearAlgebra.dylib
0x000000000feb1000 	/System/Library/Frameworks/Accelerate.framework/Versions/A/Frameworks/vecLib.framework/Versions/A/libSparseBLAS.dylib
0x000000000feb1000 	/System/Library/Frameworks/Accelerate.framework/Versions/A/Frameworks/vecLib.framework/Versions/A/libQuadrature.dylib
0x000000000feb1000 	/System/Library/Frameworks/Accelerate.framework/Versions/A/Frameworks/vecLib.framework/Versions/A/libBNNS.dylib
0x000000000feb1000 	/System/Library/Frameworks/Accelerate.framework/Versions/A/Frameworks/vecLib.framework/Versions/A/libSparse.dylib
0x000000000feb1000 	/System/Library/PrivateFrameworks/LanguageModeling.framework/Versions/A/LanguageModeling
0x000000000feb1000 	/System/Library/PrivateFrameworks/CoreEmoji.framework/Versions/A/CoreEmoji
0x000000000feb1000 	/System/Library/PrivateFrameworks/LinguisticData.framework/Versions/A/LinguisticData
0x000000000feb1000 	/System/Library/PrivateFrameworks/Lexicon.framework/Versions/A/Lexicon
0x000000000feb1000 	/usr/lib/libcmph.dylib
0x000000000feb1000 	/System/Library/Frameworks/OpenDirectory.framework/Versions/A/Frameworks/CFOpenDirectory.framework/Versions/A/CFOpenDirectory
0x000000000feb1000 	/System/Library/Frameworks/OpenDirectory.framework/Versions/A/OpenDirectory
0x000000000feb1000 	/System/Library/PrivateFrameworks/APFS.framework/Versions/A/APFS
0x000000000feb1000 	/System/Library/Frameworks/SecurityFoundation.framework/Versions/A/SecurityFoundation
0x000000000feb1000 	/usr/lib/libutil.dylib
0x000000000feb1000 	/System/Library/PrivateFrameworks/CoreServicesStore.framework/Versions/A/CoreServicesStore
0x000000000feb1000 	/System/Library/Frameworks/ServiceManagement.framework/Versions/A/ServiceManagement
0x000000000feb1000 	/System/Library/PrivateFrameworks/BackgroundTaskManagement.framework/Versions/A/BackgroundTaskManagement
0x000000000feb1000 	/usr/lib/libxslt.1.dylib
0x000000000feb1000 	/System/Library/PrivateFrameworks/GPUWrangler.framework/Versions/A/GPUWrangler
0x000000000feb1000 	/System/Library/PrivateFrameworks/IOPresentment.framework/Versions/A/IOPresentment
0x000000000feb1000 	/System/Library/PrivateFrameworks/DSExternalDisplay.framework/Versions/A/DSExternalDisplay
0x000000000feb1000 	/System/Library/Frameworks/OpenGL.framework/Versions/A/Libraries/libCoreFSCache.dylib
0x000000000feb1000 	/System/Library/Frameworks/MetalPerformanceShaders.framework/Frameworks/MPSCore.framework/Versions/A/MPSCore
0x000000000feb1000 	/System/Library/Frameworks/MetalPerformanceShaders.framework/Frameworks/MPSImage.framework/Versions/A/MPSImage
0x000000000feb1000 	/System/Library/Frameworks/MetalPerformanceShaders.framework/Frameworks/MPSNeuralNetwork.framework/Versions/A/MPSNeuralNetwork
0x000000000feb1000 	/System/Library/Frameworks/MetalPerformanceShaders.framework/Frameworks/MPSMatrix.framework/Versions/A/MPSMatrix
0x000000000feb1000 	/System/Library/Frameworks/MetalPerformanceShaders.framework/Frameworks/MPSRayIntersector.framework/Versions/A/MPSRayIntersector
0x000000000feb1000 	/System/Library/Frameworks/MetalPerformanceShaders.framework/Frameworks/MPSNDArray.framework/Versions/A/MPSNDArray
0x000000000feb1000 	/System/Library/PrivateFrameworks/MetalTools.framework/Versions/A/MetalTools
0x000000000feb1000 	/System/Library/PrivateFrameworks/AggregateDictionary.framework/Versions/A/AggregateDictionary
0x000000000feb1000 	/System/Library/PrivateFrameworks/CoreAnalytics.framework/Versions/A/CoreAnalytics
0x000000000feb1000 	/System/Library/PrivateFrameworks/AppleSauce.framework/Versions/A/AppleSauce
0x000000000feb1000 	/usr/lib/libMobileGestalt.dylib
0x000000000feb1000 	/System/Library/PrivateFrameworks/AppleSystemInfo.framework/Versions/A/AppleSystemInfo
0x000000000feb1000 	/usr/lib/libIOReport.dylib
0x000000000feb1000 	/System/Library/Frameworks/CoreImage.framework/Versions/A/CoreImage
0x000000000feb1000 	/System/Library/Frameworks/CoreVideo.framework/Versions/A/CoreVideo
0x000000000feb1000 	/System/Library/Frameworks/OpenGL.framework/Versions/A/OpenGL
0x000000000feb1000 	/System/Library/PrivateFrameworks/GraphVisualizer.framework/Versions/A/GraphVisualizer
0x000000000feb1000 	/System/Library/PrivateFrameworks/FaceCore.framework/Versions/A/FaceCore
0x000000000feb1000 	/System/Library/Frameworks/OpenCL.framework/Versions/A/OpenCL
0x000000000feb1000 	/usr/lib/libFosl_dynamic.dylib
0x000000000feb1000 	/System/Library/PrivateFrameworks/OTSVG.framework/Versions/A/OTSVG
0x000000000feb1000 	/System/Library/Frameworks/ApplicationServices.framework/Versions/A/Frameworks/ATS.framework/Versions/A/Resources/libFontRegistry.dylib
0x000000000feb1000 	/usr/lib/libate.dylib
0x000000000feb1000 	/System/Library/Frameworks/ImageIO.framework/Versions/A/Resources/libJPEG.dylib
0x000000000feb1000 	/System/Library/Frameworks/ImageIO.framework/Versions/A/Resources/libTIFF.dylib
0x000000000feb1000 	/System/Library/Frameworks/ImageIO.framework/Versions/A/Resources/libPng.dylib
0x000000000feb1000 	/System/Library/Frameworks/ImageIO.framework/Versions/A/Resources/libGIF.dylib
0x000000000feb1000 	/System/Library/Frameworks/ImageIO.framework/Versions/A/Resources/libJP2.dylib
0x000000000feb1000 	/System/Library/Frameworks/ImageIO.framework/Versions/A/Resources/libRadiance.dylib
0x000000000feb1000 	/usr/lib/libexpat.1.dylib
0x000000000feb1000 	/System/Library/PrivateFrameworks/AppleJPEG.framework/Versions/A/AppleJPEG
0x000000000feb1000 	/System/Library/PrivateFrameworks/FontServices.framework/libhvf.dylib
0x000000000feb1000 	/System/Library/Frameworks/OpenGL.framework/Versions/A/Libraries/libGFXShared.dylib
0x000000000feb1000 	/System/Library/Frameworks/OpenGL.framework/Versions/A/Libraries/libGLU.dylib
0x000000000feb1000 	/System/Library/Frameworks/OpenGL.framework/Versions/A/Libraries/libGL.dylib
0x000000000feb1000 	/System/Library/Frameworks/OpenGL.framework/Versions/A/Libraries/libGLImage.dylib
0x000000000feb1000 	/System/Library/Frameworks/OpenGL.framework/Versions/A/Libraries/libCVMSPluginSupport.dylib
0x000000000feb1000 	/System/Library/Frameworks/OpenGL.framework/Versions/A/Libraries/libCoreVMClient.dylib
0x000000000feb1000 	/usr/lib/libncurses.5.4.dylib
0x000000000feb1000 	/System/Library/Frameworks/ApplicationServices.framework/Versions/A/Frameworks/ATSUI.framework/Versions/A/ATSUI
0x000000000feb1000 	/usr/lib/libcups.2.dylib
0x000000000feb1000 	/System/Library/Frameworks/Kerberos.framework/Versions/A/Kerberos
0x000000000feb1000 	/System/Library/Frameworks/GSS.framework/Versions/A/GSS
0x000000000feb1000 	/usr/lib/libresolv.9.dylib
0x000000000feb1000 	/System/Library/PrivateFrameworks/Heimdal.framework/Versions/A/Heimdal
0x000000000feb1000 	/System/Library/Frameworks/Kerberos.framework/Versions/A/Libraries/libHeimdalProxy.dylib
0x000000000feb1000 	/usr/lib/libheimdal-asn1.dylib
0x000000000feb1000 	/System/Library/PrivateFrameworks/CommonAuth.framework/Versions/A/CommonAuth
0x000000000feb1000 	/System/Library/Frameworks/CoreAudio.framework/Versions/A/CoreAudio
0x000000000feb1000 	/System/Library/Frameworks/AudioToolbox.framework/Versions/A/AudioToolbox
0x000000000feb1000 	/System/Library/PrivateFrameworks/AssertionServices.framework/Versions/A/AssertionServices
0x000000000feb1000 	/System/Library/PrivateFrameworks/AudioToolboxCore.framework/Versions/A/AudioToolboxCore
0x000000000feb1000 	/System/Library/PrivateFrameworks/caulk.framework/Versions/A/caulk
0x000000000feb1000 	/System/Library/PrivateFrameworks/BaseBoard.framework/Versions/A/BaseBoard
0x000000000feb1000 	/System/Library/PrivateFrameworks/RunningBoardServices.framework/Versions/A/RunningBoardServices
0x000000000feb1000 	/System/Library/PrivateFrameworks/PersistentConnection.framework/Versions/A/PersistentConnection
0x000000000feb1000 	/System/Library/PrivateFrameworks/ProtocolBuffer.framework/Versions/A/ProtocolBuffer
0x000000000feb1000 	/System/Library/PrivateFrameworks/CommonUtilities.framework/Versions/A/CommonUtilities
0x000000000feb1000 	/System/Library/PrivateFrameworks/Bom.framework/Versions/A/Bom
0x000000000feb1000 	/usr/lib/libAudioToolboxUtility.dylib
0x000000000feb1000 	/System/Library/PrivateFrameworks/login.framework/Versions/A/login
0x000000010993e000 	/Applications/Fiji.app/java/macosx/jdk1.8.0_66/jre/Contents/Home/lib/jli/libjli.dylib
0x000000000feb1000 	/System/Library/Frameworks/Cocoa.framework/Versions/A/Cocoa
0x000000000feb1000 	/System/Library/Frameworks/AppKit.framework/Versions/C/AppKit
0x000000000feb1000 	/System/Library/Frameworks/CoreData.framework/Versions/A/CoreData
0x000000000feb1000 	/System/Library/PrivateFrameworks/UIFoundation.framework/Versions/A/UIFoundation
0x000000000feb1000 	/System/Library/PrivateFrameworks/RemoteViewServices.framework/Versions/A/RemoteViewServices
0x000000000feb1000 	/System/Library/PrivateFrameworks/XCTTargetBootstrap.framework/Versions/A/XCTTargetBootstrap
0x000000000feb1000 	/System/Library/PrivateFrameworks/DesktopServicesPriv.framework/Versions/A/DesktopServicesPriv
0x000000000feb1000 	/System/Library/PrivateFrameworks/CoreSVG.framework/Versions/A/CoreSVG
0x000000000feb1000 	/System/Library/PrivateFrameworks/IconServices.framework/Versions/A/IconServices
0x000000000feb1000 	/System/Library/PrivateFrameworks/DFRFoundation.framework/Versions/A/DFRFoundation
0x000000000feb1000 	/System/Library/Frameworks/AudioUnit.framework/Versions/A/AudioUnit
0x000000000feb1000 	/System/Library/PrivateFrameworks/DataDetectorsCore.framework/Versions/A/DataDetectorsCore
0x000000000feb1000 	/System/Library/Frameworks/Carbon.framework/Versions/A/Frameworks/HIToolbox.framework/Versions/A/HIToolbox
0x000000000feb1000 	/System/Library/Frameworks/Carbon.framework/Versions/A/Frameworks/SpeechRecognition.framework/Versions/A/SpeechRecognition
0x000000000feb1000 	/System/Library/PrivateFrameworks/CoreUI.framework/Versions/A/CoreUI
0x000000000feb1000 	/System/Library/PrivateFrameworks/PerformanceAnalysis.framework/Versions/A/PerformanceAnalysis
0x000000000feb1000 	/System/Library/PrivateFrameworks/TextureIO.framework/Versions/A/TextureIO
0x000000000feb1000 	/System/Library/PrivateFrameworks/InternationalSupport.framework/Versions/A/InternationalSupport
0x000000000feb1000 	/System/Library/PrivateFrameworks/Backup.framework/Versions/A/Backup
0x000000000feb1000 	/System/Library/PrivateFrameworks/CrashReporterSupport.framework/Versions/A/CrashReporterSupport
0x000000000feb1000 	/System/Library/PrivateFrameworks/Sharing.framework/Versions/A/Sharing
0x000000000feb1000 	/System/Library/PrivateFrameworks/Apple80211.framework/Versions/A/Apple80211
0x000000000feb1000 	/System/Library/PrivateFrameworks/AuthKit.framework/Versions/A/AuthKit
0x000000000feb1000 	/System/Library/PrivateFrameworks/CoreUtils.framework/Versions/A/CoreUtils
0x000000000feb1000 	/System/Library/Frameworks/CoreWLAN.framework/Versions/A/CoreWLAN
0x000000000feb1000 	/System/Library/Frameworks/IOBluetooth.framework/Versions/A/IOBluetooth
0x000000000feb1000 	/System/Library/PrivateFrameworks/MobileKeyBag.framework/Versions/A/MobileKeyBag
0x000000000feb1000 	/System/Library/PrivateFrameworks/CorePhoneNumbers.framework/Versions/A/CorePhoneNumbers
0x000000000feb1000 	/System/Library/PrivateFrameworks/AppleIDAuthSupport.framework/Versions/A/AppleIDAuthSupport
0x000000000feb1000 	/System/Library/Frameworks/Network.framework/Versions/A/Network
0x000000000feb1000 	/System/Library/PrivateFrameworks/KeychainCircle.framework/Versions/A/KeychainCircle
0x000000000feb1000 	/System/Library/Frameworks/CoreBluetooth.framework/Versions/A/CoreBluetooth
0x000000000feb1000 	/System/Library/PrivateFrameworks/SpeechRecognitionCore.framework/Versions/A/SpeechRecognitionCore
0x000000010aa00000 	/Applications/Fiji.app/java/macosx/jdk1.8.0_66/jre/Contents/Home/lib/server/libjvm.dylib
0x000000000feb1000 	/usr/lib/libstdc++.6.dylib
0x000000010994e000 	/Applications/Fiji.app/java/macosx/jdk1.8.0_66/jre/Contents/Home/lib/libverify.dylib
0x000000010995c000 	/Applications/Fiji.app/java/macosx/jdk1.8.0_66/jre/Contents/Home/lib/libjava.dylib
0x00000001099db000 	/Applications/Fiji.app/java/macosx/jdk1.8.0_66/jre/Contents/Home/lib/libzip.dylib
0x000000000feb1000 	/System/Library/Frameworks/JavaVM.framework/Versions/A/Frameworks/JavaRuntimeSupport.framework/Versions/A/JavaRuntimeSupport
0x000000000feb1000 	/System/Library/Frameworks/JavaVM.framework/Versions/A/Frameworks/JavaNativeFoundation.framework/Versions/A/JavaNativeFoundation
0x000000000feb1000 	/System/Library/Frameworks/JavaVM.framework/Versions/A/JavaVM
0x000000000feb1000 	/System/Library/Frameworks/Carbon.framework/Versions/A/Carbon
0x000000000feb1000 	/System/Library/PrivateFrameworks/CoreSymbolication.framework/Versions/A/CoreSymbolication
0x000000000feb1000 	/System/Library/PrivateFrameworks/JavaLaunching.framework/Versions/A/JavaLaunching
0x000000000feb1000 	/System/Library/Frameworks/Carbon.framework/Versions/A/Frameworks/CommonPanels.framework/Versions/A/CommonPanels
0x000000000feb1000 	/System/Library/Frameworks/Carbon.framework/Versions/A/Frameworks/Help.framework/Versions/A/Help
0x000000000feb1000 	/System/Library/Frameworks/Carbon.framework/Versions/A/Frameworks/ImageCapture.framework/Versions/A/ImageCapture
0x000000000feb1000 	/System/Library/Frameworks/Carbon.framework/Versions/A/Frameworks/OpenScripting.framework/Versions/A/OpenScripting
0x000000000feb1000 	/System/Library/Frameworks/Carbon.framework/Versions/A/Frameworks/Ink.framework/Versions/A/Ink
0x000000000feb1000 	/System/Library/Frameworks/Carbon.framework/Versions/A/Frameworks/Print.framework/Versions/A/Print
0x000000000feb1000 	/System/Library/Frameworks/Carbon.framework/Versions/A/Frameworks/SecurityHI.framework/Versions/A/SecurityHI
0x000000000feb1000 	/System/Library/PrivateFrameworks/DebugSymbols.framework/Versions/A/DebugSymbols
0x0000000b4082e000 	/Applications/Fiji.app/java/macosx/jdk1.8.0_66/jre/Contents/Home/lib/libawt.dylib
0x0000000b408d6000 	/Applications/Fiji.app/java/macosx/jdk1.8.0_66/jre/Contents/Home/lib/libmlib_image.dylib
0x0000000b409a2000 	/Applications/Fiji.app/java/macosx/jdk1.8.0_66/jre/Contents/Home/lib/libawt_lwawt.dylib
0x0000000b3f4cd000 	/Applications/Fiji.app/java/macosx/jdk1.8.0_66/jre/Contents/Home/lib/libosxapp.dylib
0x000000000feb1000 	/System/Library/Frameworks/ExceptionHandling.framework/Versions/A/ExceptionHandling
0x000000000feb1000 	/System/Library/PrivateFrameworks/CoreServicesInternal.framework/Versions/A/CoreServicesInternal
0x000000000feb1000 	/System/Library/Frameworks/FileProvider.framework/Versions/A/FileProvider
0x000000000feb1000 	/System/Library/Frameworks/Accounts.framework/Versions/A/Accounts
0x000000000feb1000 	/System/Library/PrivateFrameworks/GenerationalStorage.framework/Versions/A/GenerationalStorage
0x000000000feb1000 	/System/Library/PrivateFrameworks/SymptomDiagnosticReporter.framework/Versions/A/SymptomDiagnosticReporter
0x000000000feb1000 	/System/Library/PrivateFrameworks/AppContainer.framework/Versions/A/AppContainer
0x000000000feb1000 	/usr/lib/libsandbox.1.dylib
0x000000000feb1000 	/System/Library/PrivateFrameworks/UserManagement.framework/Versions/A/UserManagement
0x000000000feb1000 	/System/Library/PrivateFrameworks/ChunkingLibrary.framework/Versions/A/ChunkingLibrary
0x000000000feb1000 	/System/Library/PrivateFrameworks/AppSandbox.framework/Versions/A/AppSandbox
0x000000000feb1000 	/System/Library/PrivateFrameworks/SecCodeWrapper.framework/Versions/A/SecCodeWrapper
0x000000000feb1000 	/usr/lib/libMatch.1.dylib
0x000000000feb1000 	/System/Library/CoreServices/RawCamera.bundle/Contents/MacOS/RawCamera
0x000000000feb1000 	/System/Library/PrivateFrameworks/MobileAsset.framework/Versions/A/MobileAsset
0x000000000feb1000 	/System/Library/PrivateFrameworks/StreamingZip.framework/Versions/A/StreamingZip
0x000000000feb1000 	/System/Library/Frameworks/MediaToolbox.framework/Versions/A/MediaToolbox
0x000000000feb1000 	/System/Library/PrivateFrameworks/CoreAVCHD.framework/Versions/A/CoreAVCHD
0x000000000feb1000 	/System/Library/Frameworks/MediaAccessibility.framework/Versions/A/MediaAccessibility
0x000000000feb1000 	/System/Library/PrivateFrameworks/Mangrove.framework/Versions/A/Mangrove
0x000000000feb1000 	/System/Library/Frameworks/CoreMedia.framework/Versions/A/CoreMedia
0x000000000feb1000 	/System/Library/PrivateFrameworks/MediaExperience.framework/Versions/A/MediaExperience
0x000000000feb1000 	/System/Library/Frameworks/VideoToolbox.framework/Versions/A/VideoToolbox
0x000000000feb1000 	/System/Library/PrivateFrameworks/CoreAUC.framework/Versions/A/CoreAUC
0x000000000feb1000 	/usr/lib/libspindump.dylib
0x000000000feb1000 	/System/Library/PrivateFrameworks/AudioResourceArbitration.framework/Versions/A/AudioResourceArbitration
0x000000000feb1000 	/System/Library/PrivateFrameworks/AppleVA.framework/Versions/A/AppleVA
0x000000000feb1000 	/System/Library/Frameworks/Accelerate.framework/Versions/A/Frameworks/vImage.framework/Versions/A/Libraries/libCGInterfaces.dylib
0x0000000b3f2a4000 	/usr/lib/libobjc-trampolines.dylib
0x000000000feb1000 	/System/Library/PrivateFrameworks/FontServices.framework/libTrueTypeScaler.dylib
0x000000000feb1000 	/System/Library/Extensions/AppleIntelKBLGraphicsMTLDriver.bundle/Contents/MacOS/AppleIntelKBLGraphicsMTLDriver
0x000000000feb1000 	/System/Library/Extensions/AMDMTLBronzeDriver.bundle/Contents/MacOS/AMDMTLBronzeDriver
0x000000000feb1000 	/System/Library/PrivateFrameworks/IOAccelMemoryInfo.framework/Versions/A/IOAccelMemoryInfo
0x000000000feb1000 	/System/Library/PrivateFrameworks/GPUCompiler.framework/Versions/3902/Libraries/libmetal_timestamp.dylib
0x000000000feb1000 	/System/Library/PrivateFrameworks/ViewBridge.framework/Versions/A/ViewBridge
0x000000000feb1000 	/System/Library/Frameworks/OpenGL.framework/Versions/A/Resources/GLEngine.bundle/GLEngine
0x000000000feb1000 	/System/Library/Frameworks/OpenGL.framework/Versions/A/Libraries/libGLProgrammability.dylib
0x000000000feb1000 	/System/Library/Extensions/AppleIntelKBLGraphicsGLDriver.bundle/Contents/MacOS/AppleIntelKBLGraphicsGLDriver
0x000000000feb1000 	/System/Library/PrivateFrameworks/GPUSupport.framework/Versions/A/Libraries/libGPUSupportMercury.dylib
0x0000000b41cd5000 	/System/Library/Extensions/AMDRadeonX4000GLDriver.bundle/Contents/MacOS/AMDRadeonX4000GLDriver
0x000000000feb1000 	/System/Library/Extensions/AMDRadeonX4000GLDriver.bundle/Contents/MacOS/ATIRadeonX4000SCLib.dylib
0x000000000feb1000 	/System/Library/Extensions/AMDShared.bundle/Contents/PlugIns/libSC.dylib
0x000000000feb1000 	/System/Library/Frameworks/OpenGL.framework/Versions/A/Resources/GLRendererFloat.bundle/GLRendererFloat
0x000000000feb1000 	/System/Library/Frameworks/OpenCL.framework/Versions/A/Libraries/libcldcpuengine.dylib
0x000000000feb1000 	/usr/lib/libcrypto.35.dylib
0x000000000feb1000 	/System/Library/PrivateFrameworks/TrustEvaluationAgent.framework/Versions/A/TrustEvaluationAgent
0x0000000b4071a000 	/Applications/Fiji.app/java/macosx/jdk1.8.0_66/jre/Contents/Home/lib/libfontmanager.dylib
0x0000000b3f42a000 	/Applications/Fiji.app/java/macosx/jdk1.8.0_66/jre/Contents/Home/lib/libosxui.dylib
0x0000000b3f5ae000 	/Applications/Fiji.app/java/macosx/jdk1.8.0_66/jre/Contents/Home/lib/libosx.dylib
0x0000000b3f6a2000 	/Applications/Fiji.app/java/macosx/jdk1.8.0_66/jre/Contents/Home/lib/libnet.dylib
0x0000000b41e8e000 	/Applications/Fiji.app/java/macosx/jdk1.8.0_66/jre/Contents/Home/lib/libnio.dylib
0x0000000bb2ce1000 	/Applications/Fiji.app/java/macosx/jdk1.8.0_66/jre/Contents/Home/lib/libdcpr.dylib
0x000000000feb1000 	/usr/lib/libusrtcp.dylib
0x000000000feb1000 	/System/Library/PrivateFrameworks/Shortcut.framework/Versions/A/Shortcut
0x000000000feb1000 	/System/Library/PrivateFrameworks/HelpData.framework/Versions/A/HelpData
0x000000000feb1000 	/System/Library/PrivateFrameworks/SystemAdministration.framework/Versions/A/SystemAdministration
0x000000000feb1000 	/System/Library/PrivateFrameworks/DiskManagement.framework/Versions/A/DiskManagement
0x000000000feb1000 	/System/Library/Frameworks/DirectoryService.framework/Versions/A/DirectoryService
0x000000000feb1000 	/System/Library/PrivateFrameworks/DiskImages.framework/Versions/A/DiskImages
0x000000000feb1000 	/System/Library/PrivateFrameworks/LoginUIKit.framework/Versions/A/Frameworks/LoginUICore.framework/Versions/A/LoginUICore
0x000000000feb1000 	/usr/lib/libCoreStorage.dylib
0x000000000feb1000 	/usr/lib/libcsfde.dylib
0x000000000feb1000 	/usr/lib/libodfde.dylib
0x000000000feb1000 	/System/Library/PrivateFrameworks/MediaKit.framework/Versions/A/MediaKit
0x000000000feb1000 	/System/Library/Frameworks/DiscRecording.framework/Versions/A/DiscRecording
0x000000000feb1000 	/System/Library/PrivateFrameworks/EFILogin.framework/Versions/A/EFILogin
0x000000000feb1000 	/System/Library/PrivateFrameworks/ProtectedCloudStorage.framework/Versions/A/ProtectedCloudStorage
0x000000000feb1000 	/usr/lib/libcurl.4.dylib
0x000000000feb1000 	/usr/lib/libcrypto.44.dylib
0x000000000feb1000 	/usr/lib/libssl.46.dylib
0x000000000feb1000 	/System/Library/Frameworks/LDAP.framework/Versions/A/LDAP
0x000000000feb1000 	/usr/lib/libsasl2.2.dylib
0x000000000feb1000 	/System/Library/PrivateFrameworks/CoreDaemon.framework/Versions/B/CoreDaemon
0x000000000feb1000 	/System/Library/PrivateFrameworks/AppleSRP.framework/Versions/A/AppleSRP

VM Arguments:
jvm_args: -Dpython.cachedir.skip=true -Dplugins.dir=/Applications/Fiji.app -Xmx40000m 
java_command: <unknown>
java_class_path (initial): /Applications/Fiji.app/jars/imagej-launcher-4.0.5.jar
Launcher Type: generic

Environment Variables:
JAVA_HOME=/Applications/Fiji.app/java/macosx/jdk1.8.0_66/jre/Contents/Home/
PATH=/usr/bin:/bin:/usr/sbin:/sbin
SHELL=/bin/bash
DYLD_LIBRARY_PATH=/Applications/Fiji.app/lib/macosx:/Applications/Fiji.app/mm/macosx

Signal Handlers:
SIGSEGV: [libjvm.dylib+0x5a65d5], sa_mask[0]=11111111011111110111111111111111, sa_flags=SA_ONSTACK|SA_RESTART|SA_SIGINFO
SIGBUS: [libjvm.dylib+0x5a65d5], sa_mask[0]=11111111011111110111111111111111, sa_flags=SA_RESTART|SA_SIGINFO
SIGFPE: [libjvm.dylib+0x4802e8], sa_mask[0]=11111111011111110111111111111111, sa_flags=SA_RESTART|SA_SIGINFO
SIGPIPE: [libjvm.dylib+0x4802e8], sa_mask[0]=11111111011111110111111111111111, sa_flags=SA_RESTART|SA_SIGINFO
SIGXFSZ: [libjvm.dylib+0x4802e8], sa_mask[0]=11111111011111110111111111111111, sa_flags=SA_RESTART|SA_SIGINFO
SIGILL: [libjvm.dylib+0x4802e8], sa_mask[0]=11111111011111110111111111111111, sa_flags=SA_RESTART|SA_SIGINFO
SIGUSR1: SIG_DFL, sa_mask[0]=00000000000000000000000000000000, sa_flags=none
SIGUSR2: [libjvm.dylib+0x47fe06], sa_mask[0]=00000000000000000000000000000000, sa_flags=SA_RESTART|SA_SIGINFO
SIGHUP: [libjvm.dylib+0x47e3dd], sa_mask[0]=11111111011111110111111111111111, sa_flags=SA_RESTART|SA_SIGINFO
SIGINT: [libjvm.dylib+0x47e3dd], sa_mask[0]=11111111011111110111111111111111, sa_flags=SA_RESTART|SA_SIGINFO
SIGTERM: [libjvm.dylib+0x47e3dd], sa_mask[0]=11111111011111110111111111111111, sa_flags=SA_RESTART|SA_SIGINFO
SIGQUIT: [libjvm.dylib+0x47e3dd], sa_mask[0]=11111111011111110111111111111111, sa_flags=SA_RESTART|SA_SIGINFO


---------------  S Y S T E M  ---------------

OS:Bsduname:Darwin 19.3.0 Darwin Kernel Version 19.3.0: Thu Jan  9 20:58:23 PST 2020; root:xnu-6153.81.5~1/RELEASE_X86_64 x86_64
rlimit: STACK 8192k, CORE 0k, NPROC 2784, NOFILE 10240, AS infinity
load average:1.02 1.16 1.15

CPU:total 8 (4 cores per cpu, 2 threads per core) family 6 model 158 stepping 9, cmov, cx8, fxsr, mmx, sse, sse2, sse3, ssse3, sse4.1, sse4.2, popcnt, avx, avx2, aes, clmul, erms, rtm, 3dnowpref, lzcnt, ht, tsc, tscinvbit, bmi1, bmi2, adx

Memory: 4k page, physical 16777216k(10728k free)

/proc/meminfo:


vm_info: Java HotSpot(TM) 64-Bit Server VM (25.66-b17) for bsd-amd64 JRE (1.8.0_66-b17), built on Oct  6 2015 16:09:13 by "java_re" with gcc 4.2.1 (Based on Apple Inc. build 5658) (LLVM build 2336.11.00)

time: Mon Mar 30 16:39:14 2020
elapsed time: 56540 seconds (0d 15h 42m 20s)

