#
# A fatal error has been detected by the Java Runtime Environment:
#
#  SIGSEGV (0xb) at pc=0x0000000b37f09e43, pid=43250, tid=52495
#
# JRE version: Java(TM) SE Runtime Environment (8.0_66-b17) (build 1.8.0_66-b17)
# Java VM: Java HotSpot(TM) 64-Bit Server VM (25.66-b17 mixed mode bsd-amd64 )
# Problematic frame:
# C  [libawt_lwawt.dylib+0x1ae43]  OGLSD_SetScratchSurface+0x49
#
# Failed to write core dump. Core dumps have been disabled. To enable core dumping, try "ulimit -c unlimited" before starting Java again
#
# If you would like to submit a bug report, please visit:
#   http://bugreport.java.com/bugreport/crash.jsp
# The crash happened outside the Java Virtual Machine in native code.
# See problematic frame for where to report the bug.
#

---------------  T H R E A D  ---------------

Current thread (0x00007f894c3d6000):  JavaThread "Java2D Queue Flusher" daemon [_thread_in_native, id=52495, stack(0x0000700001d7c000,0x0000700001e7c000)]

siginfo: si_signo: 11 (SIGSEGV), si_code: 1 (SEGV_MAPERR), si_addr: 0x0000000000000002

Registers:
RAX=0x00000000ffffffff, RBX=0x0000000000000002, RCX=0x0000000000000047, RDX=0x0000000b37f2a8ec
RSP=0x0000700001e7b780, RBP=0x0000700001e7b7a0, RSI=0x00007f894b0c3890, RDI=0x00007f894c3d61f8
R8 =0x00000000000000a9, R9 =0xffffffff00000000, R10=0x000000010dfe38e8, R11=0x00000001026dbd77
R12=0x0000700001e7b810, R13=0x0000000b3bc83638, R14=0x00007f894c3d61f8, R15=0x00007f894c3d6000
RIP=0x0000000b37f09e43, EFLAGS=0x0000000000010202, ERR=0x0000000000000004
  TRAPNO=0x000000000000000e

Top of Stack: (sp=0x0000700001e7b780)
0x0000700001e7b780:   00007f894b0c3890 0000700001e7b810
0x0000700001e7b790:   00007f894c3e4a10 00007f894c3d6000
0x0000700001e7b7a0:   0000700001e7b820 0000000b37f2a3ca
0x0000700001e7b7b0:   0000700001e7b890 00000001026767e9
0x0000700001e7b7c0:   0000700001e7b810 000000023bc83638
0x0000700001e7b7d0:   0000000000000000 000000014f81a40a
0x0000700001e7b7e0:   0000000000000064 00007f894c3e4a20
0x0000700001e7b7f0:   0000000000000bad 00007f894c3d61f8
0x0000700001e7b800:   0000000b3bc83638 0000700001e7b810
0x0000700001e7b810:   0000700001e7b8d0 00007f894c3d6000
0x0000700001e7b820:   0000700001e7b898 000000010dfe3914
0x0000700001e7b830:   0000000000000000 0000000000000000
0x0000700001e7b840:   0000000042100000 0000000000000000
0x0000700001e7b850:   0000000000000000 0000700001e7b858
0x0000700001e7b860:   0000000000000000 0000700001e7b8d0
0x0000700001e7b870:   0000000b3bc84b08 0000000000000000
0x0000700001e7b880:   0000000b3bc83638 0000000000000000
0x0000700001e7b890:   0000700001e7b8e0 0000700001e7b9f8
0x0000700001e7b8a0:   000000010ecb6eb4 0000000000000000
0x0000700001e7b8b0:   000000010dfdd558 00007f8900000020
0x0000700001e7b8c0:   00007f894c3e4a00 000000010254bc08
0x0000700001e7b8d0:   000000011d9e1638 000000010ecb6eb4
0x0000700001e7b8e0:   0000700001e7b801 00007f894b0390f0
0x0000700001e7b8f0:   000000011d9e1300 00007f894c3d6000
0x0000700001e7b900:   00007f894c3d6000 000000010ba8c900
0x0000700001e7b910:   0000700001e7ba20 00007f894c3d6000
0x0000700001e7b920:   0000700001e7b970 000000010e441028
0x0000700001e7b930:   000000011d9e1638 000000010eb7faa6
0x0000700001e7b940:   0000700001e7b9f8 000000010edc84dc
0x0000700001e7b950:   0000700001e7b950 0000000b3bc838c1
0x0000700001e7b960:   0000700001e7b9a0 0000000b3bc84b08
0x0000700001e7b970:   0000700001e7b9f8 000000010dfd5c24 

Instructions: (pc=0x0000000b37f09e43)
0x0000000b37f09e23:   c0 e9 82 00 00 00 48 8b 5e 10 48 85 db 75 0e bf
0x0000000b37f09e33:   01 00 00 00 48 8d 15 fd 75 03 00 eb d6 49 89 fe
0x0000000b37f09e43:   4c 8b 3b 30 c0 e8 c5 a2 02 00 49 8b 3f 49 89 c4
0x0000000b37f09e53:   48 8b 35 a6 f7 05 00 30 c0 e8 cb a3 02 00 48 85 

Register to memory mapping:

RAX=0x00000000ffffffff is an unknown value
RBX=0x0000000000000002 is an unknown value
RCX=0x0000000000000047 is an unknown value
RDX=0x0000000b37f2a8ec: Java_sun_java2d_opengl_OGLRenderQueue_flushBuffer+0xb5c in /Applications/Fiji.app/java/macosx/jdk1.8.0_66/jre/Contents/Home/lib/libawt_lwawt.dylib at 0x0000000b37eef000
RSP=0x0000700001e7b780 is pointing into the stack for thread: 0x00007f894c3d6000
RBP=0x0000700001e7b7a0 is pointing into the stack for thread: 0x00007f894c3d6000
RSI=0x00007f894b0c3890 is an unknown value
RDI=0x00007f894c3d61f8 is an unknown value
R8 =0x00000000000000a9 is an unknown value
R9 =0xffffffff00000000 is an unknown value
R10=0x000000010dfe38e8 is at code_begin+808 in an Interpreter codelet
method entry point (kind = native)  [0x000000010dfe35c0, 0x000000010dfe3ec0]  2304 bytes
R11=0x00000001026dbd77: throw_unsatisfied_link_error+0 in /Applications/Fiji.app/java/macosx/jdk1.8.0_66/jre/Contents/Home/lib/server/libjvm.dylib at 0x0000000102200000
R12=0x0000700001e7b810 is pointing into the stack for thread: 0x00007f894c3d6000
R13={method} {0x0000000b3bc83638} 'flushBuffer' '(JI)V' in 'sun/java2d/opengl/OGLRenderQueue'
R14=0x00007f894c3d61f8 is an unknown value
R15=0x00007f894c3d6000 is a thread


Stack: [0x0000700001d7c000,0x0000700001e7c000],  sp=0x0000700001e7b780,  free space=1021k
Native frames: (J=compiled Java code, j=interpreted, Vv=VM code, C=native code)
C  [libawt_lwawt.dylib+0x1ae43]  OGLSD_SetScratchSurface+0x49
C  [libawt_lwawt.dylib+0x3b3ca]  Java_sun_java2d_opengl_OGLRenderQueue_flushBuffer+0x63a
j  sun.java2d.opengl.OGLRenderQueue.flushBuffer(JI)V+0
J 5320 C1 sun.java2d.opengl.OGLRenderQueue.flushBuffer()V (41 bytes) @ 0x000000010ecb6eb4 [0x000000010ecb6c60+0x254]
J 5638 C1 sun.java2d.opengl.OGLRenderQueue.access$100(Lsun/java2d/opengl/OGLRenderQueue;)V (5 bytes) @ 0x000000010edc84dc [0x000000010edc8480+0x5c]
j  sun.java2d.opengl.OGLRenderQueue$QueueFlusher.run()V+81
v  ~StubRoutines::call_stub
V  [libjvm.dylib+0x2ea35e]  JavaCalls::call_helper(JavaValue*, methodHandle*, JavaCallArguments*, Thread*)+0x6ae
V  [libjvm.dylib+0x2eaaec]  JavaCalls::call_virtual(JavaValue*, KlassHandle, Symbol*, Symbol*, JavaCallArguments*, Thread*)+0x164
V  [libjvm.dylib+0x2eac98]  JavaCalls::call_virtual(JavaValue*, Handle, KlassHandle, Symbol*, Symbol*, Thread*)+0x4a
V  [libjvm.dylib+0x345215]  thread_entry(JavaThread*, Thread*)+0x7c
V  [libjvm.dylib+0x560b83]  JavaThread::thread_main_inner()+0x9b
V  [libjvm.dylib+0x56227e]  JavaThread::run()+0x1c2
V  [libjvm.dylib+0x482cd6]  java_start(Thread*)+0xf6
C  [libsystem_pthread.dylib+0x5e65]  _pthread_start+0x94
C  [libsystem_pthread.dylib+0x183b]  thread_start+0xf
C  0x0000000000000000

Java frames: (J=compiled Java code, j=interpreted, Vv=VM code)
j  sun.java2d.opengl.OGLRenderQueue.flushBuffer(JI)V+0
J 5320 C1 sun.java2d.opengl.OGLRenderQueue.flushBuffer()V (41 bytes) @ 0x000000010ecb6eb4 [0x000000010ecb6c60+0x254]
J 5638 C1 sun.java2d.opengl.OGLRenderQueue.access$100(Lsun/java2d/opengl/OGLRenderQueue;)V (5 bytes) @ 0x000000010edc84dc [0x000000010edc8480+0x5c]
j  sun.java2d.opengl.OGLRenderQueue$QueueFlusher.run()V+81
v  ~StubRoutines::call_stub

---------------  P R O C E S S  ---------------

Java Threads: ( => current thread )
  0x00007f894e460800 JavaThread "DrawAndDrop" [_thread_in_Java, id=67091, stack(0x000070000228b000,0x000070000238b000)]
  0x00007f89511b7000 JavaThread "TimerQueue" daemon [_thread_blocked, id=39203, stack(0x0000700002491000,0x0000700002591000)]
  0x00007f894bd1f800 JavaThread "DestroyJavaVM" [_thread_blocked, id=4359, stack(0x00007000005a8000,0x0000700000628000)]
  0x00007f8949d2f800 JavaThread "AWT-EventQueue-0" [_thread_in_native, id=37671, stack(0x0000700001f82000,0x0000700002082000)]
  0x00007f894ebb8000 JavaThread "AWT-Shutdown" [_thread_blocked, id=52023, stack(0x0000700001a6d000,0x0000700001b6d000)]
  0x00007f894e65e800 JavaThread "Timer-0" daemon [_thread_blocked, id=71179, stack(0x0000700002188000,0x0000700002288000)]
  0x00007f894ddd3000 JavaThread "Java2D Disposer" daemon [_thread_blocked, id=73755, stack(0x0000700001e7f000,0x0000700001f7f000)]
=>0x00007f894c3d6000 JavaThread "Java2D Queue Flusher" daemon [_thread_in_native, id=52495, stack(0x0000700001d7c000,0x0000700001e7c000)]
  0x00007f894e938000 JavaThread "AppKit Thread" daemon [_thread_in_native, id=775, stack(0x00007ffeee327000,0x00007ffeeeb27000)]
  0x00007f8949062000 JavaThread "Service Thread" daemon [_thread_blocked, id=16387, stack(0x0000700001761000,0x0000700001861000)]
  0x00007f8949006000 JavaThread "C1 CompilerThread3" daemon [_thread_blocked, id=15875, stack(0x000070000165e000,0x000070000175e000)]
  0x00007f894a83d000 JavaThread "C2 CompilerThread2" daemon [_thread_blocked, id=15363, stack(0x000070000155b000,0x000070000165b000)]
  0x00007f8949813000 JavaThread "C2 CompilerThread1" daemon [_thread_blocked, id=14851, stack(0x0000700001458000,0x0000700001558000)]
  0x00007f8949051800 JavaThread "C2 CompilerThread0" daemon [_thread_blocked, id=14595, stack(0x0000700001355000,0x0000700001455000)]
  0x00007f894a83c800 JavaThread "Signal Dispatcher" daemon [_thread_blocked, id=14083, stack(0x0000700001252000,0x0000700001352000)]
  0x00007f8949041800 JavaThread "Finalizer" daemon [_thread_blocked, id=19971, stack(0x0000700001049000,0x0000700001149000)]
  0x00007f894a008000 JavaThread "Reference Handler" daemon [_thread_blocked, id=20483, stack(0x0000700000f46000,0x0000700001046000)]

Other Threads:
  0x00007f8949811800 VMThread [stack: 0x0000700000e43000,0x0000700000f43000] [id=20995]
  0x00007f8949044800 WatcherThread [stack: 0x0000700001864000,0x0000700001964000] [id=17155]

VM state:not at safepoint (normal execution)

VM Mutex/Monitor currently owned by a thread: None

Heap:
 PSYoungGen      total 387584K, used 100041K [0x000000079fb00000, 0x00000007bea00000, 0x0000000ae1000000)
  eden space 357376K, 19% used [0x000000079fb00000,0x00000007a3f71b88,0x00000007b5800000)
  from space 30208K, 99% used [0x00000007bcc80000,0x00000007be9c0a78,0x00000007bea00000)
  to   space 35328K, 0% used [0x00000007ba500000,0x00000007ba500000,0x00000007bc780000)
 ParOldGen       total 175616K, used 24532K [0x000000011d000000, 0x0000000127b80000, 0x000000079fb00000)
  object space 175616K, 13% used [0x000000011d000000,0x000000011e7f50e0,0x0000000127b80000)
 Metaspace       used 54149K, capacity 57130K, committed 57344K, reserved 57344K

Card table byte_map: [0x0000000103546000,0x0000000108367000] byte_map_base: 0x0000000102c5e000

Marking Bits: (ParMarkBitMap*) 0x0000000102adde20
 Begin Bits: [0x0000000ae1000000, 0x0000000b08100000)
 End Bits:   [0x0000000b08100000, 0x0000000b2f200000)

Polling page: 0x000000010115c000

CodeCache: size=245760Kb used=14251Kb max_used=14277Kb free=231508Kb
 bounds [0x000000010dfce000, 0x000000010edde000, 0x000000011cfce000]
 total_blobs=5420 nmethods=4702 adapters=629
 compilation: enabled

Compilation events (10 events):
Event: 136635.462 Thread 0x00007f8949006000 nmethod 5638 0x000000010edc8310 code [0x000000010edc8480, 0x000000010edc85e8]
Event: 136635.467 Thread 0x00007f8949813000 5639       4       java.util.zip.ZipFile$ZipFileInputStream::finalize (5 bytes)
Event: 136635.467 Thread 0x00007f8949051800 5640       4       java.util.zip.ZipFile$ZipFileInflaterInputStream::finalize (5 bytes)
Event: 136635.468 Thread 0x00007f8949813000 nmethod 5639 0x000000010edcdf90 code [0x000000010edce0e0, 0x000000010edce148]
Event: 136635.468 Thread 0x00007f8949051800 nmethod 5640 0x000000010edcc5d0 code [0x000000010edcc720, 0x000000010edcc788]
Event: 136635.469 Thread 0x00007f8949006000 5641   !   3       java.util.zip.ZipFile$ZipFileInflaterInputStream::close (67 bytes)
Event: 136635.471 Thread 0x00007f8949006000 nmethod 5641 0x000000010edcd210 code [0x000000010edcd3e0, 0x000000010edcdbb8]
Event: 136635.471 Thread 0x00007f8949006000 5642   !   3       java.io.BufferedReader::read (140 bytes)
Event: 136635.472 Thread 0x00007f8949006000 nmethod 5642 0x000000010edcb3d0 code [0x000000010edcb5e0, 0x000000010edcc008]
Event: 136635.486 Thread 0x00007f8949006000 5643       3       java.io.BufferedReader::read1 (171 bytes)

GC Heap History (10 events):
Event: 3.948 GC heap before
{Heap before GC invocations=6 (full 0):
 PSYoungGen      total 141824K, used 135783K [0x000000079fb00000, 0x00000007b3d00000, 0x0000000ae1000000)
  eden space 131072K, 95% used [0x000000079fb00000,0x00000007a751a420,0x00000007a7b00000)
  from space 10752K, 99% used [0x00000007a7b00000,0x00000007a857f8a8,0x00000007a8580000)
  to   space 33792K, 0% used [0x00000007b1c00000,0x00000007b1c00000,0x00000007b3d00000)
 ParOldGen       total 175104K, used 39097K [0x000000011d000000, 0x0000000127b00000, 0x000000079fb00000)
  object space 175104K, 22% used [0x000000011d000000,0x000000011f62e798,0x0000000127b00000)
 Metaspace       used 20798K, capacity 21111K, committed 21248K, reserved 22528K
Event: 3.962 GC heap after
Heap after GC invocations=6 (full 0):
 PSYoungGen      total 292864K, used 13996K [0x000000079fb00000, 0x00000007b3a00000, 0x0000000ae1000000)
  eden space 262144K, 0% used [0x000000079fb00000,0x000000079fb00000,0x00000007afb00000)
  from space 30720K, 45% used [0x00000007b1c00000,0x00000007b29ab178,0x00000007b3a00000)
  to   space 32256K, 0% used [0x00000007afb00000,0x00000007afb00000,0x00000007b1a80000)
 ParOldGen       total 175104K, used 39105K [0x000000011d000000, 0x0000000127b00000, 0x000000079fb00000)
  object space 175104K, 22% used [0x000000011d000000,0x000000011f630798,0x0000000127b00000)
 Metaspace       used 20798K, capacity 21111K, committed 21248K, reserved 22528K
}
Event: 3.962 GC heap before
{Heap before GC invocations=7 (full 1):
 PSYoungGen      total 292864K, used 13996K [0x000000079fb00000, 0x00000007b3a00000, 0x0000000ae1000000)
  eden space 262144K, 0% used [0x000000079fb00000,0x000000079fb00000,0x00000007afb00000)
  from space 30720K, 45% used [0x00000007b1c00000,0x00000007b29ab178,0x00000007b3a00000)
  to   space 32256K, 0% used [0x00000007afb00000,0x00000007afb00000,0x00000007b1a80000)
 ParOldGen       total 175104K, used 39105K [0x000000011d000000, 0x0000000127b00000, 0x000000079fb00000)
  object space 175104K, 22% used [0x000000011d000000,0x000000011f630798,0x0000000127b00000)
 Metaspace       used 20798K, capacity 21111K, committed 21248K, reserved 22528K
Event: 4.001 GC heap after
Heap after GC invocations=7 (full 1):
 PSYoungGen      total 292864K, used 0K [0x000000079fb00000, 0x00000007b3a00000, 0x0000000ae1000000)
  eden space 262144K, 0% used [0x000000079fb00000,0x000000079fb00000,0x00000007afb00000)
  from space 30720K, 0% used [0x00000007b1c00000,0x00000007b1c00000,0x00000007b3a00000)
  to   space 32256K, 0% used [0x00000007afb00000,0x00000007afb00000,0x00000007b1a80000)
 ParOldGen       total 118272K, used 13827K [0x000000011d000000, 0x0000000124380000, 0x000000079fb00000)
  object space 118272K, 11% used [0x000000011d000000,0x000000011dd80f58,0x0000000124380000)
 Metaspace       used 20798K, capacity 21111K, committed 21248K, reserved 22528K
}
Event: 5.200 GC heap before
{Heap before GC invocations=8 (full 1):
 PSYoungGen      total 292864K, used 84639K [0x000000079fb00000, 0x00000007b3a00000, 0x0000000ae1000000)
  eden space 262144K, 32% used [0x000000079fb00000,0x00000007a4da7f88,0x00000007afb00000)
  from space 30720K, 0% used [0x00000007b1c00000,0x00000007b1c00000,0x00000007b3a00000)
  to   space 32256K, 0% used [0x00000007afb00000,0x00000007afb00000,0x00000007b1a80000)
 ParOldGen       total 118272K, used 13827K [0x000000011d000000, 0x0000000124380000, 0x000000079fb00000)
  object space 118272K, 11% used [0x000000011d000000,0x000000011dd80f58,0x0000000124380000)
 Metaspace       used 33311K, capacity 35383K, committed 35416K, reserved 36864K
Event: 5.210 GC heap after
Heap after GC invocations=8 (full 1):
 PSYoungGen      total 294400K, used 12374K [0x000000079fb00000, 0x00000007beb00000, 0x0000000ae1000000)
  eden space 262144K, 0% used [0x000000079fb00000,0x000000079fb00000,0x00000007afb00000)
  from space 32256K, 38% used [0x00000007afb00000,0x00000007b0715ab8,0x00000007b1a80000)
  to   space 31232K, 0% used [0x00000007bcc80000,0x00000007bcc80000,0x00000007beb00000)
 ParOldGen       total 118272K, used 13843K [0x000000011d000000, 0x0000000124380000, 0x000000079fb00000)
  object space 118272K, 11% used [0x000000011d000000,0x000000011dd84f58,0x0000000124380000)
 Metaspace       used 33311K, capacity 35383K, committed 35416K, reserved 36864K
}
Event: 5.210 GC heap before
{Heap before GC invocations=9 (full 2):
 PSYoungGen      total 294400K, used 12374K [0x000000079fb00000, 0x00000007beb00000, 0x0000000ae1000000)
  eden space 262144K, 0% used [0x000000079fb00000,0x000000079fb00000,0x00000007afb00000)
  from space 32256K, 38% used [0x00000007afb00000,0x00000007b0715ab8,0x00000007b1a80000)
  to   space 31232K, 0% used [0x00000007bcc80000,0x00000007bcc80000,0x00000007beb00000)
 ParOldGen       total 118272K, used 13843K [0x000000011d000000, 0x0000000124380000, 0x000000079fb00000)
  object space 118272K, 11% used [0x000000011d000000,0x000000011dd84f58,0x0000000124380000)
 Metaspace       used 33311K, capacity 35383K, committed 35416K, reserved 36864K
Event: 5.275 GC heap after
Heap after GC invocations=9 (full 2):
 PSYoungGen      total 294400K, used 0K [0x000000079fb00000, 0x00000007beb00000, 0x0000000ae1000000)
  eden space 262144K, 0% used [0x000000079fb00000,0x000000079fb00000,0x00000007afb00000)
  from space 32256K, 0% used [0x00000007afb00000,0x00000007afb00000,0x00000007b1a80000)
  to   space 31232K, 0% used [0x00000007bcc80000,0x00000007bcc80000,0x00000007beb00000)
 ParOldGen       total 175616K, used 24460K [0x000000011d000000, 0x0000000127b80000, 0x000000079fb00000)
  object space 175616K, 13% used [0x000000011d000000,0x000000011e7e30c8,0x0000000127b80000)
 Metaspace       used 33311K, capacity 35383K, committed 35416K, reserved 36864K
}
Event: 136635.307 GC heap before
{Heap before GC invocations=10 (full 2):
 PSYoungGen      total 294400K, used 261935K [0x000000079fb00000, 0x00000007beb00000, 0x0000000ae1000000)
  eden space 262144K, 99% used [0x000000079fb00000,0x00000007afacbc30,0x00000007afb00000)
  from space 32256K, 0% used [0x00000007afb00000,0x00000007afb00000,0x00000007b1a80000)
  to   space 31232K, 0% used [0x00000007bcc80000,0x00000007bcc80000,0x00000007beb00000)
 ParOldGen       total 175616K, used 24460K [0x000000011d000000, 0x0000000127b80000, 0x000000079fb00000)
  object space 175616K, 13% used [0x000000011d000000,0x000000011e7e30c8,0x0000000127b80000)
 Metaspace       used 54134K, capacity 57105K, committed 57344K, reserved 57344K
Event: 136635.452 GC heap after
Heap after GC invocations=10 (full 2):
 PSYoungGen      total 387584K, used 29954K [0x000000079fb00000, 0x00000007bea00000, 0x0000000ae1000000)
  eden space 357376K, 0% used [0x000000079fb00000,0x000000079fb00000,0x00000007b5800000)
  from space 30208K, 99% used [0x00000007bcc80000,0x00000007be9c0a78,0x00000007bea00000)
  to   space 35328K, 0% used [0x00000007ba500000,0x00000007ba500000,0x00000007bc780000)
 ParOldGen       total 175616K, used 24532K [0x000000011d000000, 0x0000000127b80000, 0x000000079fb00000)
  object space 175616K, 13% used [0x000000011d000000,0x000000011e7f50e0,0x0000000127b80000)
 Metaspace       used 54134K, capacity 57105K, committed 57344K, reserved 57344K
}

Deoptimization events (10 events):
Event: 10.365 Thread 0x00007f894981a800 Uncommon trap: reason=range_check action=make_not_entrant pc=0x000000010eb9fefc method=java.awt.image.DirectColorModel.getsRGBComponentFromsRGB(II)I @ 6
Event: 10.367 Thread 0x00007f894981a800 Uncommon trap: reason=range_check action=make_not_entrant pc=0x000000010eba2428 method=java.awt.image.DirectColorModel.getsRGBComponentFromsRGB(II)I @ 6
Event: 108795.540 Thread 0x00007f894c3d6000 Uncommon trap: reason=unstable_if action=reinterpret pc=0x000000010ec8dc78 method=sun.java2d.opengl.OGLRenderQueue$QueueFlusher.run()V @ 34
Event: 123147.698 Thread 0x00007f8949d2f800 Uncommon trap: reason=unstable_if action=reinterpret pc=0x000000010ec60064 method=java.lang.StrictMath.floorOrCeil(DDDD)D @ 115
Event: 136635.255 Thread 0x00007f894e460800 Uncommon trap: reason=bimorphic action=maybe_recompile pc=0x000000010e29e79c method=java.util.Hashtable.put(Ljava/lang/Object;Ljava/lang/Object;)Ljava/lang/Object; @ 60
Event: 136635.255 Thread 0x00007f894e460800 Uncommon trap: reason=bimorphic action=maybe_recompile pc=0x000000010e29e79c method=java.util.Hashtable.put(Ljava/lang/Object;Ljava/lang/Object;)Ljava/lang/Object; @ 60
Event: 136635.255 Thread 0x00007f894e460800 Uncommon trap: reason=bimorphic action=maybe_recompile pc=0x000000010e29e79c method=java.util.Hashtable.put(Ljava/lang/Object;Ljava/lang/Object;)Ljava/lang/Object; @ 60
Event: 136635.255 Thread 0x00007f894e460800 Uncommon trap: reason=bimorphic action=maybe_recompile pc=0x000000010e29e79c method=java.util.Hashtable.put(Ljava/lang/Object;Ljava/lang/Object;)Ljava/lang/Object; @ 60
Event: 136635.452 Thread 0x00007f894c3d6000 Uncommon trap: reason=unstable_if action=reinterpret pc=0x000000010eccc4ac method=sun.java2d.opengl.OGLRenderQueue$QueueFlusher.run()V @ 47
Event: 136635.469 Thread 0x00007f8949041800 Uncommon trap: reason=unstable_if action=reinterpret pc=0x000000010e4669b0 method=java.lang.ref.ReferenceQueue.poll()Ljava/lang/ref/Reference; @ 4

Internal exceptions (10 events):
Event: 136635.115 Thread 0x00007f894e460800 Exception <a 'java/security/PrivilegedActionException'> (0x00000007af0708d0) thrown at [/HUDSON3/workspace/8-2-build-macosx-x86_64/jdk8u66/4988/hotspot/src/share/vm/prims/jvm.cpp, line 1386]
Event: 136635.115 Thread 0x00007f894e460800 Exception <a 'java/security/PrivilegedActionException'> (0x00000007af070e50) thrown at [/HUDSON3/workspace/8-2-build-macosx-x86_64/jdk8u66/4988/hotspot/src/share/vm/prims/jvm.cpp, line 1386]
Event: 136635.115 Thread 0x00007f894e460800 Exception <a 'java/security/PrivilegedActionException'> (0x00000007af097828) thrown at [/HUDSON3/workspace/8-2-build-macosx-x86_64/jdk8u66/4988/hotspot/src/share/vm/prims/jvm.cpp, line 1386]
Event: 136635.115 Thread 0x00007f894e460800 Exception <a 'java/security/PrivilegedActionException'> (0x00000007af097da8) thrown at [/HUDSON3/workspace/8-2-build-macosx-x86_64/jdk8u66/4988/hotspot/src/share/vm/prims/jvm.cpp, line 1386]
Event: 136635.115 Thread 0x00007f894e460800 Exception <a 'java/security/PrivilegedActionException'> (0x00000007af0993f8) thrown at [/HUDSON3/workspace/8-2-build-macosx-x86_64/jdk8u66/4988/hotspot/src/share/vm/prims/jvm.cpp, line 1386]
Event: 136635.115 Thread 0x00007f894e460800 Exception <a 'java/security/PrivilegedActionException'> (0x00000007af099978) thrown at [/HUDSON3/workspace/8-2-build-macosx-x86_64/jdk8u66/4988/hotspot/src/share/vm/prims/jvm.cpp, line 1386]
Event: 136635.116 Thread 0x00007f894e460800 Exception <a 'java/security/PrivilegedActionException'> (0x00000007af0c12e0) thrown at [/HUDSON3/workspace/8-2-build-macosx-x86_64/jdk8u66/4988/hotspot/src/share/vm/prims/jvm.cpp, line 1386]
Event: 136635.116 Thread 0x00007f894e460800 Exception <a 'java/security/PrivilegedActionException'> (0x00000007af0c1860) thrown at [/HUDSON3/workspace/8-2-build-macosx-x86_64/jdk8u66/4988/hotspot/src/share/vm/prims/jvm.cpp, line 1386]
Event: 136635.116 Thread 0x00007f894e460800 Exception <a 'java/security/PrivilegedActionException'> (0x00000007af0c2eb0) thrown at [/HUDSON3/workspace/8-2-build-macosx-x86_64/jdk8u66/4988/hotspot/src/share/vm/prims/jvm.cpp, line 1386]
Event: 136635.116 Thread 0x00007f894e460800 Exception <a 'java/security/PrivilegedActionException'> (0x00000007af0c3430) thrown at [/HUDSON3/workspace/8-2-build-macosx-x86_64/jdk8u66/4988/hotspot/src/share/vm/prims/jvm.cpp, line 1386]

Events (10 events):
Event: 136635.470 Executing VM operation: RevokeBias
Event: 136635.470 Executing VM operation: RevokeBias done
Event: 136635.470 Executing VM operation: RevokeBias
Event: 136635.470 Executing VM operation: RevokeBias done
Event: 136635.471 Executing VM operation: BulkRevokeBias
Event: 136635.471 Executing VM operation: BulkRevokeBias done
Event: 136635.471 Thread 0x00007f8949006000 flushing nmethod 0x000000010e1773d0
Event: 136635.472 Thread 0x00007f8949006000 flushing nmethod 0x000000010e247f90
Event: 136635.472 Executing VM operation: RevokeBias
Event: 136635.486 Executing VM operation: RevokeBias done


Dynamic libraries:
0x0000000009b2c000 	/System/Library/Frameworks/CoreFoundation.framework/Versions/A/CoreFoundation
0x0000000009b2c000 	/System/Library/Frameworks/ApplicationServices.framework/Versions/A/ApplicationServices
0x0000000009b2c000 	/usr/lib/libSystem.B.dylib
0x0000000009b2c000 	/System/Library/Frameworks/CoreServices.framework/Versions/A/CoreServices
0x0000000009b2c000 	/usr/lib/libobjc.A.dylib
0x0000000009b2c000 	/usr/lib/libfakelink.dylib
0x0000000009b2c000 	/usr/lib/libDiagnosticMessagesClient.dylib
0x0000000009b2c000 	/usr/lib/libicucore.A.dylib
0x0000000009b2c000 	/usr/lib/libz.1.dylib
0x0000000009b2c000 	/usr/lib/libc++abi.dylib
0x0000000009b2c000 	/usr/lib/libc++.1.dylib
0x0000000009b2c000 	/usr/lib/system/libcache.dylib
0x0000000009b2c000 	/usr/lib/system/libcommonCrypto.dylib
0x0000000009b2c000 	/usr/lib/system/libcompiler_rt.dylib
0x0000000009b2c000 	/usr/lib/system/libcopyfile.dylib
0x0000000009b2c000 	/usr/lib/system/libcorecrypto.dylib
0x0000000009b2c000 	/usr/lib/system/libdispatch.dylib
0x0000000009b2c000 	/usr/lib/system/libdyld.dylib
0x0000000009b2c000 	/usr/lib/system/libkeymgr.dylib
0x0000000009b2c000 	/usr/lib/system/liblaunch.dylib
0x0000000009b2c000 	/usr/lib/system/libmacho.dylib
0x0000000009b2c000 	/usr/lib/system/libquarantine.dylib
0x0000000009b2c000 	/usr/lib/system/libremovefile.dylib
0x0000000009b2c000 	/usr/lib/system/libsystem_asl.dylib
0x0000000009b2c000 	/usr/lib/system/libsystem_blocks.dylib
0x0000000009b2c000 	/usr/lib/system/libsystem_c.dylib
0x0000000009b2c000 	/usr/lib/system/libsystem_configuration.dylib
0x0000000009b2c000 	/usr/lib/system/libsystem_coreservices.dylib
0x0000000009b2c000 	/usr/lib/system/libsystem_darwin.dylib
0x0000000009b2c000 	/usr/lib/system/libsystem_dnssd.dylib
0x0000000009b2c000 	/usr/lib/system/libsystem_featureflags.dylib
0x0000000009b2c000 	/usr/lib/system/libsystem_info.dylib
0x0000000009b2c000 	/usr/lib/system/libsystem_m.dylib
0x0000000009b2c000 	/usr/lib/system/libsystem_malloc.dylib
0x0000000009b2c000 	/usr/lib/system/libsystem_networkextension.dylib
0x0000000009b2c000 	/usr/lib/system/libsystem_notify.dylib
0x0000000009b2c000 	/usr/lib/system/libsystem_sandbox.dylib
0x0000000009b2c000 	/usr/lib/system/libsystem_secinit.dylib
0x0000000009b2c000 	/usr/lib/system/libsystem_kernel.dylib
0x0000000009b2c000 	/usr/lib/system/libsystem_platform.dylib
0x0000000009b2c000 	/usr/lib/system/libsystem_pthread.dylib
0x0000000009b2c000 	/usr/lib/system/libsystem_symptoms.dylib
0x0000000009b2c000 	/usr/lib/system/libsystem_trace.dylib
0x0000000009b2c000 	/usr/lib/system/libunwind.dylib
0x0000000009b2c000 	/usr/lib/system/libxpc.dylib
0x0000000009b2c000 	/System/Library/Frameworks/CoreGraphics.framework/Versions/A/CoreGraphics
0x0000000009b2c000 	/System/Library/Frameworks/CoreText.framework/Versions/A/CoreText
0x0000000009b2c000 	/System/Library/Frameworks/ImageIO.framework/Versions/A/ImageIO
0x0000000009b2c000 	/System/Library/Frameworks/ColorSync.framework/Versions/A/ColorSync
0x0000000009b2c000 	/System/Library/Frameworks/ApplicationServices.framework/Versions/A/Frameworks/ATS.framework/Versions/A/ATS
0x0000000009b2c000 	/System/Library/Frameworks/ApplicationServices.framework/Versions/A/Frameworks/ColorSyncLegacy.framework/Versions/A/ColorSyncLegacy
0x0000000009b2c000 	/System/Library/Frameworks/ApplicationServices.framework/Versions/A/Frameworks/HIServices.framework/Versions/A/HIServices
0x0000000009b2c000 	/System/Library/Frameworks/ApplicationServices.framework/Versions/A/Frameworks/LangAnalysis.framework/Versions/A/LangAnalysis
0x0000000009b2c000 	/System/Library/Frameworks/ApplicationServices.framework/Versions/A/Frameworks/PrintCore.framework/Versions/A/PrintCore
0x0000000009b2c000 	/System/Library/Frameworks/ApplicationServices.framework/Versions/A/Frameworks/QD.framework/Versions/A/QD
0x0000000009b2c000 	/System/Library/Frameworks/ApplicationServices.framework/Versions/A/Frameworks/SpeechSynthesis.framework/Versions/A/SpeechSynthesis
0x0000000009b2c000 	/System/Library/PrivateFrameworks/SkyLight.framework/Versions/A/SkyLight
0x0000000009b2c000 	/System/Library/PrivateFrameworks/FontServices.framework/libFontParser.dylib
0x0000000009b2c000 	/System/Library/Frameworks/Accelerate.framework/Versions/A/Accelerate
0x0000000009b2c000 	/System/Library/Frameworks/IOSurface.framework/Versions/A/IOSurface
0x0000000009b2c000 	/usr/lib/libxml2.2.dylib
0x0000000009b2c000 	/System/Library/Frameworks/CFNetwork.framework/Versions/A/CFNetwork
0x0000000009b2c000 	/System/Library/Frameworks/Foundation.framework/Versions/C/Foundation
0x0000000009b2c000 	/System/Library/PrivateFrameworks/WatchdogClient.framework/Versions/A/WatchdogClient
0x0000000009b2c000 	/usr/lib/libcompression.dylib
0x0000000009b2c000 	/System/Library/Frameworks/SystemConfiguration.framework/Versions/A/SystemConfiguration
0x0000000009b2c000 	/System/Library/Frameworks/CoreDisplay.framework/Versions/A/CoreDisplay
0x0000000009b2c000 	/System/Library/PrivateFrameworks/IOAccelerator.framework/Versions/A/IOAccelerator
0x0000000009b2c000 	/System/Library/Frameworks/IOKit.framework/Versions/A/IOKit
0x0000000009b2c000 	/System/Library/Frameworks/Metal.framework/Versions/A/Metal
0x0000000009b2c000 	/System/Library/Frameworks/MetalPerformanceShaders.framework/Versions/A/MetalPerformanceShaders
0x0000000009b2c000 	/System/Library/PrivateFrameworks/MultitouchSupport.framework/Versions/A/MultitouchSupport
0x0000000009b2c000 	/System/Library/Frameworks/Security.framework/Versions/A/Security
0x0000000009b2c000 	/System/Library/Frameworks/QuartzCore.framework/Versions/A/QuartzCore
0x0000000009b2c000 	/usr/lib/libbsm.0.dylib
0x0000000009b2c000 	/usr/lib/liblzma.5.dylib
0x0000000009b2c000 	/usr/lib/libauto.dylib
0x0000000009b2c000 	/System/Library/Frameworks/DiskArbitration.framework/Versions/A/DiskArbitration
0x0000000009b2c000 	/usr/lib/libarchive.2.dylib
0x0000000009b2c000 	/usr/lib/liblangid.dylib
0x0000000009b2c000 	/usr/lib/libCRFSuite.dylib
0x0000000009b2c000 	/usr/lib/libenergytrace.dylib
0x0000000009b2c000 	/usr/lib/system/libkxld.dylib
0x0000000009b2c000 	/System/Library/PrivateFrameworks/AppleFSCompression.framework/Versions/A/AppleFSCompression
0x0000000009b2c000 	/usr/lib/libcoretls.dylib
0x0000000009b2c000 	/usr/lib/libcoretls_cfhelpers.dylib
0x0000000009b2c000 	/usr/lib/libpam.2.dylib
0x0000000009b2c000 	/usr/lib/libsqlite3.dylib
0x0000000009b2c000 	/usr/lib/libxar.1.dylib
0x0000000009b2c000 	/usr/lib/libbz2.1.0.dylib
0x0000000009b2c000 	/usr/lib/libiconv.2.dylib
0x0000000009b2c000 	/usr/lib/libcharset.1.dylib
0x0000000009b2c000 	/usr/lib/libnetwork.dylib
0x0000000009b2c000 	/usr/lib/libpcap.A.dylib
0x0000000009b2c000 	/usr/lib/libapple_nghttp2.dylib
0x0000000009b2c000 	/System/Library/Frameworks/CoreServices.framework/Versions/A/Frameworks/FSEvents.framework/Versions/A/FSEvents
0x0000000009b2c000 	/System/Library/Frameworks/CoreServices.framework/Versions/A/Frameworks/CarbonCore.framework/Versions/A/CarbonCore
0x0000000009b2c000 	/System/Library/Frameworks/CoreServices.framework/Versions/A/Frameworks/Metadata.framework/Versions/A/Metadata
0x0000000009b2c000 	/System/Library/Frameworks/CoreServices.framework/Versions/A/Frameworks/OSServices.framework/Versions/A/OSServices
0x0000000009b2c000 	/System/Library/Frameworks/CoreServices.framework/Versions/A/Frameworks/SearchKit.framework/Versions/A/SearchKit
0x0000000009b2c000 	/System/Library/Frameworks/CoreServices.framework/Versions/A/Frameworks/AE.framework/Versions/A/AE
0x0000000009b2c000 	/System/Library/Frameworks/CoreServices.framework/Versions/A/Frameworks/LaunchServices.framework/Versions/A/LaunchServices
0x0000000009b2c000 	/System/Library/Frameworks/CoreServices.framework/Versions/A/Frameworks/DictionaryServices.framework/Versions/A/DictionaryServices
0x0000000009b2c000 	/System/Library/Frameworks/CoreServices.framework/Versions/A/Frameworks/SharedFileList.framework/Versions/A/SharedFileList
0x0000000009b2c000 	/System/Library/Frameworks/NetFS.framework/Versions/A/NetFS
0x0000000009b2c000 	/System/Library/PrivateFrameworks/NetAuth.framework/Versions/A/NetAuth
0x0000000009b2c000 	/System/Library/PrivateFrameworks/login.framework/Versions/A/Frameworks/loginsupport.framework/Versions/A/loginsupport
0x0000000009b2c000 	/System/Library/PrivateFrameworks/TCC.framework/Versions/A/TCC
0x0000000009b2c000 	/System/Library/PrivateFrameworks/CoreNLP.framework/Versions/A/CoreNLP
0x0000000009b2c000 	/System/Library/PrivateFrameworks/MetadataUtilities.framework/Versions/A/MetadataUtilities
0x0000000009b2c000 	/usr/lib/libmecabra.dylib
0x0000000009b2c000 	/usr/lib/libmecab.dylib
0x0000000009b2c000 	/usr/lib/libgermantok.dylib
0x0000000009b2c000 	/usr/lib/libThaiTokenizer.dylib
0x0000000009b2c000 	/usr/lib/libChineseTokenizer.dylib
0x0000000009b2c000 	/System/Library/Frameworks/Accelerate.framework/Versions/A/Frameworks/vImage.framework/Versions/A/vImage
0x0000000009b2c000 	/System/Library/Frameworks/Accelerate.framework/Versions/A/Frameworks/vecLib.framework/Versions/A/vecLib
0x0000000009b2c000 	/System/Library/Frameworks/Accelerate.framework/Versions/A/Frameworks/vecLib.framework/Versions/A/libvMisc.dylib
0x0000000009b2c000 	/System/Library/Frameworks/Accelerate.framework/Versions/A/Frameworks/vecLib.framework/Versions/A/libvDSP.dylib
0x0000000009b2c000 	/System/Library/Frameworks/Accelerate.framework/Versions/A/Frameworks/vecLib.framework/Versions/A/libBLAS.dylib
0x0000000009b2c000 	/System/Library/Frameworks/Accelerate.framework/Versions/A/Frameworks/vecLib.framework/Versions/A/libLAPACK.dylib
0x0000000009b2c000 	/System/Library/Frameworks/Accelerate.framework/Versions/A/Frameworks/vecLib.framework/Versions/A/libLinearAlgebra.dylib
0x0000000009b2c000 	/System/Library/Frameworks/Accelerate.framework/Versions/A/Frameworks/vecLib.framework/Versions/A/libSparseBLAS.dylib
0x0000000009b2c000 	/System/Library/Frameworks/Accelerate.framework/Versions/A/Frameworks/vecLib.framework/Versions/A/libQuadrature.dylib
0x0000000009b2c000 	/System/Library/Frameworks/Accelerate.framework/Versions/A/Frameworks/vecLib.framework/Versions/A/libBNNS.dylib
0x0000000009b2c000 	/System/Library/Frameworks/Accelerate.framework/Versions/A/Frameworks/vecLib.framework/Versions/A/libSparse.dylib
0x0000000009b2c000 	/System/Library/PrivateFrameworks/LanguageModeling.framework/Versions/A/LanguageModeling
0x0000000009b2c000 	/System/Library/PrivateFrameworks/CoreEmoji.framework/Versions/A/CoreEmoji
0x0000000009b2c000 	/System/Library/PrivateFrameworks/LinguisticData.framework/Versions/A/LinguisticData
0x0000000009b2c000 	/System/Library/PrivateFrameworks/Lexicon.framework/Versions/A/Lexicon
0x0000000009b2c000 	/usr/lib/libcmph.dylib
0x0000000009b2c000 	/System/Library/Frameworks/OpenDirectory.framework/Versions/A/Frameworks/CFOpenDirectory.framework/Versions/A/CFOpenDirectory
0x0000000009b2c000 	/System/Library/Frameworks/OpenDirectory.framework/Versions/A/OpenDirectory
0x0000000009b2c000 	/System/Library/PrivateFrameworks/APFS.framework/Versions/A/APFS
0x0000000009b2c000 	/System/Library/Frameworks/SecurityFoundation.framework/Versions/A/SecurityFoundation
0x0000000009b2c000 	/usr/lib/libutil.dylib
0x0000000009b2c000 	/System/Library/PrivateFrameworks/CoreServicesStore.framework/Versions/A/CoreServicesStore
0x0000000009b2c000 	/System/Library/Frameworks/ServiceManagement.framework/Versions/A/ServiceManagement
0x0000000009b2c000 	/System/Library/PrivateFrameworks/BackgroundTaskManagement.framework/Versions/A/BackgroundTaskManagement
0x0000000009b2c000 	/usr/lib/libxslt.1.dylib
0x0000000009b2c000 	/System/Library/PrivateFrameworks/GPUWrangler.framework/Versions/A/GPUWrangler
0x0000000009b2c000 	/System/Library/PrivateFrameworks/IOPresentment.framework/Versions/A/IOPresentment
0x0000000009b2c000 	/System/Library/PrivateFrameworks/DSExternalDisplay.framework/Versions/A/DSExternalDisplay
0x0000000009b2c000 	/System/Library/Frameworks/OpenGL.framework/Versions/A/Libraries/libCoreFSCache.dylib
0x0000000009b2c000 	/System/Library/Frameworks/MetalPerformanceShaders.framework/Frameworks/MPSCore.framework/Versions/A/MPSCore
0x0000000009b2c000 	/System/Library/Frameworks/MetalPerformanceShaders.framework/Frameworks/MPSImage.framework/Versions/A/MPSImage
0x0000000009b2c000 	/System/Library/Frameworks/MetalPerformanceShaders.framework/Frameworks/MPSNeuralNetwork.framework/Versions/A/MPSNeuralNetwork
0x0000000009b2c000 	/System/Library/Frameworks/MetalPerformanceShaders.framework/Frameworks/MPSMatrix.framework/Versions/A/MPSMatrix
0x0000000009b2c000 	/System/Library/Frameworks/MetalPerformanceShaders.framework/Frameworks/MPSRayIntersector.framework/Versions/A/MPSRayIntersector
0x0000000009b2c000 	/System/Library/Frameworks/MetalPerformanceShaders.framework/Frameworks/MPSNDArray.framework/Versions/A/MPSNDArray
0x0000000009b2c000 	/System/Library/PrivateFrameworks/MetalTools.framework/Versions/A/MetalTools
0x0000000009b2c000 	/System/Library/PrivateFrameworks/AggregateDictionary.framework/Versions/A/AggregateDictionary
0x0000000009b2c000 	/System/Library/PrivateFrameworks/CoreAnalytics.framework/Versions/A/CoreAnalytics
0x0000000009b2c000 	/System/Library/PrivateFrameworks/AppleSauce.framework/Versions/A/AppleSauce
0x0000000009b2c000 	/usr/lib/libMobileGestalt.dylib
0x0000000009b2c000 	/System/Library/PrivateFrameworks/AppleSystemInfo.framework/Versions/A/AppleSystemInfo
0x0000000009b2c000 	/usr/lib/libIOReport.dylib
0x0000000009b2c000 	/System/Library/Frameworks/CoreImage.framework/Versions/A/CoreImage
0x0000000009b2c000 	/System/Library/Frameworks/CoreVideo.framework/Versions/A/CoreVideo
0x0000000009b2c000 	/System/Library/Frameworks/OpenGL.framework/Versions/A/OpenGL
0x0000000009b2c000 	/System/Library/PrivateFrameworks/GraphVisualizer.framework/Versions/A/GraphVisualizer
0x0000000009b2c000 	/System/Library/PrivateFrameworks/FaceCore.framework/Versions/A/FaceCore
0x0000000009b2c000 	/System/Library/Frameworks/OpenCL.framework/Versions/A/OpenCL
0x0000000009b2c000 	/usr/lib/libFosl_dynamic.dylib
0x0000000009b2c000 	/System/Library/PrivateFrameworks/OTSVG.framework/Versions/A/OTSVG
0x0000000009b2c000 	/System/Library/Frameworks/ApplicationServices.framework/Versions/A/Frameworks/ATS.framework/Versions/A/Resources/libFontRegistry.dylib
0x0000000009b2c000 	/usr/lib/libate.dylib
0x0000000009b2c000 	/System/Library/Frameworks/ImageIO.framework/Versions/A/Resources/libJPEG.dylib
0x0000000009b2c000 	/System/Library/Frameworks/ImageIO.framework/Versions/A/Resources/libTIFF.dylib
0x0000000009b2c000 	/System/Library/Frameworks/ImageIO.framework/Versions/A/Resources/libPng.dylib
0x0000000009b2c000 	/System/Library/Frameworks/ImageIO.framework/Versions/A/Resources/libGIF.dylib
0x0000000009b2c000 	/System/Library/Frameworks/ImageIO.framework/Versions/A/Resources/libJP2.dylib
0x0000000009b2c000 	/System/Library/Frameworks/ImageIO.framework/Versions/A/Resources/libRadiance.dylib
0x0000000009b2c000 	/usr/lib/libexpat.1.dylib
0x0000000009b2c000 	/System/Library/PrivateFrameworks/AppleJPEG.framework/Versions/A/AppleJPEG
0x0000000009b2c000 	/System/Library/PrivateFrameworks/FontServices.framework/libhvf.dylib
0x0000000009b2c000 	/System/Library/Frameworks/OpenGL.framework/Versions/A/Libraries/libGFXShared.dylib
0x0000000009b2c000 	/System/Library/Frameworks/OpenGL.framework/Versions/A/Libraries/libGLU.dylib
0x0000000009b2c000 	/System/Library/Frameworks/OpenGL.framework/Versions/A/Libraries/libGL.dylib
0x0000000009b2c000 	/System/Library/Frameworks/OpenGL.framework/Versions/A/Libraries/libGLImage.dylib
0x0000000009b2c000 	/System/Library/Frameworks/OpenGL.framework/Versions/A/Libraries/libCVMSPluginSupport.dylib
0x0000000009b2c000 	/System/Library/Frameworks/OpenGL.framework/Versions/A/Libraries/libCoreVMClient.dylib
0x0000000009b2c000 	/usr/lib/libncurses.5.4.dylib
0x0000000009b2c000 	/System/Library/Frameworks/ApplicationServices.framework/Versions/A/Frameworks/ATSUI.framework/Versions/A/ATSUI
0x0000000009b2c000 	/usr/lib/libcups.2.dylib
0x0000000009b2c000 	/System/Library/Frameworks/Kerberos.framework/Versions/A/Kerberos
0x0000000009b2c000 	/System/Library/Frameworks/GSS.framework/Versions/A/GSS
0x0000000009b2c000 	/usr/lib/libresolv.9.dylib
0x0000000009b2c000 	/System/Library/PrivateFrameworks/Heimdal.framework/Versions/A/Heimdal
0x0000000009b2c000 	/System/Library/Frameworks/Kerberos.framework/Versions/A/Libraries/libHeimdalProxy.dylib
0x0000000009b2c000 	/usr/lib/libheimdal-asn1.dylib
0x0000000009b2c000 	/System/Library/PrivateFrameworks/CommonAuth.framework/Versions/A/CommonAuth
0x0000000009b2c000 	/System/Library/Frameworks/CoreAudio.framework/Versions/A/CoreAudio
0x0000000009b2c000 	/System/Library/Frameworks/AudioToolbox.framework/Versions/A/AudioToolbox
0x0000000009b2c000 	/System/Library/PrivateFrameworks/AssertionServices.framework/Versions/A/AssertionServices
0x0000000009b2c000 	/System/Library/PrivateFrameworks/AudioToolboxCore.framework/Versions/A/AudioToolboxCore
0x0000000009b2c000 	/System/Library/PrivateFrameworks/caulk.framework/Versions/A/caulk
0x0000000009b2c000 	/System/Library/PrivateFrameworks/BaseBoard.framework/Versions/A/BaseBoard
0x0000000009b2c000 	/System/Library/PrivateFrameworks/RunningBoardServices.framework/Versions/A/RunningBoardServices
0x0000000009b2c000 	/System/Library/PrivateFrameworks/PersistentConnection.framework/Versions/A/PersistentConnection
0x0000000009b2c000 	/System/Library/PrivateFrameworks/ProtocolBuffer.framework/Versions/A/ProtocolBuffer
0x0000000009b2c000 	/System/Library/PrivateFrameworks/CommonUtilities.framework/Versions/A/CommonUtilities
0x0000000009b2c000 	/System/Library/PrivateFrameworks/Bom.framework/Versions/A/Bom
0x0000000009b2c000 	/usr/lib/libAudioToolboxUtility.dylib
0x0000000009b2c000 	/System/Library/PrivateFrameworks/login.framework/Versions/A/login
0x0000000101109000 	/Applications/Fiji.app/java/macosx/jdk1.8.0_66/jre/Contents/Home/lib/jli/libjli.dylib
0x0000000009b2c000 	/System/Library/Frameworks/Cocoa.framework/Versions/A/Cocoa
0x0000000009b2c000 	/System/Library/Frameworks/AppKit.framework/Versions/C/AppKit
0x0000000009b2c000 	/System/Library/Frameworks/CoreData.framework/Versions/A/CoreData
0x0000000009b2c000 	/System/Library/PrivateFrameworks/UIFoundation.framework/Versions/A/UIFoundation
0x0000000009b2c000 	/System/Library/PrivateFrameworks/RemoteViewServices.framework/Versions/A/RemoteViewServices
0x0000000009b2c000 	/System/Library/PrivateFrameworks/XCTTargetBootstrap.framework/Versions/A/XCTTargetBootstrap
0x0000000009b2c000 	/System/Library/PrivateFrameworks/DesktopServicesPriv.framework/Versions/A/DesktopServicesPriv
0x0000000009b2c000 	/System/Library/PrivateFrameworks/CoreSVG.framework/Versions/A/CoreSVG
0x0000000009b2c000 	/System/Library/PrivateFrameworks/IconServices.framework/Versions/A/IconServices
0x0000000009b2c000 	/System/Library/PrivateFrameworks/DFRFoundation.framework/Versions/A/DFRFoundation
0x0000000009b2c000 	/System/Library/Frameworks/AudioUnit.framework/Versions/A/AudioUnit
0x0000000009b2c000 	/System/Library/PrivateFrameworks/DataDetectorsCore.framework/Versions/A/DataDetectorsCore
0x0000000009b2c000 	/System/Library/Frameworks/Carbon.framework/Versions/A/Frameworks/HIToolbox.framework/Versions/A/HIToolbox
0x0000000009b2c000 	/System/Library/Frameworks/Carbon.framework/Versions/A/Frameworks/SpeechRecognition.framework/Versions/A/SpeechRecognition
0x0000000009b2c000 	/System/Library/PrivateFrameworks/CoreUI.framework/Versions/A/CoreUI
0x0000000009b2c000 	/System/Library/PrivateFrameworks/PerformanceAnalysis.framework/Versions/A/PerformanceAnalysis
0x0000000009b2c000 	/System/Library/PrivateFrameworks/TextureIO.framework/Versions/A/TextureIO
0x0000000009b2c000 	/System/Library/PrivateFrameworks/InternationalSupport.framework/Versions/A/InternationalSupport
0x0000000009b2c000 	/System/Library/PrivateFrameworks/Backup.framework/Versions/A/Backup
0x0000000009b2c000 	/System/Library/PrivateFrameworks/CrashReporterSupport.framework/Versions/A/CrashReporterSupport
0x0000000009b2c000 	/System/Library/PrivateFrameworks/Sharing.framework/Versions/A/Sharing
0x0000000009b2c000 	/System/Library/PrivateFrameworks/Apple80211.framework/Versions/A/Apple80211
0x0000000009b2c000 	/System/Library/PrivateFrameworks/AuthKit.framework/Versions/A/AuthKit
0x0000000009b2c000 	/System/Library/PrivateFrameworks/CoreUtils.framework/Versions/A/CoreUtils
0x0000000009b2c000 	/System/Library/Frameworks/CoreWLAN.framework/Versions/A/CoreWLAN
0x0000000009b2c000 	/System/Library/Frameworks/IOBluetooth.framework/Versions/A/IOBluetooth
0x0000000009b2c000 	/System/Library/PrivateFrameworks/MobileKeyBag.framework/Versions/A/MobileKeyBag
0x0000000009b2c000 	/System/Library/PrivateFrameworks/CorePhoneNumbers.framework/Versions/A/CorePhoneNumbers
0x0000000009b2c000 	/System/Library/PrivateFrameworks/AppleIDAuthSupport.framework/Versions/A/AppleIDAuthSupport
0x0000000009b2c000 	/System/Library/Frameworks/Network.framework/Versions/A/Network
0x0000000009b2c000 	/System/Library/PrivateFrameworks/KeychainCircle.framework/Versions/A/KeychainCircle
0x0000000009b2c000 	/System/Library/Frameworks/CoreBluetooth.framework/Versions/A/CoreBluetooth
0x0000000009b2c000 	/System/Library/PrivateFrameworks/SpeechRecognitionCore.framework/Versions/A/SpeechRecognitionCore
0x0000000102200000 	/Applications/Fiji.app/java/macosx/jdk1.8.0_66/jre/Contents/Home/lib/server/libjvm.dylib
0x0000000009b2c000 	/usr/lib/libstdc++.6.dylib
0x0000000101119000 	/Applications/Fiji.app/java/macosx/jdk1.8.0_66/jre/Contents/Home/lib/libverify.dylib
0x0000000101127000 	/Applications/Fiji.app/java/macosx/jdk1.8.0_66/jre/Contents/Home/lib/libjava.dylib
0x00000001011a6000 	/Applications/Fiji.app/java/macosx/jdk1.8.0_66/jre/Contents/Home/lib/libzip.dylib
0x0000000009b2c000 	/System/Library/Frameworks/JavaVM.framework/Versions/A/Frameworks/JavaRuntimeSupport.framework/Versions/A/JavaRuntimeSupport
0x0000000009b2c000 	/System/Library/Frameworks/JavaVM.framework/Versions/A/Frameworks/JavaNativeFoundation.framework/Versions/A/JavaNativeFoundation
0x0000000009b2c000 	/System/Library/Frameworks/JavaVM.framework/Versions/A/JavaVM
0x0000000009b2c000 	/System/Library/Frameworks/Carbon.framework/Versions/A/Carbon
0x0000000009b2c000 	/System/Library/PrivateFrameworks/CoreSymbolication.framework/Versions/A/CoreSymbolication
0x0000000009b2c000 	/System/Library/PrivateFrameworks/JavaLaunching.framework/Versions/A/JavaLaunching
0x0000000009b2c000 	/System/Library/Frameworks/Carbon.framework/Versions/A/Frameworks/CommonPanels.framework/Versions/A/CommonPanels
0x0000000009b2c000 	/System/Library/Frameworks/Carbon.framework/Versions/A/Frameworks/Help.framework/Versions/A/Help
0x0000000009b2c000 	/System/Library/Frameworks/Carbon.framework/Versions/A/Frameworks/ImageCapture.framework/Versions/A/ImageCapture
0x0000000009b2c000 	/System/Library/Frameworks/Carbon.framework/Versions/A/Frameworks/OpenScripting.framework/Versions/A/OpenScripting
0x0000000009b2c000 	/System/Library/Frameworks/Carbon.framework/Versions/A/Frameworks/Ink.framework/Versions/A/Ink
0x0000000009b2c000 	/System/Library/Frameworks/Carbon.framework/Versions/A/Frameworks/Print.framework/Versions/A/Print
0x0000000009b2c000 	/System/Library/Frameworks/Carbon.framework/Versions/A/Frameworks/SecurityHI.framework/Versions/A/SecurityHI
0x0000000009b2c000 	/System/Library/PrivateFrameworks/DebugSymbols.framework/Versions/A/DebugSymbols
0x0000000b37907000 	/Applications/Fiji.app/java/macosx/jdk1.8.0_66/jre/Contents/Home/lib/libawt.dylib
0x0000000b379af000 	/Applications/Fiji.app/java/macosx/jdk1.8.0_66/jre/Contents/Home/lib/libmlib_image.dylib
0x0000000b37eef000 	/Applications/Fiji.app/java/macosx/jdk1.8.0_66/jre/Contents/Home/lib/libawt_lwawt.dylib
0x0000000b36bac000 	/Applications/Fiji.app/java/macosx/jdk1.8.0_66/jre/Contents/Home/lib/libosxapp.dylib
0x0000000009b2c000 	/System/Library/Frameworks/ExceptionHandling.framework/Versions/A/ExceptionHandling
0x0000000009b2c000 	/System/Library/PrivateFrameworks/CoreServicesInternal.framework/Versions/A/CoreServicesInternal
0x0000000009b2c000 	/System/Library/Frameworks/FileProvider.framework/Versions/A/FileProvider
0x0000000009b2c000 	/System/Library/Frameworks/Accounts.framework/Versions/A/Accounts
0x0000000009b2c000 	/System/Library/PrivateFrameworks/GenerationalStorage.framework/Versions/A/GenerationalStorage
0x0000000009b2c000 	/System/Library/PrivateFrameworks/SymptomDiagnosticReporter.framework/Versions/A/SymptomDiagnosticReporter
0x0000000009b2c000 	/System/Library/PrivateFrameworks/AppContainer.framework/Versions/A/AppContainer
0x0000000009b2c000 	/usr/lib/libsandbox.1.dylib
0x0000000009b2c000 	/System/Library/PrivateFrameworks/UserManagement.framework/Versions/A/UserManagement
0x0000000009b2c000 	/System/Library/PrivateFrameworks/ChunkingLibrary.framework/Versions/A/ChunkingLibrary
0x0000000009b2c000 	/System/Library/PrivateFrameworks/AppSandbox.framework/Versions/A/AppSandbox
0x0000000009b2c000 	/System/Library/PrivateFrameworks/SecCodeWrapper.framework/Versions/A/SecCodeWrapper
0x0000000009b2c000 	/usr/lib/libMatch.1.dylib
0x0000000009b2c000 	/System/Library/CoreServices/RawCamera.bundle/Contents/MacOS/RawCamera
0x0000000009b2c000 	/System/Library/PrivateFrameworks/MobileAsset.framework/Versions/A/MobileAsset
0x0000000009b2c000 	/System/Library/PrivateFrameworks/StreamingZip.framework/Versions/A/StreamingZip
0x0000000009b2c000 	/System/Library/Frameworks/MediaToolbox.framework/Versions/A/MediaToolbox
0x0000000009b2c000 	/System/Library/PrivateFrameworks/CoreAVCHD.framework/Versions/A/CoreAVCHD
0x0000000009b2c000 	/System/Library/Frameworks/MediaAccessibility.framework/Versions/A/MediaAccessibility
0x0000000009b2c000 	/System/Library/PrivateFrameworks/Mangrove.framework/Versions/A/Mangrove
0x0000000009b2c000 	/System/Library/Frameworks/CoreMedia.framework/Versions/A/CoreMedia
0x0000000009b2c000 	/System/Library/PrivateFrameworks/MediaExperience.framework/Versions/A/MediaExperience
0x0000000009b2c000 	/System/Library/Frameworks/VideoToolbox.framework/Versions/A/VideoToolbox
0x0000000009b2c000 	/System/Library/PrivateFrameworks/CoreAUC.framework/Versions/A/CoreAUC
0x0000000009b2c000 	/usr/lib/libspindump.dylib
0x0000000009b2c000 	/System/Library/PrivateFrameworks/AudioResourceArbitration.framework/Versions/A/AudioResourceArbitration
0x0000000009b2c000 	/System/Library/PrivateFrameworks/AppleVA.framework/Versions/A/AppleVA
0x0000000009b2c000 	/System/Library/Frameworks/Accelerate.framework/Versions/A/Frameworks/vImage.framework/Versions/A/Libraries/libCGInterfaces.dylib
0x0000000b36aab000 	/usr/lib/libobjc-trampolines.dylib
0x0000000009b2c000 	/System/Library/PrivateFrameworks/FontServices.framework/libTrueTypeScaler.dylib
0x0000000009b2c000 	/System/Library/Extensions/AppleIntelKBLGraphicsMTLDriver.bundle/Contents/MacOS/AppleIntelKBLGraphicsMTLDriver
0x0000000009b2c000 	/System/Library/Extensions/AMDMTLBronzeDriver.bundle/Contents/MacOS/AMDMTLBronzeDriver
0x0000000009b2c000 	/System/Library/PrivateFrameworks/IOAccelMemoryInfo.framework/Versions/A/IOAccelMemoryInfo
0x0000000009b2c000 	/System/Library/PrivateFrameworks/GPUCompiler.framework/Versions/3902/Libraries/libmetal_timestamp.dylib
0x0000000009b2c000 	/System/Library/PrivateFrameworks/ViewBridge.framework/Versions/A/ViewBridge
0x0000000009b2c000 	/System/Library/Frameworks/OpenGL.framework/Versions/A/Resources/GLEngine.bundle/GLEngine
0x0000000009b2c000 	/System/Library/Frameworks/OpenGL.framework/Versions/A/Libraries/libGLProgrammability.dylib
0x0000000009b2c000 	/System/Library/Extensions/AppleIntelKBLGraphicsGLDriver.bundle/Contents/MacOS/AppleIntelKBLGraphicsGLDriver
0x0000000009b2c000 	/System/Library/PrivateFrameworks/GPUSupport.framework/Versions/A/Libraries/libGPUSupportMercury.dylib
0x0000000b37aff000 	/System/Library/Extensions/AMDRadeonX4000GLDriver.bundle/Contents/MacOS/AMDRadeonX4000GLDriver
0x0000000009b2c000 	/System/Library/Extensions/AMDRadeonX4000GLDriver.bundle/Contents/MacOS/ATIRadeonX4000SCLib.dylib
0x0000000009b2c000 	/System/Library/Extensions/AMDShared.bundle/Contents/PlugIns/libSC.dylib
0x0000000009b2c000 	/System/Library/Frameworks/OpenGL.framework/Versions/A/Resources/GLRendererFloat.bundle/GLRendererFloat
0x0000000009b2c000 	/System/Library/Frameworks/OpenCL.framework/Versions/A/Libraries/libcldcpuengine.dylib
0x0000000009b2c000 	/usr/lib/libcrypto.35.dylib
0x0000000009b2c000 	/System/Library/PrivateFrameworks/TrustEvaluationAgent.framework/Versions/A/TrustEvaluationAgent
0x0000000b37010000 	/Applications/Fiji.app/java/macosx/jdk1.8.0_66/jre/Contents/Home/lib/libfontmanager.dylib
0x0000000b36a62000 	/Applications/Fiji.app/java/macosx/jdk1.8.0_66/jre/Contents/Home/lib/libosxui.dylib
0x0000000b36d2b000 	/Applications/Fiji.app/java/macosx/jdk1.8.0_66/jre/Contents/Home/lib/libosx.dylib
0x0000000b38659000 	/Applications/Fiji.app/java/macosx/jdk1.8.0_66/jre/Contents/Home/lib/libnet.dylib
0x0000000b38873000 	/Applications/Fiji.app/java/macosx/jdk1.8.0_66/jre/Contents/Home/lib/libnio.dylib
0x0000000baa35b000 	/Applications/Fiji.app/java/macosx/jdk1.8.0_66/jre/Contents/Home/lib/libdcpr.dylib
0x0000000baa12c000 	/Applications/Fiji.app/java/macosx/jdk1.8.0_66/jre/Contents/Home/lib/libjpeg.dylib

VM Arguments:
jvm_args: -Dpython.cachedir.skip=true -Dplugins.dir=/Applications/Fiji.app -Xmx40000m 
java_command: <unknown>
java_class_path (initial): /Applications/Fiji.app/jars/imagej-launcher-4.0.5.jar
Launcher Type: generic

Environment Variables:
JAVA_HOME=/Applications/Fiji.app/java/macosx/jdk1.8.0_66/jre/Contents/Home/
PATH=/usr/bin:/bin:/usr/sbin:/sbin
SHELL=/bin/bash
DYLD_LIBRARY_PATH=/Applications/Fiji.app/lib/macosx:/Applications/Fiji.app/mm/macosx

Signal Handlers:
SIGSEGV: [libjvm.dylib+0x5a65d5], sa_mask[0]=11111111011111110111111111111111, sa_flags=SA_ONSTACK|SA_RESTART|SA_SIGINFO
SIGBUS: [libjvm.dylib+0x5a65d5], sa_mask[0]=11111111011111110111111111111111, sa_flags=SA_RESTART|SA_SIGINFO
SIGFPE: [libjvm.dylib+0x4802e8], sa_mask[0]=11111111011111110111111111111111, sa_flags=SA_RESTART|SA_SIGINFO
SIGPIPE: [libjvm.dylib+0x4802e8], sa_mask[0]=11111111011111110111111111111111, sa_flags=SA_RESTART|SA_SIGINFO
SIGXFSZ: [libjvm.dylib+0x4802e8], sa_mask[0]=11111111011111110111111111111111, sa_flags=SA_RESTART|SA_SIGINFO
SIGILL: [libjvm.dylib+0x4802e8], sa_mask[0]=11111111011111110111111111111111, sa_flags=SA_RESTART|SA_SIGINFO
SIGUSR1: SIG_DFL, sa_mask[0]=00000000000000000000000000000000, sa_flags=none
SIGUSR2: [libjvm.dylib+0x47fe06], sa_mask[0]=00000000000000000000000000000000, sa_flags=SA_RESTART|SA_SIGINFO
SIGHUP: [libjvm.dylib+0x47e3dd], sa_mask[0]=11111111011111110111111111111111, sa_flags=SA_RESTART|SA_SIGINFO
SIGINT: [libjvm.dylib+0x47e3dd], sa_mask[0]=11111111011111110111111111111111, sa_flags=SA_RESTART|SA_SIGINFO
SIGTERM: [libjvm.dylib+0x47e3dd], sa_mask[0]=11111111011111110111111111111111, sa_flags=SA_RESTART|SA_SIGINFO
SIGQUIT: [libjvm.dylib+0x47e3dd], sa_mask[0]=11111111011111110111111111111111, sa_flags=SA_RESTART|SA_SIGINFO


---------------  S Y S T E M  ---------------

OS:Bsduname:Darwin 19.3.0 Darwin Kernel Version 19.3.0: Thu Jan  9 20:58:23 PST 2020; root:xnu-6153.81.5~1/RELEASE_X86_64 x86_64
rlimit: STACK 8192k, CORE 0k, NPROC 2784, NOFILE 10240, AS infinity
load average:1.98 1.80 1.84

CPU:total 8 (4 cores per cpu, 2 threads per core) family 6 model 158 stepping 9, cmov, cx8, fxsr, mmx, sse, sse2, sse3, ssse3, sse4.1, sse4.2, popcnt, avx, avx2, aes, clmul, erms, rtm, 3dnowpref, lzcnt, ht, tsc, tscinvbit, bmi1, bmi2, adx

Memory: 4k page, physical 16777216k(18768k free)

/proc/meminfo:


vm_info: Java HotSpot(TM) 64-Bit Server VM (25.66-b17) for bsd-amd64 JRE (1.8.0_66-b17), built on Oct  6 2015 16:09:13 by "java_re" with gcc 4.2.1 (Based on Apple Inc. build 5658) (LLVM build 2336.11.00)

time: Wed Apr 22 18:45:12 2020
elapsed time: 136635 seconds (1d 13h 57m 15s)

