#
# A fatal error has been detected by the Java Runtime Environment:
#
#  SIGSEGV (0xb) at pc=0x0000000b44ff0e43, pid=84038, tid=78855
#
# JRE version: Java(TM) SE Runtime Environment (8.0_66-b17) (build 1.8.0_66-b17)
# Java VM: Java HotSpot(TM) 64-Bit Server VM (25.66-b17 mixed mode bsd-amd64 )
# Problematic frame:
# C  [libawt_lwawt.dylib+0x1ae43]  OGLSD_SetScratchSurface+0x49
#
# Failed to write core dump. Core dumps have been disabled. To enable core dumping, try "ulimit -c unlimited" before starting Java again
#
# If you would like to submit a bug report, please visit:
#   http://bugreport.java.com/bugreport/crash.jsp
# The crash happened outside the Java Virtual Machine in native code.
# See problematic frame for where to report the bug.
#

---------------  T H R E A D  ---------------

Current thread (0x00007fc2e5255000):  JavaThread "Java2D Queue Flusher" daemon [_thread_in_native, id=78855, stack(0x0000700001d31000,0x0000700001e31000)]

siginfo: si_signo: 11 (SIGSEGV), si_code: 1 (SEGV_MAPERR), si_addr: 0x0000000000000002

Registers:
RAX=0x00000000ffffffff, RBX=0x0000000000000002, RCX=0x0000000000000047, RDX=0x0000000b450118ec
RSP=0x0000700001e308c0, RBP=0x0000700001e308e0, RSI=0x00007fc2e61ac9b0, RDI=0x00007fc2e52551f8
R8 =0x00000000003c4db5, R9 =0xffffffff00000000, R10=0x0000000b45010d90, R11=0x0000000000000020
R12=0x0000700001e30970, R13=0x000000012baf2eb8, R14=0x00007fc2e52551f8, R15=0x00007fc2e5255000
RIP=0x0000000b44ff0e43, EFLAGS=0x0000000000010202, ERR=0x0000000000000004
  TRAPNO=0x000000000000000e

Top of Stack: (sp=0x0000700001e308c0)
0x0000700001e308c0:   00007fc2e61ac9b0 0000700001e30970
0x0000700001e308d0:   00007fc2e5fa3210 00007fc2e5255000
0x0000700001e308e0:   0000700001e30960 0000000b450113ca
0x0000700001e308f0:   0000000000000064 00007fc2e6015e88
0x0000700001e30900:   0000700001e30960 000000010f34bc08
0x0000700001e30910:   0000700000000005 00007fc2e5255000
0x0000700001e30920:   000000012ae73c01 00007fc2e5fa3220
0x0000700001e30930:   0000700000e30900 00007fc2e52551f8
0x0000700001e30940:   0000000000000806 0000700001e30970
0x0000700001e30950:   0000000000000000 00007fc2e5255000
0x0000700001e30960:   0000700001e309b0 000000011bf6f4b2
0x0000700001e30970:   000000012ae73fa8 0000000100000001
0x0000700001e30980:   00007fc2e60d5730 0000000000000001
0x0000700001e30990:   0000000b4538eb48 0000000000000000
0x0000700001e309a0:   0000700001e309c0 000000012ae73c88
0x0000700001e309b0:   000000012ae73c88 000000011ced7f0c
0x0000700001e309c0:   000000012ae73fa8 000000012ae73c88
0x0000700001e309d0:   0000000b00000000 0000000bc0c3f478
0x0000700001e309e0:   0000000000000000 0000000000000000
0x0000700001e309f0:   0000700001e30a20 0000700001e30a90
0x0000700001e30a00:   0000000000000001 0000000000000000
0x0000700001e30a10:   0000700001e30a90 000000011b3337a0
0x0000700001e30a20:   000000012ae73c88 000000012ae746a0
0x0000700001e30a30:   0000700000001fa0 000000000000000a
0x0000700001e30a40:   00007fc2e5255000 0000000000000001
0x0000700001e30a50:   000000011b33371f 0000000b46d76d38
0x0000700001e30a60:   0000700001e30b28 0000700001e30dc0
0x0000700001e30a70:   0000000b0000000a 0000000b46d76d38
0x0000700001e30a80:   000000011b344080 0000700001e30d30
0x0000700001e30a90:   0000700001e30c40 000000010f2ea35e
0x0000700001e30aa0:   0000700000000001 00007fc2e5255000
0x0000700001e30ab0:   00007fc2e5255000 0000700001e30dc0 

Instructions: (pc=0x0000000b44ff0e43)
0x0000000b44ff0e23:   c0 e9 82 00 00 00 48 8b 5e 10 48 85 db 75 0e bf
0x0000000b44ff0e33:   01 00 00 00 48 8d 15 fd 75 03 00 eb d6 49 89 fe
0x0000000b44ff0e43:   4c 8b 3b 30 c0 e8 c5 a2 02 00 49 8b 3f 49 89 c4
0x0000000b44ff0e53:   48 8b 35 a6 f7 05 00 30 c0 e8 cb a3 02 00 48 85 

Register to memory mapping:

RAX=0x00000000ffffffff is an unknown value
RBX=0x0000000000000002 is an unknown value
RCX=0x0000000000000047 is an unknown value
RDX=0x0000000b450118ec: Java_sun_java2d_opengl_OGLRenderQueue_flushBuffer+0xb5c in /Applications/Fiji.app/java/macosx/jdk1.8.0_66/jre/Contents/Home/lib/libawt_lwawt.dylib at 0x0000000b44fd6000
RSP=0x0000700001e308c0 is pointing into the stack for thread: 0x00007fc2e5255000
RBP=0x0000700001e308e0 is pointing into the stack for thread: 0x00007fc2e5255000
RSI=0x00007fc2e61ac9b0 is an unknown value
RDI=0x00007fc2e52551f8 is an unknown value
R8 =0x00000000003c4db5 is an unknown value
R9 =0xffffffff00000000 is an unknown value
R10=0x0000000b45010d90: Java_sun_java2d_opengl_OGLRenderQueue_flushBuffer+0 in /Applications/Fiji.app/java/macosx/jdk1.8.0_66/jre/Contents/Home/lib/libawt_lwawt.dylib at 0x0000000b44fd6000
R11=0x0000000000000020 is an unknown value
R12=0x0000700001e30970 is pointing into the stack for thread: 0x00007fc2e5255000
R13=0x000000012baf2eb8 is an oop
java.lang.Object 
 - klass: 'java/lang/Object'
R14=0x00007fc2e52551f8 is an unknown value
R15=0x00007fc2e5255000 is a thread


Stack: [0x0000700001d31000,0x0000700001e31000],  sp=0x0000700001e308c0,  free space=1022k
Native frames: (J=compiled Java code, j=interpreted, Vv=VM code, C=native code)
C  [libawt_lwawt.dylib+0x1ae43]  OGLSD_SetScratchSurface+0x49
C  [libawt_lwawt.dylib+0x3b3ca]  Java_sun_java2d_opengl_OGLRenderQueue_flushBuffer+0x63a
J 5703  sun.java2d.opengl.OGLRenderQueue.flushBuffer(JI)V (0 bytes) @ 0x000000011bf6f4b2 [0x000000011bf6f400+0xb2]
J 10950% C2 sun.java2d.opengl.OGLRenderQueue$QueueFlusher.run()V (234 bytes) @ 0x000000011ced7f0c [0x000000011ced7ca0+0x26c]
v  ~StubRoutines::call_stub
V  [libjvm.dylib+0x2ea35e]  JavaCalls::call_helper(JavaValue*, methodHandle*, JavaCallArguments*, Thread*)+0x6ae
V  [libjvm.dylib+0x2eaaec]  JavaCalls::call_virtual(JavaValue*, KlassHandle, Symbol*, Symbol*, JavaCallArguments*, Thread*)+0x164
V  [libjvm.dylib+0x2eac98]  JavaCalls::call_virtual(JavaValue*, Handle, KlassHandle, Symbol*, Symbol*, Thread*)+0x4a
V  [libjvm.dylib+0x345215]  thread_entry(JavaThread*, Thread*)+0x7c
V  [libjvm.dylib+0x560b83]  JavaThread::thread_main_inner()+0x9b
V  [libjvm.dylib+0x56227e]  JavaThread::run()+0x1c2
V  [libjvm.dylib+0x482cd6]  java_start(Thread*)+0xf6
C  [libsystem_pthread.dylib+0x5e65]  _pthread_start+0x94
C  [libsystem_pthread.dylib+0x183b]  thread_start+0xf
C  0x0000000000000000

Java frames: (J=compiled Java code, j=interpreted, Vv=VM code)
J 5703  sun.java2d.opengl.OGLRenderQueue.flushBuffer(JI)V (0 bytes) @ 0x000000011bf6f438 [0x000000011bf6f400+0x38]
J 10950% C2 sun.java2d.opengl.OGLRenderQueue$QueueFlusher.run()V (234 bytes) @ 0x000000011ced7f0c [0x000000011ced7ca0+0x26c]
v  ~StubRoutines::call_stub

---------------  P R O C E S S  ---------------

Java Threads: ( => current thread )
  0x00007fc2f0916000 JavaThread "zSelector" [_thread_blocked, id=98919, stack(0x000070000203a000,0x000070000213a000)]
  0x00007fc2eb6bc800 JavaThread "zSelector" [_thread_blocked, id=162667, stack(0x000070000295e000,0x0000700002a5e000)]
  0x00007fc2e5ff1800 JavaThread "TimerQueue" daemon [_thread_blocked, id=69527, stack(0x0000700001aa2000,0x0000700001ba2000)]
  0x00007fc2e4003800 JavaThread "DestroyJavaVM" [_thread_blocked, id=4615, stack(0x00007000004da000,0x000070000055a000)]
  0x00007fc2e3f00800 JavaThread "Run$_AWT-EventQueue-0" [_thread_in_native, id=26419, stack(0x0000700001f37000,0x0000700002037000)]
  0x00007fc2e3f7c000 JavaThread "AWT-Shutdown" [_thread_blocked, id=75419, stack(0x000070000199f000,0x0000700001a9f000)]
  0x00007fc2e7c07800 JavaThread "Timer-0" daemon [_thread_blocked, id=59663, stack(0x000070000213d000,0x000070000223d000)]
  0x00007fc2e8bc3800 JavaThread "Java2D Disposer" daemon [_thread_blocked, id=56331, stack(0x0000700001e34000,0x0000700001f34000)]
=>0x00007fc2e5255000 JavaThread "Java2D Queue Flusher" daemon [_thread_in_native, id=78855, stack(0x0000700001d31000,0x0000700001e31000)]
  0x00007fc2e871b800 JavaThread "AppKit Thread" daemon [_thread_blocked, id=775, stack(0x00007ffee14f0000,0x00007ffee1cf0000)]
  0x00007fc2e3863000 JavaThread "Service Thread" daemon [_thread_blocked, id=16131, stack(0x0000700001693000,0x0000700001793000)]
  0x00007fc2e3840800 JavaThread "C1 CompilerThread3" daemon [_thread_blocked, id=15619, stack(0x0000700001590000,0x0000700001690000)]
  0x00007fc2e4840000 JavaThread "C2 CompilerThread2" daemon [_thread_blocked, id=15363, stack(0x000070000148d000,0x000070000158d000)]
  0x00007fc2e483f000 JavaThread "C2 CompilerThread1" daemon [_thread_blocked, id=14851, stack(0x000070000138a000,0x000070000148a000)]
  0x00007fc2e383f800 JavaThread "C2 CompilerThread0" daemon [_thread_in_vm, id=17923, stack(0x0000700001287000,0x0000700001387000)]
  0x00007fc2e3825000 JavaThread "Signal Dispatcher" daemon [_thread_blocked, id=18179, stack(0x0000700001184000,0x0000700001284000)]
  0x00007fc2e4801800 JavaThread "Finalizer" daemon [_thread_blocked, id=20227, stack(0x0000700000f7b000,0x000070000107b000)]
  0x00007fc2e381d800 JavaThread "Reference Handler" daemon [_thread_blocked, id=20483, stack(0x0000700000e78000,0x0000700000f78000)]

Other Threads:
  0x00007fc2e3807000 VMThread [stack: 0x0000700000d75000,0x0000700000e75000] [id=20739]
  0x00007fc2e3826800 WatcherThread [stack: 0x0000700001796000,0x0000700001896000] [id=17155]

VM state:not at safepoint (normal execution)

VM Mutex/Monitor currently owned by a thread:  ([mutex/lock_event])
[0x00007fc2e3503240] CodeCache_lock - owner thread: 0x00007fc2e383f800
[0x00007fc2e35048c0] Compile_lock - owner thread: 0x00007fc2e383f800
[0x00007fc2e35049c0] MethodCompileQueue_lock - owner thread: 0x00007fc2e383f800

Heap:
 PSYoungGen      total 434176K, used 47909K [0x00000007acf00000, 0x00000007d0700000, 0x0000000aee400000)
  eden space 312320K, 14% used [0x00000007acf00000,0x00000007afa6f0b0,0x00000007c0000000)
  from space 121856K, 2% used [0x00000007c9000000,0x00000007c935a3e8,0x00000007d0700000)
  to   space 134656K, 0% used [0x00000007c0000000,0x00000007c0000000,0x00000007c8380000)
 ParOldGen       total 1112576K, used 815274K [0x000000012a400000, 0x000000016e280000, 0x00000007acf00000)
  object space 1112576K, 73% used [0x000000012a400000,0x000000015c02aa08,0x000000016e280000)
 Metaspace       used 62779K, capacity 65878K, committed 66048K, reserved 67584K

Card table byte_map: [0x0000000110346000,0x0000000115167000] byte_map_base: 0x000000010f9f4000

Marking Bits: (ParMarkBitMap*) 0x000000010f8dde20
 Begin Bits: [0x0000000aee400000, 0x0000000b15500000)
 End Bits:   [0x0000000b15500000, 0x0000000b3c600000)

Polling page: 0x000000010df93000

CodeCache: size=245760Kb used=28191Kb max_used=28260Kb free=217568Kb
 bounds [0x000000011b333000, 0x000000011cf13000, 0x000000012a333000]
 total_blobs=9368 nmethods=8604 adapters=670
 compilation: enabled

Compilation events (10 events):
Event: 376514.919 Thread 0x00007fc2e3840800 nmethod 11021 0x000000011b44a210 code [0x000000011b44a380, 0x000000011b44a5a8]
Event: 376516.054 Thread 0x00007fc2e3840800 11022       3       sun.java2d.pipe.LoopPipe::fillParallelogram (32 bytes)
Event: 376516.058 Thread 0x00007fc2e3840800 nmethod 11022 0x000000011c62bc90 code [0x000000011c62be00, 0x000000011c62c088]
Event: 376516.249 Thread 0x00007fc2e3840800 11024       3       sun.java2d.opengl.CGLVolatileSurfaceManager::initContents (16 bytes)
Event: 376516.254 Thread 0x00007fc2e3840800 nmethod 11024 0x000000011c62b850 code [0x000000011c62b9c0, 0x000000011c62bbc8]
Event: 376516.254 Thread 0x00007fc2e3840800 11025       3       sun.awt.image.VolatileSurfaceManager::initContents (40 bytes)
Event: 376516.282 Thread 0x00007fc2e3840800 nmethod 11025 0x000000011c1a9850 code [0x000000011c1a9a40, 0x000000011c1aa2d8]
Event: 376516.588 Thread 0x00007fc2e4840000 11026       4       javax.swing.RepaintManager::currentManager (5 bytes)
Event: 376516.603 Thread 0x00007fc2e4840000 nmethod 11026 0x000000011c10a410 code [0x000000011c10a580, 0x000000011c10a688]
Event: 376516.644 Thread 0x00007fc2e383f800 11027       4       sun.lwawt.LWContainerPeer::repaintPeer (35 bytes)

GC Heap History (10 events):
Event: 309978.372 GC heap before
{Heap before GC invocations=44 (full 6):
 PSYoungGen      total 378880K, used 377330K [0x00000007acf00000, 0x00000007d7280000, 0x0000000aee400000)
  eden space 358912K, 99% used [0x00000007acf00000,0x00000007c2c64698,0x00000007c2d80000)
  from space 19968K, 97% used [0x00000007c3800000,0x00000007c4b184c8,0x00000007c4b80000)
  to   space 166400K, 0% used [0x00000007cd000000,0x00000007cd000000,0x00000007d7280000)
 ParOldGen       total 1112576K, used 815266K [0x000000012a400000, 0x000000016e280000, 0x00000007acf00000)
  object space 1112576K, 73% used [0x000000012a400000,0x000000015c028a08,0x000000016e280000)
 Metaspace       used 62775K, capacity 65814K, committed 66048K, reserved 67584K
Event: 309978.598 GC heap after
Heap after GC invocations=44 (full 6):
 PSYoungGen      total 487424K, used 22375K [0x00000007acf00000, 0x00000007d5780000, 0x0000000aee400000)
  eden space 348672K, 0% used [0x00000007acf00000,0x00000007acf00000,0x00000007c2380000)
  from space 138752K, 16% used [0x00000007cd000000,0x00000007ce5d9c28,0x00000007d5780000)
  to   space 157696K, 0% used [0x00000007c2380000,0x00000007c2380000,0x00000007cbd80000)
 ParOldGen       total 1112576K, used 815266K [0x000000012a400000, 0x000000016e280000, 0x00000007acf00000)
  object space 1112576K, 73% used [0x000000012a400000,0x000000015c028a08,0x000000016e280000)
 Metaspace       used 62775K, capacity 65814K, committed 66048K, reserved 67584K
}
Event: 326454.151 GC heap before
{Heap before GC invocations=45 (full 6):
 PSYoungGen      total 487424K, used 367354K [0x00000007acf00000, 0x00000007d5780000, 0x0000000aee400000)
  eden space 348672K, 98% used [0x00000007acf00000,0x00000007c1fe4e60,0x00000007c2380000)
  from space 138752K, 16% used [0x00000007cd000000,0x00000007ce5d9c28,0x00000007d5780000)
  to   space 157696K, 0% used [0x00000007c2380000,0x00000007c2380000,0x00000007cbd80000)
 ParOldGen       total 1112576K, used 815266K [0x000000012a400000, 0x000000016e280000, 0x00000007acf00000)
  object space 1112576K, 73% used [0x000000012a400000,0x000000015c028a08,0x000000016e280000)
 Metaspace       used 62775K, capacity 65814K, committed 66048K, reserved 67584K
Event: 326454.247 GC heap after
Heap after GC invocations=45 (full 6):
 PSYoungGen      total 398336K, used 59221K [0x00000007acf00000, 0x00000007d4400000, 0x0000000aee400000)
  eden space 338944K, 0% used [0x00000007acf00000,0x00000007acf00000,0x00000007c1a00000)
  from space 59392K, 99% used [0x00000007c2380000,0x00000007c5d554d8,0x00000007c5d80000)
  to   space 152576K, 0% used [0x00000007caf00000,0x00000007caf00000,0x00000007d4400000)
 ParOldGen       total 1112576K, used 815266K [0x000000012a400000, 0x000000016e280000, 0x00000007acf00000)
  object space 1112576K, 73% used [0x000000012a400000,0x000000015c028a08,0x000000016e280000)
 Metaspace       used 62775K, capacity 65814K, committed 66048K, reserved 67584K
}
Event: 334775.599 GC heap before
{Heap before GC invocations=46 (full 6):
 PSYoungGen      total 398336K, used 384299K [0x00000007acf00000, 0x00000007d4400000, 0x0000000aee400000)
  eden space 338944K, 95% used [0x00000007acf00000,0x00000007c0c75838,0x00000007c1a00000)
  from space 59392K, 99% used [0x00000007c2380000,0x00000007c5d554d8,0x00000007c5d80000)
  to   space 152576K, 0% used [0x00000007caf00000,0x00000007caf00000,0x00000007d4400000)
 ParOldGen       total 1112576K, used 815266K [0x000000012a400000, 0x000000016e280000, 0x00000007acf00000)
  object space 1112576K, 73% used [0x000000012a400000,0x000000015c028a08,0x000000016e280000)
 Metaspace       used 62776K, capacity 65814K, committed 66048K, reserved 67584K
Event: 334775.763 GC heap after
Heap after GC invocations=46 (full 6):
 PSYoungGen      total 458752K, used 19649K [0x00000007acf00000, 0x00000007d2d00000, 0x0000000aee400000)
  eden space 329728K, 0% used [0x00000007acf00000,0x00000007acf00000,0x00000007c1100000)
  from space 129024K, 15% used [0x00000007caf00000,0x00000007cc2304c8,0x00000007d2d00000)
  to   space 145408K, 0% used [0x00000007c1100000,0x00000007c1100000,0x00000007c9f00000)
 ParOldGen       total 1112576K, used 815274K [0x000000012a400000, 0x000000016e280000, 0x00000007acf00000)
  object space 1112576K, 73% used [0x000000012a400000,0x000000015c02aa08,0x000000016e280000)
 Metaspace       used 62776K, capacity 65814K, committed 66048K, reserved 67584K
}
Event: 369375.075 GC heap before
{Heap before GC invocations=47 (full 6):
 PSYoungGen      total 458752K, used 336645K [0x00000007acf00000, 0x00000007d2d00000, 0x0000000aee400000)
  eden space 329728K, 96% used [0x00000007acf00000,0x00000007c04911f8,0x00000007c1100000)
  from space 129024K, 15% used [0x00000007caf00000,0x00000007cc2304c8,0x00000007d2d00000)
  to   space 145408K, 0% used [0x00000007c1100000,0x00000007c1100000,0x00000007c9f00000)
 ParOldGen       total 1112576K, used 815274K [0x000000012a400000, 0x000000016e280000, 0x00000007acf00000)
  object space 1112576K, 73% used [0x000000012a400000,0x000000015c02aa08,0x000000016e280000)
 Metaspace       used 62776K, capacity 65814K, committed 66048K, reserved 67584K
Event: 369375.658 GC heap after
Heap after GC invocations=47 (full 6):
 PSYoungGen      total 340992K, used 19649K [0x00000007acf00000, 0x00000007d1780000, 0x0000000aee400000)
  eden space 321024K, 0% used [0x00000007acf00000,0x00000007acf00000,0x00000007c0880000)
  from space 19968K, 98% used [0x00000007c1100000,0x00000007c24304c8,0x00000007c2480000)
  to   space 138752K, 0% used [0x00000007c9000000,0x00000007c9000000,0x00000007d1780000)
 ParOldGen       total 1112576K, used 815274K [0x000000012a400000, 0x000000016e280000, 0x00000007acf00000)
  object space 1112576K, 73% used [0x000000012a400000,0x000000015c02aa08,0x000000016e280000)
 Metaspace       used 62776K, capacity 65814K, committed 66048K, reserved 67584K
}
Event: 376516.604 GC heap before
{Heap before GC invocations=48 (full 6):
 PSYoungGen      total 340992K, used 336523K [0x00000007acf00000, 0x00000007d1780000, 0x0000000aee400000)
  eden space 321024K, 98% used [0x00000007acf00000,0x00000007c0472828,0x00000007c0880000)
  from space 19968K, 98% used [0x00000007c1100000,0x00000007c24304c8,0x00000007c2480000)
  to   space 138752K, 0% used [0x00000007c9000000,0x00000007c9000000,0x00000007d1780000)
 ParOldGen       total 1112576K, used 815274K [0x000000012a400000, 0x000000016e280000, 0x00000007acf00000)
  object space 1112576K, 73% used [0x000000012a400000,0x000000015c02aa08,0x000000016e280000)
 Metaspace       used 62779K, capacity 65878K, committed 66048K, reserved 67584K
Event: 376516.623 GC heap after
Heap after GC invocations=48 (full 6):
 PSYoungGen      total 434176K, used 3432K [0x00000007acf00000, 0x00000007d0700000, 0x0000000aee400000)
  eden space 312320K, 0% used [0x00000007acf00000,0x00000007acf00000,0x00000007c0000000)
  from space 121856K, 2% used [0x00000007c9000000,0x00000007c935a3e8,0x00000007d0700000)
  to   space 134656K, 0% used [0x00000007c0000000,0x00000007c0000000,0x00000007c8380000)
 ParOldGen       total 1112576K, used 815274K [0x000000012a400000, 0x000000016e280000, 0x00000007acf00000)
  object space 1112576K, 73% used [0x000000012a400000,0x000000015c02aa08,0x000000016e280000)
 Metaspace       used 62779K, capacity 65878K, committed 66048K, reserved 67584K
}

Deoptimization events (10 events):
Event: 8850.190 Thread 0x00007fc2e3f00800 Uncommon trap: reason=bimorphic action=maybe_recompile pc=0x000000011c8bea04 method=sun.java2d.pipe.GlyphListPipe.drawChars(Lsun/java2d/SunGraphics2D;[CIIII)V @ 165
Event: 8850.358 Thread 0x00007fc2e3f00800 Uncommon trap: reason=unstable_if action=reinterpret pc=0x000000011b8891b0 method=java.util.HashMap$HashIterator.<init>(Ljava/util/HashMap;)V @ 45
Event: 16158.622 Thread 0x00007fc2e5255000 Uncommon trap: reason=class_check action=maybe_recompile pc=0x000000011c36b2e4 method=sun.java2d.opengl.OGLRenderQueue$QueueFlusher.run()V @ 95
Event: 16317.579 Thread 0x00007fc2e3f00800 Uncommon trap: reason=class_check action=maybe_recompile pc=0x000000011cbcd574 method=sun.java2d.SunGraphics2D.drawHiDPIImage(Ljava/awt/Image;IIIIIIIILjava/awt/Color;Ljava/awt/image/ImageObserver;)Z @ 311
Event: 16321.464 Thread 0x00007fc2e5255000 Uncommon trap: reason=class_check action=maybe_recompile pc=0x000000011c36b2e4 method=sun.java2d.opengl.OGLRenderQueue$QueueFlusher.run()V @ 95
Event: 16372.415 Thread 0x00007fc2e3f00800 Uncommon trap: reason=class_check action=maybe_recompile pc=0x000000011cbcd574 method=sun.java2d.SunGraphics2D.drawHiDPIImage(Ljava/awt/Image;IIIIIIIILjava/awt/Color;Ljava/awt/image/ImageObserver;)Z @ 311
Event: 16377.851 Thread 0x00007fc2e5255000 Uncommon trap: reason=class_check action=maybe_recompile pc=0x000000011c36b2e4 method=sun.java2d.opengl.OGLRenderQueue$QueueFlusher.run()V @ 95
Event: 47607.169 Thread 0x00007fc2e5255000 Uncommon trap: reason=unstable_if action=reinterpret pc=0x000000011c36b1fc method=sun.java2d.opengl.OGLRenderQueue$QueueFlusher.run()V @ 34
Event: 70695.203 Thread 0x00007fc2e3f00800 Uncommon trap: reason=class_check action=maybe_recompile pc=0x000000011cbcd574 method=sun.java2d.SunGraphics2D.drawHiDPIImage(Ljava/awt/Image;IIIIIIIILjava/awt/Color;Ljava/awt/image/ImageObserver;)Z @ 311
Event: 300201.182 Thread 0x00007fc2e3f00800 Uncommon trap: reason=unstable_if action=reinterpret pc=0x000000011c245cb4 method=sun.java2d.SunGraphics2D.validatePipe()V @ 7

Internal exceptions (10 events):
Event: 4385.603 Thread 0x00007fc2e5c23000 Exception <a 'java/lang/ClassCastException': java.awt.MenuItem cannot be cast to java.awt.CheckboxMenuItem> (0x00000007b2e1f810) thrown at [/HUDSON3/workspace/8-2-build-macosx-x86_64/jdk8u66/4988/hotspot/src/share/vm/interpreter/interpreterRuntime.cpp, li
Event: 4401.672 Thread 0x00007fc2e5d82800 Exception <a 'java/io/FileNotFoundException'> (0x00000007b40d5040) thrown at [/HUDSON3/workspace/8-2-build-macosx-x86_64/jdk8u66/4988/hotspot/src/share/vm/prims/jni.cpp, line 709]
Event: 4401.679 Thread 0x00007fc2e5d82800 Exception <a 'java/io/FileNotFoundException'> (0x00000007b413ede8) thrown at [/HUDSON3/workspace/8-2-build-macosx-x86_64/jdk8u66/4988/hotspot/src/share/vm/prims/jni.cpp, line 709]
Event: 4404.734 Thread 0x00007fc2e5d82800 Exception <a 'java/lang/NoSuchMethodError': org.slf4j.impl.StaticMDCBinder.getSingleton()Lorg/slf4j/impl/StaticMDCBinder;> (0x00000007b8088428) thrown at [/HUDSON3/workspace/8-2-build-macosx-x86_64/jdk8u66/4988/hotspot/src/share/vm/interpreter/linkResolve
Event: 4404.741 Thread 0x00007fc2e3f00800 Implicit null exception at 0x000000011bfada15 to 0x000000011bfae1d1
Event: 4404.786 Thread 0x00007fc2e5d82800 Exception <a 'java/lang/reflect/InvocationTargetException'> (0x00000007b84f7440) thrown at [/HUDSON3/workspace/8-2-build-macosx-x86_64/jdk8u66/4988/hotspot/src/share/vm/runtime/reflection.cpp, line 1092]
Event: 4516.471 Thread 0x00007fc2e8699800 Exception <a 'java/lang/ClassCastException': java.awt.MenuItem cannot be cast to java.awt.CheckboxMenuItem> (0x00000007c0cd1118) thrown at [/HUDSON3/workspace/8-2-build-macosx-x86_64/jdk8u66/4988/hotspot/src/share/vm/interpreter/interpreterRuntime.cpp, li
Event: 5900.595 Thread 0x00007fc2ebedb000 Exception <a 'java/lang/ClassCastException': java.awt.MenuItem cannot be cast to java.awt.CheckboxMenuItem> (0x00000007b938ff30) thrown at [/HUDSON3/workspace/8-2-build-macosx-x86_64/jdk8u66/4988/hotspot/src/share/vm/interpreter/interpreterRuntime.cpp, li
Event: 5922.310 Thread 0x00007fc2f1159800 Exception <a 'java/lang/ClassCastException': java.awt.MenuItem cannot be cast to java.awt.CheckboxMenuItem> (0x00000007be391258) thrown at [/HUDSON3/workspace/8-2-build-macosx-x86_64/jdk8u66/4988/hotspot/src/share/vm/interpreter/interpreterRuntime.cpp, li
Event: 5922.310 Thread 0x00007fc2f1159800 Exception <a 'java/lang/ClassCastException': java.awt.MenuItem cannot be cast to java.awt.CheckboxMenuItem> (0x00000007be391608) thrown at [/HUDSON3/workspace/8-2-build-macosx-x86_64/jdk8u66/4988/hotspot/src/share/vm/interpreter/interpreterRuntime.cpp, li

Events (10 events):
Event: 332451.755 Thread 0x00007fc2e3840800 flushing nmethod 0x000000011c785150
Event: 334775.576 Thread 0x00007fc2e3840800 flushing nmethod 0x000000011c8ea150
Event: 334775.584 Thread 0x00007fc2e3840800 flushing nmethod 0x000000011c910b50
Event: 334775.597 Executing VM operation: ParallelGCFailedAllocation
Event: 334775.763 Executing VM operation: ParallelGCFailedAllocation done
Event: 355417.265 Thread 0x00007fc2e4840000 flushing nmethod 0x000000011cd72850
Event: 369375.071 Executing VM operation: ParallelGCFailedAllocation
Event: 369375.658 Executing VM operation: ParallelGCFailedAllocation done
Event: 376516.604 Executing VM operation: ParallelGCFailedAllocation
Event: 376516.623 Executing VM operation: ParallelGCFailedAllocation done


Dynamic libraries:
0x0000000009b2c000 	/System/Library/Frameworks/CoreFoundation.framework/Versions/A/CoreFoundation
0x0000000009b2c000 	/System/Library/Frameworks/ApplicationServices.framework/Versions/A/ApplicationServices
0x0000000009b2c000 	/usr/lib/libSystem.B.dylib
0x0000000009b2c000 	/System/Library/Frameworks/CoreServices.framework/Versions/A/CoreServices
0x0000000009b2c000 	/usr/lib/libobjc.A.dylib
0x0000000009b2c000 	/usr/lib/libfakelink.dylib
0x0000000009b2c000 	/usr/lib/libDiagnosticMessagesClient.dylib
0x0000000009b2c000 	/usr/lib/libicucore.A.dylib
0x0000000009b2c000 	/usr/lib/libz.1.dylib
0x0000000009b2c000 	/usr/lib/libc++abi.dylib
0x0000000009b2c000 	/usr/lib/libc++.1.dylib
0x0000000009b2c000 	/usr/lib/system/libcache.dylib
0x0000000009b2c000 	/usr/lib/system/libcommonCrypto.dylib
0x0000000009b2c000 	/usr/lib/system/libcompiler_rt.dylib
0x0000000009b2c000 	/usr/lib/system/libcopyfile.dylib
0x0000000009b2c000 	/usr/lib/system/libcorecrypto.dylib
0x0000000009b2c000 	/usr/lib/system/libdispatch.dylib
0x0000000009b2c000 	/usr/lib/system/libdyld.dylib
0x0000000009b2c000 	/usr/lib/system/libkeymgr.dylib
0x0000000009b2c000 	/usr/lib/system/liblaunch.dylib
0x0000000009b2c000 	/usr/lib/system/libmacho.dylib
0x0000000009b2c000 	/usr/lib/system/libquarantine.dylib
0x0000000009b2c000 	/usr/lib/system/libremovefile.dylib
0x0000000009b2c000 	/usr/lib/system/libsystem_asl.dylib
0x0000000009b2c000 	/usr/lib/system/libsystem_blocks.dylib
0x0000000009b2c000 	/usr/lib/system/libsystem_c.dylib
0x0000000009b2c000 	/usr/lib/system/libsystem_configuration.dylib
0x0000000009b2c000 	/usr/lib/system/libsystem_coreservices.dylib
0x0000000009b2c000 	/usr/lib/system/libsystem_darwin.dylib
0x0000000009b2c000 	/usr/lib/system/libsystem_dnssd.dylib
0x0000000009b2c000 	/usr/lib/system/libsystem_featureflags.dylib
0x0000000009b2c000 	/usr/lib/system/libsystem_info.dylib
0x0000000009b2c000 	/usr/lib/system/libsystem_m.dylib
0x0000000009b2c000 	/usr/lib/system/libsystem_malloc.dylib
0x0000000009b2c000 	/usr/lib/system/libsystem_networkextension.dylib
0x0000000009b2c000 	/usr/lib/system/libsystem_notify.dylib
0x0000000009b2c000 	/usr/lib/system/libsystem_sandbox.dylib
0x0000000009b2c000 	/usr/lib/system/libsystem_secinit.dylib
0x0000000009b2c000 	/usr/lib/system/libsystem_kernel.dylib
0x0000000009b2c000 	/usr/lib/system/libsystem_platform.dylib
0x0000000009b2c000 	/usr/lib/system/libsystem_pthread.dylib
0x0000000009b2c000 	/usr/lib/system/libsystem_symptoms.dylib
0x0000000009b2c000 	/usr/lib/system/libsystem_trace.dylib
0x0000000009b2c000 	/usr/lib/system/libunwind.dylib
0x0000000009b2c000 	/usr/lib/system/libxpc.dylib
0x0000000009b2c000 	/System/Library/Frameworks/CoreGraphics.framework/Versions/A/CoreGraphics
0x0000000009b2c000 	/System/Library/Frameworks/CoreText.framework/Versions/A/CoreText
0x0000000009b2c000 	/System/Library/Frameworks/ImageIO.framework/Versions/A/ImageIO
0x0000000009b2c000 	/System/Library/Frameworks/ColorSync.framework/Versions/A/ColorSync
0x0000000009b2c000 	/System/Library/Frameworks/ApplicationServices.framework/Versions/A/Frameworks/ATS.framework/Versions/A/ATS
0x0000000009b2c000 	/System/Library/Frameworks/ApplicationServices.framework/Versions/A/Frameworks/ColorSyncLegacy.framework/Versions/A/ColorSyncLegacy
0x0000000009b2c000 	/System/Library/Frameworks/ApplicationServices.framework/Versions/A/Frameworks/HIServices.framework/Versions/A/HIServices
0x0000000009b2c000 	/System/Library/Frameworks/ApplicationServices.framework/Versions/A/Frameworks/LangAnalysis.framework/Versions/A/LangAnalysis
0x0000000009b2c000 	/System/Library/Frameworks/ApplicationServices.framework/Versions/A/Frameworks/PrintCore.framework/Versions/A/PrintCore
0x0000000009b2c000 	/System/Library/Frameworks/ApplicationServices.framework/Versions/A/Frameworks/QD.framework/Versions/A/QD
0x0000000009b2c000 	/System/Library/Frameworks/ApplicationServices.framework/Versions/A/Frameworks/SpeechSynthesis.framework/Versions/A/SpeechSynthesis
0x0000000009b2c000 	/System/Library/PrivateFrameworks/SkyLight.framework/Versions/A/SkyLight
0x0000000009b2c000 	/System/Library/PrivateFrameworks/FontServices.framework/libFontParser.dylib
0x0000000009b2c000 	/System/Library/Frameworks/Accelerate.framework/Versions/A/Accelerate
0x0000000009b2c000 	/System/Library/Frameworks/IOSurface.framework/Versions/A/IOSurface
0x0000000009b2c000 	/usr/lib/libxml2.2.dylib
0x0000000009b2c000 	/System/Library/Frameworks/CFNetwork.framework/Versions/A/CFNetwork
0x0000000009b2c000 	/System/Library/Frameworks/Foundation.framework/Versions/C/Foundation
0x0000000009b2c000 	/System/Library/PrivateFrameworks/WatchdogClient.framework/Versions/A/WatchdogClient
0x0000000009b2c000 	/usr/lib/libcompression.dylib
0x0000000009b2c000 	/System/Library/Frameworks/SystemConfiguration.framework/Versions/A/SystemConfiguration
0x0000000009b2c000 	/System/Library/Frameworks/CoreDisplay.framework/Versions/A/CoreDisplay
0x0000000009b2c000 	/System/Library/PrivateFrameworks/IOAccelerator.framework/Versions/A/IOAccelerator
0x0000000009b2c000 	/System/Library/Frameworks/IOKit.framework/Versions/A/IOKit
0x0000000009b2c000 	/System/Library/Frameworks/Metal.framework/Versions/A/Metal
0x0000000009b2c000 	/System/Library/Frameworks/MetalPerformanceShaders.framework/Versions/A/MetalPerformanceShaders
0x0000000009b2c000 	/System/Library/PrivateFrameworks/MultitouchSupport.framework/Versions/A/MultitouchSupport
0x0000000009b2c000 	/System/Library/Frameworks/Security.framework/Versions/A/Security
0x0000000009b2c000 	/System/Library/Frameworks/QuartzCore.framework/Versions/A/QuartzCore
0x0000000009b2c000 	/usr/lib/libbsm.0.dylib
0x0000000009b2c000 	/usr/lib/liblzma.5.dylib
0x0000000009b2c000 	/usr/lib/libauto.dylib
0x0000000009b2c000 	/System/Library/Frameworks/DiskArbitration.framework/Versions/A/DiskArbitration
0x0000000009b2c000 	/usr/lib/libarchive.2.dylib
0x0000000009b2c000 	/usr/lib/liblangid.dylib
0x0000000009b2c000 	/usr/lib/libCRFSuite.dylib
0x0000000009b2c000 	/usr/lib/libenergytrace.dylib
0x0000000009b2c000 	/usr/lib/system/libkxld.dylib
0x0000000009b2c000 	/System/Library/PrivateFrameworks/AppleFSCompression.framework/Versions/A/AppleFSCompression
0x0000000009b2c000 	/usr/lib/libcoretls.dylib
0x0000000009b2c000 	/usr/lib/libcoretls_cfhelpers.dylib
0x0000000009b2c000 	/usr/lib/libpam.2.dylib
0x0000000009b2c000 	/usr/lib/libsqlite3.dylib
0x0000000009b2c000 	/usr/lib/libxar.1.dylib
0x0000000009b2c000 	/usr/lib/libbz2.1.0.dylib
0x0000000009b2c000 	/usr/lib/libiconv.2.dylib
0x0000000009b2c000 	/usr/lib/libcharset.1.dylib
0x0000000009b2c000 	/usr/lib/libnetwork.dylib
0x0000000009b2c000 	/usr/lib/libpcap.A.dylib
0x0000000009b2c000 	/usr/lib/libapple_nghttp2.dylib
0x0000000009b2c000 	/System/Library/Frameworks/CoreServices.framework/Versions/A/Frameworks/FSEvents.framework/Versions/A/FSEvents
0x0000000009b2c000 	/System/Library/Frameworks/CoreServices.framework/Versions/A/Frameworks/CarbonCore.framework/Versions/A/CarbonCore
0x0000000009b2c000 	/System/Library/Frameworks/CoreServices.framework/Versions/A/Frameworks/Metadata.framework/Versions/A/Metadata
0x0000000009b2c000 	/System/Library/Frameworks/CoreServices.framework/Versions/A/Frameworks/OSServices.framework/Versions/A/OSServices
0x0000000009b2c000 	/System/Library/Frameworks/CoreServices.framework/Versions/A/Frameworks/SearchKit.framework/Versions/A/SearchKit
0x0000000009b2c000 	/System/Library/Frameworks/CoreServices.framework/Versions/A/Frameworks/AE.framework/Versions/A/AE
0x0000000009b2c000 	/System/Library/Frameworks/CoreServices.framework/Versions/A/Frameworks/LaunchServices.framework/Versions/A/LaunchServices
0x0000000009b2c000 	/System/Library/Frameworks/CoreServices.framework/Versions/A/Frameworks/DictionaryServices.framework/Versions/A/DictionaryServices
0x0000000009b2c000 	/System/Library/Frameworks/CoreServices.framework/Versions/A/Frameworks/SharedFileList.framework/Versions/A/SharedFileList
0x0000000009b2c000 	/System/Library/Frameworks/NetFS.framework/Versions/A/NetFS
0x0000000009b2c000 	/System/Library/PrivateFrameworks/NetAuth.framework/Versions/A/NetAuth
0x0000000009b2c000 	/System/Library/PrivateFrameworks/login.framework/Versions/A/Frameworks/loginsupport.framework/Versions/A/loginsupport
0x0000000009b2c000 	/System/Library/PrivateFrameworks/TCC.framework/Versions/A/TCC
0x0000000009b2c000 	/System/Library/PrivateFrameworks/CoreNLP.framework/Versions/A/CoreNLP
0x0000000009b2c000 	/System/Library/PrivateFrameworks/MetadataUtilities.framework/Versions/A/MetadataUtilities
0x0000000009b2c000 	/usr/lib/libmecabra.dylib
0x0000000009b2c000 	/usr/lib/libmecab.dylib
0x0000000009b2c000 	/usr/lib/libgermantok.dylib
0x0000000009b2c000 	/usr/lib/libThaiTokenizer.dylib
0x0000000009b2c000 	/usr/lib/libChineseTokenizer.dylib
0x0000000009b2c000 	/System/Library/Frameworks/Accelerate.framework/Versions/A/Frameworks/vImage.framework/Versions/A/vImage
0x0000000009b2c000 	/System/Library/Frameworks/Accelerate.framework/Versions/A/Frameworks/vecLib.framework/Versions/A/vecLib
0x0000000009b2c000 	/System/Library/Frameworks/Accelerate.framework/Versions/A/Frameworks/vecLib.framework/Versions/A/libvMisc.dylib
0x0000000009b2c000 	/System/Library/Frameworks/Accelerate.framework/Versions/A/Frameworks/vecLib.framework/Versions/A/libvDSP.dylib
0x0000000009b2c000 	/System/Library/Frameworks/Accelerate.framework/Versions/A/Frameworks/vecLib.framework/Versions/A/libBLAS.dylib
0x0000000009b2c000 	/System/Library/Frameworks/Accelerate.framework/Versions/A/Frameworks/vecLib.framework/Versions/A/libLAPACK.dylib
0x0000000009b2c000 	/System/Library/Frameworks/Accelerate.framework/Versions/A/Frameworks/vecLib.framework/Versions/A/libLinearAlgebra.dylib
0x0000000009b2c000 	/System/Library/Frameworks/Accelerate.framework/Versions/A/Frameworks/vecLib.framework/Versions/A/libSparseBLAS.dylib
0x0000000009b2c000 	/System/Library/Frameworks/Accelerate.framework/Versions/A/Frameworks/vecLib.framework/Versions/A/libQuadrature.dylib
0x0000000009b2c000 	/System/Library/Frameworks/Accelerate.framework/Versions/A/Frameworks/vecLib.framework/Versions/A/libBNNS.dylib
0x0000000009b2c000 	/System/Library/Frameworks/Accelerate.framework/Versions/A/Frameworks/vecLib.framework/Versions/A/libSparse.dylib
0x0000000009b2c000 	/System/Library/PrivateFrameworks/LanguageModeling.framework/Versions/A/LanguageModeling
0x0000000009b2c000 	/System/Library/PrivateFrameworks/CoreEmoji.framework/Versions/A/CoreEmoji
0x0000000009b2c000 	/System/Library/PrivateFrameworks/LinguisticData.framework/Versions/A/LinguisticData
0x0000000009b2c000 	/System/Library/PrivateFrameworks/Lexicon.framework/Versions/A/Lexicon
0x0000000009b2c000 	/usr/lib/libcmph.dylib
0x0000000009b2c000 	/System/Library/Frameworks/OpenDirectory.framework/Versions/A/Frameworks/CFOpenDirectory.framework/Versions/A/CFOpenDirectory
0x0000000009b2c000 	/System/Library/Frameworks/OpenDirectory.framework/Versions/A/OpenDirectory
0x0000000009b2c000 	/System/Library/PrivateFrameworks/APFS.framework/Versions/A/APFS
0x0000000009b2c000 	/System/Library/Frameworks/SecurityFoundation.framework/Versions/A/SecurityFoundation
0x0000000009b2c000 	/usr/lib/libutil.dylib
0x0000000009b2c000 	/System/Library/PrivateFrameworks/CoreServicesStore.framework/Versions/A/CoreServicesStore
0x0000000009b2c000 	/System/Library/Frameworks/ServiceManagement.framework/Versions/A/ServiceManagement
0x0000000009b2c000 	/System/Library/PrivateFrameworks/BackgroundTaskManagement.framework/Versions/A/BackgroundTaskManagement
0x0000000009b2c000 	/usr/lib/libxslt.1.dylib
0x0000000009b2c000 	/System/Library/PrivateFrameworks/GPUWrangler.framework/Versions/A/GPUWrangler
0x0000000009b2c000 	/System/Library/PrivateFrameworks/IOPresentment.framework/Versions/A/IOPresentment
0x0000000009b2c000 	/System/Library/PrivateFrameworks/DSExternalDisplay.framework/Versions/A/DSExternalDisplay
0x0000000009b2c000 	/System/Library/Frameworks/OpenGL.framework/Versions/A/Libraries/libCoreFSCache.dylib
0x0000000009b2c000 	/System/Library/Frameworks/MetalPerformanceShaders.framework/Frameworks/MPSCore.framework/Versions/A/MPSCore
0x0000000009b2c000 	/System/Library/Frameworks/MetalPerformanceShaders.framework/Frameworks/MPSImage.framework/Versions/A/MPSImage
0x0000000009b2c000 	/System/Library/Frameworks/MetalPerformanceShaders.framework/Frameworks/MPSNeuralNetwork.framework/Versions/A/MPSNeuralNetwork
0x0000000009b2c000 	/System/Library/Frameworks/MetalPerformanceShaders.framework/Frameworks/MPSMatrix.framework/Versions/A/MPSMatrix
0x0000000009b2c000 	/System/Library/Frameworks/MetalPerformanceShaders.framework/Frameworks/MPSRayIntersector.framework/Versions/A/MPSRayIntersector
0x0000000009b2c000 	/System/Library/Frameworks/MetalPerformanceShaders.framework/Frameworks/MPSNDArray.framework/Versions/A/MPSNDArray
0x0000000009b2c000 	/System/Library/PrivateFrameworks/MetalTools.framework/Versions/A/MetalTools
0x0000000009b2c000 	/System/Library/PrivateFrameworks/AggregateDictionary.framework/Versions/A/AggregateDictionary
0x0000000009b2c000 	/System/Library/PrivateFrameworks/CoreAnalytics.framework/Versions/A/CoreAnalytics
0x0000000009b2c000 	/System/Library/PrivateFrameworks/AppleSauce.framework/Versions/A/AppleSauce
0x0000000009b2c000 	/usr/lib/libMobileGestalt.dylib
0x0000000009b2c000 	/System/Library/PrivateFrameworks/AppleSystemInfo.framework/Versions/A/AppleSystemInfo
0x0000000009b2c000 	/usr/lib/libIOReport.dylib
0x0000000009b2c000 	/System/Library/Frameworks/CoreImage.framework/Versions/A/CoreImage
0x0000000009b2c000 	/System/Library/Frameworks/CoreVideo.framework/Versions/A/CoreVideo
0x0000000009b2c000 	/System/Library/Frameworks/OpenGL.framework/Versions/A/OpenGL
0x0000000009b2c000 	/System/Library/PrivateFrameworks/GraphVisualizer.framework/Versions/A/GraphVisualizer
0x0000000009b2c000 	/System/Library/PrivateFrameworks/FaceCore.framework/Versions/A/FaceCore
0x0000000009b2c000 	/System/Library/Frameworks/OpenCL.framework/Versions/A/OpenCL
0x0000000009b2c000 	/usr/lib/libFosl_dynamic.dylib
0x0000000009b2c000 	/System/Library/PrivateFrameworks/OTSVG.framework/Versions/A/OTSVG
0x0000000009b2c000 	/System/Library/Frameworks/ApplicationServices.framework/Versions/A/Frameworks/ATS.framework/Versions/A/Resources/libFontRegistry.dylib
0x0000000009b2c000 	/usr/lib/libate.dylib
0x0000000009b2c000 	/System/Library/Frameworks/ImageIO.framework/Versions/A/Resources/libJPEG.dylib
0x0000000009b2c000 	/System/Library/Frameworks/ImageIO.framework/Versions/A/Resources/libTIFF.dylib
0x0000000009b2c000 	/System/Library/Frameworks/ImageIO.framework/Versions/A/Resources/libPng.dylib
0x0000000009b2c000 	/System/Library/Frameworks/ImageIO.framework/Versions/A/Resources/libGIF.dylib
0x0000000009b2c000 	/System/Library/Frameworks/ImageIO.framework/Versions/A/Resources/libJP2.dylib
0x0000000009b2c000 	/System/Library/Frameworks/ImageIO.framework/Versions/A/Resources/libRadiance.dylib
0x0000000009b2c000 	/usr/lib/libexpat.1.dylib
0x0000000009b2c000 	/System/Library/PrivateFrameworks/AppleJPEG.framework/Versions/A/AppleJPEG
0x0000000009b2c000 	/System/Library/PrivateFrameworks/FontServices.framework/libhvf.dylib
0x0000000009b2c000 	/System/Library/Frameworks/OpenGL.framework/Versions/A/Libraries/libGFXShared.dylib
0x0000000009b2c000 	/System/Library/Frameworks/OpenGL.framework/Versions/A/Libraries/libGLU.dylib
0x0000000009b2c000 	/System/Library/Frameworks/OpenGL.framework/Versions/A/Libraries/libGL.dylib
0x0000000009b2c000 	/System/Library/Frameworks/OpenGL.framework/Versions/A/Libraries/libGLImage.dylib
0x0000000009b2c000 	/System/Library/Frameworks/OpenGL.framework/Versions/A/Libraries/libCVMSPluginSupport.dylib
0x0000000009b2c000 	/System/Library/Frameworks/OpenGL.framework/Versions/A/Libraries/libCoreVMClient.dylib
0x0000000009b2c000 	/usr/lib/libncurses.5.4.dylib
0x0000000009b2c000 	/System/Library/Frameworks/ApplicationServices.framework/Versions/A/Frameworks/ATSUI.framework/Versions/A/ATSUI
0x0000000009b2c000 	/usr/lib/libcups.2.dylib
0x0000000009b2c000 	/System/Library/Frameworks/Kerberos.framework/Versions/A/Kerberos
0x0000000009b2c000 	/System/Library/Frameworks/GSS.framework/Versions/A/GSS
0x0000000009b2c000 	/usr/lib/libresolv.9.dylib
0x0000000009b2c000 	/System/Library/PrivateFrameworks/Heimdal.framework/Versions/A/Heimdal
0x0000000009b2c000 	/System/Library/Frameworks/Kerberos.framework/Versions/A/Libraries/libHeimdalProxy.dylib
0x0000000009b2c000 	/usr/lib/libheimdal-asn1.dylib
0x0000000009b2c000 	/System/Library/PrivateFrameworks/CommonAuth.framework/Versions/A/CommonAuth
0x0000000009b2c000 	/System/Library/Frameworks/CoreAudio.framework/Versions/A/CoreAudio
0x0000000009b2c000 	/System/Library/Frameworks/AudioToolbox.framework/Versions/A/AudioToolbox
0x0000000009b2c000 	/System/Library/PrivateFrameworks/AssertionServices.framework/Versions/A/AssertionServices
0x0000000009b2c000 	/System/Library/PrivateFrameworks/AudioToolboxCore.framework/Versions/A/AudioToolboxCore
0x0000000009b2c000 	/System/Library/PrivateFrameworks/caulk.framework/Versions/A/caulk
0x0000000009b2c000 	/System/Library/PrivateFrameworks/BaseBoard.framework/Versions/A/BaseBoard
0x0000000009b2c000 	/System/Library/PrivateFrameworks/RunningBoardServices.framework/Versions/A/RunningBoardServices
0x0000000009b2c000 	/System/Library/PrivateFrameworks/PersistentConnection.framework/Versions/A/PersistentConnection
0x0000000009b2c000 	/System/Library/PrivateFrameworks/ProtocolBuffer.framework/Versions/A/ProtocolBuffer
0x0000000009b2c000 	/System/Library/PrivateFrameworks/CommonUtilities.framework/Versions/A/CommonUtilities
0x0000000009b2c000 	/System/Library/PrivateFrameworks/Bom.framework/Versions/A/Bom
0x0000000009b2c000 	/usr/lib/libAudioToolboxUtility.dylib
0x0000000009b2c000 	/System/Library/PrivateFrameworks/login.framework/Versions/A/login
0x000000010df40000 	/Applications/Fiji.app/java/macosx/jdk1.8.0_66/jre/Contents/Home/lib/jli/libjli.dylib
0x0000000009b2c000 	/System/Library/Frameworks/Cocoa.framework/Versions/A/Cocoa
0x0000000009b2c000 	/System/Library/Frameworks/AppKit.framework/Versions/C/AppKit
0x0000000009b2c000 	/System/Library/Frameworks/CoreData.framework/Versions/A/CoreData
0x0000000009b2c000 	/System/Library/PrivateFrameworks/UIFoundation.framework/Versions/A/UIFoundation
0x0000000009b2c000 	/System/Library/PrivateFrameworks/RemoteViewServices.framework/Versions/A/RemoteViewServices
0x0000000009b2c000 	/System/Library/PrivateFrameworks/XCTTargetBootstrap.framework/Versions/A/XCTTargetBootstrap
0x0000000009b2c000 	/System/Library/PrivateFrameworks/DesktopServicesPriv.framework/Versions/A/DesktopServicesPriv
0x0000000009b2c000 	/System/Library/PrivateFrameworks/CoreSVG.framework/Versions/A/CoreSVG
0x0000000009b2c000 	/System/Library/PrivateFrameworks/IconServices.framework/Versions/A/IconServices
0x0000000009b2c000 	/System/Library/PrivateFrameworks/DFRFoundation.framework/Versions/A/DFRFoundation
0x0000000009b2c000 	/System/Library/Frameworks/AudioUnit.framework/Versions/A/AudioUnit
0x0000000009b2c000 	/System/Library/PrivateFrameworks/DataDetectorsCore.framework/Versions/A/DataDetectorsCore
0x0000000009b2c000 	/System/Library/Frameworks/Carbon.framework/Versions/A/Frameworks/HIToolbox.framework/Versions/A/HIToolbox
0x0000000009b2c000 	/System/Library/Frameworks/Carbon.framework/Versions/A/Frameworks/SpeechRecognition.framework/Versions/A/SpeechRecognition
0x0000000009b2c000 	/System/Library/PrivateFrameworks/CoreUI.framework/Versions/A/CoreUI
0x0000000009b2c000 	/System/Library/PrivateFrameworks/PerformanceAnalysis.framework/Versions/A/PerformanceAnalysis
0x0000000009b2c000 	/System/Library/PrivateFrameworks/TextureIO.framework/Versions/A/TextureIO
0x0000000009b2c000 	/System/Library/PrivateFrameworks/InternationalSupport.framework/Versions/A/InternationalSupport
0x0000000009b2c000 	/System/Library/PrivateFrameworks/Backup.framework/Versions/A/Backup
0x0000000009b2c000 	/System/Library/PrivateFrameworks/CrashReporterSupport.framework/Versions/A/CrashReporterSupport
0x0000000009b2c000 	/System/Library/PrivateFrameworks/Sharing.framework/Versions/A/Sharing
0x0000000009b2c000 	/System/Library/PrivateFrameworks/Apple80211.framework/Versions/A/Apple80211
0x0000000009b2c000 	/System/Library/PrivateFrameworks/AuthKit.framework/Versions/A/AuthKit
0x0000000009b2c000 	/System/Library/PrivateFrameworks/CoreUtils.framework/Versions/A/CoreUtils
0x0000000009b2c000 	/System/Library/Frameworks/CoreWLAN.framework/Versions/A/CoreWLAN
0x0000000009b2c000 	/System/Library/Frameworks/IOBluetooth.framework/Versions/A/IOBluetooth
0x0000000009b2c000 	/System/Library/PrivateFrameworks/MobileKeyBag.framework/Versions/A/MobileKeyBag
0x0000000009b2c000 	/System/Library/PrivateFrameworks/CorePhoneNumbers.framework/Versions/A/CorePhoneNumbers
0x0000000009b2c000 	/System/Library/PrivateFrameworks/AppleIDAuthSupport.framework/Versions/A/AppleIDAuthSupport
0x0000000009b2c000 	/System/Library/Frameworks/Network.framework/Versions/A/Network
0x0000000009b2c000 	/System/Library/PrivateFrameworks/KeychainCircle.framework/Versions/A/KeychainCircle
0x0000000009b2c000 	/System/Library/Frameworks/CoreBluetooth.framework/Versions/A/CoreBluetooth
0x0000000009b2c000 	/System/Library/PrivateFrameworks/SpeechRecognitionCore.framework/Versions/A/SpeechRecognitionCore
0x000000010f000000 	/Applications/Fiji.app/java/macosx/jdk1.8.0_66/jre/Contents/Home/lib/server/libjvm.dylib
0x0000000009b2c000 	/usr/lib/libstdc++.6.dylib
0x000000010df50000 	/Applications/Fiji.app/java/macosx/jdk1.8.0_66/jre/Contents/Home/lib/libverify.dylib
0x000000010df5e000 	/Applications/Fiji.app/java/macosx/jdk1.8.0_66/jre/Contents/Home/lib/libjava.dylib
0x000000010dfdd000 	/Applications/Fiji.app/java/macosx/jdk1.8.0_66/jre/Contents/Home/lib/libzip.dylib
0x0000000009b2c000 	/System/Library/Frameworks/JavaVM.framework/Versions/A/Frameworks/JavaRuntimeSupport.framework/Versions/A/JavaRuntimeSupport
0x0000000009b2c000 	/System/Library/Frameworks/JavaVM.framework/Versions/A/Frameworks/JavaNativeFoundation.framework/Versions/A/JavaNativeFoundation
0x0000000009b2c000 	/System/Library/Frameworks/JavaVM.framework/Versions/A/JavaVM
0x0000000009b2c000 	/System/Library/Frameworks/Carbon.framework/Versions/A/Carbon
0x0000000009b2c000 	/System/Library/PrivateFrameworks/CoreSymbolication.framework/Versions/A/CoreSymbolication
0x0000000009b2c000 	/System/Library/PrivateFrameworks/JavaLaunching.framework/Versions/A/JavaLaunching
0x0000000009b2c000 	/System/Library/Frameworks/Carbon.framework/Versions/A/Frameworks/CommonPanels.framework/Versions/A/CommonPanels
0x0000000009b2c000 	/System/Library/Frameworks/Carbon.framework/Versions/A/Frameworks/Help.framework/Versions/A/Help
0x0000000009b2c000 	/System/Library/Frameworks/Carbon.framework/Versions/A/Frameworks/ImageCapture.framework/Versions/A/ImageCapture
0x0000000009b2c000 	/System/Library/Frameworks/Carbon.framework/Versions/A/Frameworks/OpenScripting.framework/Versions/A/OpenScripting
0x0000000009b2c000 	/System/Library/Frameworks/Carbon.framework/Versions/A/Frameworks/Ink.framework/Versions/A/Ink
0x0000000009b2c000 	/System/Library/Frameworks/Carbon.framework/Versions/A/Frameworks/Print.framework/Versions/A/Print
0x0000000009b2c000 	/System/Library/Frameworks/Carbon.framework/Versions/A/Frameworks/SecurityHI.framework/Versions/A/SecurityHI
0x0000000009b2c000 	/System/Library/PrivateFrameworks/DebugSymbols.framework/Versions/A/DebugSymbols
0x0000000b44c85000 	/Applications/Fiji.app/java/macosx/jdk1.8.0_66/jre/Contents/Home/lib/libawt.dylib
0x0000000b44d2d000 	/Applications/Fiji.app/java/macosx/jdk1.8.0_66/jre/Contents/Home/lib/libmlib_image.dylib
0x0000000b44fd6000 	/Applications/Fiji.app/java/macosx/jdk1.8.0_66/jre/Contents/Home/lib/libawt_lwawt.dylib
0x0000000b4380f000 	/Applications/Fiji.app/java/macosx/jdk1.8.0_66/jre/Contents/Home/lib/libosxapp.dylib
0x0000000009b2c000 	/System/Library/Frameworks/ExceptionHandling.framework/Versions/A/ExceptionHandling
0x0000000009b2c000 	/System/Library/PrivateFrameworks/CoreServicesInternal.framework/Versions/A/CoreServicesInternal
0x0000000009b2c000 	/System/Library/Frameworks/FileProvider.framework/Versions/A/FileProvider
0x0000000009b2c000 	/System/Library/Frameworks/Accounts.framework/Versions/A/Accounts
0x0000000009b2c000 	/System/Library/PrivateFrameworks/GenerationalStorage.framework/Versions/A/GenerationalStorage
0x0000000009b2c000 	/System/Library/PrivateFrameworks/SymptomDiagnosticReporter.framework/Versions/A/SymptomDiagnosticReporter
0x0000000009b2c000 	/System/Library/PrivateFrameworks/AppContainer.framework/Versions/A/AppContainer
0x0000000009b2c000 	/usr/lib/libsandbox.1.dylib
0x0000000009b2c000 	/System/Library/PrivateFrameworks/UserManagement.framework/Versions/A/UserManagement
0x0000000009b2c000 	/System/Library/PrivateFrameworks/ChunkingLibrary.framework/Versions/A/ChunkingLibrary
0x0000000009b2c000 	/System/Library/PrivateFrameworks/AppSandbox.framework/Versions/A/AppSandbox
0x0000000009b2c000 	/System/Library/PrivateFrameworks/SecCodeWrapper.framework/Versions/A/SecCodeWrapper
0x0000000009b2c000 	/usr/lib/libMatch.1.dylib
0x0000000009b2c000 	/System/Library/CoreServices/RawCamera.bundle/Contents/MacOS/RawCamera
0x0000000009b2c000 	/System/Library/PrivateFrameworks/MobileAsset.framework/Versions/A/MobileAsset
0x0000000009b2c000 	/System/Library/PrivateFrameworks/StreamingZip.framework/Versions/A/StreamingZip
0x0000000009b2c000 	/System/Library/Frameworks/MediaToolbox.framework/Versions/A/MediaToolbox
0x0000000009b2c000 	/System/Library/PrivateFrameworks/CoreAVCHD.framework/Versions/A/CoreAVCHD
0x0000000009b2c000 	/System/Library/Frameworks/MediaAccessibility.framework/Versions/A/MediaAccessibility
0x0000000009b2c000 	/System/Library/PrivateFrameworks/Mangrove.framework/Versions/A/Mangrove
0x0000000009b2c000 	/System/Library/Frameworks/CoreMedia.framework/Versions/A/CoreMedia
0x0000000009b2c000 	/System/Library/PrivateFrameworks/MediaExperience.framework/Versions/A/MediaExperience
0x0000000009b2c000 	/System/Library/Frameworks/VideoToolbox.framework/Versions/A/VideoToolbox
0x0000000009b2c000 	/System/Library/PrivateFrameworks/CoreAUC.framework/Versions/A/CoreAUC
0x0000000009b2c000 	/usr/lib/libspindump.dylib
0x0000000009b2c000 	/System/Library/PrivateFrameworks/AudioResourceArbitration.framework/Versions/A/AudioResourceArbitration
0x0000000009b2c000 	/System/Library/PrivateFrameworks/AppleVA.framework/Versions/A/AppleVA
0x0000000009b2c000 	/System/Library/Frameworks/Accelerate.framework/Versions/A/Frameworks/vImage.framework/Versions/A/Libraries/libCGInterfaces.dylib
0x0000000b43982000 	/usr/lib/libobjc-trampolines.dylib
0x0000000009b2c000 	/System/Library/PrivateFrameworks/FontServices.framework/libTrueTypeScaler.dylib
0x0000000009b2c000 	/System/Library/Extensions/AppleIntelKBLGraphicsMTLDriver.bundle/Contents/MacOS/AppleIntelKBLGraphicsMTLDriver
0x0000000009b2c000 	/System/Library/Extensions/AMDMTLBronzeDriver.bundle/Contents/MacOS/AMDMTLBronzeDriver
0x0000000009b2c000 	/System/Library/PrivateFrameworks/IOAccelMemoryInfo.framework/Versions/A/IOAccelMemoryInfo
0x0000000009b2c000 	/System/Library/PrivateFrameworks/GPUCompiler.framework/Versions/3902/Libraries/libmetal_timestamp.dylib
0x0000000009b2c000 	/System/Library/PrivateFrameworks/ViewBridge.framework/Versions/A/ViewBridge
0x0000000009b2c000 	/System/Library/Frameworks/OpenGL.framework/Versions/A/Resources/GLEngine.bundle/GLEngine
0x0000000009b2c000 	/System/Library/Frameworks/OpenGL.framework/Versions/A/Libraries/libGLProgrammability.dylib
0x0000000009b2c000 	/System/Library/Extensions/AppleIntelKBLGraphicsGLDriver.bundle/Contents/MacOS/AppleIntelKBLGraphicsGLDriver
0x0000000009b2c000 	/System/Library/PrivateFrameworks/GPUSupport.framework/Versions/A/Libraries/libGPUSupportMercury.dylib
0x0000000b46062000 	/System/Library/Extensions/AMDRadeonX4000GLDriver.bundle/Contents/MacOS/AMDRadeonX4000GLDriver
0x0000000009b2c000 	/System/Library/Extensions/AMDRadeonX4000GLDriver.bundle/Contents/MacOS/ATIRadeonX4000SCLib.dylib
0x0000000009b2c000 	/System/Library/Extensions/AMDShared.bundle/Contents/PlugIns/libSC.dylib
0x0000000009b2c000 	/System/Library/Frameworks/OpenGL.framework/Versions/A/Resources/GLRendererFloat.bundle/GLRendererFloat
0x0000000009b2c000 	/System/Library/Frameworks/OpenCL.framework/Versions/A/Libraries/libcldcpuengine.dylib
0x0000000009b2c000 	/usr/lib/libcrypto.35.dylib
0x0000000009b2c000 	/System/Library/PrivateFrameworks/TrustEvaluationAgent.framework/Versions/A/TrustEvaluationAgent
0x0000000b4508b000 	/Applications/Fiji.app/java/macosx/jdk1.8.0_66/jre/Contents/Home/lib/libfontmanager.dylib
0x0000000b43df6000 	/Applications/Fiji.app/java/macosx/jdk1.8.0_66/jre/Contents/Home/lib/libosxui.dylib
0x0000000b43dd1000 	/Applications/Fiji.app/java/macosx/jdk1.8.0_66/jre/Contents/Home/lib/libosx.dylib
0x0000000b455cc000 	/Applications/Fiji.app/java/macosx/jdk1.8.0_66/jre/Contents/Home/lib/libnet.dylib
0x0000000b43ddf000 	/Applications/Fiji.app/java/macosx/jdk1.8.0_66/jre/Contents/Home/lib/libnio.dylib
0x0000000bb76fe000 	/Applications/Fiji.app/java/macosx/jdk1.8.0_66/jre/Contents/Home/lib/libdcpr.dylib
0x0000000009b2c000 	/System/Library/PrivateFrameworks/Shortcut.framework/Versions/A/Shortcut
0x0000000009b2c000 	/System/Library/PrivateFrameworks/HelpData.framework/Versions/A/HelpData
0x0000000009b2c000 	/System/Library/PrivateFrameworks/SystemAdministration.framework/Versions/A/SystemAdministration
0x0000000009b2c000 	/System/Library/PrivateFrameworks/DiskManagement.framework/Versions/A/DiskManagement
0x0000000009b2c000 	/System/Library/Frameworks/DirectoryService.framework/Versions/A/DirectoryService
0x0000000009b2c000 	/System/Library/PrivateFrameworks/DiskImages.framework/Versions/A/DiskImages
0x0000000009b2c000 	/System/Library/PrivateFrameworks/LoginUIKit.framework/Versions/A/Frameworks/LoginUICore.framework/Versions/A/LoginUICore
0x0000000009b2c000 	/usr/lib/libCoreStorage.dylib
0x0000000009b2c000 	/usr/lib/libcsfde.dylib
0x0000000009b2c000 	/usr/lib/libodfde.dylib
0x0000000009b2c000 	/System/Library/PrivateFrameworks/MediaKit.framework/Versions/A/MediaKit
0x0000000009b2c000 	/System/Library/Frameworks/DiscRecording.framework/Versions/A/DiscRecording
0x0000000009b2c000 	/System/Library/PrivateFrameworks/EFILogin.framework/Versions/A/EFILogin
0x0000000009b2c000 	/System/Library/PrivateFrameworks/ProtectedCloudStorage.framework/Versions/A/ProtectedCloudStorage
0x0000000009b2c000 	/usr/lib/libcurl.4.dylib
0x0000000009b2c000 	/usr/lib/libcrypto.44.dylib
0x0000000009b2c000 	/usr/lib/libssl.46.dylib
0x0000000009b2c000 	/System/Library/Frameworks/LDAP.framework/Versions/A/LDAP
0x0000000009b2c000 	/usr/lib/libsasl2.2.dylib
0x0000000009b2c000 	/System/Library/PrivateFrameworks/CoreDaemon.framework/Versions/B/CoreDaemon
0x0000000009b2c000 	/System/Library/PrivateFrameworks/AppleSRP.framework/Versions/A/AppleSRP
0x0000000bbff85000 	/private/var/folders/04/hxz7dz9d68n1g4g3h7q8d7h00k3qwx/T/libturbojpeg8299530119471769812.dylib

VM Arguments:
jvm_args: -Dpython.cachedir.skip=true -Dplugins.dir=/Applications/Fiji.app -Xmx40000m 
java_command: <unknown>
java_class_path (initial): /Applications/Fiji.app/jars/imagej-launcher-4.0.5.jar
Launcher Type: generic

Environment Variables:
JAVA_HOME=/Applications/Fiji.app/java/macosx/jdk1.8.0_66/jre/Contents/Home/
PATH=/usr/bin:/bin:/usr/sbin:/sbin
SHELL=/bin/bash
DYLD_LIBRARY_PATH=/Applications/Fiji.app/lib/macosx:/Applications/Fiji.app/mm/macosx

Signal Handlers:
SIGSEGV: [libjvm.dylib+0x5a65d5], sa_mask[0]=11111111011111110111111111111111, sa_flags=SA_ONSTACK|SA_RESTART|SA_SIGINFO
SIGBUS: [libjvm.dylib+0x5a65d5], sa_mask[0]=11111111011111110111111111111111, sa_flags=SA_RESTART|SA_SIGINFO
SIGFPE: [libjvm.dylib+0x4802e8], sa_mask[0]=11111111011111110111111111111111, sa_flags=SA_RESTART|SA_SIGINFO
SIGPIPE: [libjvm.dylib+0x4802e8], sa_mask[0]=11111111011111110111111111111111, sa_flags=SA_RESTART|SA_SIGINFO
SIGXFSZ: [libjvm.dylib+0x4802e8], sa_mask[0]=11111111011111110111111111111111, sa_flags=SA_RESTART|SA_SIGINFO
SIGILL: [libjvm.dylib+0x4802e8], sa_mask[0]=11111111011111110111111111111111, sa_flags=SA_RESTART|SA_SIGINFO
SIGUSR1: SIG_DFL, sa_mask[0]=00000000000000000000000000000000, sa_flags=none
SIGUSR2: [libjvm.dylib+0x47fe06], sa_mask[0]=00000000000000000000000000000000, sa_flags=SA_RESTART|SA_SIGINFO
SIGHUP: [libjvm.dylib+0x47e3dd], sa_mask[0]=11111111011111110111111111111111, sa_flags=SA_RESTART|SA_SIGINFO
SIGINT: [libjvm.dylib+0x47e3dd], sa_mask[0]=11111111011111110111111111111111, sa_flags=SA_RESTART|SA_SIGINFO
SIGTERM: [libjvm.dylib+0x47e3dd], sa_mask[0]=11111111011111110111111111111111, sa_flags=SA_RESTART|SA_SIGINFO
SIGQUIT: [libjvm.dylib+0x47e3dd], sa_mask[0]=11111111011111110111111111111111, sa_flags=SA_RESTART|SA_SIGINFO


---------------  S Y S T E M  ---------------

OS:Bsduname:Darwin 19.3.0 Darwin Kernel Version 19.3.0: Thu Jan  9 20:58:23 PST 2020; root:xnu-6153.81.5~1/RELEASE_X86_64 x86_64
rlimit: STACK 8192k, CORE 0k, NPROC 2784, NOFILE 10240, AS infinity
load average:3.35 1.51 1.02

CPU:total 8 (4 cores per cpu, 2 threads per core) family 6 model 158 stepping 9, cmov, cx8, fxsr, mmx, sse, sse2, sse3, ssse3, sse4.1, sse4.2, popcnt, avx, avx2, aes, clmul, erms, rtm, 3dnowpref, lzcnt, ht, tsc, tscinvbit, bmi1, bmi2, adx

Memory: 4k page, physical 16777216k(480088k free)

/proc/meminfo:


vm_info: Java HotSpot(TM) 64-Bit Server VM (25.66-b17) for bsd-amd64 JRE (1.8.0_66-b17), built on Oct  6 2015 16:09:13 by "java_re" with gcc 4.2.1 (Based on Apple Inc. build 5658) (LLVM build 2336.11.00)

time: Fri May  1 21:17:24 2020
elapsed time: 376516 seconds (4d 8h 35m 16s)

